10 1 1
10 1 1
10 1 1
13 2 640 1456 1344 1456
13 2 896 1488 1344 1488
13 2 1488 1488 1616 1488
13 2 992 1520 1344 1520
13 2 1488 1520 1616 1520
13 2 688 1568 1344 1568
13 2 944 1600 1344 1600
13 2 1136 1632 1344 1632
13 2 640 1680 1344 1680
13 2 896 1712 1344 1712
13 2 1488 1712 1552 1712
13 2 1184 1744 1344 1744
13 2 688 1792 1344 1792
13 2 848 1824 1344 1824
13 2 1488 1840 1616 1840
13 2 992 1856 1344 1856
13 2 1184 1888 1344 1888
13 2 1488 1520 1488 1600
17 0 2
17 0 6
17 0 7
17 0 26
17 0 and4 1344 1744 0
17 0 and3 1344 1632 0
17 0 and3 1344 1520 0
17 0 and3 1344 1408 0
13 0 1280 1456 1344 1456
13 0 640 1456 1280 1456
13 0 1280 1488 1344 1488
13 0 896 1488 1280 1488
13 0 1488 1488 1504 1488
13 0 1504 1488 1616 1488
13 0 1280 1520 1344 1520
13 0 992 1520 1280 1520
13 0 1488 1520 1504 1520
13 0 1504 1520 1616 1520
13 0 1280 1568 1344 1568
13 0 688 1568 1280 1568
13 0 1280 1600 1344 1600
13 0 944 1600 1280 1600
13 0 1280 1632 1344 1632
13 0 1136 1632 1280 1632
13 0 1280 1680 1344 1680
13 0 640 1680 1280 1680
13 0 1280 1712 1344 1712
13 0 896 1712 1280 1712
13 0 1488 1712 1504 1712
13 0 1504 1712 1552 1712
13 0 1280 1744 1344 1744
13 0 1184 1744 1280 1744
13 0 1280 1792 1344 1792
13 0 688 1792 1280 1792
13 0 1280 1824 1344 1824
13 0 848 1824 1280 1824
13 0 1488 1840 1504 1840
13 0 1504 1840 1616 1840
13 0 1280 1856 1344 1856
13 0 992 1856 1280 1856
13 0 1280 1888 1344 1888
13 0 1184 1888 1280 1888
13 0 1488 1520 1488 1600
