10 1 1
10 1 1
10 1 1
13 2 640 544 2384 544
13 2 800 576 2384 576
13 2 992 608 2384 608
13 2 1888 624 2000 624
13 2 848 640 1744 640
13 2 1920 656 2000 656
13 2 1088 672 1744 672
13 2 1888 672 1920 672
13 2 2144 672 2384 672
13 2 1920 688 2000 688
13 2 1088 752 1744 752
13 2 1184 784 1744 784
13 2 896 864 1744 864
13 2 1888 880 1920 880
13 2 1040 896 1744 896
13 2 1040 976 1744 976
13 2 1888 992 2000 992
13 2 1184 1008 1744 1008
13 2 688 1088 2336 1088
13 2 2528 1104 2736 1104
13 2 992 1120 2336 1120
13 2 2592 1136 2736 1136
13 2 1040 1152 2336 1152
13 2 2480 1152 2592 1152
13 2 2880 1152 2976 1152
13 2 2480 1168 2736 1168
13 2 1136 1184 2336 1184
13 2 2672 1200 2736 1200
13 2 800 1232 2016 1232
13 2 2160 1248 2336 1248
13 2 896 1264 2016 1264
13 2 752 1392 2336 1392
13 2 1088 1424 2336 1424
13 2 640 1456 1872 1456
13 2 2288 1456 2336 1456
13 2 896 1488 1872 1488
13 2 2016 1488 2144 1488
13 2 992 1520 1872 1520
13 2 2016 1520 2144 1520
13 2 2080 1552 2144 1552
13 2 2464 1552 2672 1552
13 2 688 1568 1872 1568
13 2 944 1600 1872 1600
13 2 1136 1632 1872 1632
13 2 640 1680 1872 1680
13 2 896 1712 1872 1712
13 2 2016 1712 2080 1712
13 2 1184 1744 1872 1744
13 2 688 1792 1872 1792
13 2 848 1824 1872 1824
13 2 2016 1840 2144 1840
13 2 992 1856 1872 1856
13 2 1184 1888 1872 1888
13 2 944 1952 2320 1952
13 2 1040 1984 2320 1984
13 2 688 2048 1776 2048
13 2 800 2080 1776 2080
13 2 1920 2080 2048 2080
13 2 2192 2096 2320 2096
13 2 896 2112 1776 2112
13 2 640 2176 1776 2176
13 2 752 2208 1776 2208
13 2 1920 2224 2048 2224
13 2 848 2240 1776 2240
13 2 1136 2272 1776 2272
13 2 1888 624 1888 656
13 2 1888 672 1888 768
13 2 1920 656 1920 672
13 2 1920 688 1920 880
13 2 2000 720 2000 992
13 2 2016 1520 2016 1600
13 2 2048 2112 2048 2224
13 2 2080 1552 2080 1712
13 2 2144 1584 2144 1840
13 2 2288 1456 2288 1536
13 2 2320 2016 2320 2096
13 2 2336 1216 2336 1248
13 2 2384 640 2384 672
13 2 2464 1552 2464 1984
13 2 2480 1168 2480 1424
13 2 2528 592 2528 1104
13 2 2592 1136 2592 1152
13 2 2672 1200 2672 1552
13 7 2976 1152
13 8 2976 1152 0
17 0 27
17 0 35
17 0 37
17 0 1
17 0 2
17 0 36
17 0 31
17 0 32
17 0 33
17 0 34
17 0 30
17 0 4
17 0 29
17 0 5
17 0 3
17 0 6
17 0 7
17 0 26
17 0 28
17 0 or4 2512 1440 0
17 0 or4 2368 576 0
17 0 or4 3104 1056 0
17 0 and4 2144 2128 0
17 0 and4 2240 1744 0
17 0 and4 2752 496 0
17 0 and2 2112 928 0
17 0 and2 2112 816 0
17 0 and2 2112 704 0
17 0 and2 2112 592 0
17 0 and5 2704 1040 0
17 0 or2 2416 2032 0
17 0 or2 2384 1184 0
17 0 and3 2144 2000 0
17 0 and3 2688 1904 0
17 0 and3 2240 1632 0
17 0 and3 2240 1520 0
17 0 and3 2240 1408 0
17 0 and3 2704 1344 0
13 0 1840 544 2752 544
13 0 640 544 1840 544
13 0 1840 576 2752 576
13 0 1824 576 1840 576
13 0 800 576 1824 576
13 0 1840 608 2752 608
13 0 1808 608 1840 608
13 0 992 608 1808 608
13 0 2256 624 2368 624
13 0 1840 640 2112 640
13 0 1792 640 1840 640
13 0 848 640 1792 640
13 0 2288 656 2368 656
13 0 1840 672 2112 672
13 0 1776 672 1840 672
13 0 1088 672 1776 672
13 0 2256 672 2288 672
13 0 2512 672 2752 672
13 0 2288 688 2368 688
13 0 1840 752 2112 752
13 0 1760 752 1840 752
13 0 1088 752 1760 752
13 0 1840 784 2112 784
13 0 1744 784 1840 784
13 0 1184 784 1744 784
13 0 1840 864 2112 864
13 0 1728 864 1840 864
13 0 896 864 1728 864
13 0 2256 880 2288 880
13 0 1840 896 2112 896
13 0 1712 896 1840 896
13 0 1040 896 1712 896
13 0 1840 976 2112 976
13 0 1696 976 1840 976
13 0 1040 976 1696 976
13 0 2256 992 2368 992
13 0 1840 1008 2112 1008
13 0 1680 1008 1840 1008
13 0 1184 1008 1680 1008
13 0 1840 1088 2704 1088
13 0 1664 1088 1840 1088
13 0 688 1088 1664 1088
13 0 2896 1104 3104 1104
13 0 1840 1120 2704 1120
13 0 1648 1120 1840 1120
13 0 992 1120 1648 1120
13 0 2960 1136 3104 1136
13 0 1840 1152 2704 1152
13 0 1632 1152 1840 1152
13 0 1040 1152 1632 1152
13 0 2848 1152 2960 1152
13 0 3248 1152 3344 1152
13 0 2848 1168 3104 1168
13 0 1840 1184 2704 1184
13 0 1616 1184 1840 1184
13 0 1136 1184 1616 1184
13 0 3040 1200 3104 1200
13 0 1840 1232 2384 1232
13 0 1600 1232 1840 1232
13 0 800 1232 1600 1232
13 0 2528 1248 2704 1248
13 0 1840 1264 2384 1264
13 0 1584 1264 1840 1264
13 0 896 1264 1584 1264
13 0 1840 1392 2704 1392
13 0 1568 1392 1840 1392
13 0 752 1392 1568 1392
13 0 1840 1424 2704 1424
13 0 1552 1424 1840 1424
13 0 1088 1424 1552 1424
13 0 1840 1456 2240 1456
13 0 1536 1456 1840 1456
13 0 640 1456 1536 1456
13 0 2656 1456 2704 1456
13 0 1840 1488 2240 1488
13 0 1520 1488 1840 1488
13 0 896 1488 1520 1488
13 0 2384 1488 2512 1488
13 0 1840 1520 2240 1520
13 0 1504 1520 1840 1520
13 0 992 1520 1504 1520
13 0 2384 1520 2512 1520
13 0 2448 1552 2512 1552
13 0 2832 1552 3040 1552
13 0 1840 1568 2240 1568
13 0 1488 1568 1840 1568
13 0 688 1568 1488 1568
13 0 1840 1600 2240 1600
13 0 1472 1600 1840 1600
13 0 944 1600 1472 1600
13 0 1840 1632 2240 1632
13 0 1456 1632 1840 1632
13 0 1136 1632 1456 1632
13 0 1840 1680 2240 1680
13 0 1440 1680 1840 1680
13 0 640 1680 1440 1680
13 0 1840 1712 2240 1712
13 0 1424 1712 1840 1712
13 0 896 1712 1424 1712
13 0 2384 1712 2448 1712
13 0 1840 1744 2240 1744
13 0 1408 1744 1840 1744
13 0 1184 1744 1408 1744
13 0 1840 1792 2240 1792
13 0 1392 1792 1840 1792
13 0 688 1792 1392 1792
13 0 1840 1824 2240 1824
13 0 1376 1824 1840 1824
13 0 848 1824 1376 1824
13 0 2384 1840 2512 1840
13 0 1840 1856 2240 1856
13 0 1360 1856 1840 1856
13 0 992 1856 1360 1856
13 0 1840 1888 2240 1888
13 0 1344 1888 1840 1888
13 0 1184 1888 1344 1888
13 0 1840 1952 2688 1952
13 0 1328 1952 1840 1952
13 0 944 1952 1328 1952
13 0 1840 1984 2688 1984
13 0 1312 1984 1840 1984
13 0 1040 1984 1312 1984
13 0 1840 2048 2144 2048
13 0 1296 2048 1840 2048
13 0 688 2048 1296 2048
13 0 1840 2080 2144 2080
13 0 1280 2080 1840 2080
13 0 800 2080 1280 2080
13 0 2288 2080 2416 2080
13 0 2560 2096 2688 2096
13 0 1840 2112 2144 2112
13 0 1264 2112 1840 2112
13 0 896 2112 1264 2112
13 0 1840 2176 2144 2176
13 0 1248 2176 1840 2176
13 0 640 2176 1248 2176
13 0 1840 2208 2144 2208
13 0 1232 2208 1840 2208
13 0 752 2208 1232 2208
13 0 2288 2224 2416 2224
13 0 1840 2240 2144 2240
13 0 1216 2240 1840 2240
13 0 848 2240 1216 2240
13 0 1840 2272 2144 2272
13 0 1200 2272 1840 2272
13 0 1136 2272 1200 2272
13 0 2256 624 2256 656
13 0 2256 672 2256 768
13 0 2288 656 2288 672
13 0 2288 688 2288 880
13 0 2368 720 2368 992
13 0 2384 1520 2384 1600
13 0 2416 2112 2416 2224
13 0 2448 1552 2448 1712
13 0 2512 1584 2512 1840
13 0 2656 1456 2656 1536
13 0 2688 2016 2688 2096
13 0 2704 1216 2704 1248
13 0 2752 640 2752 672
13 0 2832 1552 2832 1984
13 0 2848 1168 2848 1424
13 0 2896 592 2896 1104
13 0 2960 1136 2960 1152
13 0 3040 1200 3040 1552
13 5 3344 1152 rez
13 8 2976 1152 2
13 8 3344 1152 2
13 2 3040 1200 3040 1552
13 2 2960 1136 2960 1152
13 2 2896 592 2896 1104
13 2 2848 1168 2848 1424
13 2 2832 1552 2832 1984
13 2 2752 640 2752 672
13 2 2704 1216 2704 1248
13 2 2688 2016 2688 2096
13 2 2656 1456 2656 1536
13 2 2512 1584 2512 1840
13 2 2448 1552 2448 1712
13 2 2416 2112 2416 2224
13 2 2384 1520 2384 1600
13 2 2368 720 2368 992
13 2 2288 688 2288 880
13 2 2288 656 2288 672
13 2 2256 672 2256 768
13 2 2256 624 2256 656
13 0 1136 2272 1200 2272
13 2 1136 2272 1200 2272
13 0 1200 2272 1840 2272
13 2 1200 2272 1840 2272
13 2 1840 2272 2144 2272
13 0 848 2240 1216 2240
13 2 848 2240 1216 2240
13 0 1216 2240 1840 2240
13 2 1216 2240 1840 2240
13 2 1840 2240 2144 2240
13 2 2288 2224 2416 2224
13 0 752 2208 1232 2208
13 2 752 2208 1232 2208
13 0 1232 2208 1840 2208
13 2 1232 2208 1840 2208
13 2 1840 2208 2144 2208
13 0 640 2176 1248 2176
13 2 640 2176 1248 2176
13 0 1248 2176 1840 2176
13 2 1248 2176 1840 2176
13 2 1840 2176 2144 2176
13 0 896 2112 1264 2112
13 2 896 2112 1264 2112
13 0 1264 2112 1840 2112
13 2 1264 2112 1840 2112
13 2 1840 2112 2144 2112
13 2 2560 2096 2688 2096
13 2 2288 2080 2416 2080
13 0 800 2080 1280 2080
13 2 800 2080 1280 2080
13 0 1280 2080 1840 2080
13 2 1280 2080 1840 2080
13 2 1840 2080 2144 2080
13 0 688 2048 1296 2048
13 2 688 2048 1296 2048
13 0 1296 2048 1840 2048
13 2 1296 2048 1840 2048
13 2 1840 2048 2144 2048
13 0 1040 1984 1312 1984
13 2 1040 1984 1312 1984
13 0 1312 1984 1840 1984
13 2 1312 1984 1840 1984
13 2 1840 1984 2688 1984
13 0 944 1952 1328 1952
13 2 944 1952 1328 1952
13 0 1328 1952 1840 1952
13 2 1328 1952 1840 1952
13 2 1840 1952 2688 1952
13 0 1184 1888 1344 1888
13 2 1184 1888 1344 1888
13 0 1344 1888 1840 1888
13 2 1344 1888 1840 1888
13 2 1840 1888 2240 1888
13 0 992 1856 1360 1856
13 2 992 1856 1360 1856
13 0 1360 1856 1840 1856
13 2 1360 1856 1840 1856
13 2 1840 1856 2240 1856
13 2 2384 1840 2512 1840
13 0 848 1824 1376 1824
13 2 848 1824 1376 1824
13 0 1376 1824 1840 1824
13 2 1376 1824 1840 1824
13 2 1840 1824 2240 1824
13 0 688 1792 1392 1792
13 2 688 1792 1392 1792
13 0 1392 1792 1840 1792
13 2 1392 1792 1840 1792
13 2 1840 1792 2240 1792
13 0 1184 1744 1408 1744
13 2 1184 1744 1408 1744
13 0 1408 1744 1840 1744
13 2 1408 1744 1840 1744
13 2 1840 1744 2240 1744
13 2 2384 1712 2448 1712
13 0 896 1712 1424 1712
13 2 896 1712 1424 1712
13 0 1424 1712 1840 1712
13 2 1424 1712 1840 1712
13 2 1840 1712 2240 1712
13 0 640 1680 1440 1680
13 2 640 1680 1440 1680
13 0 1440 1680 1840 1680
13 2 1440 1680 1840 1680
13 2 1840 1680 2240 1680
13 0 1136 1632 1456 1632
13 2 1136 1632 1456 1632
13 0 1456 1632 1840 1632
13 2 1456 1632 1840 1632
13 2 1840 1632 2240 1632
13 0 944 1600 1472 1600
13 2 944 1600 1472 1600
13 0 1472 1600 1840 1600
13 2 1472 1600 1840 1600
13 2 1840 1600 2240 1600
13 0 688 1568 1488 1568
13 2 688 1568 1488 1568
13 0 1488 1568 1840 1568
13 2 1488 1568 1840 1568
13 2 1840 1568 2240 1568
13 2 2832 1552 3040 1552
13 2 2448 1552 2512 1552
13 2 2384 1520 2512 1520
13 0 992 1520 1504 1520
13 2 992 1520 1504 1520
13 0 1504 1520 1840 1520
13 2 1504 1520 1840 1520
13 2 1840 1520 2240 1520
13 2 2384 1488 2512 1488
13 0 896 1488 1520 1488
13 2 896 1488 1520 1488
13 0 1520 1488 1840 1488
13 2 1520 1488 1840 1488
13 2 1840 1488 2240 1488
13 2 2656 1456 2704 1456
13 0 640 1456 1536 1456
13 2 640 1456 1536 1456
13 0 1536 1456 1840 1456
13 2 1536 1456 1840 1456
13 2 1840 1456 2240 1456
13 0 1088 1424 1552 1424
13 2 1088 1424 1552 1424
13 0 1552 1424 1840 1424
13 2 1552 1424 1840 1424
13 2 1840 1424 2704 1424
13 0 752 1392 1568 1392
13 2 752 1392 1568 1392
13 0 1568 1392 1840 1392
13 2 1568 1392 1840 1392
13 2 1840 1392 2704 1392
13 0 896 1264 1584 1264
13 2 896 1264 1584 1264
13 0 1584 1264 1840 1264
13 2 1584 1264 1840 1264
13 2 1840 1264 2384 1264
13 2 2528 1248 2704 1248
13 0 800 1232 1600 1232
13 2 800 1232 1600 1232
13 0 1600 1232 1840 1232
13 2 1600 1232 1840 1232
13 2 1840 1232 2384 1232
13 2 3040 1200 3104 1200
13 0 1136 1184 1616 1184
13 2 1136 1184 1616 1184
13 0 1616 1184 1840 1184
13 2 1616 1184 1840 1184
13 2 1840 1184 2704 1184
13 2 2848 1168 3104 1168
13 2 3248 1152 3344 1152
13 2 2848 1152 2960 1152
13 0 1040 1152 1632 1152
13 2 1040 1152 1632 1152
13 0 1632 1152 1840 1152
13 2 1632 1152 1840 1152
13 2 1840 1152 2704 1152
13 2 2960 1136 3104 1136
13 0 992 1120 1648 1120
13 2 992 1120 1648 1120
13 0 1648 1120 1840 1120
13 2 1648 1120 1840 1120
13 2 1840 1120 2704 1120
13 2 2896 1104 3104 1104
13 0 688 1088 1664 1088
13 2 688 1088 1664 1088
13 0 1664 1088 1840 1088
13 2 1664 1088 1840 1088
13 2 1840 1088 2704 1088
13 0 1184 1008 1680 1008
13 2 1184 1008 1680 1008
13 0 1680 1008 1840 1008
13 2 1680 1008 1840 1008
13 2 1840 1008 2112 1008
13 2 2256 992 2368 992
13 0 1040 976 1696 976
13 2 1040 976 1696 976
13 0 1696 976 1840 976
13 2 1696 976 1840 976
13 2 1840 976 2112 976
13 0 1040 896 1712 896
13 2 1040 896 1712 896
13 0 1712 896 1840 896
13 2 1712 896 1840 896
13 2 1840 896 2112 896
13 2 2256 880 2288 880
13 0 896 864 1728 864
13 2 896 864 1728 864
13 0 1728 864 1840 864
13 2 1728 864 1840 864
13 2 1840 864 2112 864
13 0 1184 784 1744 784
13 2 1184 784 1744 784
13 0 1744 784 1840 784
13 2 1744 784 1840 784
13 2 1840 784 2112 784
13 0 1088 752 1760 752
13 2 1088 752 1760 752
13 0 1760 752 1840 752
13 2 1760 752 1840 752
13 2 1840 752 2112 752
13 2 2288 688 2368 688
13 2 2512 672 2752 672
13 2 2256 672 2288 672
13 0 1088 672 1776 672
13 2 1088 672 1776 672
13 0 1776 672 1840 672
13 2 1776 672 1840 672
13 2 1840 672 2112 672
13 2 2288 656 2368 656
13 0 848 640 1792 640
13 2 848 640 1792 640
13 0 1792 640 1840 640
13 2 1792 640 1840 640
13 2 1840 640 2112 640
13 2 2256 624 2368 624
13 0 992 608 1808 608
13 2 992 608 1808 608
13 0 1808 608 1840 608
13 2 1808 608 1840 608
13 2 1840 608 2752 608
13 0 800 576 1824 576
13 2 800 576 1824 576
13 0 1824 576 1840 576
13 2 1824 576 1840 576
13 2 1840 576 2752 576
13 0 640 544 1840 544
13 2 640 544 1840 544
13 2 1840 544 2752 544
13 7 3344 1152
13 8 3344 1152 0
17 0 28
17 0 26
17 0 7
17 0 6
17 0 3
17 0 5
17 0 29
17 0 4
17 0 30
17 0 34
17 0 33
17 0 32
17 0 31
17 0 36
17 0 2
17 0 1
17 0 37
17 0 35
17 0 27
17 0 or4 2144 1440 0
17 0 or4 2000 576 0
17 0 or4 2736 1056 0
17 0 and4 1776 2128 0
17 0 and4 1872 1744 0
17 0 and4 2384 496 0
17 0 and2 1744 928 0
17 0 and2 1744 816 0
17 0 and2 1744 704 0
17 0 and2 1744 592 0
17 0 and5 2336 1040 0
17 0 or2 2048 2032 0
17 0 or2 2016 1184 0
17 0 and3 1776 2000 0
17 0 and3 2320 1904 0
17 0 and3 1872 1632 0
17 0 and3 1872 1520 0
17 0 and3 1872 1408 0
17 0 and3 2336 1344 0
13 0 2672 1200 2672 1552
13 0 2592 1136 2592 1152
13 0 2528 592 2528 1104
13 0 2480 1168 2480 1424
13 0 2464 1552 2464 1984
13 0 2384 640 2384 672
13 0 2336 1216 2336 1248
13 0 2320 2016 2320 2096
13 0 2288 1456 2288 1536
13 0 2144 1584 2144 1840
13 0 2080 1552 2080 1712
13 0 2048 2112 2048 2224
13 0 2016 1520 2016 1600
13 0 2000 720 2000 992
13 0 1920 688 1920 880
13 0 1920 656 1920 672
13 0 1888 672 1888 768
13 0 1888 624 1888 656
13 0 1136 2272 1776 2272
13 0 848 2240 1776 2240
13 0 1920 2224 2048 2224
13 0 752 2208 1776 2208
13 0 640 2176 1776 2176
13 0 896 2112 1776 2112
13 0 2192 2096 2320 2096
13 0 1920 2080 2048 2080
13 0 800 2080 1776 2080
13 0 688 2048 1776 2048
13 0 1040 1984 2320 1984
13 0 944 1952 2320 1952
13 0 1184 1888 1872 1888
13 0 992 1856 1872 1856
13 0 2016 1840 2144 1840
13 0 848 1824 1872 1824
13 0 688 1792 1872 1792
13 0 1184 1744 1872 1744
13 0 2016 1712 2080 1712
13 0 896 1712 1872 1712
13 0 640 1680 1872 1680
13 0 1136 1632 1872 1632
13 0 944 1600 1872 1600
13 0 688 1568 1872 1568
13 0 2464 1552 2672 1552
13 0 2080 1552 2144 1552
13 0 2016 1520 2144 1520
13 0 992 1520 1872 1520
13 0 2016 1488 2144 1488
13 0 896 1488 1872 1488
13 0 2288 1456 2336 1456
13 0 640 1456 1872 1456
13 0 1088 1424 2336 1424
13 0 752 1392 2336 1392
13 0 896 1264 2016 1264
13 0 2160 1248 2336 1248
13 0 800 1232 2016 1232
13 0 2672 1200 2736 1200
13 0 1136 1184 2336 1184
13 0 2480 1168 2736 1168
13 0 2880 1152 2976 1152
13 0 2480 1152 2592 1152
13 0 1040 1152 2336 1152
13 0 2592 1136 2736 1136
13 0 992 1120 2336 1120
13 0 2528 1104 2736 1104
13 0 688 1088 2336 1088
13 0 1184 1008 1744 1008
13 0 1888 992 2000 992
13 0 1040 976 1744 976
13 0 1040 896 1744 896
13 0 1888 880 1920 880
13 0 896 864 1744 864
13 0 1184 784 1744 784
13 0 1088 752 1744 752
13 0 1920 688 2000 688
13 0 2144 672 2384 672
13 0 1888 672 1920 672
13 0 1088 672 1744 672
13 0 1920 656 2000 656
13 0 848 640 1744 640
13 0 1888 624 2000 624
13 0 992 608 2384 608
13 0 800 576 2384 576
13 0 640 544 2384 544
13 5 2976 1152 rez
13 8 3344 1152 2
13 8 2976 1152 2
13 8 2976 1152 2
13 2 640 544 2384 544
13 2 800 576 2384 576
13 2 992 608 2384 608
13 2 1888 624 2000 624
13 2 848 640 1744 640
13 2 1920 656 2000 656
13 2 1088 672 1744 672
13 2 1888 672 1920 672
13 2 2144 672 2384 672
13 2 1920 688 2000 688
13 2 1088 752 1744 752
13 2 1184 784 1744 784
13 2 896 864 1744 864
13 2 1888 880 1920 880
13 2 1040 896 1744 896
13 2 1040 976 1744 976
13 2 1888 992 2000 992
13 2 1184 1008 1744 1008
13 2 688 1088 2336 1088
13 2 2528 1104 2736 1104
13 2 992 1120 2336 1120
13 2 2592 1136 2736 1136
13 2 1040 1152 2336 1152
13 2 2480 1152 2592 1152
13 2 2880 1152 2976 1152
13 2 2480 1168 2736 1168
13 2 1136 1184 2336 1184
13 2 2672 1200 2736 1200
13 2 800 1232 2016 1232
13 2 2160 1248 2336 1248
13 2 896 1264 2016 1264
13 2 752 1392 2336 1392
13 2 1088 1424 2336 1424
13 2 640 1456 1872 1456
13 2 2288 1456 2336 1456
13 2 896 1488 1872 1488
13 2 2016 1488 2144 1488
13 2 992 1520 1872 1520
13 2 2016 1520 2144 1520
13 2 2080 1552 2144 1552
13 2 2464 1552 2672 1552
13 2 688 1568 1872 1568
13 2 944 1600 1872 1600
13 2 1136 1632 1872 1632
13 2 640 1680 1872 1680
13 2 896 1712 1872 1712
13 2 2016 1712 2080 1712
13 2 1184 1744 1872 1744
13 2 688 1792 1872 1792
13 2 848 1824 1872 1824
13 2 2016 1840 2144 1840
13 2 992 1856 1872 1856
13 2 1184 1888 1872 1888
13 2 944 1952 2320 1952
13 2 1040 1984 2320 1984
13 2 688 2048 1776 2048
13 2 800 2080 1776 2080
13 2 1920 2080 2048 2080
13 2 2192 2096 2320 2096
13 2 896 2112 1776 2112
13 2 640 2176 1776 2176
13 2 752 2208 1776 2208
13 2 1920 2224 2048 2224
13 2 848 2240 1776 2240
13 2 1136 2272 1776 2272
13 2 1888 624 1888 656
13 2 1888 672 1888 768
13 2 1920 656 1920 672
13 2 1920 688 1920 880
13 2 2000 720 2000 992
13 2 2016 1520 2016 1600
13 2 2048 2112 2048 2224
13 2 2080 1552 2080 1712
13 2 2144 1584 2144 1840
13 2 2288 1456 2288 1536
13 2 2320 2016 2320 2096
13 2 2336 1216 2336 1248
13 2 2384 640 2384 672
13 2 2464 1552 2464 1984
13 2 2480 1168 2480 1424
13 2 2528 592 2528 1104
13 2 2592 1136 2592 1152
13 2 2672 1200 2672 1552
13 7 2976 1152
13 8 2976 1152 0
17 0 27
17 0 35
17 0 37
17 0 1
17 0 2
17 0 36
17 0 31
17 0 32
17 0 33
17 0 34
17 0 30
17 0 4
17 0 29
17 0 5
17 0 3
17 0 6
17 0 7
17 0 26
17 0 28
17 0 or4 2256 1456 0
17 0 or4 2112 592 0
17 0 or4 2848 1072 0
17 0 and4 1888 2144 0
17 0 and4 1984 1760 0
17 0 and4 2496 512 0
17 0 and2 1856 944 0
17 0 and2 1856 832 0
17 0 and2 1856 720 0
17 0 and2 1856 608 0
17 0 and5 2448 1056 0
17 0 or2 2160 2048 0
17 0 or2 2128 1200 0
17 0 and3 1888 2016 0
17 0 and3 2432 1920 0
17 0 and3 1984 1648 0
17 0 and3 1984 1536 0
17 0 and3 1984 1424 0
17 0 and3 2448 1360 0
13 0 1840 560 2496 560
13 0 1840 560 1840 544
13 0 640 544 1840 544
13 0 1840 592 2496 592
13 0 1824 592 1840 592
13 0 1824 592 1824 576
13 0 800 576 1824 576
13 0 1840 624 2496 624
13 0 1808 624 1840 624
13 0 1808 624 1808 608
13 0 992 608 1808 608
13 0 2000 640 2112 640
13 0 1840 656 1856 656
13 0 1792 656 1840 656
13 0 1792 656 1792 640
13 0 848 640 1792 640
13 0 2032 672 2112 672
13 0 1840 688 1856 688
13 0 1776 688 1840 688
13 0 1776 688 1776 672
13 0 1088 672 1776 672
13 0 2000 688 2032 688
13 0 2256 688 2496 688
13 0 2032 704 2112 704
13 0 1840 768 1856 768
13 0 1760 768 1840 768
13 0 1760 768 1760 752
13 0 1088 752 1760 752
13 0 1840 800 1856 800
13 0 1744 800 1840 800
13 0 1744 800 1744 784
13 0 1184 784 1744 784
13 0 1840 880 1856 880
13 0 1728 880 1840 880
13 0 1728 880 1728 864
13 0 896 864 1728 864
13 0 2000 896 2032 896
13 0 1840 912 1856 912
13 0 1712 912 1840 912
13 0 1712 912 1712 896
13 0 1040 896 1712 896
13 0 1840 992 1856 992
13 0 1696 992 1840 992
13 0 1696 992 1696 976
13 0 1040 976 1696 976
13 0 2000 1008 2112 1008
13 0 1840 1024 1856 1024
13 0 1680 1024 1840 1024
13 0 1680 1024 1680 1008
13 0 1184 1008 1680 1008
13 0 1840 1104 2448 1104
13 0 1664 1104 1840 1104
13 0 1664 1104 1664 1088
13 0 688 1088 1664 1088
13 0 2640 1120 2848 1120
13 0 1840 1136 2448 1136
13 0 1648 1136 1840 1136
13 0 1648 1136 1648 1120
13 0 992 1120 1648 1120
13 0 2704 1152 2848 1152
13 0 1840 1168 2448 1168
13 0 1632 1168 1840 1168
13 0 1632 1168 1632 1152
13 0 1040 1152 1632 1152
13 0 2592 1168 2704 1168
13 0 2992 1168 3088 1168
13 0 2592 1184 2848 1184
13 0 1840 1200 2448 1200
13 0 1616 1200 1840 1200
13 0 1616 1200 1616 1184
13 0 1136 1184 1616 1184
13 0 2784 1216 2848 1216
13 0 1840 1248 2128 1248
13 0 1600 1248 1840 1248
13 0 1600 1248 1600 1232
13 0 800 1232 1600 1232
13 0 2272 1264 2448 1264
13 0 1840 1280 2128 1280
13 0 1584 1280 1840 1280
13 0 1584 1280 1584 1264
13 0 896 1264 1584 1264
13 0 1840 1408 2448 1408
13 0 1568 1408 1840 1408
13 0 1568 1408 1568 1392
13 0 752 1392 1568 1392
13 0 1840 1440 2448 1440
13 0 1552 1440 1840 1440
13 0 1552 1440 1552 1424
13 0 1088 1424 1552 1424
13 0 1840 1472 1984 1472
13 0 1536 1472 1840 1472
13 0 1536 1472 1536 1456
13 0 640 1456 1536 1456
13 0 2400 1472 2448 1472
13 0 1840 1504 1984 1504
13 0 1520 1504 1840 1504
13 0 1520 1504 1520 1488
13 0 896 1488 1520 1488
13 0 2128 1504 2256 1504
13 0 1840 1536 1984 1536
13 0 1504 1536 1840 1536
13 0 1504 1536 1504 1520
13 0 992 1520 1504 1520
13 0 2128 1536 2256 1536
13 0 2192 1568 2256 1568
13 0 2576 1568 2784 1568
13 0 1840 1584 1984 1584
13 0 1488 1584 1840 1584
13 0 1488 1584 1488 1568
13 0 688 1568 1488 1568
13 0 1840 1616 1984 1616
13 0 1472 1616 1840 1616
13 0 1472 1616 1472 1600
13 0 944 1600 1472 1600
13 0 1840 1648 1984 1648
13 0 1456 1648 1840 1648
13 0 1456 1648 1456 1632
13 0 1136 1632 1456 1632
13 0 1840 1696 1984 1696
13 0 1440 1696 1840 1696
13 0 1440 1696 1440 1680
13 0 640 1680 1440 1680
13 0 1840 1728 1984 1728
13 0 1424 1728 1840 1728
13 0 1424 1728 1424 1712
13 0 896 1712 1424 1712
13 0 2128 1728 2192 1728
13 0 1840 1760 1984 1760
13 0 1408 1760 1840 1760
13 0 1408 1760 1408 1744
13 0 1184 1744 1408 1744
13 0 1840 1808 1984 1808
13 0 1392 1808 1840 1808
13 0 1392 1808 1392 1792
13 0 688 1792 1392 1792
13 0 1840 1840 1984 1840
13 0 1376 1840 1840 1840
13 0 1376 1840 1376 1824
13 0 848 1824 1376 1824
13 0 2128 1856 2256 1856
13 0 1840 1872 1984 1872
13 0 1360 1872 1840 1872
13 0 1360 1872 1360 1856
13 0 992 1856 1360 1856
13 0 1840 1904 1984 1904
13 0 1344 1904 1840 1904
13 0 1344 1904 1344 1888
13 0 1184 1888 1344 1888
13 0 1840 1968 2432 1968
13 0 1328 1968 1840 1968
13 0 1328 1968 1328 1952
13 0 944 1952 1328 1952
13 0 1840 2000 2432 2000
13 0 1312 2000 1840 2000
13 0 1312 2000 1312 1984
13 0 1040 1984 1312 1984
13 0 1840 2064 1888 2064
13 0 1296 2064 1840 2064
13 0 1296 2064 1296 2048
13 0 688 2048 1296 2048
13 0 1840 2096 1888 2096
13 0 1280 2096 1840 2096
13 0 1280 2096 1280 2080
13 0 800 2080 1280 2080
13 0 2032 2096 2160 2096
13 0 2304 2112 2432 2112
13 0 1840 2128 1888 2128
13 0 1264 2128 1840 2128
13 0 1264 2128 1264 2112
13 0 896 2112 1264 2112
13 0 1840 2192 1888 2192
13 0 1248 2192 1840 2192
13 0 1248 2192 1248 2176
13 0 640 2176 1248 2176
13 0 1840 2224 1888 2224
13 0 1232 2224 1840 2224
13 0 1232 2224 1232 2208
13 0 752 2208 1232 2208
13 0 2032 2240 2160 2240
13 0 1840 2256 1888 2256
13 0 1216 2256 1840 2256
13 0 1216 2256 1216 2240
13 0 848 2240 1216 2240
13 0 1840 2288 1888 2288
13 0 1200 2288 1840 2288
13 0 1200 2288 1200 2272
13 0 1136 2272 1200 2272
13 0 2000 640 2000 672
13 0 2000 688 2000 784
13 0 2032 672 2032 688
13 0 2032 704 2032 896
13 0 2112 736 2112 1008
13 0 2128 1536 2128 1616
13 0 2160 2128 2160 2240
13 0 2192 1568 2192 1728
13 0 2256 1600 2256 1856
13 0 2400 1472 2400 1552
13 0 2432 2032 2432 2112
13 0 2448 1232 2448 1264
13 0 2496 656 2496 688
13 0 2576 1568 2576 2000
13 0 2592 1184 2592 1440
13 0 2640 608 2640 1120
13 0 2704 1152 2704 1168
13 0 2784 1216 2784 1568
13 5 3088 1168 rez
13 8 2976 1152 2
13 8 3088 1168 2
13 2 2784 1216 2784 1568
13 2 2704 1152 2704 1168
13 2 2640 608 2640 1120
13 2 2592 1184 2592 1440
13 2 2576 1568 2576 2000
13 2 2496 656 2496 688
13 2 2448 1232 2448 1264
13 2 2432 2032 2432 2112
13 2 2400 1472 2400 1552
13 2 2256 1600 2256 1856
13 2 2192 1568 2192 1728
13 2 2160 2128 2160 2240
13 2 2128 1536 2128 1616
13 2 2112 736 2112 1008
13 2 2032 704 2032 896
13 2 2032 672 2032 688
13 2 2000 688 2000 784
13 2 2000 640 2000 672
13 2 1136 2272 1200 2272
13 2 1200 2272 1200 2288
13 0 1200 2288 1840 2288
13 2 1200 2288 1840 2288
13 2 1840 2288 1888 2288
13 2 848 2240 1216 2240
13 2 1216 2240 1216 2256
13 0 1216 2256 1840 2256
13 2 1216 2256 1840 2256
13 2 1840 2256 1888 2256
13 2 2032 2240 2160 2240
13 2 752 2208 1232 2208
13 2 1232 2208 1232 2224
13 0 1232 2224 1840 2224
13 2 1232 2224 1840 2224
13 2 1840 2224 1888 2224
13 2 640 2176 1248 2176
13 2 1248 2176 1248 2192
13 0 1248 2192 1840 2192
13 2 1248 2192 1840 2192
13 2 1840 2192 1888 2192
13 2 896 2112 1264 2112
13 2 1264 2112 1264 2128
13 0 1264 2128 1840 2128
13 2 1264 2128 1840 2128
13 2 1840 2128 1888 2128
13 2 2304 2112 2432 2112
13 2 2032 2096 2160 2096
13 2 800 2080 1280 2080
13 2 1280 2080 1280 2096
13 0 1280 2096 1840 2096
13 2 1280 2096 1840 2096
13 2 1840 2096 1888 2096
13 2 688 2048 1296 2048
13 2 1296 2048 1296 2064
13 0 1296 2064 1840 2064
13 2 1296 2064 1840 2064
13 2 1840 2064 1888 2064
13 2 1040 1984 1312 1984
13 2 1312 1984 1312 2000
13 0 1312 2000 1840 2000
13 2 1312 2000 1840 2000
13 2 1840 2000 2432 2000
13 2 944 1952 1328 1952
13 2 1328 1952 1328 1968
13 0 1328 1968 1840 1968
13 2 1328 1968 1840 1968
13 2 1840 1968 2432 1968
13 2 1184 1888 1344 1888
13 2 1344 1888 1344 1904
13 0 1344 1904 1840 1904
13 2 1344 1904 1840 1904
13 2 1840 1904 1984 1904
13 2 992 1856 1360 1856
13 2 1360 1856 1360 1872
13 0 1360 1872 1840 1872
13 2 1360 1872 1840 1872
13 2 1840 1872 1984 1872
13 2 2128 1856 2256 1856
13 2 848 1824 1376 1824
13 2 1376 1824 1376 1840
13 0 1376 1840 1840 1840
13 2 1376 1840 1840 1840
13 2 1840 1840 1984 1840
13 2 688 1792 1392 1792
13 2 1392 1792 1392 1808
13 0 1392 1808 1840 1808
13 2 1392 1808 1840 1808
13 2 1840 1808 1984 1808
13 2 1184 1744 1408 1744
13 2 1408 1744 1408 1760
13 0 1408 1760 1840 1760
13 2 1408 1760 1840 1760
13 2 1840 1760 1984 1760
13 2 2128 1728 2192 1728
13 2 896 1712 1424 1712
13 2 1424 1712 1424 1728
13 0 1424 1728 1840 1728
13 2 1424 1728 1840 1728
13 2 1840 1728 1984 1728
13 2 640 1680 1440 1680
13 2 1440 1680 1440 1696
13 0 1440 1696 1840 1696
13 2 1440 1696 1840 1696
13 2 1840 1696 1984 1696
13 2 1136 1632 1456 1632
13 2 1456 1632 1456 1648
13 0 1456 1648 1840 1648
13 2 1456 1648 1840 1648
13 2 1840 1648 1984 1648
13 2 944 1600 1472 1600
13 2 1472 1600 1472 1616
13 0 1472 1616 1840 1616
13 2 1472 1616 1840 1616
13 2 1840 1616 1984 1616
13 2 688 1568 1488 1568
13 2 1488 1568 1488 1584
13 0 1488 1584 1840 1584
13 2 1488 1584 1840 1584
13 2 1840 1584 1984 1584
13 2 2576 1568 2784 1568
13 2 2192 1568 2256 1568
13 2 2128 1536 2256 1536
13 2 992 1520 1504 1520
13 2 1504 1520 1504 1536
13 0 1504 1536 1840 1536
13 2 1504 1536 1840 1536
13 2 1840 1536 1984 1536
13 2 2128 1504 2256 1504
13 2 896 1488 1520 1488
13 2 1520 1488 1520 1504
13 0 1520 1504 1840 1504
13 2 1520 1504 1840 1504
13 2 1840 1504 1984 1504
13 2 2400 1472 2448 1472
13 2 640 1456 1536 1456
13 2 1536 1456 1536 1472
13 0 1536 1472 1840 1472
13 2 1536 1472 1840 1472
13 2 1840 1472 1984 1472
13 2 1088 1424 1552 1424
13 2 1552 1424 1552 1440
13 0 1552 1440 1840 1440
13 2 1552 1440 1840 1440
13 2 1840 1440 2448 1440
13 2 752 1392 1568 1392
13 2 1568 1392 1568 1408
13 0 1568 1408 1840 1408
13 2 1568 1408 1840 1408
13 2 1840 1408 2448 1408
13 2 896 1264 1584 1264
13 2 1584 1264 1584 1280
13 0 1584 1280 1840 1280
13 2 1584 1280 1840 1280
13 2 1840 1280 2128 1280
13 2 2272 1264 2448 1264
13 2 800 1232 1600 1232
13 2 1600 1232 1600 1248
13 0 1600 1248 1840 1248
13 2 1600 1248 1840 1248
13 2 1840 1248 2128 1248
13 2 2784 1216 2848 1216
13 2 1136 1184 1616 1184
13 2 1616 1184 1616 1200
13 0 1616 1200 1840 1200
13 2 1616 1200 1840 1200
13 2 1840 1200 2448 1200
13 2 2592 1184 2848 1184
13 2 2992 1168 3088 1168
13 2 2592 1168 2704 1168
13 2 1040 1152 1632 1152
13 2 1632 1152 1632 1168
13 0 1632 1168 1840 1168
13 2 1632 1168 1840 1168
13 2 1840 1168 2448 1168
13 2 2704 1152 2848 1152
13 2 992 1120 1648 1120
13 2 1648 1120 1648 1136
13 0 1648 1136 1840 1136
13 2 1648 1136 1840 1136
13 2 1840 1136 2448 1136
13 2 2640 1120 2848 1120
13 2 688 1088 1664 1088
13 2 1664 1088 1664 1104
13 0 1664 1104 1840 1104
13 2 1664 1104 1840 1104
13 2 1840 1104 2448 1104
13 2 1184 1008 1680 1008
13 2 1680 1008 1680 1024
13 0 1680 1024 1840 1024
13 2 1680 1024 1840 1024
13 2 1840 1024 1856 1024
13 2 2000 1008 2112 1008
13 2 1040 976 1696 976
13 2 1696 976 1696 992
13 0 1696 992 1840 992
13 2 1696 992 1840 992
13 2 1840 992 1856 992
13 2 1040 896 1712 896
13 2 1712 896 1712 912
13 0 1712 912 1840 912
13 2 1712 912 1840 912
13 2 1840 912 1856 912
13 2 2000 896 2032 896
13 2 896 864 1728 864
13 2 1728 864 1728 880
13 0 1728 880 1840 880
13 2 1728 880 1840 880
13 2 1840 880 1856 880
13 2 1184 784 1744 784
13 2 1744 784 1744 800
13 0 1744 800 1840 800
13 2 1744 800 1840 800
13 2 1840 800 1856 800
13 2 1088 752 1760 752
13 2 1760 752 1760 768
13 0 1760 768 1840 768
13 2 1760 768 1840 768
13 2 1840 768 1856 768
13 2 2032 704 2112 704
13 2 2256 688 2496 688
13 2 2000 688 2032 688
13 2 1088 672 1776 672
13 2 1776 672 1776 688
13 0 1776 688 1840 688
13 2 1776 688 1840 688
13 2 1840 688 1856 688
13 2 2032 672 2112 672
13 2 848 640 1792 640
13 2 1792 640 1792 656
13 0 1792 656 1840 656
13 2 1792 656 1840 656
13 2 1840 656 1856 656
13 2 2000 640 2112 640
13 2 992 608 1808 608
13 2 1808 608 1808 624
13 0 1808 624 1840 624
13 2 1808 624 1840 624
13 2 1840 624 2496 624
13 2 800 576 1824 576
13 2 1824 576 1824 592
13 0 1824 592 1840 592
13 2 1824 592 1840 592
13 2 1840 592 2496 592
13 2 640 544 1840 544
13 2 1840 544 1840 560
13 2 1840 560 2496 560
13 7 3088 1168
13 8 3088 1168 0
17 0 28
17 0 26
17 0 7
17 0 6
17 0 3
17 0 5
17 0 29
17 0 4
17 0 30
17 0 34
17 0 33
17 0 32
17 0 31
17 0 36
17 0 2
17 0 1
17 0 37
17 0 35
17 0 27
17 0 or4 2144 1440 0
17 0 or4 2000 576 0
17 0 or4 2736 1056 0
17 0 and4 1776 2128 0
17 0 and4 1872 1744 0
17 0 and4 2384 496 0
17 0 and2 1744 928 0
17 0 and2 1744 816 0
17 0 and2 1744 704 0
17 0 and2 1744 592 0
17 0 and5 2336 1040 0
17 0 or2 2048 2032 0
17 0 or2 2016 1184 0
17 0 and3 1776 2000 0
17 0 and3 2320 1904 0
17 0 and3 1872 1632 0
17 0 and3 1872 1520 0
17 0 and3 1872 1408 0
17 0 and3 2336 1344 0
13 0 2672 1200 2672 1552
13 0 2592 1136 2592 1152
13 0 2528 592 2528 1104
13 0 2480 1168 2480 1424
13 0 2464 1552 2464 1984
13 0 2384 640 2384 672
13 0 2336 1216 2336 1248
13 0 2320 2016 2320 2096
13 0 2288 1456 2288 1536
13 0 2144 1584 2144 1840
13 0 2080 1552 2080 1712
13 0 2048 2112 2048 2224
13 0 2016 1520 2016 1600
13 0 2000 720 2000 992
13 0 1920 688 1920 880
13 0 1920 656 1920 672
13 0 1888 672 1888 768
13 0 1888 624 1888 656
13 0 1136 2272 1776 2272
13 0 848 2240 1776 2240
13 0 1920 2224 2048 2224
13 0 752 2208 1776 2208
13 0 640 2176 1776 2176
13 0 896 2112 1776 2112
13 0 2192 2096 2320 2096
13 0 1920 2080 2048 2080
13 0 800 2080 1776 2080
13 0 688 2048 1776 2048
13 0 1040 1984 2320 1984
13 0 944 1952 2320 1952
13 0 1184 1888 1872 1888
13 0 992 1856 1872 1856
13 0 2016 1840 2144 1840
13 0 848 1824 1872 1824
13 0 688 1792 1872 1792
13 0 1184 1744 1872 1744
13 0 2016 1712 2080 1712
13 0 896 1712 1872 1712
13 0 640 1680 1872 1680
13 0 1136 1632 1872 1632
13 0 944 1600 1872 1600
13 0 688 1568 1872 1568
13 0 2464 1552 2672 1552
13 0 2080 1552 2144 1552
13 0 2016 1520 2144 1520
13 0 992 1520 1872 1520
13 0 2016 1488 2144 1488
13 0 896 1488 1872 1488
13 0 2288 1456 2336 1456
13 0 640 1456 1872 1456
13 0 1088 1424 2336 1424
13 0 752 1392 2336 1392
13 0 896 1264 2016 1264
13 0 2160 1248 2336 1248
13 0 800 1232 2016 1232
13 0 2672 1200 2736 1200
13 0 1136 1184 2336 1184
13 0 2480 1168 2736 1168
13 0 2880 1152 2976 1152
13 0 2480 1152 2592 1152
13 0 1040 1152 2336 1152
13 0 2592 1136 2736 1136
13 0 992 1120 2336 1120
13 0 2528 1104 2736 1104
13 0 688 1088 2336 1088
13 0 1184 1008 1744 1008
13 0 1888 992 2000 992
13 0 1040 976 1744 976
13 0 1040 896 1744 896
13 0 1888 880 1920 880
13 0 896 864 1744 864
13 0 1184 784 1744 784
13 0 1088 752 1744 752
13 0 1920 688 2000 688
13 0 2144 672 2384 672
13 0 1888 672 1920 672
13 0 1088 672 1744 672
13 0 1920 656 2000 656
13 0 848 640 1744 640
13 0 1888 624 2000 624
13 0 992 608 2384 608
13 0 800 576 2384 576
13 0 640 544 2384 544
13 5 2976 1152 rez
13 8 3088 1168 2
13 8 2976 1152 2
13 8 2976 1152 2
13 0 1296 544 1648 544
13 2 1296 544 1648 544
13 0 1296 576 1648 576
13 2 1296 576 1648 576
13 0 1296 608 1648 608
13 2 1296 608 1648 608
13 0 1296 640 1648 640
13 2 1296 640 1648 640
13 0 1296 672 1648 672
13 2 1296 672 1648 672
13 0 1296 752 1648 752
13 2 1296 752 1648 752
13 0 1296 784 1648 784
13 2 1296 784 1648 784
13 0 1296 864 1648 864
13 2 1296 864 1648 864
13 0 1296 896 1648 896
13 2 1296 896 1648 896
13 0 1296 976 1648 976
13 2 1296 976 1648 976
13 0 1296 1008 1648 1008
13 2 1296 1008 1648 1008
13 0 1296 1088 1648 1088
13 2 1296 1088 1648 1088
13 0 1296 1120 1648 1120
13 2 1296 1120 1648 1120
13 0 1296 1152 1648 1152
13 2 1296 1152 1648 1152
13 0 1296 1184 1648 1184
13 2 1296 1184 1648 1184
13 0 1296 1232 1648 1232
13 2 1296 1232 1648 1232
13 0 1296 1264 1648 1264
13 2 1296 1264 1648 1264
13 0 1296 1392 1648 1392
13 2 1296 1392 1648 1392
13 0 1296 1424 1648 1424
13 2 1296 1424 1648 1424
13 0 1296 1456 1648 1456
13 2 1296 1456 1648 1456
13 0 1296 1488 1648 1488
13 2 1296 1488 1648 1488
13 0 1296 1520 1648 1520
13 2 1296 1520 1648 1520
13 0 1296 1568 1648 1568
13 2 1296 1568 1648 1568
13 0 1296 1600 1648 1600
13 2 1296 1600 1648 1600
13 0 1296 1632 1648 1632
13 2 1296 1632 1648 1632
13 0 1296 1680 1648 1680
13 2 1296 1680 1648 1680
13 0 1296 1712 1648 1712
13 2 1296 1712 1648 1712
13 0 1296 1744 1648 1744
13 2 1296 1744 1648 1744
13 0 1296 1792 1648 1792
13 2 1296 1792 1648 1792
13 0 1296 1824 1648 1824
13 2 1296 1824 1648 1824
13 0 1296 1856 1648 1856
13 2 1296 1856 1648 1856
13 0 1296 1888 1648 1888
13 2 1296 1888 1648 1888
13 0 1296 1952 1648 1952
13 2 1296 1952 1648 1952
13 0 1296 1984 1648 1984
13 2 1296 1984 1648 1984
13 0 1296 2048 1648 2048
13 2 1296 2048 1648 2048
13 0 1296 2080 1648 2080
13 2 1296 2080 1648 2080
13 0 1296 2112 1648 2112
13 2 1296 2112 1648 2112
13 0 1296 2176 1648 2176
13 2 1296 2176 1648 2176
13 0 1296 2208 1648 2208
13 2 1296 2208 1648 2208
13 0 1296 2240 1648 2240
13 2 1296 2240 1648 2240
13 0 1296 2272 1648 2272
13 2 1296 2272 1648 2272
13 2 1648 544 2384 544
13 2 1648 576 2384 576
13 2 1648 608 2384 608
13 2 1888 624 2000 624
13 2 1648 640 1744 640
13 2 1920 656 2000 656
13 2 1648 672 1744 672
13 2 1888 672 1920 672
13 2 2144 672 2384 672
13 2 1920 688 2000 688
13 2 1648 752 1744 752
13 2 1648 784 1744 784
13 2 1648 864 1744 864
13 2 1888 880 1920 880
13 2 1648 896 1744 896
13 2 1648 976 1744 976
13 2 1888 992 2000 992
13 2 1648 1008 1744 1008
13 2 1648 1088 2336 1088
13 2 2528 1104 2736 1104
13 2 1648 1120 2336 1120
13 2 2592 1136 2736 1136
13 2 1648 1152 2336 1152
13 2 2480 1152 2592 1152
13 2 2880 1152 2976 1152
13 2 2480 1168 2736 1168
13 2 1648 1184 2336 1184
13 2 2672 1200 2736 1200
13 2 1648 1232 2016 1232
13 2 2160 1248 2336 1248
13 2 1648 1264 2016 1264
13 2 1648 1392 2336 1392
13 2 1648 1424 2336 1424
13 2 1648 1456 1872 1456
13 2 2288 1456 2336 1456
13 2 1648 1488 1872 1488
13 2 2016 1488 2144 1488
13 2 1648 1520 1872 1520
13 2 2016 1520 2144 1520
13 2 2080 1552 2144 1552
13 2 2464 1552 2672 1552
13 2 1648 1568 1872 1568
13 2 1648 1600 1872 1600
13 2 1648 1632 1872 1632
13 2 1648 1680 1872 1680
13 2 1648 1712 1872 1712
13 2 2016 1712 2080 1712
13 2 1648 1744 1872 1744
13 2 1648 1792 1872 1792
13 2 1648 1824 1872 1824
13 2 2016 1840 2144 1840
13 2 1648 1856 1872 1856
13 2 1648 1888 1872 1888
13 2 1648 1952 2320 1952
13 2 1648 1984 2320 1984
13 2 1648 2048 1776 2048
13 2 1648 2080 1776 2080
13 2 1920 2080 2048 2080
13 2 2192 2096 2320 2096
13 2 1648 2112 1776 2112
13 2 1648 2176 1776 2176
13 2 1648 2208 1776 2208
13 2 1920 2224 2048 2224
13 2 1648 2240 1776 2240
13 2 1648 2272 1776 2272
13 2 1888 624 1888 656
13 2 1888 672 1888 768
13 2 1920 656 1920 672
13 2 1920 688 1920 880
13 2 2000 720 2000 992
13 2 2016 1520 2016 1600
13 2 2048 2112 2048 2224
13 2 2080 1552 2080 1712
13 2 2144 1584 2144 1840
13 2 2288 1456 2288 1536
13 2 2320 2016 2320 2096
13 2 2336 1216 2336 1248
13 2 2384 640 2384 672
13 2 2464 1552 2464 1984
13 2 2480 1168 2480 1424
13 2 2528 592 2528 1104
13 2 2592 1136 2592 1152
13 2 2672 1200 2672 1552
13 7 2976 1152
13 8 2976 1152 0
17 0 27
17 0 35
17 0 37
17 0 1
17 0 2
17 0 36
17 0 31
17 0 32
17 0 33
17 0 34
17 0 30
17 0 4
17 0 29
17 0 5
17 0 3
17 0 6
17 0 7
17 0 26
17 0 28
17 0 or4 1792 1440 0
17 0 or4 1648 576 0
17 0 or4 2384 1056 0
17 0 and4 1424 2128 0
17 0 and4 1520 1744 0
17 0 and4 2032 496 0
17 0 and2 1392 928 0
17 0 and2 1392 816 0
17 0 and2 1392 704 0
17 0 and2 1392 592 0
17 0 and5 1984 1040 0
17 0 or2 1696 2032 0
17 0 or2 1664 1184 0
17 0 and3 1424 2000 0
17 0 and3 1968 1904 0
17 0 and3 1520 1632 0
17 0 and3 1520 1520 0
17 0 and3 1520 1408 0
17 0 and3 1984 1344 0
13 0 1296 544 2032 544
13 0 1296 576 2032 576
13 0 1296 608 2032 608
13 0 1536 624 1648 624
13 0 1296 640 1392 640
13 0 1568 656 1648 656
13 0 1296 672 1392 672
13 0 1536 672 1568 672
13 0 1792 672 2032 672
13 0 1568 688 1648 688
13 0 1296 752 1392 752
13 0 1296 784 1392 784
13 0 1296 864 1392 864
13 0 1536 880 1568 880
13 0 1296 896 1392 896
13 0 1296 976 1392 976
13 0 1536 992 1648 992
13 0 1296 1008 1392 1008
13 0 1296 1088 1984 1088
13 0 2176 1104 2384 1104
13 0 1296 1120 1984 1120
13 0 2240 1136 2384 1136
13 0 1296 1152 1984 1152
13 0 2128 1152 2240 1152
13 0 2528 1152 2624 1152
13 0 2128 1168 2384 1168
13 0 1296 1184 1984 1184
13 0 2320 1200 2384 1200
13 0 1296 1232 1664 1232
13 0 1808 1248 1984 1248
13 0 1296 1264 1664 1264
13 0 1296 1392 1984 1392
13 0 1296 1424 1984 1424
13 0 1296 1456 1520 1456
13 0 1936 1456 1984 1456
13 0 1296 1488 1520 1488
13 0 1664 1488 1792 1488
13 0 1296 1520 1520 1520
13 0 1664 1520 1792 1520
13 0 1728 1552 1792 1552
13 0 2112 1552 2320 1552
13 0 1296 1568 1520 1568
13 0 1296 1600 1520 1600
13 0 1296 1632 1520 1632
13 0 1296 1680 1520 1680
13 0 1296 1712 1520 1712
13 0 1664 1712 1728 1712
13 0 1296 1744 1520 1744
13 0 1296 1792 1520 1792
13 0 1296 1824 1520 1824
13 0 1664 1840 1792 1840
13 0 1296 1856 1520 1856
13 0 1296 1888 1520 1888
13 0 1296 1952 1968 1952
13 0 1296 1984 1968 1984
13 0 1296 2048 1424 2048
13 0 1296 2080 1424 2080
13 0 1568 2080 1696 2080
13 0 1840 2096 1968 2096
13 0 1296 2112 1424 2112
13 0 1296 2176 1424 2176
13 0 1296 2208 1424 2208
13 0 1568 2224 1696 2224
13 0 1296 2240 1424 2240
13 0 1296 2272 1424 2272
13 0 1536 624 1536 656
13 0 1536 672 1536 768
13 0 1568 656 1568 672
13 0 1568 688 1568 880
13 0 1648 720 1648 992
13 0 1664 1520 1664 1600
13 0 1696 2112 1696 2224
13 0 1728 1552 1728 1712
13 0 1792 1584 1792 1840
13 0 1936 1456 1936 1536
13 0 1968 2016 1968 2096
13 0 1984 1216 1984 1248
13 0 2032 640 2032 672
13 0 2112 1552 2112 1984
13 0 2128 1168 2128 1424
13 0 2176 592 2176 1104
13 0 2240 1136 2240 1152
13 0 2320 1200 2320 1552
13 5 2624 1152 rez
13 8 2976 1152 2
13 8 2624 1152 2
13 0 1216 544 1392 544
13 2 1216 544 1392 544
13 0 1216 576 1392 576
13 2 1216 576 1392 576
13 0 1216 608 1392 608
13 2 1216 608 1392 608
13 0 1216 640 1392 640
13 2 1216 640 1392 640
13 0 1216 672 1392 672
13 2 1216 672 1392 672
13 0 1216 752 1392 752
13 2 1216 752 1392 752
13 0 1216 784 1392 784
13 2 1216 784 1392 784
13 0 1216 864 1392 864
13 2 1216 864 1392 864
13 0 1216 896 1392 896
13 2 1216 896 1392 896
13 0 1216 976 1392 976
13 2 1216 976 1392 976
13 0 1216 1008 1392 1008
13 2 1216 1008 1392 1008
13 0 1216 1088 1392 1088
13 2 1216 1088 1392 1088
13 0 1216 1120 1392 1120
13 2 1216 1120 1392 1120
13 0 1216 1152 1392 1152
13 2 1216 1152 1392 1152
13 0 1216 1184 1392 1184
13 2 1216 1184 1392 1184
13 0 1216 1232 1392 1232
13 2 1216 1232 1392 1232
13 0 1216 1264 1392 1264
13 2 1216 1264 1392 1264
13 0 1216 1392 1392 1392
13 2 1216 1392 1392 1392
13 0 1216 1424 1392 1424
13 2 1216 1424 1392 1424
13 0 1216 1456 1392 1456
13 2 1216 1456 1392 1456
13 0 1216 1488 1392 1488
13 2 1216 1488 1392 1488
13 0 1216 1520 1392 1520
13 2 1216 1520 1392 1520
13 0 1216 1568 1392 1568
13 2 1216 1568 1392 1568
13 0 1216 1600 1392 1600
13 2 1216 1600 1392 1600
13 0 1216 1632 1392 1632
13 2 1216 1632 1392 1632
13 0 1216 1680 1392 1680
13 2 1216 1680 1392 1680
13 0 1216 1712 1392 1712
13 2 1216 1712 1392 1712
13 0 1216 1744 1392 1744
13 2 1216 1744 1392 1744
13 0 1216 1792 1392 1792
13 2 1216 1792 1392 1792
13 0 1216 1824 1392 1824
13 2 1216 1824 1392 1824
13 0 1216 1856 1392 1856
13 2 1216 1856 1392 1856
13 0 1216 1888 1392 1888
13 2 1216 1888 1392 1888
13 0 1216 1952 1392 1952
13 2 1216 1952 1392 1952
13 0 1216 1984 1392 1984
13 2 1216 1984 1392 1984
13 0 1216 2048 1392 2048
13 2 1216 2048 1392 2048
13 0 1216 2080 1392 2080
13 2 1216 2080 1392 2080
13 0 1216 2112 1392 2112
13 2 1216 2112 1392 2112
13 0 1216 2176 1392 2176
13 2 1216 2176 1392 2176
13 0 1216 2208 1392 2208
13 2 1216 2208 1392 2208
13 0 1216 2240 1392 2240
13 2 1216 2240 1392 2240
13 0 1216 2272 1392 2272
13 2 1216 2272 1392 2272
13 2 1392 544 2032 544
13 2 1392 576 2032 576
13 2 1392 608 2032 608
13 2 1536 624 1648 624
13 2 1568 656 1648 656
13 2 1536 672 1568 672
13 2 1792 672 2032 672
13 2 1568 688 1648 688
13 2 1536 880 1568 880
13 2 1536 992 1648 992
13 2 1392 1088 1984 1088
13 2 2176 1104 2384 1104
13 2 1392 1120 1984 1120
13 2 2240 1136 2384 1136
13 2 1392 1152 1984 1152
13 2 2128 1152 2240 1152
13 2 2528 1152 2624 1152
13 2 2128 1168 2384 1168
13 2 1392 1184 1984 1184
13 2 2320 1200 2384 1200
13 2 1392 1232 1664 1232
13 2 1808 1248 1984 1248
13 2 1392 1264 1664 1264
13 2 1392 1392 1984 1392
13 2 1392 1424 1984 1424
13 2 1392 1456 1520 1456
13 2 1936 1456 1984 1456
13 2 1392 1488 1520 1488
13 2 1664 1488 1792 1488
13 2 1392 1520 1520 1520
13 2 1664 1520 1792 1520
13 2 1728 1552 1792 1552
13 2 2112 1552 2320 1552
13 2 1392 1568 1520 1568
13 2 1392 1600 1520 1600
13 2 1392 1632 1520 1632
13 2 1392 1680 1520 1680
13 2 1392 1712 1520 1712
13 2 1664 1712 1728 1712
13 2 1392 1744 1520 1744
13 2 1392 1792 1520 1792
13 2 1392 1824 1520 1824
13 2 1664 1840 1792 1840
13 2 1392 1856 1520 1856
13 2 1392 1888 1520 1888
13 2 1392 1952 1968 1952
13 2 1392 1984 1968 1984
13 2 1392 2048 1424 2048
13 2 1392 2080 1424 2080
13 2 1568 2080 1696 2080
13 2 1840 2096 1968 2096
13 2 1392 2112 1424 2112
13 2 1392 2176 1424 2176
13 2 1392 2208 1424 2208
13 2 1568 2224 1696 2224
13 2 1392 2240 1424 2240
13 2 1392 2272 1424 2272
13 2 1536 624 1536 656
13 2 1536 672 1536 768
13 2 1568 656 1568 672
13 2 1568 688 1568 880
13 2 1648 720 1648 992
13 2 1664 1520 1664 1600
13 2 1696 2112 1696 2224
13 2 1728 1552 1728 1712
13 2 1792 1584 1792 1840
13 2 1936 1456 1936 1536
13 2 1968 2016 1968 2096
13 2 1984 1216 1984 1248
13 2 2032 640 2032 672
13 2 2112 1552 2112 1984
13 2 2128 1168 2128 1424
13 2 2176 592 2176 1104
13 2 2240 1136 2240 1152
13 2 2320 1200 2320 1552
13 7 2624 1152
13 8 2624 1152 0
17 0 28
17 0 26
17 0 7
17 0 6
17 0 3
17 0 5
17 0 29
17 0 4
17 0 30
17 0 34
17 0 33
17 0 32
17 0 31
17 0 36
17 0 2
17 0 1
17 0 37
17 0 35
17 0 27
17 0 or4 1616 1440 0
17 0 or4 1472 576 0
17 0 or4 2208 1056 0
17 0 and4 1248 2128 0
17 0 and4 1344 1744 0
17 0 and4 1856 496 0
17 0 and2 1216 928 0
17 0 and2 1216 816 0
17 0 and2 1216 704 0
17 0 and2 1216 592 0
17 0 and5 1808 1040 0
17 0 or2 1520 2032 0
17 0 or2 1488 1184 0
17 0 and3 1248 2000 0
17 0 and3 1792 1904 0
17 0 and3 1344 1632 0
17 0 and3 1344 1520 0
17 0 and3 1344 1408 0
17 0 and3 1808 1344 0
13 0 1216 544 1856 544
13 0 1216 576 1856 576
13 0 1216 608 1856 608
13 0 1360 624 1472 624
13 0 1392 656 1472 656
13 0 1360 672 1392 672
13 0 1616 672 1856 672
13 0 1392 688 1472 688
13 0 1360 880 1392 880
13 0 1360 992 1472 992
13 0 1216 1088 1808 1088
13 0 2000 1104 2208 1104
13 0 1216 1120 1808 1120
13 0 2064 1136 2208 1136
13 0 1216 1152 1808 1152
13 0 1952 1152 2064 1152
13 0 2352 1152 2448 1152
13 0 1952 1168 2208 1168
13 0 1216 1184 1808 1184
13 0 2144 1200 2208 1200
13 0 1216 1232 1488 1232
13 0 1632 1248 1808 1248
13 0 1216 1264 1488 1264
13 0 1216 1392 1808 1392
13 0 1216 1424 1808 1424
13 0 1216 1456 1344 1456
13 0 1760 1456 1808 1456
13 0 1216 1488 1344 1488
13 0 1488 1488 1616 1488
13 0 1216 1520 1344 1520
13 0 1488 1520 1616 1520
13 0 1552 1552 1616 1552
13 0 1936 1552 2144 1552
13 0 1216 1568 1344 1568
13 0 1216 1600 1344 1600
13 0 1216 1632 1344 1632
13 0 1216 1680 1344 1680
13 0 1216 1712 1344 1712
13 0 1488 1712 1552 1712
13 0 1216 1744 1344 1744
13 0 1216 1792 1344 1792
13 0 1216 1824 1344 1824
13 0 1488 1840 1616 1840
13 0 1216 1856 1344 1856
13 0 1216 1888 1344 1888
13 0 1216 1952 1792 1952
13 0 1216 1984 1792 1984
13 0 1216 2048 1248 2048
13 0 1216 2080 1248 2080
13 0 1392 2080 1520 2080
13 0 1664 2096 1792 2096
13 0 1216 2112 1248 2112
13 0 1216 2176 1248 2176
13 0 1216 2208 1248 2208
13 0 1392 2224 1520 2224
13 0 1216 2240 1248 2240
13 0 1216 2272 1248 2272
13 0 1360 624 1360 656
13 0 1360 672 1360 768
13 0 1392 656 1392 672
13 0 1392 688 1392 880
13 0 1472 720 1472 992
13 0 1488 1520 1488 1600
13 0 1520 2112 1520 2224
13 0 1552 1552 1552 1712
13 0 1616 1584 1616 1840
13 0 1760 1456 1760 1536
13 0 1792 2016 1792 2096
13 0 1808 1216 1808 1248
13 0 1856 640 1856 672
13 0 1936 1552 1936 1984
13 0 1952 1168 1952 1424
13 0 2000 592 2000 1104
13 0 2064 1136 2064 1152
13 0 2144 1200 2144 1552
13 5 2448 1152 rez
13 8 2624 1152 2
13 8 2448 1152 2
13 2 640 288 688 288
13 2 752 288 800 288
13 2 848 288 896 288
13 2 944 288 992 288
13 2 1040 288 1088 288
13 2 1136 288 1184 288
13 0 640 240 640 288
13 2 640 240 640 288
13 2 640 288 640 544
13 2 688 384 688 1088
13 0 752 240 752 288
13 2 752 240 752 288
13 2 752 288 752 1392
13 2 800 384 800 576
13 0 848 240 848 288
13 2 848 240 848 288
13 2 848 288 848 640
13 2 896 384 896 864
13 0 944 240 944 288
13 2 944 240 944 288
13 2 944 288 944 1600
13 2 992 384 992 608
13 0 1040 240 1040 288
13 2 1040 240 1040 288
13 2 1040 288 1040 896
13 2 1088 384 1088 672
13 0 1136 240 1136 288
13 2 1136 240 1136 288
13 2 1136 288 1136 1184
13 2 1184 384 1184 784
13 7 640 240
13 8 640 240 0
13 7 752 240
13 8 752 240 0
13 7 848 240
13 8 848 240 0
13 7 944 240
13 8 944 240 0
13 7 1040 240
13 8 1040 240 0
13 7 1136 240
13 8 1136 240 0
17 0 8
17 0 9
17 0 10
17 0 11
17 0 12
17 0 13
17 0 inv 1232 144 1
17 0 inv 1136 144 1
17 0 inv 1040 144 1
17 0 inv 848 144 1
17 0 inv 736 144 1
17 0 inv 944 144 1
13 0 640 144 688 144
13 0 752 144 800 144
13 0 848 144 896 144
13 0 944 144 992 144
13 0 1040 144 1088 144
13 0 1136 144 1184 144
13 0 640 96 640 144
13 0 640 144 640 352
13 0 640 352 640 544
13 0 688 240 688 352
13 0 688 368 688 352
13 0 688 368 688 1088
13 0 752 96 752 144
13 0 752 144 752 352
13 0 752 384 752 352
13 0 752 384 752 1392
13 0 800 240 800 352
13 0 800 400 800 352
13 0 800 400 800 576
13 0 848 96 848 144
13 0 848 144 848 352
13 0 848 416 848 352
13 0 848 416 848 640
13 0 896 240 896 352
13 0 896 432 896 352
13 0 896 432 896 864
13 0 944 96 944 144
13 0 944 144 944 352
13 0 944 448 944 352
13 0 944 448 944 1600
13 0 992 240 992 352
13 0 992 464 992 352
13 0 992 464 992 608
13 0 1040 96 1040 144
13 0 1040 144 1040 352
13 0 1040 480 1040 352
13 0 1040 480 1040 896
13 0 1088 240 1088 352
13 0 1088 496 1088 352
13 0 1088 496 1088 672
13 0 1136 96 1136 144
13 0 1136 144 1136 352
13 0 1136 512 1136 352
13 0 1136 512 1136 1184
13 0 1184 240 1184 352
13 0 1184 528 1184 352
13 0 1184 528 1184 784
13 5 640 96 a
13 5 752 96 b
13 5 848 96 c
13 5 944 96 d
13 5 1040 96 e
13 5 1136 96 f
13 8 640 240 1
13 8 752 240 1
13 8 848 240 1
13 8 944 240 1
13 8 1040 240 1
13 8 1136 240 1
13 8 640 96 1
13 8 752 96 1
13 8 848 96 1
13 8 944 96 1
13 8 1040 96 1
13 8 1136 96 1
13 0 1184 528 1184 784
13 2 1184 528 1184 784
13 0 1184 528 1184 352
13 2 1184 352 1184 528
13 2 1184 240 1184 352
13 0 1136 512 1136 1184
13 2 1136 512 1136 1184
13 0 1136 512 1136 352
13 2 1136 352 1136 512
13 2 1136 144 1136 352
13 2 1136 96 1136 144
13 0 1088 496 1088 672
13 2 1088 496 1088 672
13 0 1088 496 1088 352
13 2 1088 352 1088 496
13 2 1088 240 1088 352
13 0 1040 480 1040 896
13 2 1040 480 1040 896
13 0 1040 480 1040 352
13 2 1040 352 1040 480
13 2 1040 144 1040 352
13 2 1040 96 1040 144
13 0 992 464 992 608
13 2 992 464 992 608
13 0 992 464 992 352
13 2 992 352 992 464
13 2 992 240 992 352
13 0 944 448 944 1600
13 2 944 448 944 1600
13 0 944 448 944 352
13 2 944 352 944 448
13 2 944 144 944 352
13 2 944 96 944 144
13 0 896 432 896 864
13 2 896 432 896 864
13 0 896 432 896 352
13 2 896 352 896 432
13 2 896 240 896 352
13 0 848 416 848 640
13 2 848 416 848 640
13 0 848 416 848 352
13 2 848 352 848 416
13 2 848 144 848 352
13 2 848 96 848 144
13 0 800 400 800 576
13 2 800 400 800 576
13 0 800 400 800 352
13 2 800 352 800 400
13 2 800 240 800 352
13 0 752 384 752 1392
13 2 752 384 752 1392
13 0 752 384 752 352
13 2 752 352 752 384
13 2 752 144 752 352
13 2 752 96 752 144
13 0 688 368 688 1088
13 2 688 368 688 1088
13 0 688 368 688 352
13 2 688 352 688 368
13 2 688 240 688 352
13 0 640 352 640 544
13 2 640 352 640 544
13 2 640 144 640 352
13 2 640 96 640 144
13 2 1136 144 1184 144
13 2 1040 144 1088 144
13 2 944 144 992 144
13 2 848 144 896 144
13 2 752 144 800 144
13 2 640 144 688 144
13 7 1136 96
13 8 1136 96 0
13 7 1040 96
13 8 1040 96 0
13 7 944 96
13 8 944 96 0
13 7 848 96
13 8 848 96 0
13 7 752 96
13 8 752 96 0
13 7 640 96
13 8 640 96 0
17 0 13
17 0 12
17 0 11
17 0 10
17 0 9
17 0 8
17 0 inv 1232 288 1
17 0 inv 1136 288 1
17 0 inv 1040 288 1
17 0 inv 848 288 1
17 0 inv 736 288 1
17 0 inv 944 288 1
13 0 1184 384 1184 784
13 0 1136 288 1136 1184
13 0 1136 240 1136 288
13 0 1088 384 1088 672
13 0 1040 288 1040 896
13 0 1040 240 1040 288
13 0 992 384 992 608
13 0 944 288 944 1600
13 0 944 240 944 288
13 0 896 384 896 864
13 0 848 288 848 640
13 0 848 240 848 288
13 0 800 384 800 576
13 0 752 288 752 1392
13 0 752 240 752 288
13 0 688 384 688 1088
13 0 640 288 640 544
13 0 640 240 640 288
13 0 1136 288 1184 288
13 0 1040 288 1088 288
13 0 944 288 992 288
13 0 848 288 896 288
13 0 752 288 800 288
13 0 640 288 688 288
13 5 1136 240 f
13 5 1040 240 e
13 5 944 240 d
13 5 848 240 c
13 5 752 240 b
13 5 640 240 a
13 8 1136 96 1
13 8 1040 96 1
13 8 944 96 1
13 8 848 96 1
13 8 752 96 1
13 8 640 96 1
13 8 1136 240 1
13 8 1040 240 1
13 8 944 240 1
13 8 848 240 1
13 8 752 240 1
13 8 640 240 1
13 8 1136 240 1
13 8 1040 240 1
13 8 944 240 1
13 8 848 240 1
13 8 752 240 1
13 8 640 240 1
13 0 640 400 640 528
13 2 640 400 640 528
13 0 688 400 688 528
13 2 688 400 688 528
13 0 752 400 752 528
13 2 752 400 752 528
13 0 800 400 800 528
13 2 800 400 800 528
13 0 848 400 848 528
13 2 848 400 848 528
13 0 896 400 896 528
13 2 896 400 896 528
13 0 944 400 944 528
13 2 944 400 944 528
13 0 992 400 992 528
13 2 992 400 992 528
13 0 1040 400 1040 528
13 2 1040 400 1040 528
13 0 1088 400 1088 528
13 2 1088 400 1088 528
13 0 1136 400 1136 528
13 2 1136 400 1136 528
13 0 1184 400 1184 528
13 2 1184 400 1184 528
13 2 640 288 688 288
13 2 752 288 800 288
13 2 848 288 896 288
13 2 944 288 992 288
13 2 1040 288 1088 288
13 2 1136 288 1184 288
13 0 640 240 640 288
13 2 640 240 640 288
13 2 640 288 640 400
13 2 688 384 688 400
13 0 752 240 752 288
13 2 752 240 752 288
13 2 752 288 752 400
13 2 800 384 800 400
13 0 848 240 848 288
13 2 848 240 848 288
13 2 848 288 848 400
13 2 896 384 896 400
13 0 944 240 944 288
13 2 944 240 944 288
13 2 944 288 944 400
13 2 992 384 992 400
13 0 1040 240 1040 288
13 2 1040 240 1040 288
13 2 1040 288 1040 400
13 2 1088 384 1088 400
13 0 1136 240 1136 288
13 2 1136 240 1136 288
13 2 1136 288 1136 400
13 2 1184 384 1184 400
13 7 640 240
13 8 640 240 0
13 7 752 240
13 8 752 240 0
13 7 848 240
13 8 848 240 0
13 7 944 240
13 8 944 240 0
13 7 1040 240
13 8 1040 240 0
13 7 1136 240
13 8 1136 240 0
17 0 8
17 0 9
17 0 10
17 0 11
17 0 12
17 0 13
17 0 inv 1232 416 1
17 0 inv 1136 416 1
17 0 inv 1040 416 1
17 0 inv 848 416 1
17 0 inv 736 416 1
17 0 inv 944 416 1
13 0 640 416 688 416
13 0 752 416 800 416
13 0 848 416 896 416
13 0 944 416 992 416
13 0 1040 416 1088 416
13 0 1136 416 1184 416
13 0 640 368 640 416
13 0 640 416 640 528
13 0 688 512 688 528
13 0 752 368 752 416
13 0 752 416 752 528
13 0 800 512 800 528
13 0 848 368 848 416
13 0 848 416 848 528
13 0 896 512 896 528
13 0 944 368 944 416
13 0 944 416 944 528
13 0 992 512 992 528
13 0 1040 368 1040 416
13 0 1040 416 1040 528
13 0 1088 512 1088 528
13 0 1136 368 1136 416
13 0 1136 416 1136 528
13 0 1184 512 1184 528
13 5 640 368 a
13 5 752 368 b
13 5 848 368 c
13 5 944 368 d
13 5 1040 368 e
13 5 1136 368 f
13 8 640 240 1
13 8 752 240 1
13 8 848 240 1
13 8 944 240 1
13 8 1040 240 1
13 8 1136 240 1
13 8 640 368 1
13 8 752 368 1
13 8 848 368 1
13 8 944 368 1
13 8 1040 368 1
13 8 1136 368 1
