10 1 1
10 1 1
10 1 1
13 2 368 208 368 400
13 2 416 304 416 400
13 2 480 208 480 400
13 2 528 304 528 400
13 2 576 208 576 400
13 2 624 304 624 400
13 2 672 208 672 400
13 2 720 304 720 400
13 2 768 208 768 400
13 2 816 304 816 400
13 2 864 208 864 400
13 2 912 304 912 400
13 0 368 2432 368 2464
13 0 368 208 368 2432
13 0 416 2432 416 2464
13 0 416 2416 416 2432
13 0 416 304 416 2416
13 0 480 2432 480 2464
13 0 480 2400 480 2432
13 0 480 208 480 2400
13 0 528 2432 528 2464
13 0 528 2384 528 2432
13 0 528 304 528 2384
13 0 576 2432 576 2464
13 0 576 2368 576 2432
13 0 576 208 576 2368
13 0 624 2432 624 2464
13 0 624 2352 624 2432
13 0 624 304 624 2352
13 0 672 2432 672 2464
13 0 672 2336 672 2432
13 0 672 208 672 2336
13 0 720 2432 720 2464
13 0 720 2320 720 2432
13 0 720 304 720 2320
13 0 768 2432 768 2464
13 0 768 2304 768 2432
13 0 768 208 768 2304
13 0 816 2432 816 2464
13 0 816 2288 816 2432
13 0 816 304 816 2288
13 0 864 2432 864 2464
13 0 864 2272 864 2432
13 0 864 208 864 2272
13 0 912 2432 912 2464
13 0 912 2256 912 2432
13 0 912 304 912 2256
13 0 2176 384 2768 384
13 0 2768 384 2768 848
13 0 2224 864 2768 864
13 0 2768 864 2768 880
13 0 2224 1280 2224 944
13 0 2224 944 2352 944
13 0 2352 944 2352 912
13 0 2352 912 2768 912
13 0 2240 1712 2240 1408
13 0 2240 1408 2512 1408
13 0 2512 1408 2512 944
13 0 2512 944 2768 944
13 0 1936 1808 2080 1808
13 0 2080 1808 2080 1744
13 0 1616 2080 1776 2080
13 0 1776 2080 1776 2032
13 0 1776 2032 1776 1856
13 0 1776 1856 1808 1856
13 0 1776 1856 1792 1856
13 0 1792 1856 1808 1856
13 2 1792 1856 1808 1856
13 2 1776 1856 1792 1856
13 0 1776 2032 1776 1856
13 2 1776 1856 1776 2032
13 0 1776 2032 1776 1856
13 0 1776 1856 1792 1856
13 0 1616 1984 1728 1984
13 0 1728 1984 1728 1952
13 0 1728 1952 1728 1824
13 0 1728 1824 1792 1824
13 0 1616 1888 1680 1888
13 0 1680 1888 1680 1856
13 0 1680 1856 1680 1792
13 0 1680 1792 1728 1792
13 0 1728 1792 1792 1792
13 0 1616 1792 1616 1760
13 0 1616 1760 1792 1760
13 0 1616 1536 1792 1536
13 0 1792 1536 1792 1392
13 0 1616 1440 1696 1440
13 0 1696 1440 1696 1376
13 0 1696 1376 1792 1376
13 0 1792 1376 1792 1360
13 2 1792 1360 1792 1376
13 2 1696 1376 1792 1376
13 0 1696 1376 1696 1360
13 0 1696 1360 1712 1360
13 2 1696 1360 1712 1360
13 0 1696 1376 1696 1360
13 2 1696 1360 1696 1376
13 2 1696 1376 1696 1440
13 2 1616 1440 1696 1440
13 0 1616 1440 1712 1440
13 0 1712 1440 1712 1360
13 0 1712 1360 1792 1360
13 0 1632 1344 1792 1344
13 0 1792 1344 1792 1328
13 0 1632 1088 1776 1088
13 0 1776 1088 1776 1008
13 0 1616 976 1776 976
13 0 1568 736 1680 736
13 0 1680 736 1680 704
13 0 1680 704 1680 496
13 0 1680 496 1696 496
13 0 1568 624 1632 624
13 0 1632 624 1632 464
13 0 1632 464 1696 464
13 0 1568 528 1568 432
13 0 1568 432 1584 432
13 0 1584 432 1696 432
13 0 1840 464 2032 464
13 0 2032 464 2032 416
13 0 1920 992 2080 992
13 0 2080 992 2080 896
13 0 2032 352 368 352
13 0 2032 384 768 384
13 0 1424 496 528 496
13 0 1424 528 720 528
13 0 1424 560 624 560
13 0 1424 592 528 592
13 0 1440 624 720 624
13 0 720 624 1424 624
13 0 1424 624 1440 624
13 0 1424 656 912 656
13 0 1424 704 672 704
13 2 672 704 1424 704
13 0 1424 688 672 688
13 0 1424 720 496 720
13 0 496 720 480 720
13 0 1424 752 576 752
13 0 1424 784 864 784
13 0 2080 832 416 832
13 0 2080 864 816 864
13 0 1488 944 480 944
13 0 480 944 1472 944
13 0 1472 944 1488 944
13 0 1472 944 1488 944
13 0 1488 944 1472 944
13 0 1488 944 1456 944
13 2 1472 944 1488 944
13 2 480 944 1472 944
13 0 1472 1312 480 1312
13 0 1472 1344 672 1344
13 0 1472 1376 864 1376
13 0 1328 1312 1472 1312
13 2 1328 1312 1472 1312
13 2 480 1312 1328 1312
13 0 1344 944 480 944
13 0 480 944 480 1312
13 0 1344 944 1472 944
13 0 1472 944 1472 1312
13 0 1472 944 1472 1136
13 0 1472 944 1472 1104
13 0 1472 944 1472 1072
13 0 1472 944 1472 1040
13 0 1472 944 1472 1008
13 0 1472 944 1472 976
13 0 1472 976 1472 1008
13 0 1472 1008 1472 1040
13 0 1472 1040 1472 1072
13 0 1472 1072 1472 1104
13 0 1472 1104 1472 1136
13 0 1472 1136 1472 1312
13 0 1472 960 1472 976
13 2 1472 960 1472 976
13 2 1472 976 1472 1008
13 2 1472 1008 1472 1040
13 2 1472 1040 1472 1072
13 2 1472 1072 1472 1104
13 2 1472 1104 1472 1136
13 0 1472 1136 1472 1296
13 2 1472 1136 1472 1296
13 0 1440 944 1472 944
13 2 1440 944 1472 944
13 2 1472 944 1472 960
13 2 480 944 1440 944
13 0 1472 944 480 944
13 2 1472 1296 1472 1312
13 0 1456 1344 1472 1344
13 2 1456 1344 1472 1344
13 0 1424 1344 1456 1344
13 2 1424 1344 1456 1344
13 2 672 1344 1424 1344
13 0 1424 976 672 976
13 0 672 976 672 1344
13 0 1424 976 1456 976
13 0 1456 976 1456 1344
13 0 1456 992 1456 1344
13 2 1456 992 1456 1344
13 0 1440 976 1456 976
13 2 1440 976 1456 976
13 2 1456 976 1456 992
13 0 1440 1376 1456 1376
13 2 1440 1376 1456 1376
13 2 1456 1376 1472 1376
13 0 1408 1376 1440 1376
13 2 1408 1376 1440 1376
13 2 864 1376 1408 1376
13 0 1392 1008 864 1008
13 0 864 1008 864 1376
13 0 1392 1008 1440 1008
13 0 1440 1008 1440 1376
13 0 1440 1024 1440 1376
13 2 1440 1024 1440 1376
13 0 1424 1008 1440 1008
13 2 1424 1008 1440 1008
13 2 1440 1008 1440 1024
13 2 672 976 1440 976
13 0 1472 976 672 976
13 2 864 1008 1424 1008
13 0 1472 1008 864 1008
13 0 1472 1040 480 1040
13 0 1472 1072 576 1072
13 0 1472 1104 720 1104
13 0 1472 1136 912 1136
13 0 2080 1248 416 1248
13 0 2080 1280 768 1280
13 0 1936 1360 2080 1360
13 0 2080 1360 2080 1312
13 0 1472 1312 720 1312
13 0 1472 1344 864 1344
13 0 1472 1376 528 1376
13 0 1472 1408 720 1408
13 0 1472 1440 864 1440
13 0 1472 1472 624 1472
13 0 1472 1504 672 1504
13 0 1472 1536 528 1536
13 0 1472 1568 624 1568
13 0 1472 1760 528 1760
13 0 1472 1792 720 1792
13 0 1472 1824 576 1824
13 0 1472 1856 528 1856
13 0 1472 1888 720 1888
13 0 1472 1920 912 1920
13 0 1472 1952 480 1952
13 0 1472 1984 624 1984
13 0 1472 2016 720 2016
13 0 1472 2048 480 2048
13 0 1472 2080 624 2080
13 0 1472 2112 912 2112
13 0 2080 1680 1520 1680
13 0 1520 1680 1520 1664
13 2 1520 1664 1520 1680
13 2 1520 1680 2080 1680
13 0 2080 1680 368 1680
13 0 2080 1712 816 1712
13 0 2912 896 3008 896
13 5 3008 896 rez
13 8 3008 896 2
17 0 mux41 2800 1456 0
17 0 mux81 2800 1808 0
17 0 29
17 0 mux81 2784 2208 0
17 0 29
17 0 28
17 0 mux41 3008 2096 0
13 0 1056 352 2032 352
13 2 1056 352 2032 352
13 2 368 352 1056 352
13 0 1072 384 2032 384
13 2 1072 384 2032 384
13 2 768 384 1072 384
13 0 1072 384 768 384
13 0 1072 384 2032 384
13 0 1088 384 2032 384
13 2 1088 384 2032 384
13 2 768 384 1088 384
13 0 768 384 1088 384
13 0 1088 384 2032 384
13 0 1072 384 2032 384
13 2 1072 384 2032 384
13 2 768 384 1072 384
13 0 768 384 1072 384
13 0 1072 384 2032 384
13 0 368 352 1056 352
13 0 1056 352 2032 352
17 0 6
17 0 17
17 0 2
17 0 3
17 0 5
17 0 7
17 0 9
17 0 11
17 0 13
17 0 14
17 0 15
17 0 16
17 0 18
17 0 19
17 0 20
17 0 21
17 0 4
17 0 12
17 0 1
17 0 10
17 0 8
13 0 928 352 2032 352
13 2 928 352 2032 352
13 0 928 384 2032 384
13 2 928 384 2032 384
13 2 2176 384 2768 384
13 2 1568 432 1696 432
13 2 1632 464 1696 464
13 2 1840 464 2032 464
13 0 928 496 1424 496
13 2 928 496 1424 496
13 2 1680 496 1696 496
13 0 928 528 1424 528
13 2 928 528 1424 528
13 0 928 560 1424 560
13 2 928 560 1424 560
13 0 928 592 1424 592
13 2 928 592 1424 592
13 0 928 624 1424 624
13 2 928 624 1424 624
13 2 1424 624 1440 624
13 2 1568 624 1632 624
13 0 928 656 1424 656
13 2 928 656 1424 656
13 0 928 688 1424 688
13 2 928 688 1424 688
13 0 928 720 1424 720
13 2 928 720 1424 720
13 2 1568 736 1680 736
13 0 928 752 1424 752
13 2 928 752 1424 752
13 0 928 784 1424 784
13 2 928 784 1424 784
13 0 928 832 2080 832
13 2 928 832 2080 832
13 0 928 864 2080 864
13 2 928 864 2080 864
13 2 2224 864 2768 864
13 2 2352 912 2768 912
13 0 928 944 1472 944
13 2 928 944 1472 944
13 2 2224 944 2352 944
13 2 2512 944 2768 944
13 0 928 976 1472 976
13 2 928 976 1472 976
13 2 1616 976 1776 976
13 2 1920 992 2080 992
13 0 928 1008 1472 1008
13 2 928 1008 1472 1008
13 0 928 1040 1472 1040
13 2 928 1040 1472 1040
13 0 928 1072 1472 1072
13 2 928 1072 1472 1072
13 2 1632 1088 1776 1088
13 0 928 1104 1472 1104
13 2 928 1104 1472 1104
13 0 928 1136 1472 1136
13 2 928 1136 1472 1136
13 0 928 1248 2080 1248
13 2 928 1248 2080 1248
13 0 928 1280 2080 1280
13 2 928 1280 2080 1280
13 0 928 1312 1472 1312
13 2 928 1312 1472 1312
13 0 928 1344 1472 1344
13 2 928 1344 1472 1344
13 2 1632 1344 1792 1344
13 2 1712 1360 1792 1360
13 2 1936 1360 2080 1360
13 0 928 1376 1472 1376
13 2 928 1376 1472 1376
13 0 928 1408 1472 1408
13 2 928 1408 1472 1408
13 2 2240 1408 2512 1408
13 0 928 1440 1472 1440
13 2 928 1440 1472 1440
13 2 1616 1440 1712 1440
13 0 928 1472 1472 1472
13 2 928 1472 1472 1472
13 0 928 1504 1472 1504
13 2 928 1504 1472 1504
13 0 928 1536 1472 1536
13 2 928 1536 1472 1536
13 2 1616 1536 1792 1536
13 0 928 1568 1472 1568
13 2 928 1568 1472 1568
13 0 928 1680 2080 1680
13 2 928 1680 2080 1680
13 0 928 1712 2080 1712
13 2 928 1712 2080 1712
13 0 928 1760 1472 1760
13 2 928 1760 1472 1760
13 2 1616 1760 1792 1760
13 0 928 1792 1472 1792
13 2 928 1792 1472 1792
13 2 1680 1792 1792 1792
13 2 1936 1808 2080 1808
13 0 928 1824 1472 1824
13 2 928 1824 1472 1824
13 2 1728 1824 1792 1824
13 0 928 1856 1472 1856
13 2 928 1856 1472 1856
13 2 1776 1856 1792 1856
13 0 928 1888 1472 1888
13 2 928 1888 1472 1888
13 2 1616 1888 1680 1888
13 0 928 1920 1472 1920
13 2 928 1920 1472 1920
13 0 928 1952 1472 1952
13 2 928 1952 1472 1952
13 0 928 1984 1472 1984
13 2 928 1984 1472 1984
13 2 1616 1984 1728 1984
13 0 928 2016 1472 2016
13 2 928 2016 1472 2016
13 0 928 2048 1472 2048
13 2 928 2048 1472 2048
13 0 928 2080 1472 2080
13 2 928 2080 1472 2080
13 2 1616 2080 1776 2080
13 0 928 2112 1472 2112
13 2 928 2112 1472 2112
13 2 1568 432 1568 528
13 2 1616 1760 1616 1792
13 2 1632 464 1632 624
13 2 1680 496 1680 736
13 2 1680 1792 1680 1888
13 2 1712 1360 1712 1440
13 2 1728 1824 1728 1984
13 2 1776 1008 1776 1088
13 2 1776 1856 1776 2080
13 2 1792 1328 1792 1344
13 2 1792 1392 1792 1536
13 2 2032 416 2032 464
13 2 2080 896 2080 992
13 2 2080 1312 2080 1360
13 2 2080 1744 2080 1808
13 2 2224 944 2224 1280
13 2 2240 1408 2240 1712
13 2 2352 912 2352 944
13 2 2512 944 2512 1408
13 2 2768 384 2768 848
13 2 2768 864 2768 880
13 2 368 352 928 352
13 0 368 352 912 352
13 2 368 352 912 352
13 0 880 384 928 384
13 2 880 384 928 384
13 2 768 384 880 384
13 0 880 496 928 496
13 2 880 496 928 496
13 2 528 496 880 496
13 0 880 528 928 528
13 2 880 528 928 528
13 2 720 528 880 528
13 0 880 560 928 560
13 2 880 560 928 560
13 2 624 560 880 560
13 0 880 592 928 592
13 2 880 592 928 592
13 2 528 592 880 592
13 2 720 624 928 624
13 2 912 656 928 656
13 2 672 688 928 688
13 2 480 720 928 720
13 2 576 752 928 752
13 2 864 784 928 784
13 2 416 832 928 832
13 2 816 864 928 864
13 2 480 944 928 944
13 2 672 976 928 976
13 2 864 1008 928 1008
13 2 480 1040 928 1040
13 2 576 1072 928 1072
13 2 720 1104 928 1104
13 2 912 1136 928 1136
13 2 416 1248 928 1248
13 2 768 1280 928 1280
13 2 720 1312 928 1312
13 2 864 1344 928 1344
13 2 528 1376 928 1376
13 2 720 1408 928 1408
13 2 864 1440 928 1440
13 2 624 1472 928 1472
13 2 672 1504 928 1504
13 2 528 1536 928 1536
13 2 624 1568 928 1568
13 2 368 1680 928 1680
13 2 816 1712 928 1712
13 2 528 1760 928 1760
13 2 720 1792 928 1792
13 2 576 1824 928 1824
13 2 528 1856 928 1856
13 2 720 1888 928 1888
13 2 912 1920 928 1920
13 2 480 1952 928 1952
13 2 624 1984 928 1984
13 2 720 2016 928 2016
13 2 480 2048 928 2048
13 2 624 2080 928 2080
13 2 912 2112 928 2112
13 0 368 544 368 1680
13 2 368 544 368 1680
13 2 368 1680 368 2464
13 0 416 544 416 832
13 2 416 544 416 832
13 0 416 832 416 1248
13 2 416 832 416 1248
13 2 416 1248 416 2464
13 0 480 544 480 720
13 2 480 544 480 720
13 0 480 720 480 944
13 2 480 720 480 944
13 0 480 944 480 1040
13 2 480 944 480 1040
13 0 480 1040 480 1952
13 2 480 1040 480 1952
13 0 480 1952 480 2048
13 2 480 1952 480 2048
13 2 480 2048 480 2464
13 0 528 544 528 1376
13 2 528 544 528 1376
13 0 528 1376 528 1536
13 2 528 1376 528 1536
13 0 528 1536 528 1760
13 2 528 1536 528 1760
13 0 528 1760 528 1856
13 2 528 1760 528 1856
13 2 528 1856 528 2464
13 0 576 544 576 752
13 2 576 544 576 752
13 0 576 752 576 1072
13 2 576 752 576 1072
13 0 576 1072 576 1824
13 2 576 1072 576 1824
13 2 576 1824 576 2464
13 0 624 544 624 1472
13 2 624 544 624 1472
13 0 624 1472 624 1568
13 2 624 1472 624 1568
13 0 624 1568 624 1984
13 2 624 1568 624 1984
13 0 624 1984 624 2080
13 2 624 1984 624 2080
13 2 624 2080 624 2464
13 0 672 544 672 688
13 2 672 544 672 688
13 0 672 688 672 976
13 2 672 688 672 976
13 0 672 976 672 1504
13 2 672 976 672 1504
13 2 672 1504 672 2464
13 0 720 544 720 624
13 2 720 544 720 624
13 0 720 624 720 1104
13 2 720 624 720 1104
13 0 720 1104 720 1312
13 2 720 1104 720 1312
13 0 720 1312 720 1408
13 2 720 1312 720 1408
13 0 720 1408 720 1792
13 2 720 1408 720 1792
13 0 720 1792 720 1888
13 2 720 1792 720 1888
13 0 720 1888 720 2016
13 2 720 1888 720 2016
13 2 720 2016 720 2464
13 0 768 544 768 1280
13 2 768 544 768 1280
13 2 768 1280 768 2464
13 0 816 544 816 864
13 2 816 544 816 864
13 0 816 864 816 1712
13 2 816 864 816 1712
13 2 816 1712 816 2464
13 0 864 544 864 784
13 2 864 544 864 784
13 0 864 784 864 1008
13 2 864 784 864 1008
13 0 864 1008 864 1344
13 2 864 1008 864 1344
13 0 864 1344 864 1440
13 2 864 1344 864 1440
13 2 864 1440 864 2464
13 0 912 544 912 656
13 2 912 544 912 656
13 0 912 656 912 1136
13 2 912 656 912 1136
13 0 912 1136 912 1920
13 2 912 1136 912 1920
13 0 912 1920 912 2112
13 2 912 1920 912 2112
13 2 912 2112 912 2464
13 2 368 208 368 544
13 2 416 304 416 544
13 2 480 208 480 544
13 2 528 304 528 544
13 2 576 208 576 544
13 2 624 304 624 544
13 2 672 208 672 544
13 2 720 304 720 544
13 2 768 208 768 544
13 2 816 304 816 544
13 2 864 208 864 544
13 2 912 304 912 544
13 0 352 1504 352 1536
13 0 352 1328 352 1504
13 0 352 1328 368 1328
13 0 368 208 368 1328
13 0 400 1504 400 1536
13 0 400 1344 400 1504
13 0 400 1344 416 1344
13 0 416 304 416 1344
13 0 464 1504 464 1536
13 0 464 1360 464 1504
13 0 464 1360 480 1360
13 0 480 208 480 1360
13 0 512 1504 512 1536
13 0 512 1376 512 1504
13 0 512 1376 528 1376
13 0 528 304 528 1376
13 0 560 1504 560 1536
13 0 560 1392 560 1504
13 0 560 1392 576 1392
13 0 576 208 576 1392
13 0 608 1504 608 1536
13 0 608 1408 608 1504
13 0 608 1408 624 1408
13 0 624 304 624 1408
13 0 656 1504 656 1536
13 0 656 1424 656 1504
13 0 656 1424 672 1424
13 0 672 208 672 1424
13 0 704 1504 704 1536
13 0 704 1440 704 1504
13 0 704 1440 720 1440
13 0 720 304 720 1440
13 0 752 1504 752 1536
13 0 752 1456 752 1504
13 0 752 1456 768 1456
13 0 768 208 768 1456
13 0 800 1504 800 1536
13 0 800 1472 800 1504
13 0 800 1472 816 1472
13 0 816 304 816 1472
13 0 848 1504 848 1536
13 0 848 1488 848 1504
13 0 848 1488 864 1488
13 0 864 208 864 1488
13 0 896 1504 896 1536
13 0 896 1504 912 1504
13 0 912 304 912 1504
13 2 912 304 912 1504
13 2 896 1504 912 1504
13 2 896 1504 896 1536
13 2 864 208 864 1488
13 2 848 1488 864 1488
13 0 848 1488 848 1504
13 2 848 1488 848 1504
13 2 848 1504 848 1536
13 2 816 304 816 1472
13 2 800 1472 816 1472
13 0 800 1472 800 1504
13 2 800 1472 800 1504
13 2 800 1504 800 1536
13 2 768 208 768 1456
13 2 752 1456 768 1456
13 0 752 1456 752 1504
13 2 752 1456 752 1504
13 2 752 1504 752 1536
13 2 720 304 720 1440
13 2 704 1440 720 1440
13 0 704 1440 704 1504
13 2 704 1440 704 1504
13 2 704 1504 704 1536
13 2 672 208 672 1424
13 2 656 1424 672 1424
13 0 656 1424 656 1504
13 2 656 1424 656 1504
13 2 656 1504 656 1536
13 2 624 304 624 1408
13 2 608 1408 624 1408
13 0 608 1408 608 1504
13 2 608 1408 608 1504
13 2 608 1504 608 1536
13 2 576 208 576 1392
13 2 560 1392 576 1392
13 0 560 1392 560 1504
13 2 560 1392 560 1504
13 2 560 1504 560 1536
13 2 528 304 528 1376
13 2 512 1376 528 1376
13 0 512 1376 512 1504
13 2 512 1376 512 1504
13 2 512 1504 512 1536
13 2 480 208 480 1360
13 2 464 1360 480 1360
13 0 464 1360 464 1504
13 2 464 1360 464 1504
13 2 464 1504 464 1536
13 2 416 304 416 1344
13 2 400 1344 416 1344
13 0 400 1344 400 1504
13 2 400 1344 400 1504
13 2 400 1504 400 1536
13 2 368 208 368 1328
13 2 352 1328 368 1328
13 0 352 1328 352 1504
13 2 352 1328 352 1504
13 2 352 1504 352 1536
13 0 912 304 912 544
13 0 864 208 864 544
13 0 816 304 816 544
13 0 768 208 768 544
13 0 720 304 720 544
13 0 672 208 672 544
13 0 624 304 624 544
13 0 576 208 576 544
13 0 528 304 528 544
13 0 480 208 480 544
13 0 416 304 416 544
13 0 368 208 368 544
13 2 368 208 368 544
13 2 416 304 416 544
13 2 480 208 480 544
13 2 528 304 528 544
13 2 576 208 576 544
13 2 624 304 624 544
13 2 672 208 672 544
13 2 720 304 720 544
13 2 768 208 768 544
13 2 816 304 816 544
13 2 864 208 864 544
13 2 912 304 912 544
13 0 368 2304 368 2464
13 0 368 208 368 2304
13 0 416 2304 416 2464
13 0 416 2288 416 2304
13 0 416 304 416 2288
13 0 480 2304 480 2464
13 0 480 2272 480 2304
13 0 480 208 480 2272
13 0 528 2304 528 2464
13 0 528 2256 528 2304
13 0 528 304 528 2256
13 0 576 2304 576 2464
13 0 576 2240 576 2304
13 0 576 208 576 2240
13 0 624 2304 624 2464
13 0 624 2224 624 2304
13 0 624 304 624 2224
13 0 672 2304 672 2464
13 0 672 2208 672 2304
13 0 672 208 672 2208
13 0 720 2304 720 2464
13 0 720 2192 720 2304
13 0 720 304 720 2192
13 0 768 2304 768 2464
13 0 768 2176 768 2304
13 0 768 208 768 2176
13 0 816 2304 816 2464
13 0 816 2160 816 2304
13 0 816 304 816 2160
13 0 864 2304 864 2464
13 0 864 2144 864 2304
13 0 864 208 864 2144
13 0 912 2304 912 2464
13 0 912 2128 912 2304
13 0 912 304 912 2128
17 0 28
17 0 mux41 2720 800 0
13 0 2160 992 2176 992
13 5 2160 992 a
13 8 2160 992 1
13 2 2160 992 2176 992
13 7 2160 992
13 8 2160 992 0
13 8 2160 992 0
13 0 2656 1024 2672 1024
13 5 2656 1024 a
13 8 2656 1024 1
13 0 1776 976 1760 976
13 5 1776 976 e
13 8 1776 976 1
13 2 1760 976 1776 976
13 7 1776 976
13 8 1776 976 0
13 8 1776 976 0
13 0 2656 992 2640 992
13 5 2640 992 e
13 8 2640 992 1
13 2 2640 992 2656 992
13 7 2640 992
13 8 2640 992 0
13 0 2544 1024 2560 1024
13 5 2544 1024 e
13 8 2640 992 1
13 8 2544 1024 1
13 2 2656 1024 2672 1024
13 7 2656 1024
13 8 2656 1024 0
13 0 2704 992 2720 992
13 5 2704 992 a
13 8 2656 1024 1
13 8 2704 992 1
13 2 2704 992 2720 992
13 7 2704 992
13 8 2704 992 0
13 0 2704 992 2720 992
13 5 2704 992 a
13 8 2704 992 1
13 8 2704 992 1
13 2 2544 1024 2560 1024
13 7 2544 1024
13 8 2544 1024 0
13 0 2704 1024 2720 1024
13 5 2704 1024 e
13 8 2544 1024 1
13 8 2704 1024 1
17 0 or3 2256 544 0
17 0 and3 1888 464 0
17 0 and3 1888 560 0
17 0 and3 1888 656 0
17 0 or2 2256 864 0
17 0 and3 1888 816 0
17 0 and4 1888 912 0
17 0 or3 2256 1120 0
17 0 and3 1888 1280 0
17 0 and3 1888 1184 0
17 0 and3 1888 1088 0
17 0 or4 2256 1456 0
17 0 and3 1888 1664 0
17 0 and3 1888 1568 0
17 0 and3 1888 1472 0
17 0 and3 1888 1760 0
17 0 1
13 0 2400 928 2592 928
13 0 2592 928 2592 912
13 0 2512 928 2512 784
13 0 2512 784 2496 784
13 0 2496 784 2160 784
13 0 2160 784 2160 752
13 0 2160 752 2160 624
13 0 2160 624 2176 624
13 0 2032 736 2256 736
13 0 2256 736 2256 656
13 0 2032 544 2256 544
13 0 2256 544 2256 592
13 0 2176 624 2256 624
13 0 2848 272 2848 512
13 0 2848 512 2832 512
13 0 2704 400 2960 400
13 0 2960 400 2960 496
13 0 2960 496 2944 496
13 0 2832 512 2736 512
13 0 2704 400 2704 288
13 0 2848 272 2960 272
13 0 2960 272 2960 288
13 0 2400 624 2720 624
13 0 2720 624 2720 848
13 0 2592 912 2592 880
13 0 2592 880 2624 880
13 0 2624 880 2720 880
13 0 2416 784 2512 784
13 2 2416 784 2512 784
13 0 2512 784 2512 896
13 2 2512 784 2512 896
13 0 2512 896 2512 912
13 2 2512 896 2512 912
13 0 2496 928 2512 928
13 2 2496 928 2512 928
13 2 2512 912 2512 928
13 2 2160 784 2416 784
13 0 2160 752 2160 784
13 2 2160 752 2160 784
13 0 2160 624 2208 624
13 2 2160 624 2208 624
13 0 2144 736 2208 736
13 2 2144 736 2208 736
13 2 2160 624 2160 752
13 2 2208 624 2256 624
13 2 2032 736 2144 736
13 0 2208 736 2032 736
13 2 2400 928 2496 928
13 0 2512 928 2400 928
17 0 inv 2112 880 3
13 0 2032 896 2256 896
13 0 2256 896 2160 896
13 0 2160 896 2160 880
13 0 2160 784 2160 624
13 0 2160 624 2256 624
13 0 2032 1008 2256 1008
13 0 2256 1008 2256 944
13 0 2256 896 2256 912
13 0 2032 1168 2256 1168
13 0 2032 1264 2048 1264
13 2 2032 1264 2048 1264
13 0 2032 1264 2032 1200
13 0 2032 1200 2048 1200
13 0 2048 1200 2256 1200
13 0 2032 1360 2256 1360
13 0 2256 1360 2256 1232
13 0 1840 1504 2032 1504
13 0 2032 1504 2032 1584
13 0 2032 1504 2032 1552
13 0 2032 1552 2032 1584
13 2 2032 1552 2032 1584
13 2 2032 1504 2032 1552
13 2 1840 1504 2032 1504
17 0 9
17 0 7
17 0 11
17 0 13
17 0 and3 1888 1680 0
17 0 and3 1888 1488 0
17 0 and3 1888 1584 0
13 0 2256 1504 1184 1504
17 0 14
13 0 2176 1504 2256 1504
13 2 2176 1504 2256 1504
17 0 or3 2176 1456 0
17 0 13
13 0 2032 1568 2080 1568
13 0 2080 1568 2080 1536
13 0 2080 1536 2176 1536
13 0 2032 1664 2176 1664
13 0 2176 1664 2176 1568
17 0 11
13 2 2032 896 2160 896
17 0 21
17 0 and3 1616 816 0
13 0 1760 896 2160 896
17 0 1
13 0 2144 896 2160 896
13 2 2144 896 2160 896
13 0 2160 896 2192 896
13 2 2160 896 2192 896
13 2 2160 880 2160 896
13 0 2160 768 2160 784
13 2 2160 768 2160 784
13 0 1824 896 2144 896
13 2 1824 896 2144 896
17 0 inv 1776 864 0
17 0 1
17 0 inv 1856 880 0
17 0 1
17 0 inv 1824 848 0
13 0 1760 896 1760 848
13 0 1760 848 2192 848
13 0 2192 848 2192 896
13 0 2160 768 2160 896
13 0 2160 896 1920 896
13 0 2160 896 2160 1536
13 0 2016 1584 2128 1584
13 0 2128 1584 2128 1520
13 2 2128 1520 2128 1584
13 2 2016 1584 2128 1584
13 2 2080 1536 2160 1536
13 2 2032 1568 2080 1568
13 2 2080 1536 2080 1568
13 2 2032 1664 2176 1664
17 0 7
17 0 and3 1904 1488 0
13 0 2048 1568 2048 1664
13 0 2048 1664 2176 1664
13 2 2048 1664 2176 1664
13 0 2048 1600 2048 1664
13 2 2048 1600 2048 1664
13 0 2176 1600 2176 1664
13 2 2176 1600 2176 1664
13 2 2048 1568 2048 1600
13 2 2176 1568 2176 1600
13 0 2048 1568 2064 1568
13 0 2064 1568 2176 1568
13 0 2400 1200 2400 976
13 0 2400 976 2624 976
13 0 2624 976 2624 912
13 0 2624 912 2720 912
13 0 2320 1536 2320 1280
13 0 2320 1280 2592 1280
13 0 2592 1280 2592 1024
13 0 2592 1024 2656 1024
13 0 2656 1024 2656 944
13 0 2656 944 2720 944
13 0 2224 1264 2224 1072
13 0 2224 1072 2272 1072
13 2 2224 1072 2272 1072
13 2 2224 1072 2224 1264
13 0 2736 512 2688 512
13 2 368 208 416 208
13 0 368 160 368 208
13 2 368 160 368 208
13 2 368 208 368 2464
13 2 416 304 416 2464
13 7 368 160
13 8 368 160 0
13 8 368 160 0
17 0 26
17 0 inv 464 208 1
17 0 26
13 2 768 208 816 208
13 0 768 160 768 208
13 2 768 160 768 208
13 2 768 208 768 2464
13 2 816 304 816 2464
13 7 768 160
13 8 768 160 0
13 8 768 160 0
17 0 23
17 0 22
17 0 24
17 0 25
17 0 27
13 2 480 208 528 208
13 2 576 208 624 208
13 2 672 208 720 208
13 2 864 208 912 208
13 0 480 160 480 208
13 2 480 160 480 208
13 0 480 208 480 320
13 2 480 208 480 320
13 0 528 304 528 320
13 2 528 304 528 320
13 0 576 160 576 208
13 2 576 160 576 208
13 0 576 208 576 320
13 2 576 208 576 320
13 0 624 304 624 320
13 2 624 304 624 320
13 0 672 160 672 208
13 2 672 160 672 208
13 0 672 208 672 320
13 2 672 208 672 320
13 0 720 304 720 320
13 2 720 304 720 320
13 0 864 160 864 208
13 2 864 160 864 208
13 0 864 208 864 320
13 2 864 208 864 320
13 0 912 304 912 320
13 2 912 304 912 320
13 7 480 160
13 8 480 160 0
13 7 576 160
13 8 576 160 0
13 7 672 160
13 8 672 160 0
13 7 864 160
13 8 864 160 0
13 8 480 160 0
13 8 576 160 0
13 8 672 160 0
13 8 864 160 0
17 0 inv 1072 656 0
17 0 inv 1072 848 0
17 0 inv 1072 1040 0
17 0 inv 1072 944 0
13 0 1072 1120 1072 1072
13 0 1072 1072 1072 1088
13 0 1072 1088 1072 1120
13 0 1072 1024 1072 976
13 0 1072 976 1072 992
13 0 1072 992 1072 1024
13 0 1072 928 1072 880
13 0 1072 880 1072 896
13 0 1072 896 1072 928
13 0 1072 736 1072 688
13 0 1072 688 1072 704
13 0 1072 704 1072 736
13 0 1024 1120 1072 1120
13 0 1072 1120 1184 1120
13 0 1168 1072 1184 1072
13 0 1024 1024 1072 1024
13 0 1072 1024 1184 1024
13 0 1168 976 1184 976
13 0 1024 928 1072 928
13 0 1072 928 1184 928
13 0 1168 880 1184 880
13 0 1024 736 1072 736
13 0 1072 736 1184 736
13 0 1168 688 1184 688
13 5 1024 1120 b
13 5 1024 1024 c
13 5 1024 928 d
13 5 1024 736 f
13 8 1024 1120 1
13 8 1024 1024 1
13 8 1024 928 1
13 8 1024 736 1
13 2 1168 688 1184 688
13 2 1072 736 1184 736
13 2 1024 736 1072 736
13 2 1168 880 1184 880
13 2 1072 928 1184 928
13 2 1024 928 1072 928
13 2 1168 976 1184 976
13 2 1072 1024 1184 1024
13 2 1024 1024 1072 1024
13 2 1168 1072 1184 1072
13 2 1072 1120 1184 1120
13 2 1024 1120 1072 1120
13 2 1072 704 1072 736
13 2 1072 688 1072 704
13 2 1072 896 1072 928
13 2 1072 880 1072 896
13 2 1072 992 1072 1024
13 2 1072 976 1072 992
13 2 1072 1088 1072 1120
13 2 1072 1072 1072 1088
13 7 1024 736
13 8 1024 736 0
13 7 1024 928
13 8 1024 928 0
13 7 1024 1024
13 8 1024 1024 0
13 7 1024 1120
13 8 1024 1120 0
13 8 1024 736 1
13 8 1024 928 1
13 8 1024 1024 1
13 8 1024 1120 1
17 0 22
17 0 24
17 0 25
17 0 27
17 0 inv 1136 688 0
17 0 inv 1136 880 0
17 0 inv 1136 1072 0
17 0 inv 1136 976 0
13 0 1152 1168 1152 1120
13 0 1152 1072 1152 1024
13 0 1152 976 1152 928
13 0 1152 784 1152 736
13 0 1104 1168 1152 1168
13 0 1152 1168 1264 1168
13 0 1248 1120 1264 1120
13 0 1104 1072 1152 1072
13 0 1152 1072 1264 1072
13 0 1248 1024 1264 1024
13 0 1104 976 1152 976
13 0 1152 976 1264 976
13 0 1248 928 1264 928
13 0 1104 784 1152 784
13 0 1152 784 1264 784
13 0 1248 736 1264 736
13 5 1104 1168 b
13 5 1104 1072 c
13 5 1104 976 d
13 5 1104 784 f
13 8 1104 1168 1
13 8 1104 1072 1
13 8 1104 976 1
13 8 1104 784 1
17 0 25
17 0 inv 1168 880 0
13 2 1248 928 1264 928
17 0 25
17 0 inv 1152 880 0
13 0 1232 928 1248 928
13 2 1232 928 1248 928
13 2 1152 928 1152 976
17 0 25
17 0 inv 1152 880 0
13 0 1232 928 1248 928
13 0 1152 928 1152 960
13 0 1152 960 1152 976
13 2 1232 928 1248 928
13 2 1152 928 1152 976
17 0 25
17 0 inv 1152 864 0
13 0 1232 912 1248 912
13 0 1152 912 1152 944
13 0 1152 944 1152 976
13 2 1232 912 1248 912
13 2 1152 912 1152 976
17 0 25
17 0 inv 1152 880 0
13 0 1232 928 1248 928
13 0 1152 928 1152 960
13 0 1152 960 1152 976
13 2 1232 928 1248 928
13 2 1152 928 1152 976
17 0 25
17 0 inv 1152 880 0
13 0 1232 928 1248 928
13 0 1152 928 1152 960
13 0 1152 960 1152 976
17 0 25
17 0 inv 1152 880 0
13 2 1232 928 1248 928
13 2 1152 928 1152 976
17 0 25
17 0 inv 1152 880 0
13 0 1232 928 1248 928
13 0 1152 928 1152 960
13 0 1152 960 1152 976
13 2 1232 928 1248 928
13 2 1152 928 1152 976
17 0 25
17 0 inv 1152 880 0
13 0 1232 928 1248 928
13 0 1152 928 1152 960
13 0 1152 960 1152 976
13 2 1232 928 1248 928
13 2 1152 928 1152 976
17 0 25
17 0 inv 1152 880 0
13 0 1232 928 1248 928
13 0 1152 928 1152 960
13 0 1152 960 1152 976
13 2 1232 928 1248 928
13 2 1152 928 1152 976
17 0 25
17 0 inv 1136 880 0
13 0 1216 928 1232 928
13 0 1136 928 1136 960
13 0 1136 960 1152 960
13 0 1152 960 1152 976
13 2 1216 928 1232 928
17 0 22
17 0 inv 1152 976 0
17 0 24
17 0 inv 1152 1072 0
13 2 1136 960 1152 960
13 2 1136 928 1136 960
17 0 25
17 0 inv 1152 880 0
13 0 1152 960 1168 960
13 0 1152 928 1152 960
13 2 1152 960 1168 960
13 0 1152 928 1152 960
13 2 1152 928 1152 960
13 2 1152 960 1152 976
17 0 25
17 0 inv 1136 864 0
13 0 1136 944 1152 944
13 0 1136 912 1136 944
13 0 1136 960 1136 944
13 0 1136 960 1152 960
13 0 1152 960 1152 976
13 2 1152 960 1152 976
13 2 1136 960 1152 960
13 2 1136 944 1136 960
13 2 1136 912 1136 944
13 2 1136 944 1152 944
17 0 25
17 0 inv 1152 880 0
13 0 1152 960 1152 976
13 0 1152 928 1152 960
13 0 1152 960 1168 960
13 2 1152 960 1168 960
13 0 1152 928 1152 960
13 2 1152 928 1152 960
13 2 1152 960 1152 976
17 0 25
17 0 inv 1152 864 0
13 0 1152 944 1168 944
13 0 1152 912 1152 944
13 0 1152 944 1152 976
13 2 1152 944 1152 976
13 2 1152 912 1152 944
13 2 1152 944 1168 944
17 0 25
17 0 inv 1152 880 0
13 0 1152 960 1152 976
13 0 1152 928 1152 960
13 0 1152 960 1168 960
13 2 1152 960 1168 960
17 0 27
17 0 inv 1168 688 0
13 2 1248 736 1264 736
17 0 27
17 0 inv 1152 688 0
13 0 1232 736 1248 736
13 2 1232 736 1248 736
13 2 1104 784 1152 784
13 2 1152 784 1264 784
13 2 1104 976 1152 976
13 2 1152 976 1264 976
13 2 1248 1024 1264 1024
13 2 1104 1072 1152 1072
13 2 1152 1072 1264 1072
13 2 1248 1120 1264 1120
13 2 1104 1168 1152 1168
13 2 1152 1168 1264 1168
13 2 1152 736 1152 784
13 2 1152 928 1152 976
13 2 1152 1024 1152 1072
13 2 1152 1120 1152 1168
17 0 22
17 0 24
17 0 25
17 0 27
17 0 inv 1232 976 0
17 0 inv 1232 1072 0
17 0 inv 1232 880 0
17 0 inv 1232 688 0
13 0 1104 784 1232 784
13 0 1232 784 1344 784
13 0 1216 976 1232 976
13 0 1104 976 1216 976
13 0 1232 976 1344 976
13 0 1328 1024 1344 1024
13 0 1200 1072 1232 1072
13 0 1104 1072 1200 1072
13 0 1232 1072 1344 1072
13 0 1328 1120 1344 1120
13 0 1184 1168 1232 1168
13 0 1104 1168 1184 1168
13 0 1232 1168 1344 1168
13 0 1232 736 1232 784
13 0 1232 928 1232 976
13 0 1232 1024 1232 1072
13 0 1232 1120 1232 1168
13 0 1328 736 1360 736
13 0 1360 736 1472 736
13 0 1344 784 1472 784
13 0 1344 976 1472 976
13 0 1328 928 1472 928
13 0 1344 1024 1472 1024
13 0 1344 1072 1472 1072
13 0 1344 1120 1472 1120
13 0 1344 1168 1472 1168
13 2 1328 736 1472 736
13 2 1104 784 1232 784
13 2 1232 784 1472 784
13 2 1232 736 1232 784
13 7 1104 784
13 8 1104 784 0
17 0 22
17 0 inv 1232 768 0
13 0 1328 816 1472 816
13 0 1104 864 1232 864
13 0 1232 864 1472 864
13 0 1232 816 1232 864
13 5 1104 864 f
13 8 1104 784 1
13 8 1104 864 1
17 0 25
13 2 1328 1120 1472 1120
13 2 1104 1168 1232 1168
13 2 1232 1168 1472 1168
13 2 1232 1120 1232 1168
13 7 1104 1168
13 8 1104 1168 0
13 8 1104 1168 0
17 0 inv 1232 672 0
13 0 1328 720 1472 720
13 0 1104 768 1232 768
13 0 1232 768 1472 768
13 0 1232 720 1232 768
13 5 1104 768 b
13 8 1104 768 1
17 0 22
13 2 1328 816 1472 816
13 2 1104 864 1232 864
13 2 1232 864 1472 864
13 2 1232 816 1232 864
13 7 1104 864
13 8 1104 864 0
13 8 1104 864 0
17 0 inv 1232 1072 0
13 0 1328 1120 1472 1120
13 0 1104 1168 1232 1168
13 0 1232 1168 1472 1168
13 0 1232 1120 1232 1168
13 5 1104 1168 f
13 8 1104 1168 1
17 0 27
13 2 1328 1024 1472 1024
13 2 1104 1072 1232 1072
13 2 1232 1072 1472 1072
13 2 1232 1024 1232 1072
13 7 1104 1072
13 8 1104 1072 0
13 8 1104 1072 0
17 0 inv 1216 800 0
13 0 1312 848 1456 848
13 0 1088 896 1216 896
13 0 1216 896 1456 896
13 0 1216 848 1216 896
13 5 1088 896 c
13 8 1088 896 1
13 2 1216 848 1216 896
13 0 1216 896 1456 896
13 2 1216 896 1456 896
13 2 1088 896 1216 896
13 2 1312 848 1456 848
13 7 1088 896
13 8 1088 896 0
13 8 1088 896 1
17 0 27
17 0 inv 1232 768 0
13 0 1328 816 1472 816
13 0 1104 864 1232 864
13 0 1232 864 1472 864
13 0 1232 816 1232 864
13 5 1104 864 c
13 8 1104 864 1
13 2 1328 1120 1472 1120
13 2 1104 1168 1232 1168
13 2 1232 1168 1472 1168
13 2 1232 1120 1232 1168
13 7 1104 1168
13 8 1104 1168 0
17 0 22
17 0 inv 1232 960 0
13 0 1328 1008 1472 1008
13 0 1104 1056 1232 1056
13 0 1232 1056 1472 1056
13 0 1232 1008 1232 1056
13 5 1104 1056 f
13 8 1104 1168 1
13 8 1104 1056 1
13 2 1328 1008 1472 1008
13 2 1232 1008 1232 1056
17 0 22
17 0 inv 1232 976 0
13 0 1328 1024 1328 1008
13 0 1328 1008 1472 1008
13 0 1232 1024 1232 1056
13 2 1232 1024 1232 1056
13 2 1328 1008 1472 1008
13 2 1328 1008 1328 1024
17 0 22
17 0 inv 1232 960 0
13 0 1232 1008 1232 1056
13 0 1328 1008 1472 1008
13 2 1232 1008 1232 1056
13 0 1232 1056 1472 1056
13 2 1232 1056 1472 1056
13 2 1104 1056 1232 1056
13 2 1328 1008 1472 1008
13 7 1104 1056
13 8 1104 1056 0
17 0 22
17 0 inv 1232 1072 0
13 0 1232 1120 1232 1168
13 0 1232 1168 1472 1168
13 0 1104 1168 1232 1168
13 0 1328 1120 1472 1120
13 5 1104 1168 f
13 8 1104 1056 1
13 8 1104 1168 1
13 8 1104 1168 1
13 2 1328 1120 1472 1120
13 2 1104 1168 1232 1168
13 2 1232 1168 1472 1168
13 2 1232 1120 1232 1168
13 7 1104 1168
13 8 1104 1168 0
17 0 22
17 0 inv 1232 976 0
13 0 1328 1024 1472 1024
13 0 1104 1072 1232 1072
13 0 1232 1072 1472 1072
13 0 1232 1024 1232 1072
13 5 1104 1072 f
13 8 1104 1168 1
13 8 1104 1072 1
13 0 1472 720 1472 512
13 0 1472 512 1648 512
13 0 1648 512 1888 512
13 0 1472 928 1536 928
13 0 1536 928 1536 544
13 0 1536 544 1552 544
13 0 1552 544 1888 544
13 0 1472 816 1568 816
13 0 1568 816 1568 576
13 0 1568 576 1888 576
13 0 1472 768 1616 768
13 0 1616 768 1616 864
13 0 1472 976 1472 896
13 0 1472 896 1520 896
13 0 1520 896 1616 896
13 0 1472 1072 1616 1072
13 0 1616 1072 1616 960
13 0 1616 960 1616 928
13 0 1808 656 1808 688
13 0 1808 688 1824 688
13 2 1808 688 1824 688
13 2 1808 656 1808 688
17 0 12
17 0 and4 1888 640 0
13 0 1584 896 1584 672
13 0 1584 672 1888 672
13 0 1888 672 1888 688
13 0 1616 768 1616 720
13 0 1616 720 1888 720
13 0 1472 864 1568 864
13 0 1568 864 1568 832
13 0 1568 832 1648 832
13 0 1648 832 1648 752
13 0 1648 752 1888 752
13 0 1600 1072 1600 784
13 0 1600 784 1888 784
13 0 1552 768 1552 944
13 0 1552 944 1888 944
13 0 1888 944 1888 960
13 0 1520 864 1520 976
13 0 1520 976 1888 976
13 0 1888 976 1888 992
13 0 1536 928 1536 1024
13 0 1536 1024 1888 1024
13 0 1472 1024 1520 1024
13 0 1520 1024 1520 1056
13 0 1520 1056 1888 1056
13 0 1536 1024 1536 1136
13 0 1536 1136 1888 1136
13 0 1600 1072 1600 1168
13 0 1600 1168 1888 1168
13 0 1472 720 1472 1200
13 0 1472 720 1472 976
13 0 1472 976 1472 1200
13 0 1472 1200 1488 1200
13 0 1488 1200 1888 1200
13 0 1536 1136 1536 1232
13 0 1536 1232 1888 1232
13 0 1600 1168 1600 1264
13 0 1600 1264 1888 1264
13 0 1568 816 1568 1296
13 0 1568 816 1568 864
13 0 1568 864 1568 1296
13 2 1568 864 1568 1296
13 2 1568 816 1568 832
13 0 1504 816 1504 1296
13 0 1504 1296 1888 1296
13 0 1472 1200 1472 1328
13 0 1472 1328 1888 1328
13 2 1472 1328 1888 1328
13 2 1472 1200 1472 1328
13 2 1504 1296 1888 1296
13 2 1504 816 1504 1296
13 2 1600 1264 1888 1264
13 2 1600 1168 1600 1264
13 2 1536 1232 1888 1232
13 2 1536 1136 1536 1232
13 0 1488 1200 1888 1200
13 2 1488 1200 1888 1200
13 2 1472 1200 1488 1200
13 2 1472 976 1472 1200
13 2 1472 720 1472 896
13 2 1600 1168 1888 1168
13 2 1600 1072 1600 1168
13 2 1536 1136 1888 1136
13 2 1536 1024 1536 1136
13 2 1520 1056 1888 1056
13 2 1520 1024 1520 1056
13 0 1472 1024 1520 1024
13 2 1472 1024 1520 1024
13 2 1536 1024 1888 1024
13 2 1536 928 1536 1024
13 2 1888 976 1888 992
13 2 1520 976 1888 976
13 2 1520 864 1520 976
13 2 1888 944 1888 960
13 2 1552 944 1888 944
13 2 1552 768 1552 944
13 2 1600 784 1888 784
13 2 1600 784 1600 1072
13 2 1648 752 1888 752
13 2 1648 752 1648 832
13 2 1568 832 1648 832
13 2 1568 832 1568 864
13 0 1472 864 1568 864
13 2 1472 864 1568 864
13 2 1616 720 1888 720
13 2 1616 720 1616 768
13 2 1888 672 1888 688
13 2 1584 672 1888 672
13 2 1584 672 1584 896
17 0 12
17 0 and3 1888 656 0
13 0 1616 960 1616 928
13 2 1616 928 1616 960
13 2 1616 960 1616 1072
13 0 1472 1072 1616 1072
13 2 1472 1072 1616 1072
13 0 1520 896 1616 896
13 2 1520 896 1616 896
13 2 1472 896 1520 896
13 2 1472 896 1472 976
13 2 1616 768 1616 864
13 0 1472 768 1616 768
13 2 1472 768 1616 768
13 2 1568 576 1888 576
13 2 1568 576 1568 816
13 0 1472 816 1568 816
13 2 1472 816 1568 816
13 0 1552 544 1888 544
13 2 1552 544 1888 544
13 2 1536 544 1552 544
13 2 1536 544 1536 928
13 0 1472 928 1536 928
13 2 1472 928 1536 928
13 0 1648 512 1888 512
13 2 1648 512 1888 512
13 2 1472 512 1648 512
13 2 1472 512 1472 720
13 2 1232 1024 1232 1072
13 0 1232 1072 1472 1072
13 2 1232 1072 1472 1072
13 2 1104 1072 1232 1072
13 2 1328 1024 1472 1024
13 7 1104 1072
13 8 1104 1072 0
17 0 22
17 0 inv 1232 1072 0
13 0 1232 1120 1232 1168
13 0 1232 1168 1472 1168
13 0 1104 1168 1232 1168
13 0 1328 1120 1472 1120
13 5 1104 1168 f
13 8 1104 1072 1
13 8 1104 1168 1
13 8 1104 1168 1
13 2 1232 816 1232 864
13 0 1232 864 1472 864
13 2 1232 864 1472 864
13 2 1104 864 1232 864
13 2 1328 816 1472 816
13 7 1104 864
13 8 1104 864 0
13 8 1104 864 1
17 0 27
13 0 1232 1024 1232 1072
13 0 1232 1072 1472 1072
13 0 1104 1072 1232 1072
13 0 1328 1024 1472 1024
13 5 1104 1072 c
13 8 1104 1072 1
17 0 inv 1232 976 0
13 2 1232 1120 1232 1168
13 0 1232 1168 1472 1168
13 2 1232 1168 1472 1168
13 2 1104 1168 1232 1168
13 2 1328 1120 1472 1120
13 7 1104 1168
13 8 1104 1168 0
13 8 1104 1168 1
17 0 22
13 0 1232 816 1232 864
13 0 1232 864 1472 864
13 0 1104 864 1232 864
13 0 1328 816 1472 816
13 5 1104 864 f
13 8 1104 864 1
17 0 inv 1232 768 0
13 2 1232 720 1232 768
13 0 1232 768 1472 768
13 2 1232 768 1472 768
13 2 1104 768 1232 768
13 2 1328 720 1472 720
13 7 1104 768
13 8 1104 768 0
13 8 1104 768 1
17 0 25
13 0 1232 1120 1232 1168
13 0 1232 1168 1472 1168
13 0 1104 1168 1232 1168
13 0 1328 1120 1472 1120
13 5 1104 1168 b
13 8 1104 1168 1
17 0 inv 1232 1072 0
13 2 1232 816 1232 864
13 0 1232 864 1472 864
13 2 1232 864 1472 864
13 2 1104 864 1232 864
13 2 1328 816 1472 816
13 7 1104 864
13 8 1104 864 0
17 0 22
17 0 inv 1232 688 0
13 0 1232 736 1232 784
13 0 1232 784 1472 784
13 0 1104 784 1232 784
13 0 1328 736 1472 736
13 5 1104 784 f
13 8 1104 864 1
13 8 1104 784 1
13 8 1104 784 1
13 0 1344 1168 1472 1168
13 2 1344 1168 1472 1168
13 0 1344 1120 1472 1120
13 2 1344 1120 1472 1120
13 0 1344 1072 1472 1072
13 2 1344 1072 1472 1072
13 0 1344 1024 1472 1024
13 2 1344 1024 1472 1024
13 2 1328 928 1472 928
13 0 1344 976 1472 976
13 2 1344 976 1472 976
13 0 1344 784 1472 784
13 2 1344 784 1472 784
13 0 1360 736 1472 736
13 2 1360 736 1472 736
13 2 1328 736 1360 736
13 2 1232 1120 1232 1168
13 2 1232 1024 1232 1072
13 2 1232 928 1232 976
13 2 1232 736 1232 784
13 0 1232 1168 1344 1168
13 2 1232 1168 1344 1168
13 0 1104 1168 1184 1168
13 2 1104 1168 1184 1168
13 2 1184 1168 1232 1168
13 2 1328 1120 1344 1120
13 0 1232 1072 1344 1072
13 2 1232 1072 1344 1072
13 0 1104 1072 1200 1072
13 2 1104 1072 1200 1072
13 2 1200 1072 1232 1072
13 2 1328 1024 1344 1024
13 0 1232 976 1344 976
13 2 1232 976 1344 976
13 0 1104 976 1216 976
13 2 1104 976 1216 976
13 2 1216 976 1232 976
13 0 1232 784 1344 784
13 2 1232 784 1344 784
13 2 1104 784 1232 784
17 0 27
17 0 25
17 0 24
17 0 22
17 0 inv 1152 976 0
17 0 inv 1152 1072 0
17 0 inv 1152 880 0
17 0 inv 1152 688 0
13 0 1152 1120 1152 1168
13 0 1152 1024 1152 1072
13 0 1152 928 1152 976
13 0 1152 736 1152 784
13 0 1152 1168 1264 1168
13 0 1104 1168 1152 1168
13 0 1248 1120 1264 1120
13 0 1152 1072 1264 1072
13 0 1104 1072 1152 1072
13 0 1248 1024 1264 1024
13 0 1152 976 1264 976
13 0 1104 976 1152 976
13 0 1152 784 1264 784
13 0 1104 784 1152 784
13 0 1232 736 1248 736
13 2 1232 736 1248 736
17 0 27
17 0 inv 1168 688 0
13 0 1248 736 1264 736
17 0 27
17 0 inv 1136 688 0
13 0 1152 960 1168 960
13 2 1152 928 1152 960
13 2 1152 960 1168 960
17 0 25
17 0 inv 1136 880 0
13 0 1136 928 1136 960
13 0 1136 960 1152 960
17 0 24
17 0 inv 1136 1072 0
17 0 22
17 0 inv 1136 976 0
13 0 1216 928 1232 928
13 2 1152 960 1152 976
13 2 1136 960 1152 960
13 2 1136 928 1136 960
13 2 1216 928 1232 928
17 0 25
17 0 inv 1152 880 0
13 0 1152 928 1152 976
13 0 1232 928 1248 928
13 0 1152 960 1152 976
13 2 1152 960 1152 976
13 2 1152 928 1152 960
13 2 1232 928 1248 928
17 0 25
17 0 inv 1152 880 0
13 0 1152 928 1152 976
13 0 1232 928 1248 928
13 0 1152 960 1152 976
13 2 1152 960 1152 976
13 2 1152 928 1152 960
13 2 1232 928 1248 928
17 0 25
17 0 inv 1152 880 0
13 0 1152 928 1152 976
13 0 1232 928 1248 928
13 0 1152 960 1152 976
13 2 1152 960 1152 976
13 2 1152 928 1152 960
13 2 1232 928 1248 928
17 0 25
17 0 inv 1152 880 0
13 0 1152 928 1152 976
13 0 1232 928 1248 928
17 0 25
17 0 inv 1152 880 0
13 0 1152 960 1152 976
13 2 1152 960 1152 976
13 2 1152 928 1152 960
13 2 1232 928 1248 928
17 0 25
17 0 inv 1152 880 0
13 0 1152 928 1152 976
13 0 1232 928 1248 928
13 0 1152 960 1152 976
13 2 1152 960 1152 976
13 2 1152 928 1152 960
13 2 1232 928 1248 928
17 0 25
17 0 inv 1152 864 0
13 0 1152 912 1152 976
13 0 1232 912 1248 912
13 0 1152 944 1152 976
13 2 1152 944 1152 976
13 2 1152 912 1152 944
13 2 1232 912 1248 912
17 0 25
17 0 inv 1152 880 0
13 0 1152 928 1152 976
13 0 1232 928 1248 928
13 0 1152 960 1152 976
13 2 1152 960 1152 976
13 2 1152 928 1152 960
13 2 1232 928 1248 928
17 0 25
17 0 inv 1152 880 0
13 0 1152 928 1152 976
13 0 1232 928 1248 928
13 2 1232 928 1248 928
17 0 25
17 0 inv 1168 880 0
13 0 1248 928 1264 928
17 0 25
17 0 inv 1136 880 0
13 2 1248 736 1264 736
13 2 1152 784 1264 784
13 2 1104 784 1152 784
13 2 1248 928 1264 928
13 2 1152 976 1264 976
13 2 1104 976 1152 976
13 2 1248 1024 1264 1024
13 2 1152 1072 1264 1072
13 2 1104 1072 1152 1072
13 2 1248 1120 1264 1120
13 2 1152 1168 1264 1168
13 2 1104 1168 1152 1168
13 2 1152 736 1152 784
13 2 1152 928 1152 976
13 2 1152 1024 1152 1072
13 2 1152 1120 1152 1168
13 7 1104 784
13 8 1104 784 0
13 7 1104 976
13 8 1104 976 0
13 7 1104 1072
13 8 1104 1072 0
13 7 1104 1168
13 8 1104 1168 0
13 8 1104 784 1
13 8 1104 976 1
13 8 1104 1072 1
13 8 1104 1168 1
17 0 22
17 0 24
17 0 25
17 0 27
17 0 12
13 0 2032 736 2048 736
13 2 2032 736 2048 736
17 0 and4 1904 640 0
17 0 12
13 0 2032 736 2048 736
17 0 and3 1888 656 0
13 0 912 304 912 320
13 0 864 208 864 320
13 0 864 160 864 208
13 0 720 304 720 320
13 0 672 208 672 320
13 0 672 160 672 208
13 0 624 304 624 320
13 0 576 208 576 320
13 0 576 160 576 208
13 0 528 304 528 320
13 0 480 208 480 320
13 0 480 160 480 208
13 0 864 208 912 208
13 0 672 208 720 208
13 0 576 208 624 208
13 0 480 208 528 208
13 5 864 160 f
13 5 672 160 d
13 5 576 160 c
13 5 480 160 b
13 8 864 160 1
13 8 672 160 1
13 8 576 160 1
13 8 480 160 1
17 0 inv 960 208 1
17 0 inv 768 208 1
17 0 inv 576 208 1
17 0 inv 672 208 1
17 0 12
17 0 and4 1888 640 0
13 0 480 1216 480 2464
13 2 480 1216 480 2464
13 0 528 1216 528 2464
13 2 528 1216 528 2464
13 0 576 1216 576 2464
13 2 576 1216 576 2464
13 0 624 1216 624 2464
13 2 624 1216 624 2464
13 0 672 1216 672 2464
13 2 672 1216 672 2464
13 0 720 1216 720 2464
13 2 720 1216 720 2464
13 0 864 1216 864 2464
13 2 864 1216 864 2464
13 0 912 1216 912 2464
13 2 912 1216 912 2464
13 2 480 208 528 208
13 2 576 208 624 208
13 2 672 208 720 208
13 2 864 208 912 208
13 0 480 160 480 208
13 2 480 160 480 208
13 2 480 208 480 1216
13 2 528 304 528 1216
13 0 576 160 576 208
13 2 576 160 576 208
13 2 576 208 576 1216
13 2 624 304 624 1216
13 0 672 160 672 208
13 2 672 160 672 208
13 2 672 208 672 1216
13 2 720 304 720 1216
13 0 864 160 864 208
13 2 864 160 864 208
13 2 864 208 864 1216
13 2 912 304 912 1216
13 7 480 160
13 8 480 160 0
13 7 576 160
13 8 576 160 0
13 7 672 160
13 8 672 160 0
13 7 864 160
13 8 864 160 0
17 0 22
17 0 24
17 0 25
17 0 27
17 0 inv 1232 368 1
17 0 inv 1136 368 1
17 0 inv 1328 368 1
17 0 inv 1520 368 1
13 0 1040 368 1088 368
13 0 1136 368 1184 368
13 0 1232 368 1280 368
13 0 1424 368 1472 368
13 0 1040 320 1040 368
13 0 1040 368 1040 1376
13 0 1088 464 1088 1376
13 0 1136 320 1136 368
13 0 1136 368 1136 1376
13 0 1184 464 1184 1376
13 0 1232 320 1232 368
13 0 1232 368 1232 1376
13 0 1280 464 1280 1376
13 0 1424 320 1424 368
13 0 1424 368 1424 1376
13 0 1472 464 1472 1376
13 5 1040 320 b
13 5 1136 320 c
13 5 1232 320 d
13 5 1424 320 f
13 8 480 160 1
13 8 576 160 1
13 8 672 160 1
13 8 864 160 1
13 8 1040 320 1
13 8 1136 320 1
13 8 1232 320 1
13 8 1424 320 1
13 2 1040 368 1040 1376
13 2 1088 464 1088 1376
13 2 1136 368 1136 1376
13 2 1184 464 1184 1376
13 2 1232 368 1232 1376
13 2 1280 464 1280 1376
13 2 1424 368 1424 1376
13 2 1472 464 1472 1376
13 0 1040 1840 1040 1888
13 0 1040 368 1040 1840
13 0 1088 1840 1088 1888
13 0 1088 1824 1088 1840
13 0 1088 464 1088 1824
13 0 1136 1840 1136 1888
13 0 1136 1808 1136 1840
13 0 1136 368 1136 1808
13 0 1184 1840 1184 1888
13 0 1184 1792 1184 1840
13 0 1184 464 1184 1792
13 0 1184 464 1184 1504
13 0 1184 1504 1184 1792
13 0 1232 1840 1232 1888
13 0 1232 1776 1232 1840
13 0 1232 368 1232 1776
13 0 1280 1840 1280 1888
13 0 1280 1760 1280 1840
13 0 1280 464 1280 1760
13 0 1424 1840 1424 1888
13 0 1424 1744 1424 1840
13 0 1424 368 1424 1744
13 0 1472 1840 1472 1888
13 0 1472 1728 1472 1840
13 0 1472 464 1472 1728
13 0 1728 1504 2176 1504
13 2 1728 1504 2176 1504
13 2 1184 1504 1728 1504
13 2 2848 272 2960 272
13 2 2704 400 2960 400
13 2 2944 496 2960 496
13 2 2688 512 2848 512
13 2 2704 288 2704 400
13 2 2848 272 2848 512
13 2 2960 272 2960 288
13 2 2960 400 2960 496
13 2 1424 368 1472 368
13 0 1424 320 1424 368
13 2 1424 320 1424 368
13 2 1424 368 1424 1888
13 2 1472 464 1472 1888
13 7 1424 320
13 8 1424 320 0
17 0 22
17 0 inv 1424 368 1
13 0 1328 368 1376 368
13 0 1328 320 1328 368
13 0 1328 368 1328 1888
13 0 1376 464 1376 1888
13 5 1328 320 f
13 8 1424 320 1
13 8 1328 320 1
13 0 1888 512 1088 512
13 0 1888 544 1280 544
13 0 1888 576 1184 576
13 0 1888 688 1232 688
13 0 1888 720 1040 720
13 0 1888 752 1136 752
13 0 1888 784 1328 784
13 0 1616 864 1040 864
13 0 1616 896 1232 896
13 0 1616 928 1328 928
13 0 1888 960 1040 960
13 0 1888 992 1136 992
13 0 1888 1024 1296 1024
13 0 1888 1056 1376 1056
13 0 1888 1136 1280 1136
13 0 1888 1168 1328 1168
13 0 1888 1200 1088 1200
13 0 1888 1232 1280 1232
13 0 1888 1264 1328 1264
13 0 1888 1296 1184 1296
13 0 1888 1328 1232 1328
13 0 1888 1360 1088 1360
13 0 1888 1392 1184 1392
13 0 1904 1536 1088 1536
13 0 1904 1568 1280 1568
13 0 1904 1600 1136 1600
13 2 1136 1600 1904 1600
13 2 1280 1568 1904 1568
13 2 1088 1536 1904 1536
13 0 2176 1504 1280 1504
13 0 1904 1536 1040 1536
13 0 1904 1568 1184 1568
13 0 1904 1600 1376 1600
