10 1 1
10 1 1
10 1 1
13 2 1040 800 1536 800
13 2 1184 832 1536 832
13 2 1680 832 1808 832
13 2 1280 864 1536 864
13 2 1088 880 1536 880
13 2 1984 880 2160 880
13 2 1136 912 1536 912
13 2 1680 912 1808 912
13 2 1680 928 1808 928
13 2 1952 928 1984 928
13 2 1280 944 1536 944
13 2 1088 960 1536 960
13 2 1728 960 1808 960
13 2 1280 992 1536 992
13 2 1776 992 1808 992
13 2 1376 1024 1536 1024
13 2 1088 1040 1536 1040
13 2 1184 1072 1536 1072
13 2 1680 1072 1728 1072
13 2 1232 1104 1536 1104
13 2 1088 1120 1536 1120
13 2 1232 1152 1536 1152
13 2 1680 1152 1776 1152
13 2 1376 1184 1536 1184
13 0 1040 656 1040 800
13 2 1040 656 1040 800
13 2 1040 800 1040 1312
13 0 1088 496 1088 880
13 2 1088 496 1088 880
13 0 1088 880 1088 960
13 2 1088 880 1088 960
13 0 1088 960 1088 1040
13 2 1088 960 1088 1040
13 0 1088 1040 1088 1120
13 2 1088 1040 1088 1120
13 2 1088 1120 1088 1232
13 0 1136 688 1136 912
13 2 1136 688 1136 912
13 2 1136 912 1136 1568
13 0 1184 576 1184 832
13 2 1184 576 1184 832
13 0 1184 832 1184 1072
13 2 1184 832 1184 1072
13 2 1184 1072 1184 1264
13 0 1232 608 1232 1104
13 2 1232 608 1232 1104
13 0 1232 1104 1232 1152
13 2 1232 1104 1232 1152
13 2 1232 1152 1232 1296
13 0 1280 720 1280 864
13 2 1280 720 1280 864
13 0 1280 864 1280 944
13 2 1280 864 1280 944
13 0 1280 944 1280 992
13 2 1280 944 1280 992
13 2 1280 992 1280 1344
13 2 1328 640 1328 1376
13 0 1376 752 1376 1024
13 2 1376 752 1376 1024
13 0 1376 1024 1376 1184
13 2 1376 1024 1376 1184
13 2 1376 1184 1376 1520
13 2 1680 928 1680 992
13 2 1728 960 1728 1072
13 2 1776 992 1776 1152
13 2 1808 832 1808 864
13 2 1808 896 1808 912
13 2 1984 880 1984 928
17 0 4
17 0 20
17 0 26
17 0 11
17 0 16
17 0 23
17 0 and3 1536 752 0
17 0 and3 1536 832 0
17 0 and3 1536 912 0
17 0 and3 1536 992 0
17 0 and3 1536 1072 0
17 0 or5 1808 816 0
13 0 1040 800 1536 800
13 0 1184 832 1536 832
13 0 1680 832 1808 832
13 0 1280 864 1536 864
13 0 1088 880 1536 880
13 0 1984 880 2160 880
13 0 1136 912 1536 912
13 0 1680 912 1808 912
13 0 1680 928 1808 928
13 0 1952 928 1984 928
13 0 1280 944 1536 944
13 0 1088 960 1536 960
13 0 1728 960 1808 960
13 0 1280 992 1536 992
13 0 1776 992 1808 992
13 0 1376 1024 1536 1024
13 0 1088 1040 1536 1040
13 0 1184 1072 1536 1072
13 0 1680 1072 1728 1072
13 0 1232 1104 1536 1104
13 0 1088 1120 1536 1120
13 0 1232 1152 1536 1152
13 0 1680 1152 1776 1152
13 0 1376 1184 1536 1184
13 0 1040 768 1040 800
13 0 1040 656 1040 768
13 0 1040 800 1040 1200
13 0 1040 1200 1040 1312
13 0 1088 768 1088 880
13 0 1088 496 1088 768
13 0 1088 880 1088 960
13 0 1088 960 1088 1040
13 0 1088 1040 1088 1120
13 0 1088 1120 1088 1200
13 0 1088 1200 1088 1232
13 0 1136 768 1136 912
13 0 1136 688 1136 768
13 0 1136 912 1136 1200
13 0 1136 1200 1136 1568
13 0 1184 768 1184 832
13 0 1184 576 1184 768
13 0 1184 832 1184 1072
13 0 1184 1072 1184 1200
13 0 1184 1200 1184 1264
13 0 1232 768 1232 1104
13 0 1232 608 1232 768
13 0 1232 1104 1232 1152
13 0 1232 1152 1232 1200
13 0 1232 1200 1232 1296
13 0 1280 768 1280 864
13 0 1280 720 1280 768
13 0 1280 864 1280 944
13 0 1280 944 1280 992
13 0 1280 992 1280 1200
13 0 1280 1200 1280 1344
13 0 1328 768 1328 1200
13 0 1328 640 1328 768
13 0 1328 768 1328 1200
13 0 1328 1200 1328 1376
13 0 1376 768 1376 1024
13 0 1376 752 1376 768
13 0 1376 1024 1376 1184
13 0 1376 1184 1376 1200
13 0 1376 1200 1376 1520
13 0 1680 928 1680 992
13 0 1728 960 1728 1072
13 0 1776 992 1776 1152
13 0 1808 832 1808 864
13 0 1808 896 1808 912
13 0 1984 880 1984 928
13 2 1984 880 1984 928
13 2 1808 896 1808 912
13 2 1808 832 1808 864
13 2 1776 992 1776 1152
13 2 1728 960 1728 1072
13 2 1680 928 1680 992
13 0 1376 1200 1376 1520
13 2 1376 1200 1376 1520
13 2 1376 1184 1376 1200
13 2 1376 1024 1376 1184
13 0 1376 752 1376 768
13 2 1376 752 1376 768
13 2 1376 768 1376 1024
13 0 1328 1200 1328 1376
13 2 1328 1200 1328 1376
13 0 1328 640 1328 768
13 2 1328 640 1328 768
13 2 1328 768 1328 1200
13 0 1280 1200 1280 1344
13 2 1280 1200 1280 1344
13 2 1280 992 1280 1200
13 2 1280 944 1280 992
13 2 1280 864 1280 944
13 0 1280 720 1280 768
13 2 1280 720 1280 768
13 2 1280 768 1280 864
13 0 1232 1200 1232 1296
13 2 1232 1200 1232 1296
13 2 1232 1152 1232 1200
13 2 1232 1104 1232 1152
13 0 1232 608 1232 768
13 2 1232 608 1232 768
13 2 1232 768 1232 1104
13 0 1184 1200 1184 1264
13 2 1184 1200 1184 1264
13 2 1184 1072 1184 1200
13 2 1184 832 1184 1072
13 0 1184 576 1184 768
13 2 1184 576 1184 768
13 2 1184 768 1184 832
13 0 1136 1200 1136 1568
13 2 1136 1200 1136 1568
13 2 1136 912 1136 1200
13 0 1136 688 1136 768
13 2 1136 688 1136 768
13 2 1136 768 1136 912
13 0 1088 1200 1088 1232
13 2 1088 1200 1088 1232
13 2 1088 1120 1088 1200
13 2 1088 1040 1088 1120
13 2 1088 960 1088 1040
13 2 1088 880 1088 960
13 0 1088 496 1088 768
13 2 1088 496 1088 768
13 2 1088 768 1088 880
13 0 1040 1200 1040 1312
13 2 1040 1200 1040 1312
13 2 1040 800 1040 1200
13 0 1040 656 1040 768
13 2 1040 656 1040 768
13 2 1040 768 1040 800
13 2 1376 1184 1536 1184
13 2 1680 1152 1776 1152
13 2 1232 1152 1536 1152
13 2 1088 1120 1536 1120
13 2 1232 1104 1536 1104
13 2 1680 1072 1728 1072
13 2 1184 1072 1536 1072
13 2 1088 1040 1536 1040
13 2 1376 1024 1536 1024
13 2 1776 992 1808 992
13 2 1280 992 1536 992
13 2 1728 960 1808 960
13 2 1088 960 1536 960
13 2 1280 944 1536 944
13 2 1952 928 1984 928
13 2 1680 928 1808 928
13 2 1680 912 1808 912
13 2 1136 912 1536 912
13 2 1984 880 2160 880
13 2 1088 880 1536 880
13 2 1280 864 1536 864
13 2 1680 832 1808 832
13 2 1184 832 1536 832
13 2 1040 800 1536 800
17 0 23
17 0 16
17 0 11
17 0 26
17 0 20
17 0 4
17 0 and3 1536 752 0
17 0 and3 1536 832 0
17 0 and3 1536 912 0
17 0 and3 1536 992 0
17 0 and3 1536 1072 0
17 0 or5 1808 816 0
13 0 1984 880 1984 928
13 0 1808 896 1808 912
13 0 1808 832 1808 864
13 0 1776 992 1776 1152
13 0 1728 960 1728 1072
13 0 1680 928 1680 992
13 0 1376 1184 1376 1520
13 0 1376 1024 1376 1184
13 0 1376 752 1376 1024
13 0 1328 640 1328 1376
13 0 1280 992 1280 1344
13 0 1280 944 1280 992
13 0 1280 864 1280 944
13 0 1280 720 1280 864
13 0 1232 1152 1232 1296
13 0 1232 1104 1232 1152
13 0 1232 608 1232 1104
13 0 1184 1072 1184 1264
13 0 1184 832 1184 1072
13 0 1184 576 1184 832
13 0 1136 912 1136 1568
13 0 1136 688 1136 912
13 0 1088 1120 1088 1232
13 0 1088 1040 1088 1120
13 0 1088 960 1088 1040
13 0 1088 880 1088 960
13 0 1088 496 1088 880
13 0 1040 800 1040 1312
13 0 1040 656 1040 800
13 0 1376 1184 1536 1184
13 0 1680 1152 1776 1152
13 0 1232 1152 1536 1152
13 0 1088 1120 1536 1120
13 0 1232 1104 1536 1104
13 0 1680 1072 1728 1072
13 0 1184 1072 1536 1072
13 0 1088 1040 1536 1040
13 0 1376 1024 1536 1024
13 0 1776 992 1808 992
13 0 1280 992 1536 992
13 0 1728 960 1808 960
13 0 1088 960 1536 960
13 0 1280 944 1536 944
13 0 1952 928 1984 928
13 0 1680 928 1808 928
13 0 1680 912 1808 912
13 0 1136 912 1536 912
13 0 1984 880 2160 880
13 0 1088 880 1536 880
13 0 1280 864 1536 864
13 0 1680 832 1808 832
13 0 1184 832 1536 832
13 0 1040 800 1536 800
17 0 and3 2656 1824 0
17 0 and3 2656 1904 0
17 0 and3 2656 1984 0
17 0 and3 2656 2064 0
17 0 and3 2656 2144 0
17 0 or5 2928 1888 0
13 0 2160 1872 2656 1872
13 0 2304 1904 2656 1904
13 0 2800 1904 2928 1904
13 0 2400 1936 2656 1936
13 0 2208 1952 2656 1952
13 0 2256 1984 2656 1984
13 0 2800 1984 2928 1984
13 0 2800 2000 2928 2000
13 0 3072 2000 3088 2000
13 0 2400 2016 2656 2016
13 0 2208 2032 2656 2032
13 0 2848 2032 2928 2032
13 0 2400 2064 2656 2064
13 0 2896 2064 2928 2064
13 0 2496 2096 2656 2096
13 0 2208 2112 2656 2112
13 0 2304 2144 2656 2144
13 0 2800 2144 2848 2144
13 0 2352 2176 2656 2176
13 0 2208 2192 2656 2192
13 0 2352 2224 2656 2224
13 0 2800 2224 2896 2224
13 0 2496 2256 2656 2256
13 0 2160 1856 2160 1872
13 0 2160 1872 2160 2272
13 0 2208 1856 2208 1952
13 0 2208 1952 2208 2032
13 0 2208 2032 2208 2112
13 0 2208 2112 2208 2192
13 0 2208 2192 2208 2272
13 0 2256 1856 2256 1984
13 0 2256 1984 2256 2272
13 0 2304 1856 2304 1904
13 0 2304 1904 2304 2144
13 0 2304 2144 2304 2272
13 0 2352 1856 2352 2176
13 0 2352 2176 2352 2224
13 0 2352 2224 2352 2272
13 0 2400 1856 2400 1936
13 0 2400 1936 2400 2016
13 0 2400 2016 2400 2064
13 0 2400 2064 2400 2272
13 0 2448 1856 2448 2272
13 0 2496 1856 2496 2096
13 0 2496 2096 2496 2256
13 0 2496 2256 2496 2272
13 0 2800 2000 2800 2064
13 0 2848 2032 2848 2144
13 0 2896 2064 2896 2224
13 0 2928 1904 2928 1936
13 0 2928 1968 2928 1984
17 0 4
17 0 20
17 0 26
17 0 11
17 0 16
17 0 23
13 2 1040 800 1536 800
13 2 1184 832 1536 832
13 2 1680 832 1808 832
13 2 1280 864 1536 864
13 2 1088 880 1536 880
13 2 1136 912 1536 912
13 2 1680 912 1808 912
13 2 1680 928 1808 928
13 0 1952 928 1968 928
13 2 1952 928 1968 928
13 2 1280 944 1536 944
13 2 1088 960 1536 960
13 2 1728 960 1808 960
13 2 1280 992 1536 992
13 2 1776 992 1808 992
13 2 1376 1024 1536 1024
13 2 1088 1040 1536 1040
13 2 1184 1072 1536 1072
13 2 1680 1072 1728 1072
13 2 1232 1104 1536 1104
13 2 1088 1120 1536 1120
13 2 1232 1152 1536 1152
13 2 1680 1152 1776 1152
13 2 1376 1184 1536 1184
13 0 1040 784 1040 800
13 2 1040 784 1040 800
13 0 1040 800 1040 1200
13 2 1040 800 1040 1200
13 0 1088 784 1088 880
13 2 1088 784 1088 880
13 0 1088 880 1088 960
13 2 1088 880 1088 960
13 0 1088 960 1088 1040
13 2 1088 960 1088 1040
13 0 1088 1040 1088 1120
13 2 1088 1040 1088 1120
13 0 1088 1120 1088 1200
13 2 1088 1120 1088 1200
13 0 1136 784 1136 912
13 2 1136 784 1136 912
13 0 1136 912 1136 1200
13 2 1136 912 1136 1200
13 0 1184 784 1184 832
13 2 1184 784 1184 832
13 0 1184 832 1184 1072
13 2 1184 832 1184 1072
13 0 1184 1072 1184 1200
13 2 1184 1072 1184 1200
13 0 1232 784 1232 1104
13 2 1232 784 1232 1104
13 0 1232 1104 1232 1152
13 2 1232 1104 1232 1152
13 0 1232 1152 1232 1200
13 2 1232 1152 1232 1200
13 0 1280 784 1280 864
13 2 1280 784 1280 864
13 0 1280 864 1280 944
13 2 1280 864 1280 944
13 0 1280 944 1280 992
13 2 1280 944 1280 992
13 0 1280 992 1280 1200
13 2 1280 992 1280 1200
13 0 1328 784 1328 1200
13 2 1328 784 1328 1200
13 0 1376 784 1376 1024
13 2 1376 784 1376 1024
13 0 1376 1024 1376 1184
13 2 1376 1024 1376 1184
13 0 1376 1184 1376 1200
13 2 1376 1184 1376 1200
13 2 1680 928 1680 992
13 2 1728 960 1728 1072
13 2 1776 992 1776 1152
13 2 1808 832 1808 864
13 2 1808 896 1808 912
13 0 1984 1280 2016 1280
13 2 1984 1280 2016 1280
13 0 2016 960 2016 1280
13 2 2016 960 2016 1280
13 2 1088 1232 1536 1232
13 2 1184 1264 1536 1264
13 2 1680 1264 1776 1264
13 2 1920 1280 1984 1280
13 2 1232 1296 1536 1296
13 2 1040 1312 1536 1312
13 2 1280 1344 1536 1344
13 2 1680 1344 1776 1344
13 2 1328 1376 1536 1376
13 0 1040 1200 1040 1312
13 2 1040 1200 1040 1312
13 2 1040 1312 1040 1424
13 0 1088 1200 1088 1232
13 2 1088 1200 1088 1232
13 2 1088 1232 1088 1648
13 2 1136 1200 1136 1568
13 0 1184 1200 1184 1264
13 2 1184 1200 1184 1264
13 2 1184 1264 1184 1456
13 0 1232 1200 1232 1296
13 2 1232 1200 1232 1296
13 2 1232 1296 1232 1600
13 0 1280 1200 1280 1344
13 2 1280 1200 1280 1344
13 2 1280 1344 1280 1488
13 0 1328 1200 1328 1376
13 2 1328 1200 1328 1376
13 2 1328 1376 1328 1632
13 2 1376 1200 1376 1520
13 2 1776 1296 1776 1344
17 0 1
17 0 10
17 0 8
17 0 and3 1536 848 0
17 0 and3 1536 768 0
17 0 or2 1776 800 0
13 0 1088 816 1536 816
13 0 1184 848 1536 848
13 0 1680 848 1776 848
13 0 1920 864 1984 864
13 0 1232 880 1536 880
13 0 1040 896 1536 896
13 0 1280 928 1536 928
13 0 1680 928 1776 928
13 0 1328 960 1536 960
13 0 1040 784 1040 896
13 0 1040 896 1040 992
13 0 1040 992 1040 1424
13 0 1088 784 1088 816
13 0 1088 816 1088 992
13 0 1088 1008 1088 992
13 0 1088 1008 1088 1648
13 0 1136 784 1136 992
13 0 1136 1024 1136 992
13 0 1136 1024 1136 1568
13 0 1184 784 1184 848
13 0 1184 848 1184 992
13 0 1184 1040 1184 992
13 0 1184 1040 1184 1456
13 0 1232 784 1232 880
13 0 1232 880 1232 992
13 0 1232 1056 1232 992
13 0 1232 1056 1232 1600
13 0 1280 784 1280 928
13 0 1280 928 1280 992
13 0 1280 1072 1280 992
13 0 1280 1072 1280 1488
13 0 1328 784 1328 960
13 0 1328 960 1328 992
13 0 1328 1088 1328 992
13 0 1328 1088 1328 1632
13 0 1376 784 1376 992
13 0 1376 1104 1376 992
13 0 1376 1104 1376 1520
13 0 1776 880 1776 928
13 2 1776 880 1776 928
13 0 1376 1104 1376 1520
13 2 1376 1104 1376 1520
13 0 1376 1104 1376 992
13 2 1376 992 1376 1104
13 0 1376 784 1376 992
13 2 1376 784 1376 992
13 0 1328 1088 1328 1632
13 2 1328 1088 1328 1632
13 0 1328 1088 1328 992
13 2 1328 992 1328 1088
13 2 1328 960 1328 992
13 0 1328 784 1328 960
13 2 1328 784 1328 960
13 0 1280 1072 1280 1488
13 2 1280 1072 1280 1488
13 0 1280 1072 1280 992
13 2 1280 992 1280 1072
13 2 1280 928 1280 992
13 0 1280 784 1280 928
13 2 1280 784 1280 928
13 0 1232 1056 1232 1600
13 2 1232 1056 1232 1600
13 0 1232 1056 1232 992
13 2 1232 992 1232 1056
13 2 1232 880 1232 992
13 0 1232 784 1232 880
13 2 1232 784 1232 880
13 0 1184 1040 1184 1456
13 2 1184 1040 1184 1456
13 0 1184 1040 1184 992
13 2 1184 992 1184 1040
13 2 1184 848 1184 992
13 0 1184 784 1184 848
13 2 1184 784 1184 848
13 0 1136 1024 1136 1568
13 2 1136 1024 1136 1568
13 0 1136 1024 1136 992
13 2 1136 992 1136 1024
13 0 1136 784 1136 992
13 2 1136 784 1136 992
13 0 1088 1008 1088 1648
13 2 1088 1008 1088 1648
13 0 1088 1008 1088 992
13 2 1088 992 1088 1008
13 2 1088 816 1088 992
13 0 1088 784 1088 816
13 2 1088 784 1088 816
13 0 1040 992 1040 1424
13 2 1040 992 1040 1424
13 2 1040 896 1040 992
13 0 1040 784 1040 896
13 2 1040 784 1040 896
13 2 1328 960 1536 960
13 2 1680 928 1776 928
13 2 1280 928 1536 928
13 2 1040 896 1536 896
13 2 1232 880 1536 880
13 2 1920 864 1984 864
13 2 1680 848 1776 848
13 2 1184 848 1536 848
13 2 1088 816 1536 816
17 0 8
17 0 10
17 0 1
17 0 and3 1536 1264 0
17 0 and3 1536 1184 0
17 0 or2 1776 1216 0
13 0 1776 1296 1776 1344
13 0 1376 1200 1376 1520
13 0 1328 1376 1328 1632
13 0 1328 1200 1328 1376
13 0 1280 1344 1280 1488
13 0 1280 1200 1280 1344
13 0 1232 1296 1232 1600
13 0 1232 1200 1232 1296
13 0 1184 1264 1184 1456
13 0 1184 1200 1184 1264
13 0 1136 1200 1136 1568
13 0 1088 1232 1088 1648
13 0 1088 1200 1088 1232
13 0 1040 1312 1040 1424
13 0 1040 1200 1040 1312
13 0 1328 1376 1536 1376
13 0 1680 1344 1776 1344
13 0 1280 1344 1536 1344
13 0 1040 1312 1536 1312
13 0 1232 1296 1536 1296
13 0 1920 1280 1984 1280
13 0 1680 1264 1776 1264
13 0 1184 1264 1536 1264
13 0 1088 1232 1536 1232
13 0 1040 1392 1040 1408
13 2 1040 1392 1040 1408
13 0 1088 1392 1088 1408
13 2 1088 1392 1088 1408
13 0 1136 1392 1136 1408
13 2 1136 1392 1136 1408
13 0 1184 1392 1184 1408
13 2 1184 1392 1184 1408
13 0 1232 1392 1232 1408
13 2 1232 1392 1232 1408
13 0 1280 1392 1280 1408
13 2 1280 1392 1280 1408
13 0 1328 1392 1328 1408
13 2 1328 1392 1328 1408
13 0 1376 1392 1376 1408
13 2 1376 1392 1376 1408
13 2 1088 1232 1536 1232
13 2 1184 1264 1536 1264
13 2 1680 1264 1776 1264
13 2 1920 1280 1984 1280
13 2 1232 1296 1536 1296
13 2 1040 1312 1536 1312
13 2 1280 1344 1536 1344
13 2 1680 1344 1776 1344
13 2 1328 1376 1536 1376
13 0 1040 1200 1040 1312
13 2 1040 1200 1040 1312
13 2 1040 1312 1040 1392
13 0 1088 1200 1088 1232
13 2 1088 1200 1088 1232
13 2 1088 1232 1088 1392
13 2 1136 1200 1136 1392
13 0 1184 1200 1184 1264
13 2 1184 1200 1184 1264
13 2 1184 1264 1184 1392
13 0 1232 1200 1232 1296
13 2 1232 1200 1232 1296
13 2 1232 1296 1232 1392
13 0 1280 1200 1280 1344
13 2 1280 1200 1280 1344
13 2 1280 1344 1280 1392
13 0 1328 1200 1328 1376
13 2 1328 1200 1328 1376
13 2 1328 1376 1328 1392
13 2 1376 1200 1376 1392
13 2 1776 1296 1776 1344
17 0 1
17 0 10
17 0 8
17 0 and3 1536 848 0
17 0 and3 1536 768 0
17 0 or2 1776 800 0
13 0 1088 816 1536 816
13 0 1184 848 1536 848
13 0 1680 848 1776 848
13 0 1920 864 1984 864
13 0 1232 880 1536 880
13 0 1040 896 1536 896
13 0 1280 928 1536 928
13 0 1680 928 1776 928
13 0 1328 960 1536 960
13 0 1040 784 1040 896
13 0 1040 896 1040 976
13 0 1088 784 1088 816
13 0 1088 816 1088 976
13 0 1136 784 1136 976
13 0 1184 784 1184 848
13 0 1184 848 1184 976
13 0 1232 784 1232 880
13 0 1232 880 1232 976
13 0 1280 784 1280 928
13 0 1280 928 1280 976
13 0 1328 784 1328 960
13 0 1328 960 1328 976
13 0 1376 784 1376 976
13 0 1776 880 1776 928
13 2 2160 1872 2656 1872
13 2 2304 1904 2656 1904
13 2 2800 1904 2928 1904
13 2 2400 1936 2656 1936
13 2 2208 1952 2656 1952
13 2 2256 1984 2656 1984
13 2 2800 1984 2928 1984
13 2 2800 2000 2928 2000
13 2 3072 2000 3088 2000
13 2 2400 2016 2656 2016
13 2 2208 2032 2656 2032
13 2 2848 2032 2928 2032
13 2 2400 2064 2656 2064
13 2 2896 2064 2928 2064
13 2 2496 2096 2656 2096
13 2 2208 2112 2656 2112
13 2 2304 2144 2656 2144
13 2 2800 2144 2848 2144
13 2 2352 2176 2656 2176
13 2 2208 2192 2656 2192
13 2 2352 2224 2656 2224
13 2 2800 2224 2896 2224
13 2 2496 2256 2656 2256
13 0 2160 1856 2160 1872
13 2 2160 1856 2160 1872
13 2 2160 1872 2160 2272
13 0 2208 1856 2208 1952
13 2 2208 1856 2208 1952
13 0 2208 1952 2208 2032
13 2 2208 1952 2208 2032
13 0 2208 2032 2208 2112
13 2 2208 2032 2208 2112
13 0 2208 2112 2208 2192
13 2 2208 2112 2208 2192
13 2 2208 2192 2208 2272
13 0 2256 1856 2256 1984
13 2 2256 1856 2256 1984
13 2 2256 1984 2256 2272
13 0 2304 1856 2304 1904
13 2 2304 1856 2304 1904
13 0 2304 1904 2304 2144
13 2 2304 1904 2304 2144
13 2 2304 2144 2304 2272
13 0 2352 1856 2352 2176
13 2 2352 1856 2352 2176
13 0 2352 2176 2352 2224
13 2 2352 2176 2352 2224
13 2 2352 2224 2352 2272
13 0 2400 1856 2400 1936
13 2 2400 1856 2400 1936
13 0 2400 1936 2400 2016
13 2 2400 1936 2400 2016
13 0 2400 2016 2400 2064
13 2 2400 2016 2400 2064
13 2 2400 2064 2400 2272
13 2 2448 1856 2448 2272
13 0 2496 1856 2496 2096
13 2 2496 1856 2496 2096
13 0 2496 2096 2496 2256
13 2 2496 2096 2496 2256
13 2 2496 2256 2496 2272
13 2 2800 2000 2800 2064
13 2 2848 2032 2848 2144
13 2 2896 2064 2896 2224
13 2 2928 1904 2928 1936
13 2 2928 1968 2928 1984
17 0 17
17 0 2
17 0 3
17 0 5
17 0 9
17 0 13
17 0 or5 1808 1008 0
17 0 and3 1536 1264 0
17 0 and3 1536 1184 0
17 0 and3 1536 1104 0
17 0 and3 1536 1024 0
17 0 and3 1536 944 0
13 0 1040 992 1536 992
13 0 1184 1024 1536 1024
13 0 1680 1024 1808 1024
13 0 1280 1056 1536 1056
13 0 1088 1072 1536 1072
13 0 1136 1104 1536 1104
13 0 1680 1104 1808 1104
13 0 1680 1120 1808 1120
13 0 1952 1120 1968 1120
13 0 1280 1136 1536 1136
13 0 1088 1152 1536 1152
13 0 1728 1152 1808 1152
13 0 1280 1184 1536 1184
13 0 1776 1184 1808 1184
13 0 1376 1216 1536 1216
13 0 1088 1232 1536 1232
13 0 1184 1264 1536 1264
13 0 1680 1264 1728 1264
13 0 1232 1296 1536 1296
13 0 1088 1312 1536 1312
13 0 1232 1344 1536 1344
13 0 1680 1344 1776 1344
13 0 1376 1376 1536 1376
13 0 1040 976 1040 992
13 0 1040 992 1040 1392
13 0 1088 976 1088 1072
13 0 1088 1072 1088 1152
13 0 1088 1152 1088 1232
13 0 1088 1232 1088 1312
13 0 1088 1312 1088 1392
13 0 1136 976 1136 1104
13 0 1136 1104 1136 1392
13 0 1184 976 1184 1024
13 0 1184 1024 1184 1264
13 0 1184 1264 1184 1392
13 0 1232 976 1232 1296
13 0 1232 1296 1232 1344
13 0 1232 1344 1232 1392
13 0 1280 976 1280 1056
13 0 1280 1056 1280 1136
13 0 1280 1136 1280 1184
13 0 1280 1184 1280 1392
13 0 1328 976 1328 1392
13 0 1376 976 1376 1216
13 0 1376 1216 1376 1376
13 0 1376 1376 1376 1392
13 0 1680 1120 1680 1184
13 0 1728 1152 1728 1264
13 0 1776 1184 1776 1344
13 0 1808 1024 1808 1056
13 0 1808 1088 1808 1104
13 0 1984 880 2032 880
13 2 1984 880 2032 880
13 0 2016 912 2032 912
13 2 2016 912 2032 912
13 2 1968 928 1984 928
13 2 1984 880 1984 928
13 2 2016 912 2016 960
13 2 2032 880 2160 880
13 2 2176 880 2208 880
13 2 2032 912 2176 912
13 2 2160 928 2208 928
13 2 2048 944 2208 944
13 2 2160 880 2160 928
13 2 2176 880 2176 912
13 2 2208 912 2208 928
13 0 2208 912 2208 928
13 0 2176 880 2176 912
13 0 2160 880 2160 928
13 0 2048 944 2208 944
13 0 2160 928 2208 928
13 0 2032 912 2176 912
13 0 2176 880 2208 880
13 0 2032 880 2160 880
13 2 2032 880 2160 880
13 2 2176 880 2208 880
13 2 2032 912 2176 912
13 2 2160 928 2208 928
13 2 2160 880 2160 928
13 2 2176 880 2176 912
13 2 2208 912 2208 928
13 0 1968 1120 2000 1120
13 0 2000 1120 2000 912
13 0 2000 912 2016 912
13 0 2016 912 2208 912
13 0 1984 864 1984 880
13 0 1984 880 2208 880
13 2 2000 848 2208 848
13 2 1984 880 2208 880
13 2 2400 896 2496 896
13 2 2000 912 2208 912
13 2 2048 944 2208 944
13 2 2160 992 2208 992
13 2 2192 1024 2208 1024
13 7 2496 896
13 8 2496 896 0
13 7 2160 992
13 8 2160 992 0
13 7 2192 1024
13 8 2192 1024 0
17 0 12
17 0 mux41 2224 800 0
13 0 2112 848 2224 848
13 0 2000 848 2112 848
13 0 2112 880 2224 880
13 0 2096 880 2112 880
13 0 1984 880 2096 880
13 0 2416 896 2512 896
13 0 2112 912 2224 912
13 0 2080 912 2112 912
13 0 2000 912 2080 912
13 0 2112 944 2224 944
13 0 2064 944 2112 944
13 0 2048 944 2064 944
13 0 2176 992 2224 992
13 0 2208 1024 2224 1024
13 5 2512 896 rez
13 5 2176 992 d
13 5 2208 1024 a
13 8 2496 896 2
13 8 2160 992 1
13 8 2192 1024 1
13 8 2512 896 2
13 8 2176 992 1
13 8 2208 1024 1
13 2 1040 992 1040 1392
13 0 1040 1408 1040 992
13 2 1088 1312 1088 1392
13 0 1088 1408 1088 1312
13 2 1136 1104 1136 1392
13 0 1136 1408 1136 1104
13 2 1184 1264 1184 1392
13 0 1184 1408 1184 1264
13 2 1232 1344 1232 1392
13 0 1232 1408 1232 1344
13 2 1280 1184 1280 1392
13 0 1280 1408 1280 1184
13 2 1328 960 1328 1392
13 0 1328 1408 1328 960
13 2 1376 1376 1376 1392
13 0 1376 1408 1376 1376
13 2 1680 848 1776 848
13 2 1920 864 1984 864
13 2 1776 880 1776 928
17 0 1
17 0 or2 1824 816 0
13 0 1824 864 1824 848
13 0 1680 848 1824 848
13 0 1968 880 1968 864
13 0 1968 864 1984 864
13 0 1824 896 1824 912
13 0 1824 912 1776 912
13 0 1776 912 1776 928
13 2 1680 848 1824 848
13 2 1968 864 1984 864
13 2 1776 912 1824 912
13 2 1824 848 1824 864
13 2 1824 896 1824 912
13 2 1968 864 1968 880
17 0 1
17 0 or2 1840 832 0
13 0 1840 864 1840 848
13 0 1680 848 1840 848
13 0 1984 880 1984 864
13 0 1824 928 1840 928
13 0 1824 928 1824 912
13 0 1776 912 1824 912
13 0 1840 864 1840 880
13 0 1840 912 1840 928
13 0 1984 880 1984 896
13 2 1984 880 1984 896
13 2 1840 912 1840 928
13 0 1840 864 1840 880
13 2 1840 864 1840 880
13 2 1776 912 1824 912
13 2 1824 912 1824 928
13 2 1824 928 1840 928
13 2 1680 848 1840 848
13 2 1840 848 1840 864
17 0 1
17 0 or2 1824 816 0
13 0 1968 864 1968 880
13 0 1824 896 1824 912
13 0 1824 848 1824 864
13 0 1776 912 1824 912
13 0 1968 864 1984 864
13 0 1680 848 1824 848
13 2 1968 864 1984 864
13 0 1984 880 2000 880
13 2 1984 880 2000 880
13 2 1968 864 1968 880
13 2 1984 864 1984 880
13 2 1680 848 1824 848
13 2 1776 912 1824 912
13 2 1824 848 1824 864
13 2 1824 896 1824 912
17 0 1
17 0 or2 1856 816 0
13 0 1680 848 1856 848
13 0 1840 912 1856 912
13 0 1776 912 1840 912
13 0 1856 848 1856 864
13 0 1856 896 1856 912
13 2 1680 1104 1808 1104
13 2 1680 1120 1808 1120
13 2 1952 1120 2000 1120
13 2 1728 1152 1808 1152
13 2 1776 1184 1808 1184
13 2 1808 1024 1808 1056
13 2 1808 1088 1808 1104
17 0 13
17 0 or5 1840 1008 0
13 0 1680 1104 1840 1104
13 0 1824 1120 1840 1120
13 0 1680 1120 1824 1120
13 0 1984 1120 2000 1120
13 0 1808 1152 1840 1152
13 0 1728 1152 1808 1152
13 0 1792 1184 1840 1184
13 0 1776 1184 1792 1184
13 0 1840 1056 1808 1056
13 0 1808 1024 1808 1056
13 0 1840 1088 1840 1104
13 2 1808 1056 1840 1056
13 2 1680 1104 1840 1104
13 2 1680 1120 1840 1120
13 2 1984 1120 2000 1120
13 2 1728 1152 1840 1152
13 2 1776 1184 1840 1184
13 2 1840 1088 1840 1104
17 0 13
17 0 or5 1840 1008 0
13 0 1808 1056 1840 1056
13 0 1680 1104 1840 1104
13 0 1680 1120 1840 1120
13 0 1984 1120 2000 1120
13 0 1728 1152 1840 1152
13 0 1776 1184 1840 1184
13 0 1840 1088 1840 1104
13 2 1808 1056 1840 1056
13 2 1680 1104 1840 1104
13 2 1680 1120 1840 1120
13 2 1984 1120 2000 1120
13 2 1728 1152 1840 1152
13 2 1776 1184 1840 1184
13 2 1840 1088 1840 1104
17 0 13
17 0 or5 1840 1008 0
13 0 1808 1056 1840 1056
13 0 1680 1104 1840 1104
13 0 1680 1120 1840 1120
13 0 1984 1120 2000 1120
13 0 1728 1152 1840 1152
13 0 1776 1184 1840 1184
13 0 1840 1088 1840 1104
13 0 2000 1024 2000 1088
13 2 2000 1024 2000 1088
13 2 1808 1056 1840 1056
13 2 1680 1104 1840 1104
13 2 1680 1120 1840 1120
13 2 1984 1120 2000 1120
13 2 1728 1152 1840 1152
13 2 1776 1184 1840 1184
13 2 1840 1088 1840 1104
17 0 13
17 0 or5 1840 1008 0
13 0 1808 1056 1840 1056
13 0 1680 1104 1840 1104
13 0 1680 1120 1840 1120
13 0 1984 1120 2000 1120
13 0 1728 1152 1840 1152
13 0 1776 1184 1840 1184
13 0 1840 1088 1840 1104
13 2 1984 1120 2000 1120
13 2 2000 1088 2000 1120
13 2 1808 1056 1840 1056
13 2 1680 1104 1840 1104
13 2 1680 1120 1840 1120
13 2 1728 1152 1840 1152
13 2 1776 1184 1840 1184
13 2 1840 1088 1840 1104
17 0 13
17 0 or5 1888 1008 0
13 0 1808 1056 1888 1056
13 0 1872 1104 1888 1104
13 0 1680 1104 1872 1104
13 0 1856 1120 1888 1120
13 0 1680 1120 1856 1120
13 0 1840 1152 1888 1152
13 0 1728 1152 1840 1152
13 0 1824 1184 1888 1184
13 0 1776 1184 1824 1184
13 0 1888 1088 1888 1104
13 2 1888 1088 1888 1104
13 0 1776 1184 1824 1184
13 2 1776 1184 1824 1184
13 2 1824 1184 1888 1184
13 0 1728 1152 1840 1152
13 2 1728 1152 1840 1152
13 2 1840 1152 1888 1152
13 0 1680 1120 1856 1120
13 2 1680 1120 1856 1120
13 2 1856 1120 1888 1120
13 0 1680 1104 1872 1104
13 2 1680 1104 1872 1104
13 2 1872 1104 1888 1104
13 2 1808 1056 1888 1056
17 0 13
17 0 or5 1840 1008 0
13 0 1840 1088 1840 1104
13 0 1776 1184 1840 1184
13 0 1728 1152 1840 1152
13 0 1680 1120 1840 1120
13 0 1680 1104 1840 1104
13 0 1808 1056 1840 1056
13 2 1808 1056 1840 1056
13 2 1680 1104 1840 1104
13 2 1680 1120 1840 1120
13 2 1728 1152 1840 1152
13 2 1776 1184 1840 1184
13 2 1840 1088 1840 1104
17 0 13
17 0 or5 1888 1008 0
13 0 1808 1056 1888 1056
13 0 1872 1104 1888 1104
13 0 1680 1104 1872 1104
13 0 1856 1120 1888 1120
13 0 1680 1120 1856 1120
13 0 1840 1152 1888 1152
13 0 1728 1152 1840 1152
13 0 1824 1184 1888 1184
13 0 1776 1184 1824 1184
13 0 1888 1088 1888 1104
13 2 1888 1088 1888 1104
13 0 1776 1184 1824 1184
13 2 1776 1184 1824 1184
13 2 1824 1184 1888 1184
13 0 1728 1152 1840 1152
13 2 1728 1152 1840 1152
13 2 1840 1152 1888 1152
13 0 1680 1120 1856 1120
13 2 1680 1120 1856 1120
13 2 1856 1120 1888 1120
13 0 1680 1104 1872 1104
13 2 1680 1104 1872 1104
13 2 1872 1104 1888 1104
13 2 1808 1056 1888 1056
17 0 13
17 0 or5 1840 1008 0
13 0 1840 1088 1840 1104
13 0 1776 1184 1840 1184
13 0 1728 1152 1840 1152
13 0 1680 1120 1840 1120
13 0 1680 1104 1840 1104
13 0 1808 1056 1840 1056
13 0 1776 1024 1808 1024
13 2 1776 1024 1808 1024
13 0 1776 1104 1808 1104
13 2 1776 1104 1808 1104
13 0 1776 1120 1808 1120
13 2 1776 1120 1808 1120
13 0 1776 1152 1808 1152
13 2 1776 1152 1808 1152
13 0 1776 1184 1808 1184
13 2 1776 1184 1808 1184
13 0 1776 1184 1776 1280
13 2 1776 1184 1776 1280
13 2 1808 1024 1808 1056
13 2 1808 1056 1840 1056
13 2 1808 1104 1840 1104
13 2 1808 1120 1840 1120
13 2 1808 1152 1840 1152
13 2 1808 1184 1840 1184
13 2 1840 1088 1840 1104
17 0 13
17 0 or5 1856 1008 0
13 2 1680 1024 1776 1024
13 0 1856 1056 1680 1056
13 0 1680 1056 1680 1024
13 2 1680 1104 1776 1104
13 0 1856 1088 1680 1088
13 0 1680 1088 1680 1104
13 2 1680 1120 1776 1120
13 0 1856 1120 1680 1120
13 2 1728 1152 1776 1152
13 0 1856 1152 1728 1152
13 2 1776 1280 1776 1344
13 0 1856 1184 1856 1344
13 0 1856 1344 1776 1344
13 2 2000 912 2000 1024
13 0 2000 1120 2000 912
13 2 1680 1472 1776 1472
13 2 1920 1488 2048 1488
13 2 1776 1504 1776 1584
17 0 19
17 0 or2 1856 1408 0
13 0 1856 1456 1856 1472
13 0 1680 1472 1856 1472
13 0 2000 1472 2000 1488
13 0 2000 1488 2048 1488
13 0 1856 1488 1856 1504
13 0 1856 1504 1776 1504
13 0 1776 1504 1776 1584
13 2 1680 1472 1856 1472
13 2 2000 1488 2048 1488
13 2 1776 1504 1856 1504
13 2 1856 1456 1856 1472
13 2 1856 1488 1856 1504
13 2 2000 1472 2000 1488
17 0 19
17 0 or2 1856 1424 0
13 0 1856 1488 1856 1472
13 0 1680 1472 1856 1472
13 0 2000 1504 2000 1488
13 0 2000 1488 2048 1488
13 0 1840 1520 1856 1520
13 0 1840 1520 1840 1504
13 0 1776 1504 1840 1504
13 0 1856 1472 1856 1488
13 0 1856 1504 1856 1520
13 0 2000 1488 2000 1504
13 0 1840 1472 1856 1472
13 2 1840 1472 1856 1472
13 2 1840 1520 1856 1520
13 2 1840 1504 1840 1520
13 2 1856 1472 1856 1488
13 2 1856 1504 1856 1520
13 2 2000 1488 2000 1504
13 2 1680 1472 1840 1472
13 0 1856 1472 1680 1472
13 2 1776 1504 1840 1504
13 0 1856 1504 1776 1504
