10 1 1
10 1 1
10 1 1
17 0 inv 880 304 1
17 0 inv 784 304 1
17 0 inv 688 304 1
17 0 inv 496 304 1
17 0 inv 384 304 1
17 0 inv 592 304 1
13 0 288 304 336 304
13 0 400 304 448 304
13 0 496 304 544 304
13 0 592 304 640 304
13 0 688 304 736 304
13 0 784 304 832 304
13 0 288 256 288 304
13 0 288 304 288 544
13 0 336 400 336 544
13 0 400 256 400 304
13 0 400 304 400 544
13 0 448 400 448 544
13 0 496 256 496 304
13 0 496 304 496 544
13 0 544 400 544 544
13 0 592 256 592 304
13 0 592 304 592 544
13 0 640 400 640 544
13 0 688 256 688 304
13 0 688 304 688 544
13 0 736 400 736 544
13 0 784 256 784 304
13 0 784 304 784 544
13 0 832 400 832 544
13 5 288 256 a
13 5 400 256 b
13 5 496 256 c
13 5 592 256 d
13 5 688 256 e
13 5 784 256 f
13 8 288 256 1
13 8 400 256 1
13 8 496 256 1
13 8 592 256 1
13 8 688 256 1
13 8 784 256 1
17 0 and4 2608 1392 0
17 0 or4 2272 1280 0
17 0 and4 1872 1360 0
17 0 and4 1856 1536 0
17 0 and4 1840 1696 0
17 0 and4 1840 1840 0
17 0 and4 2048 1920 0
17 0 13
17 0 12
17 0 11
17 0 10
17 0 and2 1536 1328 0
17 0 and2 1536 1424 0
17 0 and2 1536 1536 0
17 0 and2 1536 1664 0
13 0 1680 1392 1872 1392
13 0 1872 1392 1872 1408
13 0 1680 1488 1680 1440
13 0 1680 1440 1712 1440
13 0 1712 1440 1872 1440
13 0 1680 1600 1680 1520
13 0 1680 1520 1760 1520
13 0 1760 1520 1760 1472
13 0 1760 1472 1872 1472
13 0 1680 1712 1824 1712
13 0 1824 1712 1824 1584
13 0 1824 1584 1824 1504
13 0 1824 1504 1872 1504
13 0 2016 1456 2272 1456
13 0 2272 1456 2272 1424
13 0 2416 1376 2608 1376
13 0 2608 1376 2608 1440
13 0 2272 1328 864 1328
13 0 864 1328 864 1280
13 2 864 1280 864 1328
13 2 864 1328 2272 1328
13 0 2272 1328 2272 1168
13 0 2272 1168 2256 1168
13 0 2272 1168 848 1168
13 0 2256 1344 2224 1344
13 0 2224 1344 2224 1216
13 0 2224 1216 2192 1216
13 0 2192 1216 832 1216
13 0 2288 1392 2160 1392
13 0 2160 1392 2272 1392
13 0 2272 1392 2288 1392
13 0 2160 1392 2160 1264
13 0 2160 1264 2144 1264
13 0 2144 1264 832 1264
13 0 832 1264 832 1296
13 0 2256 1344 2256 1360
13 0 2256 1360 2272 1360
13 0 2272 1392 2288 1392
13 2 2256 1360 2272 1360
13 2 2256 1344 2256 1360
13 2 832 1264 832 1296
13 0 2144 1264 832 1264
13 2 832 1264 2144 1264
13 2 2144 1264 2160 1264
13 2 2160 1264 2160 1392
13 2 2272 1392 2288 1392
13 2 2160 1392 2272 1392
13 0 2272 1392 2144 1392
13 0 2144 1392 2144 1264
13 0 2144 1264 1040 1264
13 0 1040 1264 1040 1248
13 0 2256 1344 2256 1360
13 0 2256 1360 2272 1360
13 0 3120 1920 640 1920
13 0 640 1920 640 960
13 2 640 960 640 1920
13 2 640 1920 3120 1920
17 0 13
17 0 12
17 0 11
17 0 10
17 0 9
17 0 8
17 0 7
13 2 848 1168 2272 1168
13 2 832 1216 2224 1216
13 2 1040 1264 2144 1264
13 2 2224 1344 2256 1344
13 2 2256 1360 2272 1360
13 2 2416 1376 2608 1376
13 2 1680 1392 1872 1392
13 2 2144 1392 2272 1392
13 2 1680 1440 1872 1440
13 2 2016 1456 2272 1456
13 2 1760 1472 1872 1472
13 2 1824 1504 1872 1504
13 2 1680 1520 1760 1520
13 2 1680 1712 1824 1712
13 2 1040 1248 1040 1264
13 2 1680 1440 1680 1488
13 2 1680 1520 1680 1600
13 2 1760 1472 1760 1520
13 2 1824 1504 1824 1712
13 2 1872 1392 1872 1408
13 2 2144 1264 2144 1392
13 2 2224 1216 2224 1344
13 2 2256 1344 2256 1360
13 2 2272 1168 2272 1328
13 2 2272 1424 2272 1456
13 2 2608 1376 2608 1440
17 0 6
17 0 5
17 0 4
17 0 3
17 0 2
17 0 1
13 2 288 304 336 304
13 2 400 304 448 304
13 2 496 304 544 304
13 2 592 304 640 304
13 2 688 304 736 304
13 2 784 304 832 304
13 0 288 256 288 304
13 2 288 256 288 304
13 2 288 304 288 544
13 2 336 400 336 544
13 0 400 256 400 304
13 2 400 256 400 304
13 2 400 304 400 544
13 2 448 400 448 544
13 0 496 256 496 304
13 2 496 256 496 304
13 2 496 304 496 544
13 2 544 400 544 544
13 0 592 256 592 304
13 2 592 256 592 304
13 2 592 304 592 544
13 2 640 400 640 544
13 0 688 256 688 304
13 2 688 256 688 304
13 2 688 304 688 544
13 2 736 400 736 544
13 0 784 256 784 304
13 2 784 256 784 304
13 2 784 304 784 544
13 2 832 400 832 544
13 7 288 256
13 8 288 256 0
13 7 400 256
13 8 400 256 0
13 7 496 256
13 8 496 256 0
13 7 592 256
13 8 592 256 0
13 7 688 256
13 8 688 256 0
13 7 784 256
13 8 784 256 0
13 8 288 256 0
13 8 400 256 0
13 8 496 256 0
13 8 592 256 0
13 8 688 256 0
13 8 784 256 0
17 0 or4 1952 1520 0
17 0 or4 1808 656 0
17 0 or4 2544 1136 0
17 0 and4 1584 2208 0
17 0 and4 1680 1824 0
17 0 and4 2192 576 0
17 0 and2 1552 1008 0
17 0 and2 1552 896 0
17 0 and2 1552 784 0
17 0 and2 1552 672 0
17 0 inv 1040 368 1
17 0 inv 944 368 1
17 0 inv 848 368 1
17 0 inv 656 368 1
17 0 inv 544 368 1
17 0 inv 752 368 1
17 0 and5 2144 1120 0
17 0 or2 1856 2112 0
17 0 or2 1824 1264 0
17 0 and3 1584 2080 0
17 0 and3 2128 1984 0
17 0 and3 1680 1712 0
17 0 and3 1680 1600 0
17 0 and3 1680 1488 0
17 0 and3 2144 1424 0
13 0 448 368 496 368
13 0 560 368 608 368
13 0 656 368 704 368
13 0 752 368 800 368
13 0 848 368 896 368
13 0 944 368 992 368
13 0 448 624 2192 624
13 0 608 656 2192 656
13 0 800 688 2192 688
13 0 1696 704 1808 704
13 0 656 720 1552 720
13 0 1728 736 1808 736
13 0 896 752 1552 752
13 0 1696 752 1728 752
13 0 1952 752 2192 752
13 0 1728 768 1808 768
13 0 896 832 1552 832
13 0 992 864 1552 864
13 0 704 944 1552 944
13 0 1696 960 1728 960
13 0 848 976 1552 976
13 0 848 1056 1552 1056
13 0 1696 1072 1808 1072
13 0 992 1088 1552 1088
13 0 496 1168 2144 1168
13 0 2336 1184 2544 1184
13 0 800 1200 2144 1200
13 0 2400 1216 2544 1216
13 0 848 1232 2144 1232
13 0 2288 1232 2400 1232
13 0 2688 1232 2784 1232
13 0 2288 1248 2544 1248
13 0 944 1264 2144 1264
13 0 2480 1280 2544 1280
13 0 608 1312 1824 1312
13 0 1968 1328 2144 1328
13 0 704 1344 1824 1344
13 0 560 1472 2144 1472
13 0 896 1504 2144 1504
13 0 448 1536 1680 1536
13 0 2096 1536 2144 1536
13 0 704 1568 1680 1568
13 0 1824 1568 1952 1568
13 0 800 1600 1680 1600
13 0 1824 1600 1952 1600
13 0 1888 1632 1952 1632
13 0 2272 1632 2480 1632
13 0 496 1648 1680 1648
13 0 752 1680 1680 1680
13 0 944 1712 1680 1712
13 0 448 1760 1680 1760
13 0 704 1792 1680 1792
13 0 1824 1792 1888 1792
13 0 992 1824 1680 1824
13 0 496 1872 1680 1872
13 0 656 1904 1680 1904
13 0 1824 1920 1952 1920
13 0 800 1936 1680 1936
13 0 992 1968 1680 1968
13 0 752 2032 2128 2032
13 0 848 2064 2128 2064
13 0 496 2128 1584 2128
13 0 608 2160 1584 2160
13 0 1728 2160 1856 2160
13 0 2000 2176 2128 2176
13 0 704 2192 1584 2192
13 0 448 2256 1584 2256
13 0 560 2288 1584 2288
13 0 1728 2304 1856 2304
13 0 656 2320 1584 2320
13 0 944 2352 1584 2352
13 0 448 320 448 368
13 0 448 368 448 624
13 0 448 624 448 1536
13 0 448 1536 448 1760
13 0 448 1760 448 2256
13 0 448 2256 448 2400
13 0 496 464 496 1168
13 0 496 1168 496 1648
13 0 496 1648 496 1872
13 0 496 1872 496 2128
13 0 496 2128 496 2400
13 0 560 320 560 368
13 0 560 368 560 1472
13 0 560 1472 560 2288
13 0 560 2288 560 2400
13 0 608 464 608 656
13 0 608 656 608 1312
13 0 608 1312 608 2160
13 0 608 2160 608 2400
13 0 656 320 656 368
13 0 656 368 656 720
13 0 656 720 656 1904
13 0 656 1904 656 2320
13 0 656 2320 656 2400
13 0 704 464 704 944
13 0 704 944 704 1344
13 0 704 1344 704 1568
13 0 704 1568 704 1792
13 0 704 1792 704 2192
13 0 704 2192 704 2400
13 0 752 320 752 368
13 0 752 368 752 1680
13 0 752 1680 752 2032
13 0 752 2032 752 2400
13 0 800 464 800 688
13 0 800 688 800 1200
13 0 800 1200 800 1600
13 0 800 1600 800 1936
13 0 800 1936 800 2400
13 0 848 320 848 368
13 0 848 368 848 976
13 0 848 976 848 1056
13 0 848 1056 848 1232
13 0 848 1232 848 2064
13 0 848 2064 848 2400
13 0 896 464 896 752
13 0 896 752 896 832
13 0 896 832 896 1504
13 0 896 1504 896 2400
13 0 944 320 944 368
13 0 944 368 944 1264
13 0 944 1264 944 1712
13 0 944 1712 944 2352
13 0 944 2352 944 2400
13 0 992 464 992 864
13 0 992 864 992 1088
13 0 992 1088 992 1824
13 0 992 1824 992 1968
13 0 992 1968 992 2400
13 0 1696 704 1696 736
13 0 1696 752 1696 848
13 0 1728 736 1728 752
13 0 1728 768 1728 960
13 0 1808 800 1808 1072
13 0 1824 1600 1824 1680
13 0 1856 2192 1856 2304
13 0 1888 1632 1888 1792
13 0 1952 1664 1952 1920
13 0 2096 1536 2096 1616
13 0 2128 2096 2128 2176
13 0 2144 1296 2144 1328
13 0 2192 720 2192 752
13 0 2272 1632 2272 2064
13 0 2288 1248 2288 1504
13 0 2336 672 2336 1184
13 0 2400 1216 2400 1232
13 0 2480 1280 2480 1632
13 5 2784 1232 rez
13 5 448 320 a
13 5 560 320 b
13 5 656 320 c
13 5 752 320 d
13 5 848 320 e
13 5 944 320 f
13 8 2784 1232 2
13 8 448 320 1
13 8 560 320 1
13 8 656 320 1
13 8 752 320 1
13 8 848 320 1
13 8 944 320 1
17 0 inv 1088 576 0
13 0 1104 624 1168 624
13 2 1104 624 1168 624
13 0 1104 656 1168 656
13 2 1104 656 1168 656
13 0 1072 624 1088 624
13 2 1072 624 1088 624
13 2 1088 624 1104 624
13 2 1168 624 1184 624
13 0 1184 624 1216 624
13 2 1184 624 1216 624
13 0 1072 624 1088 624
13 0 1184 624 1216 624
13 0 1104 656 1168 656
13 0 1200 1440 1312 1440
13 2 1200 1440 1312 1440
13 0 1104 656 1168 656
13 2 1104 656 1168 656
13 0 1184 624 1216 624
13 2 1184 624 1216 624
13 0 1072 624 1088 624
13 2 1072 624 1088 624
13 0 1184 624 1216 624
13 0 1168 624 1184 624
13 0 1088 624 1104 624
13 0 1072 624 1088 624
13 0 1104 656 1168 656
13 0 1104 624 1168 624
17 0 26
13 0 400 592 2416 592
13 0 2416 592 2416 1328
13 2 2416 592 2416 1328
13 2 400 592 2416 592
17 0 25
17 0 24
17 0 23
17 0 22
17 0 21
17 0 20
17 0 19
17 0 18
17 0 17
17 0 10
17 0 9
17 0 8
17 0 7
17 0 6
17 0 5
17 0 4
17 0 3
17 0 2
17 0 1
13 2 448 624 2192 624
13 2 608 656 2192 656
13 2 800 688 2192 688
13 2 1696 704 1808 704
13 2 656 720 1552 720
13 2 1728 736 1808 736
13 2 896 752 1552 752
13 2 1696 752 1728 752
13 2 1952 752 2192 752
13 2 1728 768 1808 768
13 2 896 832 1552 832
13 2 992 864 1552 864
13 2 704 944 1552 944
13 2 1696 960 1728 960
13 2 848 976 1552 976
13 2 848 1056 1552 1056
13 2 1696 1072 1808 1072
13 2 992 1088 1552 1088
13 2 496 1168 2144 1168
13 2 2336 1184 2544 1184
13 2 800 1200 2144 1200
13 2 2400 1216 2544 1216
13 2 848 1232 2144 1232
13 2 2288 1232 2400 1232
13 2 2688 1232 2784 1232
13 2 2288 1248 2544 1248
13 2 944 1264 2144 1264
13 2 2480 1280 2544 1280
13 2 608 1312 1824 1312
13 2 1968 1328 2144 1328
13 2 704 1344 1824 1344
13 2 560 1472 2144 1472
13 2 896 1504 2144 1504
13 2 448 1536 1680 1536
13 2 2096 1536 2144 1536
13 2 704 1568 1680 1568
13 2 1824 1568 1952 1568
13 2 800 1600 1680 1600
13 2 1824 1600 1952 1600
13 2 1888 1632 1952 1632
13 2 2272 1632 2480 1632
13 2 496 1648 1680 1648
13 2 752 1680 1680 1680
13 2 944 1712 1680 1712
13 2 448 1760 1680 1760
13 2 704 1792 1680 1792
13 2 1824 1792 1888 1792
13 2 992 1824 1680 1824
13 2 496 1872 1680 1872
13 2 656 1904 1680 1904
13 2 1824 1920 1952 1920
13 2 800 1936 1680 1936
13 2 992 1968 1680 1968
13 2 752 2032 2128 2032
13 2 848 2064 2128 2064
13 2 496 2128 1584 2128
13 2 608 2160 1584 2160
13 2 1728 2160 1856 2160
13 2 2000 2176 2128 2176
13 2 704 2192 1584 2192
13 2 448 2256 1584 2256
13 2 560 2288 1584 2288
13 2 1728 2304 1856 2304
13 2 656 2320 1584 2320
13 2 944 2352 1584 2352
13 0 448 608 448 624
13 2 448 608 448 624
13 0 448 624 448 1536
13 2 448 624 448 1536
13 0 448 1536 448 1760
13 2 448 1536 448 1760
13 0 448 1760 448 2256
13 2 448 1760 448 2256
13 2 448 2256 448 2400
13 0 496 608 496 1168
13 2 496 608 496 1168
13 0 496 1168 496 1648
13 2 496 1168 496 1648
13 0 496 1648 496 1872
13 2 496 1648 496 1872
13 0 496 1872 496 2128
13 2 496 1872 496 2128
13 2 496 2128 496 2400
13 0 560 608 560 1472
13 2 560 608 560 1472
13 0 560 1472 560 2288
13 2 560 1472 560 2288
13 2 560 2288 560 2400
13 0 608 608 608 656
13 2 608 608 608 656
13 0 608 656 608 1312
13 2 608 656 608 1312
13 0 608 1312 608 2160
13 2 608 1312 608 2160
13 2 608 2160 608 2400
13 0 656 608 656 720
13 2 656 608 656 720
13 0 656 720 656 1904
13 2 656 720 656 1904
13 0 656 1904 656 2320
13 2 656 1904 656 2320
13 2 656 2320 656 2400
13 0 704 608 704 944
13 2 704 608 704 944
13 0 704 944 704 1344
13 2 704 944 704 1344
13 0 704 1344 704 1568
13 2 704 1344 704 1568
13 0 704 1568 704 1792
13 2 704 1568 704 1792
13 0 704 1792 704 2192
13 2 704 1792 704 2192
13 2 704 2192 704 2400
13 0 752 608 752 1680
13 2 752 608 752 1680
13 0 752 1680 752 2032
13 2 752 1680 752 2032
13 2 752 2032 752 2400
13 0 800 608 800 688
13 2 800 608 800 688
13 0 800 688 800 1200
13 2 800 688 800 1200
13 0 800 1200 800 1600
13 2 800 1200 800 1600
13 0 800 1600 800 1936
13 2 800 1600 800 1936
13 2 800 1936 800 2400
13 0 848 608 848 976
13 2 848 608 848 976
13 0 848 976 848 1056
13 2 848 976 848 1056
13 0 848 1056 848 1232
13 2 848 1056 848 1232
13 0 848 1232 848 2064
13 2 848 1232 848 2064
13 2 848 2064 848 2400
13 0 896 608 896 752
13 2 896 608 896 752
13 0 896 752 896 832
13 2 896 752 896 832
13 0 896 832 896 1504
13 2 896 832 896 1504
13 2 896 1504 896 2400
13 0 944 608 944 1264
13 2 944 608 944 1264
13 0 944 1264 944 1712
13 2 944 1264 944 1712
13 0 944 1712 944 2352
13 2 944 1712 944 2352
13 2 944 2352 944 2400
13 0 992 608 992 864
13 2 992 608 992 864
13 0 992 864 992 1088
13 2 992 864 992 1088
13 0 992 1088 992 1824
13 2 992 1088 992 1824
13 0 992 1824 992 1968
13 2 992 1824 992 1968
13 2 992 1968 992 2400
13 2 1696 704 1696 736
13 2 1696 752 1696 848
13 2 1728 736 1728 752
13 2 1728 768 1728 960
13 2 1808 800 1808 1072
13 2 1824 1600 1824 1680
13 2 1856 2192 1856 2304
13 2 1888 1632 1888 1792
13 2 1952 1664 1952 1920
13 2 2096 1536 2096 1616
13 2 2128 2096 2128 2176
13 2 2144 1296 2144 1328
13 2 2192 720 2192 752
13 2 2272 1632 2272 2064
13 2 2288 1248 2288 1504
13 2 2336 672 2336 1184
13 2 2400 1216 2400 1232
13 2 2480 1280 2480 1632
13 7 2784 1232
13 8 2784 1232 0
13 8 2784 1232 0
17 0 nd4 2640 1216 0
17 0 nd3 2352 1072 0
17 0 nd4 2048 992 0
17 0 3
17 0 nd4 2064 928 0
17 0 nd2 1776 816 0
17 0 nd2 1776 912 0
17 0 nd2 1776 1008 0
17 0 nd2 1776 1104 0
13 0 1920 880 2064 880
13 0 2064 880 2064 976
13 0 1920 976 2032 976
13 0 2032 976 2032 992
13 0 2032 992 2064 992
13 0 2064 992 2064 1008
13 0 1920 1072 1920 1040
13 0 1920 1040 2064 1040
13 0 1920 1168 2064 1168
13 0 2064 1168 2064 1072
13 0 2208 1024 2352 1024
13 0 2352 1024 2352 1120
13 2 2352 1024 2352 1120
13 2 2208 1024 2352 1024
13 0 2208 1024 2208 1184
13 0 2208 1184 2352 1184
13 0 1648 720 1648 1312
13 0 1648 1312 2192 1312
13 2 1648 1312 2192 1312
13 2 1648 720 1648 1312
13 2 1920 880 2064 880
13 2 1920 976 2032 976
13 2 2032 992 2064 992
13 2 1920 1040 2064 1040
13 2 1920 1168 2064 1168
13 2 2208 1184 2352 1184
13 2 1920 1040 1920 1072
13 2 2032 976 2032 992
13 2 2064 880 2064 976
13 2 2064 992 2064 1008
13 2 2064 1072 2064 1168
13 2 2208 1024 2208 1184
17 0 7
17 0 6
17 0 5
17 0 4
17 0 3
17 0 nd2 1712 976 0
17 0 nd2 1712 880 0
17 0 nd2 1712 784 0
17 0 nd2 1712 688 0
17 0 nd4 2000 800 0
13 0 1856 752 2000 752
13 0 1856 848 1968 848
13 0 1968 864 2000 864
13 0 1856 912 2000 912
13 0 1856 1040 2000 1040
13 0 2144 1056 2160 1056
13 0 2160 1056 2160 1184
13 0 2160 1184 2352 1184
13 0 1856 912 1856 944
13 0 1968 848 1968 864
13 0 2000 752 2000 848
13 0 2000 864 2000 880
13 0 2000 944 2000 1040
13 0 2144 896 2144 1056
13 0 2496 1152 2640 1152
13 0 2640 1152 2640 1264
13 0 2352 1120 2352 640
13 0 2352 640 1056 640
13 0 2352 1152 2288 1152
13 0 2288 1152 2288 672
13 0 2288 672 2256 672
13 0 2256 672 1056 672
13 0 1056 672 1056 688
13 0 1088 720 1024 720
13 0 1024 720 1024 672
13 2 1024 672 1024 720
13 2 1024 720 1088 720
13 2 1056 672 1056 688
13 0 2256 672 1056 672
13 2 1056 672 2256 672
13 0 2256 672 1056 672
13 0 448 608 448 2352
13 0 496 608 496 2352
13 0 560 608 560 2352
13 0 608 608 608 2352
13 0 656 608 656 2352
13 0 704 608 704 2352
13 0 752 608 752 2352
13 0 800 608 800 2352
13 0 848 608 848 2352
13 0 896 608 896 2352
13 0 944 608 944 2352
13 0 992 608 992 2352
17 0 2
17 0 nd4 2352 1072 0
13 2 2496 1152 2640 1152
13 0 2496 1168 2624 1168
13 0 2624 1168 2624 1152
13 0 2624 1152 2640 1152
13 2 2624 1152 2640 1152
13 0 2608 1168 2624 1168
13 2 2608 1168 2624 1168
13 2 2624 1152 2624 1168
13 0 2640 1152 2640 1168
13 2 2640 1152 2640 1168
13 2 2496 1168 2608 1168
13 0 2640 1168 2496 1168
13 0 2288 1184 2352 1184
13 2 2288 1184 2352 1184
13 2 2160 1184 2288 1184
13 0 2288 1200 2160 1200
13 0 2160 1200 2160 1184
13 0 2288 1200 2352 1200
13 0 2352 1200 2352 1184
13 0 2336 1200 2352 1200
13 2 2336 1200 2352 1200
13 2 2352 1184 2352 1200
13 2 2160 1200 2336 1200
13 0 2352 1216 2160 1216
13 0 2160 1216 2160 1200
13 0 2160 1104 2160 1056
13 2 2160 1056 2160 1104
13 2 2160 1104 2160 1216
13 0 2144 1104 2144 1216
13 0 2144 1216 2160 1216
13 0 2144 1104 2144 1056
13 0 2144 1056 2160 1056
13 2 2144 1056 2160 1056
13 0 2144 1040 2144 1056
13 2 2144 1040 2144 1056
13 0 2144 1056 2144 1072
13 2 2144 1056 2144 1072
13 2 2144 896 2144 1040
13 0 2144 1072 2144 896
13 0 2352 1184 2240 1184
13 0 2240 1184 2240 704
13 0 2240 704 1056 704
13 0 1056 640 448 640
13 0 1056 672 608 672
13 0 1056 704 800 704
13 0 1712 736 656 736
13 0 1712 768 896 768
13 0 1712 832 896 832
13 0 1712 864 944 864
13 0 1712 928 656 928
13 0 1712 960 848 960
13 0 1712 1024 848 1024
13 0 1712 1056 992 1056
13 0 1312 464 2528 464
13 0 2528 464 2528 896
13 2 2528 464 2528 896
13 2 1312 464 2528 464
13 2 2288 1152 2352 1152
13 2 2496 1168 2640 1168
13 2 2240 1184 2352 1184
13 2 2144 1216 2352 1216
13 2 2352 640 2352 1120
17 0 2
17 0 nd4 2336 848 0
13 0 2304 928 2336 928
13 0 2304 928 2304 1152
13 0 2288 1152 2304 1152
13 0 2480 944 2480 1168
13 0 2480 1168 2640 1168
13 0 2320 960 2336 960
13 0 2320 960 2320 1184
13 0 2240 1184 2320 1184
13 0 2336 992 2336 1216
13 0 2144 1216 2336 1216
13 0 2336 896 2352 896
13 0 2352 640 2352 896
13 2 2352 640 2352 896
13 2 2336 896 2352 896
13 2 2144 1216 2336 1216
13 2 2336 992 2336 1216
13 2 2240 1184 2320 1184
13 2 2320 960 2320 1184
13 2 2320 960 2336 960
13 2 2480 1168 2640 1168
13 2 2480 944 2480 1168
13 2 2288 1152 2304 1152
13 2 2304 928 2304 1152
13 2 2304 928 2336 928
17 0 2
17 0 nd4 2352 1072 0
13 0 2352 640 2352 1120
13 0 2144 1216 2352 1216
13 0 2240 1184 2352 1184
13 0 2496 1168 2640 1168
13 0 2288 1152 2352 1152
13 2 448 640 2352 640
13 2 608 672 2288 672
13 2 800 704 2240 704
13 2 656 736 1712 736
13 2 1856 752 2000 752
13 2 896 768 1712 768
13 2 896 832 1712 832
13 2 1856 848 1968 848
13 2 944 864 1712 864
13 2 1968 864 2000 864
13 2 1856 912 2000 912
13 2 656 928 1712 928
13 2 848 960 1712 960
13 2 848 1024 1712 1024
13 2 1856 1040 2000 1040
13 2 992 1056 1712 1056
13 2 2288 1152 2352 1152
13 2 2496 1168 2640 1168
13 2 2240 1184 2352 1184
13 2 2144 1216 2352 1216
13 2 1856 912 1856 944
13 2 1968 848 1968 864
13 2 2000 752 2000 848
13 2 2000 864 2000 880
13 2 2000 944 2000 1040
13 2 2144 896 2144 1216
13 2 2240 704 2240 1184
13 2 2288 672 2288 1152
13 2 2352 640 2352 1120
17 0 2
17 0 3
17 0 4
17 0 5
17 0 6
17 0 7
17 0 nd4 2368 912 0
17 0 nd2 1728 816 0
17 0 nd2 1728 720 0
17 0 nd2 1728 624 0
17 0 nd2 1728 528 0
17 0 nd4 2016 640 0
13 0 1200 480 2368 480
13 0 1040 480 1200 480
13 0 1040 480 1040 640
13 0 448 640 1040 640
13 0 1200 512 2304 512
13 0 1056 512 1200 512
13 0 1056 512 1056 672
13 0 608 672 1056 672
13 0 1200 544 2256 544
13 0 1072 544 1200 544
13 0 1072 544 1072 704
13 0 800 704 1072 704
13 0 1200 576 1728 576
13 0 1088 576 1200 576
13 0 1088 576 1088 736
13 0 656 736 1088 736
13 0 1872 592 2016 592
13 0 1200 608 1728 608
13 0 1104 608 1200 608
13 0 1104 608 1104 768
13 0 896 768 1104 768
13 0 1200 672 1728 672
13 0 1120 672 1200 672
13 0 1120 672 1120 832
13 0 896 832 1120 832
13 0 1872 688 1984 688
13 0 1200 704 1728 704
13 0 1136 704 1200 704
13 0 1136 704 1136 864
13 0 944 864 1136 864
13 0 1984 704 2016 704
13 0 1872 752 2016 752
13 0 1200 768 1728 768
13 0 1152 768 1200 768
13 0 1152 768 1152 928
13 0 656 928 1152 928
13 0 1200 800 1728 800
13 0 1168 800 1200 800
13 0 1168 800 1168 960
13 0 848 960 1168 960
13 0 1200 864 1728 864
13 0 1184 864 1200 864
13 0 1184 864 1184 1024
13 0 848 1024 1184 1024
13 0 1872 880 2016 880
13 0 1200 896 1728 896
13 0 1200 896 1200 1056
13 0 992 1056 1200 1056
13 0 2304 992 2368 992
13 0 2512 1008 2608 1008
13 0 2608 1008 2608 1168
13 0 2608 1168 2640 1168
13 0 2256 1024 2368 1024
13 0 2160 1056 2368 1056
13 0 1872 752 1872 784
13 0 1984 688 1984 704
13 0 2016 592 2016 688
13 0 2016 704 2016 720
13 0 2016 784 2016 880
13 0 2160 736 2160 1056
13 0 2256 544 2256 1024
13 0 2304 512 2304 992
13 0 2368 480 2368 960
13 2 2368 480 2368 960
13 2 2304 512 2304 992
13 2 2256 544 2256 1024
13 2 2160 736 2160 1056
13 2 2016 784 2016 880
13 2 2016 704 2016 720
13 2 2016 592 2016 688
13 2 1984 688 1984 704
13 2 1872 752 1872 784
13 2 2160 1056 2368 1056
13 2 2256 1024 2368 1024
13 2 2608 1168 2640 1168
13 2 2608 1008 2608 1168
13 2 2512 1008 2608 1008
13 2 2304 992 2368 992
13 2 992 1056 1200 1056
13 2 1200 896 1200 1056
13 2 1200 896 1728 896
13 2 1872 880 2016 880
13 2 848 1024 1184 1024
13 2 1184 864 1184 1024
13 0 1184 864 1200 864
13 2 1184 864 1200 864
13 2 1200 864 1728 864
13 2 848 960 1168 960
13 2 1168 800 1168 960
13 0 1168 800 1200 800
13 2 1168 800 1200 800
13 2 1200 800 1728 800
13 2 656 928 1152 928
13 2 1152 768 1152 928
13 0 1152 768 1200 768
13 2 1152 768 1200 768
13 2 1200 768 1728 768
13 2 1872 752 2016 752
13 2 1984 704 2016 704
13 2 944 864 1136 864
13 2 1136 704 1136 864
13 0 1136 704 1200 704
13 2 1136 704 1200 704
13 2 1200 704 1728 704
13 2 1872 688 1984 688
13 2 896 832 1120 832
13 2 1120 672 1120 832
13 0 1120 672 1200 672
13 2 1120 672 1200 672
13 2 1200 672 1728 672
13 2 896 768 1104 768
13 2 1104 608 1104 768
13 0 1104 608 1200 608
13 2 1104 608 1200 608
13 2 1200 608 1728 608
13 2 1872 592 2016 592
13 2 656 736 1088 736
13 2 1088 576 1088 736
13 0 1088 576 1200 576
13 2 1088 576 1200 576
13 2 1200 576 1728 576
13 2 800 704 1072 704
13 2 1072 544 1072 704
13 0 1072 544 1200 544
13 2 1072 544 1200 544
13 2 1200 544 2256 544
13 2 608 672 1056 672
13 2 1056 512 1056 672
13 0 1056 512 1200 512
13 2 1056 512 1200 512
13 2 1200 512 2304 512
13 2 448 640 1040 640
13 2 1040 480 1040 640
13 0 1040 480 1200 480
13 2 1040 480 1200 480
13 2 1200 480 2368 480
17 0 7
17 0 6
17 0 5
17 0 4
17 0 3
17 0 2
17 0 nd4 2352 1072 0
17 0 nd2 1712 976 0
17 0 nd2 1712 880 0
17 0 nd2 1712 784 0
17 0 nd2 1712 688 0
17 0 nd4 2000 800 0
13 0 2352 640 2352 1120
13 0 2288 672 2288 1152
13 0 2240 704 2240 1184
13 0 2144 896 2144 1216
13 0 2000 944 2000 1040
13 0 2000 864 2000 880
13 0 2000 752 2000 848
13 0 1968 848 1968 864
13 0 1856 912 1856 944
13 0 2144 1216 2352 1216
13 0 2240 1184 2352 1184
13 0 2496 1168 2640 1168
13 0 2288 1152 2352 1152
13 0 992 1056 1712 1056
13 0 1856 1040 2000 1040
13 0 848 1024 1712 1024
13 0 848 960 1712 960
13 0 656 928 1712 928
13 0 1856 912 2000 912
13 0 1968 864 2000 864
13 0 944 864 1712 864
13 0 1856 848 1968 848
13 0 896 832 1712 832
13 0 896 768 1712 768
13 0 1856 752 2000 752
13 0 656 736 1712 736
13 0 800 704 2240 704
13 0 608 672 2288 672
13 0 448 640 2352 640
13 0 1488 640 2352 640
13 2 1488 640 2352 640
13 2 448 640 1488 640
13 0 1504 512 448 512
13 0 448 512 448 640
13 0 1504 512 2352 512
13 0 2352 512 2352 640
13 0 1520 672 2288 672
13 2 1520 672 2288 672
13 2 608 672 1520 672
13 0 1536 560 608 560
13 0 608 560 608 672
13 0 1536 560 2288 560
13 0 2288 560 2288 672
13 2 608 560 2288 560
13 0 1536 544 1552 544
13 0 1536 544 1536 560
13 0 608 560 1536 560
13 0 1536 544 1552 544
13 0 1552 544 1552 560
13 0 1552 560 2288 560
13 2 1552 560 2288 560
13 2 1552 544 1552 560
13 2 608 560 1536 560
13 2 1536 544 1536 560
13 2 1536 544 1552 544
13 0 608 560 2288 560
13 0 1568 560 2288 560
13 2 1568 560 2288 560
13 2 608 560 1568 560
13 0 1568 544 608 544
13 0 608 544 608 560
13 0 1568 544 2288 544
13 0 2288 544 2288 560
13 0 1536 704 2240 704
13 2 1536 704 2240 704
13 2 800 704 1536 704
13 0 1568 560 800 560
13 0 800 560 800 704
13 0 1568 560 2240 560
13 0 2240 560 2240 704
13 2 656 736 1712 736
13 2 1856 752 2000 752
13 2 896 768 1712 768
13 2 896 832 1712 832
13 2 1856 848 1968 848
13 2 944 864 1712 864
13 2 1968 864 2000 864
13 2 1856 912 2000 912
13 2 656 928 1712 928
13 2 848 960 1712 960
13 2 848 1024 1712 1024
13 2 1856 1040 2000 1040
13 2 992 1056 1712 1056
13 2 2144 1216 2352 1216
13 2 1856 912 1856 944
13 2 1968 848 1968 864
13 2 2000 752 2000 848
13 2 2000 864 2000 880
13 2 2000 944 2000 1040
13 2 2144 896 2144 1216
17 0 3
17 0 4
17 0 5
17 0 6
17 0 7
17 0 nd2 1792 848 0
17 0 nd2 1792 752 0
17 0 nd2 1792 656 0
17 0 nd2 1792 560 0
17 0 nd4 2080 672 0
13 0 1120 608 1792 608
13 0 1008 608 1120 608
13 0 1008 608 1008 736
13 0 656 736 1008 736
13 0 1936 624 2080 624
13 0 1120 640 1792 640
13 0 1024 640 1120 640
13 0 1024 640 1024 768
13 0 896 768 1024 768
13 0 1120 704 1792 704
13 0 1040 704 1120 704
13 0 1040 704 1040 832
13 0 896 832 1040 832
13 0 1936 720 2048 720
13 0 1120 736 1792 736
13 0 1056 736 1120 736
13 0 1056 736 1056 864
13 0 944 864 1056 864
13 0 2048 736 2080 736
13 0 1936 784 2080 784
13 0 1120 800 1792 800
13 0 1072 800 1120 800
13 0 1072 800 1072 928
13 0 656 928 1072 928
13 0 1120 832 1792 832
13 0 1088 832 1120 832
13 0 1088 832 1088 960
13 0 848 960 1088 960
13 0 1120 896 1792 896
13 0 1104 896 1120 896
13 0 1104 896 1104 1024
13 0 848 1024 1104 1024
13 0 1936 912 2080 912
13 0 1120 928 1792 928
13 0 1120 928 1120 1056
13 0 992 1056 1120 1056
13 0 2224 1088 2256 1088
13 0 2256 1088 2256 1216
13 0 2256 1216 2352 1216
13 0 1936 784 1936 816
13 0 2048 720 2048 736
13 0 2080 624 2080 720
13 0 2080 736 2080 752
13 0 2080 816 2080 912
13 0 2224 768 2224 1088
13 2 2224 768 2224 1088
13 2 2080 816 2080 912
13 2 2080 736 2080 752
13 2 2080 624 2080 720
13 2 2048 720 2048 736
13 2 1936 784 1936 816
13 2 2256 1216 2352 1216
13 2 2256 1088 2256 1216
13 2 2224 1088 2256 1088
13 2 992 1056 1120 1056
13 2 1120 928 1120 1056
13 2 1120 928 1792 928
13 2 1936 912 2080 912
13 2 848 1024 1104 1024
13 2 1104 896 1104 1024
13 0 1104 896 1120 896
13 2 1104 896 1120 896
13 2 1120 896 1792 896
13 2 848 960 1088 960
13 2 1088 832 1088 960
13 0 1088 832 1120 832
13 2 1088 832 1120 832
13 2 1120 832 1792 832
13 2 656 928 1072 928
13 2 1072 800 1072 928
13 0 1072 800 1120 800
13 2 1072 800 1120 800
13 2 1120 800 1792 800
13 2 1936 784 2080 784
13 2 2048 736 2080 736
13 2 944 864 1056 864
13 2 1056 736 1056 864
13 0 1056 736 1120 736
13 2 1056 736 1120 736
13 2 1120 736 1792 736
13 2 1936 720 2048 720
13 2 896 832 1040 832
13 2 1040 704 1040 832
13 0 1040 704 1120 704
13 2 1040 704 1120 704
13 2 1120 704 1792 704
13 2 896 768 1024 768
13 2 1024 640 1024 768
13 0 1024 640 1120 640
13 2 1024 640 1120 640
13 2 1120 640 1792 640
13 2 1936 624 2080 624
13 2 656 736 1008 736
13 2 1008 608 1008 736
13 0 1008 608 1120 608
13 2 1008 608 1120 608
13 2 1120 608 1792 608
17 0 7
17 0 6
17 0 5
17 0 4
17 0 3
17 0 nd2 1712 976 0
17 0 nd2 1712 880 0
17 0 nd2 1712 784 0
17 0 nd2 1712 688 0
17 0 nd4 2000 800 0
13 0 2144 896 2144 1216
13 0 2000 944 2000 1040
13 0 2000 864 2000 880
13 0 2000 752 2000 848
13 0 1968 848 1968 864
13 0 1856 912 1856 944
13 0 2144 1216 2352 1216
13 0 992 1056 1712 1056
13 0 1856 1040 2000 1040
13 0 848 1024 1712 1024
13 0 848 960 1712 960
13 0 656 928 1712 928
13 0 1856 912 2000 912
13 0 1968 864 2000 864
13 0 944 864 1712 864
13 0 1856 848 1968 848
13 0 896 832 1712 832
13 0 896 768 1712 768
13 0 1856 752 2000 752
13 0 656 736 1712 736
13 2 656 736 1712 736
13 2 896 768 1712 768
13 2 896 832 1712 832
13 2 944 864 1712 864
13 2 656 928 1712 928
13 2 848 960 1712 960
13 2 848 1024 1712 1024
13 2 992 1056 1712 1056
13 0 656 368 656 736
13 2 656 368 656 736
13 0 656 736 656 928
13 2 656 736 656 928
13 2 656 928 656 2352
13 2 704 464 704 2352
13 2 752 368 752 2352
13 2 800 560 800 2352
13 0 848 368 848 960
13 2 848 368 848 960
13 0 848 960 848 1024
13 2 848 960 848 1024
13 2 848 1024 848 2352
13 0 896 464 896 768
13 2 896 464 896 768
13 0 896 768 896 832
13 2 896 768 896 832
13 2 896 832 896 2352
13 0 944 368 944 864
13 2 944 368 944 864
13 2 944 864 944 2352
13 0 992 464 992 1056
13 2 992 464 992 1056
13 2 992 1056 992 2352
13 0 656 752 1712 752
13 0 896 784 1712 784
13 0 896 848 1712 848
13 0 944 880 1712 880
13 0 656 944 1712 944
13 0 848 976 1712 976
13 0 848 1040 1712 1040
13 0 992 1072 1712 1072
13 0 656 688 656 752
13 0 656 368 656 688
13 0 656 752 656 944
13 0 656 944 656 1072
13 0 656 1072 656 2352
13 0 704 688 704 1072
13 0 704 672 704 688
13 0 704 464 704 672
13 0 704 688 704 1072
13 0 704 1088 704 1072
13 0 704 1088 704 2352
13 0 752 688 752 1072
13 0 752 656 752 688
13 0 752 368 752 656
13 0 752 688 752 1072
13 0 752 1104 752 1072
13 0 752 1104 752 2352
13 0 800 688 800 1072
13 0 800 640 800 688
13 0 800 560 800 640
13 0 800 688 800 1072
13 0 800 1120 800 1072
13 0 800 1120 800 2352
13 0 848 688 848 976
13 0 848 624 848 688
13 0 848 368 848 624
13 0 848 976 848 1040
13 0 848 1040 848 1072
13 0 848 1136 848 1072
13 0 848 1136 848 2352
13 0 896 688 896 784
13 0 896 608 896 688
13 0 896 464 896 608
13 0 896 784 896 848
13 0 896 848 896 1072
13 0 896 1152 896 1072
13 0 896 1152 896 2352
13 0 944 688 944 880
13 0 944 592 944 688
13 0 944 368 944 592
13 0 944 880 944 1072
13 0 944 1168 944 1072
13 0 944 1168 944 2352
13 0 992 688 992 1072
13 0 992 576 992 688
13 0 992 464 992 576
13 0 992 1184 992 1072
13 0 992 1184 992 2352
13 2 656 752 1712 752
13 2 896 784 1712 784
13 2 896 848 1712 848
13 2 944 880 1712 880
13 2 656 944 1712 944
13 2 848 976 1712 976
13 2 848 1040 1712 1040
13 2 992 1072 1712 1072
13 0 1248 656 1280 656
13 0 1136 656 1248 656
13 0 1136 656 1136 752
13 0 656 752 1136 752
13 0 1248 656 1280 656
13 0 1392 656 1280 656
13 0 1392 656 1392 752
13 0 1392 752 1712 752
13 0 1248 688 1280 688
13 0 1152 688 1248 688
13 0 1152 688 1152 784
13 0 896 784 1152 784
13 0 1248 688 1280 688
13 0 1376 688 1280 688
13 0 1376 688 1376 784
13 0 1376 784 1712 784
13 0 1248 752 1280 752
13 0 1168 752 1248 752
13 0 1168 752 1168 848
13 0 896 848 1168 848
13 0 1248 752 1280 752
13 0 1360 752 1280 752
13 0 1360 752 1360 848
13 0 1360 848 1712 848
13 0 1248 784 1280 784
13 0 1184 784 1248 784
13 0 1184 784 1184 880
13 0 944 880 1184 880
13 0 1248 784 1280 784
13 0 1344 784 1280 784
13 0 1344 784 1344 880
13 0 1344 880 1712 880
13 0 1248 848 1280 848
13 0 1200 848 1248 848
13 0 1200 848 1200 944
13 0 656 944 1200 944
13 0 1248 848 1280 848
13 0 1328 848 1280 848
13 0 1328 848 1328 944
13 0 1328 944 1712 944
13 0 1248 880 1280 880
13 0 1216 880 1248 880
13 0 1216 880 1216 976
13 0 848 976 1216 976
13 0 1248 880 1280 880
13 0 1312 880 1280 880
13 0 1312 880 1312 976
13 0 1312 976 1712 976
13 0 1248 944 1280 944
13 0 1232 944 1248 944
13 0 1232 944 1232 1040
13 0 848 1040 1232 1040
13 0 1248 944 1280 944
13 0 1296 944 1280 944
13 0 1296 944 1296 1040
13 0 1296 1040 1712 1040
13 0 1248 976 1280 976
13 0 1248 976 1248 1072
13 0 992 1072 1248 1072
13 0 1248 976 1280 976
13 0 1280 976 1280 1072
13 0 1280 1072 1712 1072
13 2 1280 1072 1712 1072
13 2 1280 976 1280 1072
13 2 992 1072 1248 1072
13 2 1248 976 1248 1072
13 2 1248 976 1280 976
13 2 1296 1040 1712 1040
13 2 1296 944 1296 1040
13 0 1296 944 1280 944
13 2 1280 944 1296 944
13 2 848 1040 1232 1040
13 2 1232 944 1232 1040
13 0 1232 944 1248 944
13 2 1232 944 1248 944
13 2 1248 944 1280 944
13 2 1312 976 1712 976
13 2 1312 880 1312 976
13 0 1312 880 1280 880
13 2 1280 880 1312 880
13 2 848 976 1216 976
13 2 1216 880 1216 976
13 0 1216 880 1248 880
13 2 1216 880 1248 880
13 2 1248 880 1280 880
13 2 1328 944 1712 944
13 2 1328 848 1328 944
13 0 1328 848 1280 848
13 2 1280 848 1328 848
13 2 656 944 1200 944
13 2 1200 848 1200 944
13 0 1200 848 1248 848
13 2 1200 848 1248 848
13 2 1248 848 1280 848
13 2 1344 880 1712 880
13 2 1344 784 1344 880
13 0 1344 784 1280 784
13 2 1280 784 1344 784
13 2 944 880 1184 880
13 2 1184 784 1184 880
13 0 1184 784 1248 784
13 2 1184 784 1248 784
13 2 1248 784 1280 784
13 2 1360 848 1712 848
13 2 1360 752 1360 848
13 0 1360 752 1280 752
13 2 1280 752 1360 752
13 2 896 848 1168 848
13 2 1168 752 1168 848
13 0 1168 752 1248 752
13 2 1168 752 1248 752
13 2 1248 752 1280 752
13 2 1376 784 1712 784
13 2 1376 688 1376 784
13 0 1376 688 1280 688
13 2 1280 688 1376 688
13 2 896 784 1152 784
13 2 1152 688 1152 784
13 0 1152 688 1248 688
13 2 1152 688 1248 688
13 2 1248 688 1280 688
13 2 1392 752 1712 752
13 2 1392 656 1392 752
13 0 1392 656 1280 656
13 2 1280 656 1392 656
13 2 656 752 1136 752
13 2 1136 656 1136 752
13 0 1136 656 1248 656
13 2 1136 656 1248 656
13 2 1248 656 1280 656
13 0 992 1072 1712 1072
13 0 848 1040 1712 1040
13 0 848 976 1712 976
13 0 656 944 1712 944
13 0 944 880 1712 880
13 0 896 848 1712 848
13 0 896 784 1712 784
13 0 656 752 1712 752
13 0 992 1184 992 2352
13 2 992 1184 992 2352
13 2 992 1072 992 1184
13 0 992 464 992 576
13 2 992 464 992 576
13 0 992 576 992 688
13 2 992 576 992 688
13 2 992 688 992 1072
13 0 944 1168 944 2352
13 2 944 1168 944 2352
13 0 944 1168 944 1072
13 2 944 1072 944 1168
13 2 944 880 944 1072
13 0 944 368 944 592
13 2 944 368 944 592
13 0 944 592 944 688
13 2 944 592 944 688
13 2 944 688 944 880
13 0 896 1152 896 2352
13 2 896 1152 896 2352
13 0 896 1152 896 1072
13 2 896 1072 896 1152
13 2 896 848 896 1072
13 2 896 784 896 848
13 0 896 464 896 608
13 2 896 464 896 608
13 0 896 608 896 688
13 2 896 608 896 688
13 2 896 688 896 784
13 0 848 1136 848 2352
13 2 848 1136 848 2352
13 0 848 1136 848 1072
13 2 848 1072 848 1136
13 2 848 1040 848 1072
13 2 848 976 848 1040
13 0 848 368 848 624
13 2 848 368 848 624
13 0 848 624 848 688
13 2 848 624 848 688
13 2 848 688 848 976
13 0 800 1120 800 2352
13 2 800 1120 800 2352
13 0 800 1120 800 1072
13 2 800 1072 800 1120
13 0 800 560 800 640
13 2 800 560 800 640
13 0 800 640 800 688
13 2 800 640 800 688
13 2 800 688 800 1072
13 0 752 1104 752 2352
13 2 752 1104 752 2352
13 0 752 1104 752 1072
13 2 752 1072 752 1104
13 0 752 368 752 656
13 2 752 368 752 656
13 0 752 656 752 688
13 2 752 656 752 688
13 2 752 688 752 1072
13 0 704 1088 704 2352
13 2 704 1088 704 2352
13 0 704 1088 704 1072
13 2 704 1072 704 1088
13 0 704 464 704 672
13 2 704 464 704 672
13 0 704 672 704 688
13 2 704 672 704 688
13 2 704 688 704 1072
13 0 656 1072 656 2352
13 2 656 1072 656 2352
13 2 656 944 656 1072
13 2 656 752 656 944
13 0 656 368 656 688
13 2 656 368 656 688
13 2 656 688 656 752
13 2 992 1072 1712 1072
13 2 848 1040 1712 1040
13 2 848 976 1712 976
13 2 656 944 1712 944
13 2 944 880 1712 880
13 2 896 848 1712 848
13 2 896 784 1712 784
13 2 656 752 1712 752
13 0 992 1056 992 2352
13 0 992 464 992 1056
13 0 944 864 944 2352
13 0 944 368 944 864
13 0 896 832 896 2352
13 0 896 768 896 832
13 0 896 464 896 768
13 0 848 1024 848 2352
13 0 848 960 848 1024
13 0 848 368 848 960
13 0 800 560 800 2352
13 0 752 368 752 2352
13 0 704 464 704 2352
13 0 656 928 656 2352
13 0 656 736 656 928
13 0 656 368 656 736
13 0 992 1056 1712 1056
13 0 848 1024 1712 1024
13 0 848 960 1712 960
13 0 656 928 1712 928
13 0 944 864 1712 864
13 0 896 832 1712 832
13 0 896 768 1712 768
13 0 656 736 1712 736
17 0 nd4 2352 1280 0
17 0 nd2 2064 1216 0
17 0 nd2 2064 1312 0
17 0 10
17 0 9
17 0 nd2 2064 1456 0
17 0 nd2 2064 1360 0
13 0 2496 1376 2496 1296
13 0 2496 1296 2528 1296
13 0 2528 1296 2640 1296
13 0 2208 1424 2304 1424
13 0 2304 1424 2304 1392
13 0 2304 1392 2352 1392
13 0 2208 1520 2352 1520
13 0 2352 1520 2352 1424
13 0 2352 1328 496 1328
13 0 2352 1360 800 1360
13 0 2064 1408 848 1408
13 0 2064 1440 944 1440
13 0 2064 1504 608 1504
13 0 2064 1536 704 1536
17 0 nd5 2352 1616 0
13 0 2352 1664 560 1664
13 0 2352 1696 896 1696
17 0 nd3 2064 1680 0
17 0 nd3 2064 1792 0
17 0 nd3 2064 1920 0
17 0 nd4 2064 2048 0
13 0 2208 1760 2256 1760
13 0 2256 1760 2256 1728
13 0 2256 1728 2352 1728
13 0 2208 1872 2272 1872
13 0 2272 1872 2272 1856
13 0 2272 1856 2272 1760
13 0 2272 1760 2352 1760
13 0 2496 1728 2496 1504
13 0 2496 1504 2576 1504
13 0 2576 1504 2576 1328
13 0 2576 1328 2640 1328
13 0 2064 1728 448 1728
13 0 2064 1760 704 1760
13 0 2064 1792 800 1792
13 0 2064 1840 496 1840
13 0 2064 1872 752 1872
13 0 2064 1904 944 1904
13 0 2272 2176 2272 2000
13 0 2272 2000 2256 2000
13 2 2256 2000 2272 2000
13 2 2272 2000 2272 2176
13 2 448 1728 2064 1728
13 2 2256 1728 2352 1728
13 2 704 1760 2064 1760
13 2 2208 1760 2256 1760
13 2 800 1792 2064 1792
13 2 496 1840 2064 1840
13 2 752 1872 2064 1872
13 2 2208 1872 2272 1872
13 2 944 1904 2064 1904
13 2 2256 1728 2256 1760
17 0 21
17 0 20
17 0 19
17 0 18
17 0 nd4 1984 2048 0
17 0 nd3 1984 1920 0
17 0 nd3 1984 1792 0
17 0 nd3 1984 1680 0
13 0 1888 1728 1984 1728
13 0 448 1728 1888 1728
13 0 2176 1728 2352 1728
13 0 1888 1760 1984 1760
13 0 1872 1760 1888 1760
13 0 704 1760 1872 1760
13 0 2128 1760 2176 1760
13 0 1888 1792 1984 1792
13 0 1856 1792 1888 1792
13 0 800 1792 1856 1792
13 0 1888 1840 1984 1840
13 0 1840 1840 1888 1840
13 0 496 1840 1840 1840
13 0 1888 1872 1984 1872
13 0 1824 1872 1888 1872
13 0 752 1872 1824 1872
13 0 2128 1872 2176 1872
13 0 2192 1872 2176 1872
13 0 2192 1872 2272 1872
13 0 1888 1904 1984 1904
13 0 1808 1904 1888 1904
13 0 944 1904 1808 1904
13 0 2176 1728 2176 1760
13 2 2176 1728 2352 1728
13 0 2160 1760 2176 1760
13 2 2160 1760 2176 1760
13 2 2272 1760 2352 1760
13 0 2160 1872 2272 1872
13 2 2160 1872 2272 1872
13 2 2176 1728 2176 1760
13 2 2272 1760 2272 1872
13 2 2128 1760 2160 1760
13 2 2128 1872 2160 1872
17 0 nd4 2208 1872 0
17 0 17
13 0 2336 1664 2352 1664
13 2 2336 1664 2352 1664
13 0 2336 1696 2352 1696
13 2 2336 1696 2352 1696
13 0 2496 1648 2496 1728
13 2 2496 1648 2496 1728
17 0 nd3 2336 1616 0
17 0 nd3 2272 1920 0
17 0 23
13 2 448 1728 1984 1728
13 2 704 1760 1984 1760
13 2 800 1792 1984 1792
13 2 496 1840 1984 1840
13 2 752 1872 1984 1872
13 2 944 1904 1984 1904
17 0 22
17 0 18
17 0 19
17 0 20
17 0 21
17 0 nd4 2096 1872 0
17 0 nd4 1872 2048 0
17 0 nd3 1872 1920 0
17 0 nd3 1872 1792 0
17 0 nd3 1872 1680 0
13 0 1760 1728 1872 1728
13 0 448 1728 1760 1728
13 0 1760 1760 1872 1760
13 0 1744 1760 1760 1760
13 0 704 1760 1744 1760
13 0 1760 1792 1872 1792
13 0 1728 1792 1760 1792
13 0 800 1792 1728 1792
13 0 1760 1840 1872 1840
13 0 1712 1840 1760 1840
13 0 496 1840 1712 1840
13 0 1760 1872 1872 1872
13 0 1696 1872 1760 1872
13 0 752 1872 1696 1872
13 0 1760 1904 1872 1904
13 0 1680 1904 1760 1904
13 0 944 1904 1680 1904
13 0 2240 1968 2240 1728
13 0 2240 1728 2336 1728
13 0 2016 1760 2080 1760
13 0 2080 1760 2080 1920
13 0 2080 1920 2096 1920
13 0 2016 1872 2048 1872
13 0 2048 1872 2048 1952
13 0 2048 1952 2096 1952
13 0 2032 2000 2032 1984
13 0 2032 1984 2048 1984
13 0 2048 1984 2096 1984
13 0 2016 2128 2016 2048
13 0 2016 2048 2080 2048
13 0 2080 2048 2080 2016
13 0 2080 2016 2096 2016
13 0 2032 2000 2016 2000
13 0 2016 2128 2016 2144
13 0 1872 1968 448 1968
13 0 1872 2000 704 2000
13 0 1872 2032 944 2032
13 0 1872 2096 496 2096
13 0 1872 2128 656 2128
13 0 1888 2160 800 2160
13 0 800 2160 1872 2160
13 0 1872 2160 1888 2160
13 0 800 2160 800 2176
13 0 1872 2192 992 2192
13 0 2480 1696 2480 1648
13 0 2480 1648 2496 1648
17 0 nd4 2096 2208 0
13 0 2096 2256 752 2256
13 0 2096 2288 848 2288
17 0 nd3 1856 2272 0
17 0 nd3 1856 2384 0
13 0 2000 2352 2000 2320
13 0 2000 2320 2032 2320
13 0 2032 2320 2096 2320
13 0 2016 2464 2016 2352
13 0 2016 2352 2096 2352
13 0 2016 2464 2000 2464
13 0 1856 2320 496 2320
13 0 448 2352 448 2512
13 0 496 2352 496 2512
13 0 560 2352 560 2512
13 0 608 2352 608 2512
13 0 656 2352 656 2512
13 0 704 2352 704 2512
13 0 752 2352 752 2512
13 0 800 2368 800 2512
13 0 800 2368 800 2352
13 0 848 2352 848 2512
13 0 896 2352 896 2512
13 0 944 2352 944 2512
13 0 992 2352 992 2512
17 0 25
17 0 nd4 1856 2368 0
13 0 1856 2352 608 2352
13 0 1840 2384 704 2384
13 0 1840 2384 1856 2384
13 0 1856 2416 448 2416
13 0 1856 2448 560 2448
13 0 1856 2480 656 2480
13 0 1856 2512 944 2512
13 0 944 2512 992 2512
13 0 992 2512 1856 2512
13 0 2240 2304 2560 2304
13 0 2560 2304 2560 2032
13 0 2576 2032 2608 2032
13 2 2576 2032 2608 2032
13 0 2560 2032 2624 2032
13 0 2624 2032 2624 2048
13 0 2624 2032 2624 1616
13 0 2624 1616 2656 1616
13 2 2624 1616 2656 1616
13 2 2624 1616 2624 2032
13 2 2624 2032 2624 2048
13 2 2560 2032 2624 2032
13 0 2560 2032 2624 2032
13 0 2624 2032 2624 1360
13 0 2624 1360 2640 1360
13 0 944 2512 944 2528
13 0 992 2512 992 2528
13 0 896 2512 896 2528
13 2 848 2288 848 2512
13 0 848 2528 848 2288
13 2 800 2160 800 2512
13 0 800 2528 800 2160
13 2 752 2256 752 2512
13 0 752 2528 752 2256
13 2 704 2384 704 2512
13 0 704 2528 704 2384
13 2 656 2480 656 2512
13 0 656 2544 656 2480
13 2 608 2352 608 2512
13 0 608 2528 608 2352
13 2 656 2480 656 2544
13 0 656 2528 656 2480
13 2 560 2448 560 2512
13 0 560 2528 560 2448
13 2 496 2320 496 2512
13 0 496 2528 496 2320
13 2 448 2416 448 2512
13 0 448 2528 448 2416
13 0 976 2512 992 2512
13 2 976 2512 992 2512
13 0 992 2512 1040 2512
13 2 992 2512 1040 2512
13 0 992 2496 992 2512
13 2 992 2496 992 2512
13 2 992 2512 992 2528
13 2 992 2192 992 2496
13 0 992 2544 992 2192
13 2 944 2512 976 2512
13 0 1040 2512 944 2512
13 0 2784 1312 2944 1312
13 0 2944 1312 2944 1328
13 2 2944 1312 2944 1328
13 2 2784 1312 2944 1312
13 0 2784 1312 2928 1312
13 5 2928 1312 rez
13 8 2928 1312 2
