10 1 1
10 1 1
10 1 1
13 2 496 1312 1744 1312
13 2 800 1344 1744 1344
13 2 848 1376 1744 1376
13 2 944 1408 1744 1408
13 2 560 1456 1488 1456
13 2 1632 1472 1744 1472
13 2 656 1488 1488 1488
13 2 1744 1440 1744 1472
17 0 7
17 0 nd2 1168 1408 0
13 0 1088 1312 1424 1312
13 0 496 1312 1088 1312
13 0 1088 1344 1424 1344
13 0 1072 1344 1088 1344
13 0 800 1344 1072 1344
13 0 1088 1376 1424 1376
13 0 1056 1376 1088 1376
13 0 848 1376 1056 1376
13 0 1088 1408 1424 1408
13 0 1040 1408 1088 1408
13 0 944 1408 1040 1408
13 0 1088 1456 1168 1456
13 0 1024 1456 1088 1456
13 0 560 1456 1024 1456
13 0 1312 1472 1424 1472
13 0 1088 1488 1168 1488
13 0 1008 1488 1088 1488
13 0 656 1488 1008 1488
13 0 1424 1440 1424 1472
13 2 1424 1440 1424 1472
13 0 656 1488 1008 1488
13 2 656 1488 1008 1488
13 0 1008 1488 1088 1488
13 2 1008 1488 1088 1488
13 2 1088 1488 1168 1488
13 2 1312 1472 1424 1472
13 0 560 1456 1024 1456
13 2 560 1456 1024 1456
13 0 1024 1456 1088 1456
13 2 1024 1456 1088 1456
13 2 1088 1456 1168 1456
13 0 944 1408 1040 1408
13 2 944 1408 1040 1408
13 0 1040 1408 1088 1408
13 2 1040 1408 1088 1408
13 2 1088 1408 1424 1408
13 0 848 1376 1056 1376
13 2 848 1376 1056 1376
13 0 1056 1376 1088 1376
13 2 1056 1376 1088 1376
13 2 1088 1376 1424 1376
13 0 800 1344 1072 1344
13 2 800 1344 1072 1344
13 0 1072 1344 1088 1344
13 2 1072 1344 1088 1344
13 2 1088 1344 1424 1344
13 0 496 1312 1088 1312
13 2 496 1312 1088 1312
13 2 1088 1312 1424 1312
17 0 7
17 0 nd2 1488 1408 0
13 0 1744 1440 1744 1472
13 0 656 1488 1488 1488
13 0 1632 1472 1744 1472
13 0 560 1456 1488 1456
13 0 944 1408 1744 1408
13 0 848 1376 1744 1376
13 0 800 1344 1744 1344
13 0 496 1312 1744 1312
13 2 1888 1296 2032 1296
13 2 496 1312 1744 1312
13 2 800 1344 1744 1344
13 2 848 1376 1744 1376
13 2 944 1408 1744 1408
13 2 560 1456 1488 1456
13 2 1632 1472 1744 1472
13 2 656 1488 1488 1488
13 2 1888 1504 1968 1504
13 2 1744 1440 1744 1472
13 2 1888 1296 1888 1376
13 2 1888 1504 1888 1648
17 0 7
17 0 1
17 0 nd2 1408 1408 0
17 0 nd5 1664 1264 0
13 0 1808 1296 2032 1296
13 0 1136 1312 1664 1312
13 0 496 1312 1136 1312
13 0 1136 1344 1664 1344
13 0 1120 1344 1136 1344
13 0 800 1344 1120 1344
13 0 1136 1376 1664 1376
13 0 1104 1376 1136 1376
13 0 848 1376 1104 1376
13 0 1136 1408 1664 1408
13 0 1088 1408 1136 1408
13 0 944 1408 1088 1408
13 0 1136 1456 1408 1456
13 0 1072 1456 1136 1456
13 0 560 1456 1072 1456
13 0 1552 1472 1664 1472
13 0 1136 1488 1408 1488
13 0 1056 1488 1136 1488
13 0 656 1488 1056 1488
13 0 1824 1504 1808 1504
13 0 1824 1504 1968 1504
13 0 1664 1440 1664 1472
13 0 1808 1296 1808 1376
13 0 1808 1504 1808 1520
13 0 1808 1520 1888 1520
13 0 1888 1520 1888 1648
13 2 1888 1520 1888 1648
13 2 1808 1520 1888 1520
13 2 1808 1504 1808 1520
13 2 1808 1296 1808 1376
13 2 1664 1440 1664 1472
13 0 1824 1504 1968 1504
13 2 1824 1504 1968 1504
13 2 1808 1504 1824 1504
13 0 656 1488 1056 1488
13 2 656 1488 1056 1488
13 0 1056 1488 1136 1488
13 2 1056 1488 1136 1488
13 2 1136 1488 1408 1488
13 2 1552 1472 1664 1472
13 0 560 1456 1072 1456
13 2 560 1456 1072 1456
13 0 1072 1456 1136 1456
13 2 1072 1456 1136 1456
13 2 1136 1456 1408 1456
13 0 944 1408 1088 1408
13 2 944 1408 1088 1408
13 0 1088 1408 1136 1408
13 2 1088 1408 1136 1408
13 2 1136 1408 1664 1408
13 0 848 1376 1104 1376
13 2 848 1376 1104 1376
13 0 1104 1376 1136 1376
13 2 1104 1376 1136 1376
13 2 1136 1376 1664 1376
13 0 800 1344 1120 1344
13 2 800 1344 1120 1344
13 0 1120 1344 1136 1344
13 2 1120 1344 1136 1344
13 2 1136 1344 1664 1344
13 0 496 1312 1136 1312
13 2 496 1312 1136 1312
13 2 1136 1312 1664 1312
13 2 1808 1296 2032 1296
17 0 1
17 0 7
17 0 nd2 1488 1408 0
17 0 nd5 1744 1264 0
13 0 1888 1504 1888 1648
13 0 1888 1296 1888 1376
13 0 1744 1440 1744 1472
13 0 1888 1504 1968 1504
13 0 656 1488 1488 1488
13 0 1632 1472 1744 1472
13 0 560 1456 1488 1456
13 0 944 1408 1744 1408
13 0 848 1376 1744 1376
13 0 800 1344 1744 1344
13 0 496 1312 1744 1312
13 0 1888 1296 2032 1296
13 2 1888 1296 2032 1296
13 2 496 1312 1744 1312
13 2 800 1344 1744 1344
13 2 848 1376 1744 1376
13 2 944 1408 1744 1408
13 2 560 1456 1488 1456
13 2 1632 1472 1744 1472
13 2 656 1488 1488 1488
13 2 1888 1504 1968 1504
13 2 1744 1440 1744 1472
13 2 1888 1296 1888 1376
13 2 1888 1504 1888 1648
17 0 1
17 0 nd5 1648 1264 0
13 0 1792 1296 2032 1296
13 0 1152 1312 1648 1312
13 0 496 1312 1152 1312
13 0 1152 1344 1648 1344
13 0 1136 1344 1152 1344
13 0 800 1344 1136 1344
13 0 1152 1376 1648 1376
13 0 1120 1376 1152 1376
13 0 848 1376 1120 1376
13 0 1152 1408 1648 1408
13 0 1104 1408 1152 1408
13 0 944 1408 1104 1408
13 0 1152 1456 1392 1456
13 0 1088 1456 1152 1456
13 0 560 1456 1088 1456
13 0 1536 1472 1648 1472
13 0 1536 1472 1632 1472
13 0 1632 1472 1648 1472
13 0 1152 1488 1392 1488
13 0 1072 1488 1152 1488
13 0 656 1488 1072 1488
13 0 1808 1504 1792 1504
13 0 1808 1504 1968 1504
13 0 1648 1440 1648 1472
13 0 1792 1296 1792 1376
13 0 1792 1504 1888 1504
13 0 1888 1504 1888 1648
13 2 1888 1504 1888 1648
13 2 1792 1296 1792 1376
13 2 1648 1440 1648 1472
13 0 1808 1504 1968 1504
13 2 1808 1504 1968 1504
13 2 1792 1504 1808 1504
13 0 656 1488 1072 1488
13 2 656 1488 1072 1488
13 0 1072 1488 1152 1488
13 2 1072 1488 1152 1488
13 2 1152 1488 1392 1488
13 2 1632 1472 1648 1472
13 2 1536 1472 1632 1472
13 0 560 1456 1088 1456
13 2 560 1456 1088 1456
13 0 1088 1456 1152 1456
13 2 1088 1456 1152 1456
13 2 1152 1456 1392 1456
13 0 944 1408 1104 1408
13 2 944 1408 1104 1408
13 0 1104 1408 1152 1408
13 2 1104 1408 1152 1408
13 2 1152 1408 1648 1408
13 0 848 1376 1120 1376
13 2 848 1376 1120 1376
13 0 1120 1376 1152 1376
13 2 1120 1376 1152 1376
13 2 1152 1376 1648 1376
13 0 800 1344 1136 1344
13 2 800 1344 1136 1344
13 0 1136 1344 1152 1344
13 2 1136 1344 1152 1344
13 2 1152 1344 1648 1344
13 0 496 1312 1152 1312
13 2 496 1312 1152 1312
13 2 1152 1312 1648 1312
13 2 1792 1296 2032 1296
17 0 1
17 0 nd5 1744 1264 0
13 0 1888 1504 1888 1648
13 0 1888 1296 1888 1376
13 0 1744 1440 1744 1472
13 0 1888 1504 1968 1504
13 0 656 1488 1488 1488
13 0 1632 1472 1744 1472
13 0 560 1456 1488 1456
13 0 944 1408 1744 1408
13 0 848 1376 1744 1376
13 0 800 1344 1744 1344
13 0 496 1312 1744 1312
13 0 1888 1296 2032 1296
