10 1 1
10 1 1
10 1 1
17 0 or4 2784 1232 0
17 0 1
17 0 or4 2992 1296 0
17 0 or4 2912 1360 0
17 0 or4 2928 1360 0
17 0 3
17 0 2
17 0 and3 2544 1184 0
17 0 or3 2208 1264 0
17 0 or3 1904 1232 0
17 0 or3 1904 1328 0
17 0 and4 1936 1504 0
17 0 6
17 0 5
17 0 4
17 0 and3 1936 1328 0
17 0 and3 1936 1424 0
17 0 and4 1936 1520 0
17 0 6
17 0 5
17 0 4
17 0 3
17 0 2
17 0 1
17 0 and4 1424 640 0
17 0 and3 1424 544 0
17 0 and3 1424 448 0
17 0 or3 1696 384 0
17 0 and3 2032 304 0
17 0 or4 2480 416 0
17 0 6
17 0 or4 2768 800 0
17 0 and3 2080 784 0
17 0 or2 1776 928 0
17 0 and3 1472 896 0
17 0 and4 1472 992 0
17 0 and3 2080 1200 0
17 0 or3 1792 1280 0
17 0 and3 1472 1264 0
17 0 and3 1472 1360 0
17 0 and3 1472 1456 0
17 0 and3 2080 1632 0
17 0 or4 1920 1760 0
17 0 17
17 0 or4 1792 1712 0
17 0 and3 1472 1904 0
17 0 and3 1472 1808 0
17 0 and3 1472 1712 0
17 0 and3 1472 2000 0
17 0 inv 1008 176 1
17 0 inv 912 176 1
17 0 inv 816 176 1
17 0 inv 624 176 1
17 0 inv 512 176 1
17 0 inv 720 176 1
13 0 432 176 480 176
13 0 432 176 464 176
13 0 464 176 480 176
13 0 544 176 592 176
13 0 544 176 576 176
13 0 576 176 592 176
13 0 640 176 688 176
13 0 640 176 672 176
13 0 672 176 688 176
13 0 736 176 784 176
13 0 736 176 768 176
13 0 768 176 784 176
13 0 832 176 880 176
13 0 832 176 864 176
13 0 864 176 880 176
13 0 928 176 976 176
13 0 928 176 960 176
13 0 960 176 976 176
13 0 432 128 432 176
13 0 432 176 432 368
13 0 480 272 480 368
13 0 544 128 544 176
13 0 544 176 544 368
13 0 592 272 592 368
13 0 640 128 640 176
13 0 640 176 640 368
13 0 688 272 688 368
13 0 736 128 736 176
13 0 736 176 736 368
13 0 784 272 784 368
13 0 832 128 832 176
13 0 832 176 832 368
13 0 880 272 880 368
13 0 928 128 928 176
13 0 928 176 928 368
13 0 976 272 976 368
13 5 432 128 a
13 5 544 128 b
13 5 640 128 c
13 5 736 128 d
13 5 832 128 e
13 5 928 128 f
13 8 432 128 1
13 8 544 128 1
13 8 640 128 1
13 8 736 128 1
13 8 832 128 1
13 8 928 128 1
13 2 976 272 976 368
13 2 928 176 928 368
13 2 928 128 928 176
13 2 880 272 880 368
13 2 832 176 832 368
13 2 832 128 832 176
13 2 784 272 784 368
13 2 736 176 736 368
13 2 736 128 736 176
13 2 688 272 688 368
13 2 640 176 640 368
13 2 640 128 640 176
13 2 592 272 592 368
13 2 544 176 544 368
13 2 544 128 544 176
13 2 480 272 480 368
13 2 432 176 432 368
13 2 432 128 432 176
13 2 960 176 976 176
13 2 928 176 960 176
13 2 864 176 880 176
13 2 832 176 864 176
13 2 768 176 784 176
13 2 736 176 768 176
13 2 672 176 688 176
13 2 640 176 672 176
13 2 576 176 592 176
13 2 544 176 576 176
13 2 464 176 480 176
13 2 432 176 464 176
13 7 928 128
13 8 928 128 0
13 7 832 128
13 8 832 128 0
13 7 736 128
13 8 736 128 0
13 7 640 128
13 8 640 128 0
13 7 544 128
13 8 544 128 0
13 7 432 128
13 8 432 128 0
13 8 928 128 1
13 8 832 128 1
13 8 736 128 1
13 8 640 128 1
13 8 544 128 1
13 8 432 128 1
17 0 27
17 0 26
17 0 25
17 0 24
17 0 23
17 0 22
17 0 inv 960 208 1
17 0 inv 864 208 1
17 0 inv 768 208 1
17 0 inv 576 208 1
17 0 inv 464 208 1
17 0 inv 672 208 1
13 0 368 208 416 208
13 0 480 208 528 208
13 0 576 208 624 208
13 0 672 208 720 208
13 0 768 208 816 208
13 0 864 208 912 208
13 0 368 160 368 208
13 0 368 208 368 400
13 0 416 304 416 400
13 0 480 160 480 208
13 0 480 208 480 400
13 0 528 304 528 400
13 0 576 160 576 208
13 0 576 208 576 400
13 0 624 304 624 400
13 0 672 160 672 208
13 0 672 208 672 400
13 0 720 304 720 400
13 0 768 160 768 208
13 0 768 208 768 400
13 0 816 304 816 400
13 0 864 160 864 208
13 0 864 208 864 400
13 0 912 304 912 400
13 5 368 160 a
13 5 480 160 b
13 5 576 160 c
13 5 672 160 d
13 5 768 160 e
13 5 864 160 f
13 8 368 160 1
13 8 480 160 1
13 8 576 160 1
13 8 672 160 1
13 8 768 160 1
13 8 864 160 1
