10 1 1
10 1 1
10 1 1
13 0 1056 512 1664 512
13 2 1056 512 1664 512
13 0 1056 544 1664 544
13 2 1056 544 1664 544
13 0 1056 560 1664 560
13 2 1056 560 1664 560
13 0 1056 736 1664 736
13 2 1056 736 1664 736
13 0 1056 768 1664 768
13 2 1056 768 1664 768
13 0 1056 832 1664 832
13 2 1056 832 1664 832
13 0 1056 864 1664 864
13 2 1056 864 1664 864
13 0 1056 928 1664 928
13 2 1056 928 1664 928
13 0 1056 960 1664 960
13 2 1056 960 1664 960
13 0 1056 1024 1664 1024
13 2 1056 1024 1664 1024
13 0 1056 1056 1664 1056
13 2 1056 1056 1664 1056
13 0 1056 1312 1664 1312
13 2 1056 1312 1664 1312
13 0 1056 1344 1664 1344
13 2 1056 1344 1664 1344
13 0 1056 1376 1664 1376
13 2 1056 1376 1664 1376
13 0 1056 1408 1664 1408
13 2 1056 1408 1664 1408
13 0 1056 1456 1664 1456
13 2 1056 1456 1664 1456
13 0 1056 1488 1664 1488
13 2 1056 1488 1664 1488
13 0 1056 1664 1664 1664
13 2 1056 1664 1664 1664
13 0 1056 1696 1664 1696
13 2 1056 1696 1664 1696
13 0 1056 1728 1664 1728
13 2 1056 1728 1664 1728
13 0 1056 1760 1664 1760
13 2 1056 1760 1664 1760
13 0 1056 1792 1664 1792
13 2 1056 1792 1664 1792
13 0 1056 1840 1664 1840
13 2 1056 1840 1664 1840
13 0 1056 1872 1664 1872
13 2 1056 1872 1664 1872
13 0 1056 1904 1664 1904
13 2 1056 1904 1664 1904
13 0 1056 1968 1664 1968
13 2 1056 1968 1664 1968
13 0 1056 2000 1664 2000
13 2 1056 2000 1664 2000
13 0 1056 2032 1664 2032
13 2 1056 2032 1664 2032
13 0 1056 2096 1664 2096
13 2 1056 2096 1664 2096
13 0 1056 2128 1664 2128
13 2 1056 2128 1664 2128
13 0 1056 2160 1664 2160
13 2 1056 2160 1664 2160
13 0 1056 2192 1664 2192
13 2 1056 2192 1664 2192
13 0 1056 2272 1664 2272
13 2 1056 2272 1664 2272
13 0 1056 2304 1664 2304
13 2 1056 2304 1664 2304
13 0 1056 2336 1664 2336
13 2 1056 2336 1664 2336
13 0 1056 2368 1664 2368
13 2 1056 2368 1664 2368
13 0 1056 2400 1664 2400
13 2 1056 2400 1664 2400
13 0 1056 2432 1664 2432
13 2 1056 2432 1664 2432
13 0 1056 2464 1664 2464
13 2 1056 2464 1664 2464
13 0 1056 2496 1664 2496
13 2 1056 2496 1664 2496
13 0 1056 2528 1664 2528
13 2 1056 2528 1664 2528
13 2 1664 512 2352 512
13 2 1664 544 2288 544
13 2 1664 560 2240 560
13 2 1664 736 1712 736
13 2 1856 752 2000 752
13 2 1664 768 1712 768
13 2 1664 832 1712 832
13 2 1856 848 1968 848
13 2 1664 864 1712 864
13 2 1968 864 2000 864
13 2 1856 912 2000 912
13 2 1664 928 1712 928
13 2 1664 960 1712 960
13 2 1664 1024 1712 1024
13 2 1856 1040 2000 1040
13 2 1664 1056 1712 1056
13 2 2288 1152 2352 1152
13 2 2496 1168 2640 1168
13 2 2240 1184 2352 1184
13 2 2144 1216 2352 1216
13 2 2496 1296 2640 1296
13 2 1664 1312 2352 1312
13 2 2784 1312 2928 1312
13 2 2576 1328 2640 1328
13 2 1664 1344 2352 1344
13 2 2624 1360 2640 1360
13 2 1664 1376 2352 1376
13 2 1664 1408 2352 1408
13 2 1664 1456 2096 1456
13 2 2240 1472 2352 1472
13 2 1664 1488 2096 1488
13 2 2496 1504 2576 1504
13 2 2480 1648 2496 1648
13 2 1664 1664 2336 1664
13 2 1664 1696 2336 1696
13 2 1664 1728 1872 1728
13 2 2240 1728 2336 1728
13 2 1664 1760 1872 1760
13 2 2016 1760 2080 1760
13 2 1664 1792 1872 1792
13 2 1664 1840 1872 1840
13 2 1664 1872 1872 1872
13 2 2016 1872 2048 1872
13 2 1664 1904 1872 1904
13 2 2080 1920 2096 1920
13 2 2048 1952 2096 1952
13 2 1664 1968 1872 1968
13 2 2032 1984 2096 1984
13 2 1664 2000 1872 2000
13 2 2016 2000 2032 2000
13 2 2080 2016 2096 2016
13 2 1664 2032 1872 2032
13 2 2560 2032 2624 2032
13 2 2016 2048 2080 2048
13 2 1664 2096 1872 2096
13 2 1664 2128 1872 2128
13 2 1664 2160 1872 2160
13 2 1664 2192 1872 2192
13 2 1664 2272 2128 2272
13 2 1664 2304 2128 2304
13 2 2272 2304 2560 2304
13 2 1664 2336 1680 2336
13 2 2080 2336 2128 2336
13 2 1664 2368 1680 2368
13 2 1824 2368 1936 2368
13 2 1664 2400 1680 2400
13 2 1664 2432 1680 2432
13 2 1664 2464 1680 2464
13 2 1824 2480 1936 2480
13 2 1664 2496 1680 2496
13 2 1664 2528 1680 2528
13 2 1856 912 1856 944
13 2 1936 2368 1936 2384
13 2 1936 2416 1936 2480
13 2 1968 848 1968 864
13 2 2000 752 2000 848
13 2 2000 864 2000 880
13 2 2000 944 2000 1040
13 2 2016 2048 2016 2144
13 2 2032 1984 2032 2000
13 2 2048 1872 2048 1952
13 2 2080 1760 2080 1920
13 2 2080 2016 2080 2048
13 2 2080 2336 2080 2400
13 2 2144 896 2144 1216
13 2 2240 560 2240 1184
13 2 2240 1728 2240 1968
13 2 2288 544 2288 1152
13 2 2352 512 2352 1120
13 2 2352 1440 2352 1472
13 2 2480 1648 2480 1696
13 2 2496 1296 2496 1376
13 2 2496 1504 2496 1648
13 2 2560 2032 2560 2304
13 2 2576 1328 2576 1504
13 2 2624 1360 2624 2032
13 2 2640 1168 2640 1264
13 7 2928 1312
13 8 2928 1312 0
17 0 1
17 0 2
17 0 7
17 0 21
17 0 20
17 0 9
17 0 17
17 0 19
17 0 18
17 0 22
17 0 24
17 0 23
17 0 3
17 0 4
17 0 5
17 0 6
17 0 10
17 0 25
17 0 8
17 0 nd4 2032 1216 0
17 0 nd4 1744 1072 0
17 0 nd4 1392 800 0
17 0 nd4 1488 1872 0
17 0 nd4 1264 2048 0
17 0 nd4 1072 2384 0
17 0 nd3 1728 1616 0
17 0 nd3 1264 1920 0
17 0 nd3 1264 1792 0
17 0 nd3 1264 1680 0
17 0 nd3 1520 2224 0
17 0 nd3 1072 2288 0
17 0 nd2 1104 976 0
17 0 nd2 1104 880 0
17 0 nd2 1104 784 0
17 0 nd2 1104 688 0
17 0 nd2 1488 1408 0
17 0 nd2 1328 2336 0
17 0 nd5 1744 1264 0
13 0 1056 512 1744 512
13 0 1056 544 1680 544
13 0 1056 560 1632 560
13 0 1056 736 1104 736
13 0 1248 752 1392 752
13 0 1056 768 1104 768
13 0 1056 832 1104 832
13 0 1248 848 1360 848
13 0 1056 864 1104 864
13 0 1360 864 1392 864
13 0 1248 912 1392 912
13 0 1056 928 1104 928
13 0 1056 960 1104 960
13 0 1056 1024 1104 1024
13 0 1248 1040 1392 1040
13 0 1056 1056 1104 1056
13 0 1680 1152 1744 1152
13 0 1888 1168 2032 1168
13 0 1632 1184 1744 1184
13 0 1536 1216 1744 1216
13 0 1888 1296 2032 1296
13 0 1056 1312 1744 1312
13 0 2176 1312 2320 1312
13 0 1968 1328 2032 1328
13 0 1056 1344 1744 1344
13 0 2016 1360 2032 1360
13 0 1056 1376 1744 1376
13 0 1056 1408 1744 1408
13 0 1056 1456 1488 1456
13 0 1632 1472 1744 1472
13 0 1056 1488 1488 1488
13 0 1888 1504 1968 1504
13 0 1872 1648 1888 1648
13 0 1056 1664 1728 1664
13 0 1056 1696 1728 1696
13 0 1056 1728 1264 1728
13 0 1632 1728 1728 1728
13 0 1056 1760 1264 1760
13 0 1408 1760 1472 1760
13 0 1056 1792 1264 1792
13 0 1056 1840 1264 1840
13 0 1056 1872 1264 1872
13 0 1408 1872 1440 1872
13 0 1056 1904 1264 1904
13 0 1472 1920 1488 1920
13 0 1440 1952 1488 1952
13 0 1056 1968 1264 1968
13 0 1424 1984 1488 1984
13 0 1056 2000 1264 2000
13 0 1408 2000 1424 2000
13 0 1472 2016 1488 2016
13 0 1056 2032 1264 2032
13 0 1952 2032 2016 2032
13 0 1408 2048 1472 2048
13 0 1056 2096 1264 2096
13 0 1056 2128 1264 2128
13 0 1056 2160 1264 2160
13 0 1056 2192 1264 2192
13 0 1056 2272 1520 2272
13 0 1056 2304 1520 2304
13 0 1664 2304 1952 2304
13 0 1056 2336 1072 2336
13 0 1472 2336 1520 2336
13 0 1056 2368 1072 2368
13 0 1216 2368 1328 2368
13 0 1056 2400 1072 2400
13 0 1056 2432 1072 2432
13 0 1056 2464 1072 2464
13 0 1216 2480 1328 2480
13 0 1056 2496 1072 2496
13 0 1056 2528 1072 2528
13 0 1248 912 1248 944
13 0 1328 2368 1328 2384
13 0 1328 2416 1328 2480
13 0 1360 848 1360 864
13 0 1392 752 1392 848
13 0 1392 864 1392 880
13 0 1392 944 1392 1040
13 0 1408 2048 1408 2144
13 0 1424 1984 1424 2000
13 0 1440 1872 1440 1952
13 0 1472 1760 1472 1920
13 0 1472 2016 1472 2048
13 0 1472 2336 1472 2400
13 0 1536 896 1536 1216
13 0 1632 560 1632 1184
13 0 1632 1728 1632 1968
13 0 1680 544 1680 1152
13 0 1744 512 1744 1120
13 0 1744 1440 1744 1472
13 0 1872 1648 1872 1696
13 0 1888 1296 1888 1376
13 0 1888 1504 1888 1648
13 0 1952 2032 1952 2304
13 0 1968 1328 1968 1504
13 0 2016 1360 2016 2032
13 0 2032 1168 2032 1264
13 5 2320 1312 rez
13 8 2928 1312 2
13 8 2320 1312 2
