10 1 1
10 1 1
10 1 1
13 2 944 864 1104 864
13 0 944 864 944 368
13 2 944 368 944 864
13 2 944 864 944 1408
13 0 960 864 960 1408
13 0 960 1408 944 1408
13 0 960 864 960 368
13 0 960 368 944 368
13 0 960 864 1104 864
13 2 960 864 1104 864
13 0 960 864 960 368
13 2 960 368 960 864
13 2 960 864 960 1408
13 0 944 864 944 1408
13 0 944 368 944 864
13 0 944 864 1104 864
13 0 960 864 976 864
13 2 960 864 976 864
13 2 976 864 1104 864
13 0 992 864 1104 864
13 2 944 864 960 864
13 0 944 848 944 864
13 2 944 848 944 864
13 0 944 864 944 880
13 2 944 864 944 880
13 2 944 368 944 848
13 0 944 880 944 368
13 0 944 2032 960 2032
13 2 944 2032 960 2032
13 0 944 2016 944 2032
13 2 944 2016 944 2032
13 0 944 2032 944 2048
13 2 944 2032 944 2048
13 2 960 2032 1264 2032
13 0 992 2032 1264 2032
13 2 944 1904 944 2016
13 0 944 2048 944 1904
