10 1 1
10 1 1
10 1 1
13 0 1536 1216 1584 1216
13 2 1536 1216 1584 1216
13 2 1536 896 1536 1216
17 0 nd4 3008 880 0
17 0 nd2 2720 1056 0
17 0 nd2 2720 960 0
17 0 nd2 2720 864 0
13 0 2272 816 2720 816
13 0 2864 832 3008 832
13 0 2512 848 2720 848
13 0 2512 912 2720 912
13 0 2864 928 2976 928
13 0 2608 944 2720 944
13 0 2976 944 3008 944
13 0 2864 992 3008 992
13 0 2320 1008 2720 1008
13 0 2464 1040 2720 1040
13 0 2464 1104 2720 1104
13 0 2864 1120 3008 1120
13 0 2608 1136 2720 1136
13 0 2224 800 2224 1152
13 0 2272 800 2272 816
13 0 2272 816 2272 1152
13 0 2320 800 2320 1008
13 0 2320 1008 2320 1152
13 0 2368 800 2368 1152
13 0 2416 800 2416 1152
13 0 2464 800 2464 1040
13 0 2464 1040 2464 1104
13 0 2464 1104 2464 1152
13 0 2512 800 2512 848
13 0 2512 848 2512 912
13 0 2512 912 2512 1152
13 0 2560 800 2560 1152
13 0 2608 800 2608 944
13 0 2608 944 2608 1136
13 0 2608 1136 2608 1152
13 0 2864 992 2864 1024
13 0 2976 928 2976 944
13 0 3008 832 3008 928
13 0 3008 944 3008 960
13 0 3008 1024 3008 1120
17 0 10
17 0 17
17 0 9
17 0 20
13 2 656 736 1104 736
13 2 1248 752 1392 752
13 2 896 768 1104 768
13 2 896 832 1104 832
13 2 1248 848 1360 848
13 2 992 864 1104 864
13 2 1360 864 1392 864
13 2 1248 912 1392 912
13 2 704 928 1104 928
13 2 848 960 1104 960
13 2 848 1024 1104 1024
13 2 1248 1040 1392 1040
13 2 992 1056 1104 1056
13 0 608 720 608 1072
13 2 608 720 608 1072
13 0 656 720 656 736
13 2 656 720 656 736
13 0 656 736 656 1072
13 2 656 736 656 1072
13 0 704 720 704 928
13 2 704 720 704 928
13 0 704 928 704 1072
13 2 704 928 704 1072
13 0 752 720 752 1072
13 2 752 720 752 1072
13 0 800 720 800 1072
13 2 800 720 800 1072
13 0 848 720 848 960
13 2 848 720 848 960
13 0 848 960 848 1024
13 2 848 960 848 1024
13 0 848 1024 848 1072
13 2 848 1024 848 1072
13 0 896 720 896 768
13 2 896 720 896 768
13 0 896 768 896 832
13 2 896 768 896 832
13 0 896 832 896 1072
13 2 896 832 896 1072
13 0 944 720 944 1072
13 2 944 720 944 1072
13 0 992 720 992 864
13 2 992 720 992 864
13 0 992 864 992 1056
13 2 992 864 992 1056
13 0 992 1056 992 1072
13 2 992 1056 992 1072
13 2 1248 912 1248 944
13 2 1360 848 1360 864
13 2 1392 752 1392 848
13 2 1392 864 1392 880
13 2 1392 944 1392 1040
17 0 21
17 0 nd2 2720 768 0
13 2 2272 816 2720 816
13 2 2864 832 3008 832
13 2 2512 848 2720 848
13 2 2512 912 2720 912
13 2 2864 928 2976 928
13 2 2608 944 2720 944
13 2 2976 944 3008 944
13 2 2864 992 3008 992
13 2 2320 1008 2720 1008
13 2 2464 1040 2720 1040
13 2 2464 1104 2720 1104
13 2 2864 1120 3008 1120
13 2 2608 1136 2720 1136
13 2 2224 800 2224 1152
13 0 2272 800 2272 816
13 2 2272 800 2272 816
13 2 2272 816 2272 1152
13 0 2320 800 2320 1008
13 2 2320 800 2320 1008
13 2 2320 1008 2320 1152
13 2 2368 800 2368 1152
13 2 2416 800 2416 1152
13 0 2464 800 2464 1040
13 2 2464 800 2464 1040
13 0 2464 1040 2464 1104
13 2 2464 1040 2464 1104
13 2 2464 1104 2464 1152
13 0 2512 800 2512 848
13 2 2512 800 2512 848
13 0 2512 848 2512 912
13 2 2512 848 2512 912
13 2 2512 912 2512 1152
13 2 2560 800 2560 1152
13 0 2608 800 2608 944
13 2 2608 800 2608 944
13 0 2608 944 2608 1136
13 2 2608 944 2608 1136
13 2 2608 1136 2608 1152
13 2 2864 992 2864 1024
13 2 2976 928 2976 944
13 2 3008 832 3008 928
13 2 3008 944 3008 960
13 2 3008 1024 3008 1120
17 0 29
17 0 28
17 0 27
17 0 26
17 0 21
17 0 nd2 1104 992 0
17 0 nd2 1104 1088 0
17 0 nd2 1104 1184 0
17 0 nd4 1392 1008 0
17 0 nd2 1104 896 0
13 0 656 944 1104 944
13 0 1248 960 1392 960
13 0 896 976 1104 976
13 0 896 1040 1104 1040
13 0 1248 1056 1360 1056
13 0 992 1072 1104 1072
13 0 1360 1072 1392 1072
13 0 1248 1120 1392 1120
13 0 704 1136 1104 1136
13 0 848 1168 1104 1168
13 0 848 1232 1104 1232
13 0 1248 1248 1392 1248
13 0 992 1264 1104 1264
13 0 608 928 608 1280
13 0 656 928 656 944
13 0 656 944 656 1280
13 0 704 928 704 1136
13 0 704 1136 704 1280
13 0 752 928 752 1280
13 0 800 928 800 1280
13 0 848 928 848 1168
13 0 848 1168 848 1232
13 0 848 1232 848 1280
13 0 896 928 896 976
13 0 896 976 896 1040
13 0 896 1040 896 1280
13 0 944 928 944 1280
13 0 992 928 992 1072
13 0 992 1072 992 1264
13 0 992 1264 992 1280
13 0 1248 1120 1248 1152
13 0 1360 1056 1360 1072
13 0 1392 960 1392 1056
13 0 1392 1072 1392 1088
13 0 1392 1152 1392 1248
13 2 608 544 608 720
13 0 608 928 608 544
13 2 656 928 656 944
13 0 656 720 656 944
13 2 704 464 704 720
13 0 704 928 704 464
13 2 752 928 752 1872
13 0 752 720 752 1872
13 2 800 560 800 720
13 0 800 928 800 560
13 2 848 928 848 1168
13 0 848 720 848 1168
13 2 896 464 896 720
13 0 896 928 896 464
13 2 944 368 944 720
13 0 944 928 944 368
13 2 992 928 992 1072
13 0 992 720 992 1072
13 2 1584 1216 1744 1216
13 0 1552 1168 1744 1168
13 0 1744 1168 1744 1216
13 0 1744 1168 1744 1184
13 0 1744 1184 1744 1216
13 2 1744 1184 1744 1216
13 2 1744 1168 1744 1184
13 2 1552 1168 1744 1168
13 0 1584 1216 1744 1216
13 0 1584 1216 1584 1104
13 0 1584 1104 1536 1104
13 2 448 512 1744 512
13 2 608 544 1680 544
13 2 800 560 1632 560
13 0 448 496 448 512
13 2 448 496 448 512
13 0 448 512 448 592
13 2 448 512 448 592
13 0 496 496 496 592
13 2 496 496 496 592
13 0 560 496 560 592
13 2 560 496 560 592
13 0 608 496 608 544
13 2 608 496 608 544
13 0 608 544 608 592
13 2 608 544 608 592
13 0 656 496 656 592
13 2 656 496 656 592
13 0 704 496 704 592
13 2 704 496 704 592
13 0 752 496 752 592
13 2 752 496 752 592
13 0 800 496 800 560
13 2 800 496 800 560
13 0 800 560 800 592
13 2 800 560 800 592
13 0 848 496 848 592
13 2 848 496 848 592
13 0 896 496 896 592
13 2 896 496 896 592
13 0 944 496 944 592
13 2 944 496 944 592
13 0 992 496 992 592
13 2 992 496 992 592
13 0 1632 560 1632 592
13 2 1632 560 1632 592
13 0 1680 544 1680 592
13 2 1680 544 1680 592
13 0 1744 512 1744 592
13 2 1744 512 1744 592
13 0 448 832 1744 832
13 0 608 864 1680 864
13 0 800 880 1632 880
13 0 448 816 448 832
13 0 448 832 448 912
13 0 496 816 496 912
13 0 560 816 560 912
13 0 608 816 608 864
13 0 608 864 608 912
13 0 656 816 656 912
13 0 704 816 704 912
13 0 752 816 752 912
13 0 800 816 800 880
13 0 800 880 800 912
13 0 848 816 848 912
13 0 896 816 896 912
13 0 944 816 944 912
13 0 992 816 992 912
13 0 1632 880 1632 912
13 0 1680 864 1680 912
13 0 1744 832 1744 912
13 2 800 880 1632 880
13 2 608 864 1680 864
13 2 448 832 1744 832
13 0 1744 512 1744 592
13 0 1680 544 1680 592
13 0 1632 560 1632 592
13 0 992 496 992 592
13 0 944 496 944 592
13 0 896 496 896 592
13 0 848 496 848 592
13 0 800 560 800 592
13 0 800 496 800 560
13 0 752 496 752 592
13 0 704 496 704 592
13 0 656 496 656 592
13 0 608 544 608 592
13 0 608 496 608 544
13 0 560 496 560 592
13 0 496 496 496 592
13 0 448 512 448 592
13 0 448 496 448 512
13 0 800 560 1632 560
13 0 608 544 1680 544
13 0 448 512 1744 512
13 2 448 512 1744 512
13 2 608 544 1680 544
13 2 800 560 1632 560
13 0 448 368 448 512
13 2 448 368 448 512
13 2 448 512 448 1728
13 2 496 464 496 1312
13 2 560 368 560 1456
13 0 608 464 608 544
13 2 608 464 608 544
13 2 608 544 608 2368
13 2 656 368 656 944
13 2 704 464 704 1136
13 2 752 368 752 1872
13 0 800 464 800 560
13 2 800 464 800 560
13 2 800 560 800 1344
13 2 848 368 848 1168
13 2 896 464 896 976
13 2 944 368 944 1408
13 2 992 464 992 1072
13 2 1632 560 1632 1184
13 2 1680 544 1680 1152
13 2 1744 512 1744 1120
13 0 448 512 1744 512
13 0 608 544 1680 544
13 0 800 560 1632 560
13 0 448 480 448 512
13 0 448 368 448 480
13 0 448 512 448 736
13 0 448 736 448 1728
13 0 496 480 496 736
13 0 496 464 496 480
13 0 496 480 496 736
13 0 496 736 496 1312
13 0 560 480 560 736
13 0 560 368 560 480
13 0 560 480 560 736
13 0 560 736 560 1456
13 0 608 480 608 544
13 0 608 464 608 480
13 0 608 544 608 736
13 0 608 736 608 2368
13 0 656 480 656 736
13 0 656 368 656 480
13 0 656 480 656 736
13 0 656 736 656 944
13 0 704 480 704 736
13 0 704 464 704 480
13 0 704 480 704 736
13 0 704 736 704 1136
13 0 752 480 752 736
13 0 752 368 752 480
13 0 752 480 752 736
13 0 752 736 752 1872
13 0 800 480 800 560
13 0 800 464 800 480
13 0 800 560 800 736
13 0 800 736 800 1344
13 0 848 480 848 736
13 0 848 368 848 480
13 0 848 480 848 736
13 0 848 736 848 1168
13 0 896 480 896 736
13 0 896 464 896 480
13 0 896 480 896 736
13 0 896 736 896 976
13 0 944 480 944 736
13 0 944 368 944 480
13 0 944 480 944 736
13 0 944 736 944 1408
13 0 992 480 992 736
13 0 992 464 992 480
13 0 992 480 992 736
13 0 992 736 992 1072
13 0 1632 560 1632 736
13 0 1632 736 1632 1184
13 0 1680 544 1680 736
13 0 1680 736 1680 1152
13 0 1744 512 1744 736
13 0 1744 736 1744 1120
13 0 1744 736 1744 1120
13 2 1744 736 1744 1120
13 2 1744 512 1744 736
13 0 1680 736 1680 1152
13 2 1680 736 1680 1152
13 2 1680 544 1680 736
13 0 1632 736 1632 1184
13 2 1632 736 1632 1184
13 2 1632 560 1632 736
13 0 992 736 992 1072
13 2 992 736 992 1072
13 0 992 464 992 480
13 2 992 464 992 480
13 2 992 480 992 736
13 0 944 736 944 1408
13 2 944 736 944 1408
13 0 944 368 944 480
13 2 944 368 944 480
13 2 944 480 944 736
13 0 896 736 896 976
13 2 896 736 896 976
13 0 896 464 896 480
13 2 896 464 896 480
13 2 896 480 896 736
13 0 848 736 848 1168
13 2 848 736 848 1168
13 0 848 368 848 480
13 2 848 368 848 480
13 2 848 480 848 736
13 0 800 736 800 1344
13 2 800 736 800 1344
13 2 800 560 800 736
13 0 800 464 800 480
13 2 800 464 800 480
13 2 800 480 800 560
13 0 752 736 752 1872
13 2 752 736 752 1872
13 0 752 368 752 480
13 2 752 368 752 480
13 2 752 480 752 736
13 0 704 736 704 1136
13 2 704 736 704 1136
13 0 704 464 704 480
13 2 704 464 704 480
13 2 704 480 704 736
13 0 656 736 656 944
13 2 656 736 656 944
13 0 656 368 656 480
13 2 656 368 656 480
13 2 656 480 656 736
13 0 608 736 608 2368
13 2 608 736 608 2368
13 2 608 544 608 736
13 0 608 464 608 480
13 2 608 464 608 480
13 2 608 480 608 544
13 0 560 736 560 1456
13 2 560 736 560 1456
13 0 560 368 560 480
13 2 560 368 560 480
13 2 560 480 560 736
13 0 496 736 496 1312
13 2 496 736 496 1312
13 0 496 464 496 480
13 2 496 464 496 480
13 2 496 480 496 736
13 0 448 736 448 1728
13 2 448 736 448 1728
13 2 448 512 448 736
13 0 448 368 448 480
13 2 448 368 448 480
13 2 448 480 448 512
13 2 800 560 1632 560
13 2 608 544 1680 544
13 2 448 512 1744 512
13 0 1744 512 1744 1120
13 0 1680 544 1680 1152
13 0 1632 560 1632 1184
13 0 992 464 992 1072
13 0 944 368 944 1408
13 0 896 464 896 976
13 0 848 368 848 1168
13 0 800 560 800 1344
13 0 800 464 800 560
13 0 752 368 752 1872
13 0 704 464 704 1136
13 0 656 368 656 944
13 0 608 544 608 2368
13 0 608 464 608 544
13 0 560 368 560 1456
13 0 496 464 496 1312
13 0 448 512 448 1728
13 0 448 368 448 512
13 0 800 560 1632 560
13 0 608 544 1680 544
13 0 448 512 1744 512
13 0 1136 512 1744 512
13 2 1136 512 1744 512
13 2 448 512 1136 512
13 0 1152 544 1680 544
13 2 1152 544 1680 544
13 2 608 544 1152 544
13 0 1152 560 1632 560
13 2 1152 560 1632 560
13 2 800 560 1152 560
13 0 1120 752 448 752
13 0 448 752 448 512
13 0 1120 752 1744 752
13 0 1744 752 1744 512
13 0 1136 784 608 784
13 0 608 784 608 544
13 0 1136 784 1680 784
13 0 1680 784 1680 544
13 0 1136 800 800 800
13 0 800 800 800 560
13 0 1136 800 1632 800
13 0 1632 800 1632 560
13 0 1136 800 1632 800
13 2 1136 800 1632 800
13 2 800 800 1136 800
13 0 1136 784 1680 784
13 2 1136 784 1680 784
13 2 608 784 1136 784
13 0 1120 752 1744 752
13 2 1120 752 1744 752
13 2 448 752 1120 752
13 0 800 560 1152 560
13 0 1152 560 1632 560
13 0 608 544 1152 544
13 0 1152 544 1680 544
13 0 448 512 1136 512
13 0 1136 512 1744 512
13 0 448 832 1744 832
13 0 448 848 1744 848
13 0 448 512 1616 512
13 2 448 512 1616 512
13 0 608 544 1616 544
13 2 608 544 1616 544
13 0 800 560 1616 560
13 2 800 560 1616 560
13 0 448 496 448 512
13 2 448 496 448 512
13 0 448 512 448 592
13 2 448 512 448 592
13 0 496 496 496 592
13 2 496 496 496 592
13 0 560 496 560 592
13 2 560 496 560 592
13 0 608 496 608 544
13 2 608 496 608 544
13 0 608 544 608 592
13 2 608 544 608 592
13 0 656 496 656 592
13 2 656 496 656 592
13 0 704 496 704 592
13 2 704 496 704 592
13 0 752 496 752 592
13 2 752 496 752 592
13 0 800 496 800 560
13 2 800 496 800 560
13 0 800 560 800 592
13 2 800 560 800 592
13 0 848 496 848 592
13 2 848 496 848 592
13 0 896 496 896 592
13 2 896 496 896 592
13 0 944 496 944 592
13 2 944 496 944 592
13 0 992 496 992 592
13 2 992 496 992 592
13 0 448 832 1616 832
13 0 608 864 1616 864
13 0 800 880 1616 880
13 0 448 816 448 832
13 0 448 832 448 912
13 0 496 816 496 912
13 0 560 816 560 912
13 0 608 816 608 864
13 0 608 864 608 912
13 0 656 816 656 912
13 0 704 816 704 912
13 0 752 816 752 912
13 0 800 816 800 880
13 0 800 880 800 912
13 0 848 816 848 912
13 0 896 816 896 912
13 0 944 816 944 912
13 0 992 816 992 912
13 2 1616 512 1744 512
13 2 1616 544 1680 544
13 2 1616 560 1632 560
13 0 1632 560 1632 1072
13 2 1632 560 1632 1072
13 0 1680 544 1680 1072
13 2 1680 544 1680 1072
13 0 1744 512 1744 1072
13 2 1744 512 1744 1072
13 0 1616 832 1744 832
13 0 1744 832 1744 1072
13 0 1616 864 1680 864
13 0 1680 864 1680 1072
13 0 1408 880 1616 880
13 2 1408 880 1616 880
13 2 800 880 1408 880
13 0 1408 896 800 896
13 0 800 896 800 880
13 0 1408 896 1616 896
13 0 1616 896 1616 880
13 2 1616 880 1616 896
13 0 1408 896 1616 896
13 2 1408 896 1616 896
13 2 800 896 1408 896
13 0 800 880 1408 880
13 0 1408 880 1616 880
13 0 1600 880 1616 880
13 2 1600 880 1616 880
13 2 800 880 1600 880
13 0 1600 896 800 896
13 0 800 896 800 880
13 0 1600 896 1616 896
13 0 1616 896 1616 880
13 0 1600 896 1616 896
13 2 1600 896 1616 896
13 2 1616 880 1616 896
13 2 800 896 1600 896
13 0 1632 1072 800 1072
13 0 800 1072 1392 1072
13 0 800 1072 1104 1072
13 0 1104 1072 1360 1072
13 0 1392 1072 1632 1072
13 0 800 1072 800 896
13 2 1392 1072 1632 1072
13 2 1104 1072 1360 1072
13 2 800 1072 992 1072
13 0 800 896 1600 896
13 0 1600 896 1600 1072
13 0 1600 1072 1632 1072
13 2 1600 1072 1632 1072
13 2 1600 896 1600 1072
13 0 1600 896 1632 896
13 0 1632 896 1632 1072
13 2 1872 1648 1888 1648
13 2 1872 1648 1872 1696
13 0 1904 1712 1904 1696
13 0 1904 1696 1872 1696
13 0 1904 1712 1888 1712
13 0 1888 1712 1888 1648
13 0 1888 1712 1888 1648
13 2 1888 1648 1888 1712
13 2 1888 1712 1904 1712
13 2 1872 1696 1904 1696
13 2 1904 1696 1904 1712
13 0 1872 1648 1872 1696
13 0 1872 1648 1888 1648
13 2 1872 1648 1888 1648
13 2 1872 1648 1872 1696
13 2 1888 1504 1888 1648
13 0 1888 1664 1904 1664
13 0 1888 1664 1888 1696
13 0 1888 1696 1872 1696
13 0 1904 1664 1888 1664
13 0 1888 1504 1888 1664
13 2 1888 1664 1904 1664
13 0 1888 1648 1888 1664
13 2 1888 1648 1888 1664
13 0 1888 1664 1888 1680
13 2 1888 1664 1888 1680
13 2 1888 1680 1888 1696
13 0 1888 1648 1888 1696
13 0 448 592 448 800
13 2 448 592 448 800
13 0 496 592 496 800
13 2 496 592 496 800
13 0 560 592 560 800
13 2 560 592 560 800
13 0 608 592 608 800
13 2 608 592 608 800
13 0 656 592 656 800
13 2 656 592 656 800
13 0 704 592 704 800
13 2 704 592 704 800
13 0 752 592 752 800
13 2 752 592 752 800
13 0 800 592 800 800
13 2 800 592 800 800
13 0 848 592 848 800
13 2 848 592 848 800
13 0 896 592 896 800
13 2 896 592 896 800
13 0 944 592 944 800
13 2 944 592 944 800
13 0 992 592 992 800
13 2 992 592 992 800
13 2 448 368 496 368
13 2 560 368 608 368
13 2 656 368 704 368
13 2 752 368 800 368
13 2 848 368 896 368
13 2 944 368 992 368
13 0 448 320 448 368
13 2 448 320 448 368
13 2 448 368 448 496
13 2 496 464 496 496
13 0 560 320 560 368
13 2 560 320 560 368
13 2 560 368 560 496
13 2 608 464 608 496
13 0 656 320 656 368
13 2 656 320 656 368
13 2 656 368 656 496
13 2 704 464 704 496
13 0 752 320 752 368
13 2 752 320 752 368
13 2 752 368 752 496
13 2 800 464 800 496
13 0 848 320 848 368
13 2 848 320 848 368
13 2 848 368 848 496
13 2 896 464 896 496
13 0 944 320 944 368
13 2 944 320 944 368
13 2 944 368 944 496
13 2 992 464 992 496
13 7 448 320
13 8 448 320 0
13 7 560 320
13 8 560 320 0
13 7 656 320
13 8 656 320 0
13 7 752 320
13 8 752 320 0
13 7 848 320
13 8 848 320 0
13 7 944 320
13 8 944 320 0
17 0 11
17 0 12
17 0 13
17 0 14
17 0 15
17 0 16
17 0 inv 1040 672 1
17 0 inv 944 672 1
17 0 inv 848 672 1
17 0 inv 656 672 1
17 0 inv 544 672 1
17 0 inv 752 672 1
13 0 448 672 496 672
13 0 560 672 608 672
13 0 656 672 704 672
13 0 752 672 800 672
13 0 848 672 896 672
13 0 944 672 992 672
13 0 448 624 448 672
13 0 448 672 448 800
13 0 496 768 496 800
13 0 560 624 560 672
13 0 560 672 560 800
13 0 608 768 608 800
13 0 656 624 656 672
13 0 656 672 656 800
13 0 704 768 704 800
13 0 752 624 752 672
13 0 752 672 752 800
13 0 800 768 800 800
13 0 848 624 848 672
13 0 848 672 848 800
13 0 896 768 896 800
13 0 944 624 944 672
13 0 944 672 944 800
13 0 992 768 992 800
13 5 448 624 a
13 5 560 624 b
13 5 656 624 c
13 5 752 624 d
13 5 848 624 e
13 5 944 624 f
13 8 448 320 1
13 8 560 320 1
13 8 656 320 1
13 8 752 320 1
13 8 848 320 1
13 8 944 320 1
13 8 448 624 1
13 8 560 624 1
13 8 656 624 1
13 8 752 624 1
13 8 848 624 1
13 8 944 624 1
17 0 7
13 2 496 1312 1744 1312
13 2 800 1344 1744 1344
13 2 848 1376 1744 1376
13 2 944 1408 1744 1408
13 2 560 1456 1488 1456
13 2 1632 1472 1744 1472
13 2 656 1488 1488 1488
13 0 448 1296 448 1536
13 2 448 1296 448 1536
13 0 496 1296 496 1312
13 2 496 1296 496 1312
13 0 496 1312 496 1536
13 2 496 1312 496 1536
13 0 560 1296 560 1456
13 2 560 1296 560 1456
13 0 560 1456 560 1536
13 2 560 1456 560 1536
13 0 608 1296 608 1536
13 2 608 1296 608 1536
13 0 656 1296 656 1488
13 2 656 1296 656 1488
13 0 656 1488 656 1536
13 2 656 1488 656 1536
13 0 704 1296 704 1536
13 2 704 1296 704 1536
13 0 752 1296 752 1536
13 2 752 1296 752 1536
13 0 800 1296 800 1344
13 2 800 1296 800 1344
13 0 800 1344 800 1536
13 2 800 1344 800 1536
13 0 848 1296 848 1376
13 2 848 1296 848 1376
13 0 848 1376 848 1536
13 2 848 1376 848 1536
13 0 896 1296 896 1536
13 2 896 1296 896 1536
13 0 944 1296 944 1408
13 2 944 1296 944 1408
13 0 944 1408 944 1536
13 2 944 1408 944 1536
13 0 992 1296 992 1536
13 2 992 1296 992 1536
13 2 1744 1440 1744 1472
17 0 nd2 1488 1536 0
13 0 496 1440 1744 1440
13 0 800 1472 1744 1472
13 0 848 1504 1744 1504
13 0 944 1536 1744 1536
13 0 944 1536 992 1536
13 0 992 1536 1744 1536
13 0 560 1584 1488 1584
13 0 1632 1600 1744 1600
13 0 656 1616 1488 1616
13 0 448 1424 448 1664
13 0 496 1424 496 1440
13 0 496 1440 496 1664
13 0 560 1424 560 1584
13 0 560 1584 560 1664
13 0 608 1424 608 1664
13 0 656 1424 656 1616
13 0 656 1616 656 1664
13 0 704 1424 704 1664
13 0 752 1424 752 1664
13 0 800 1424 800 1472
13 0 800 1472 800 1664
13 0 848 1424 848 1504
13 0 848 1504 848 1664
13 0 896 1424 896 1664
13 0 944 1424 944 1536
13 0 944 1536 944 1664
13 0 992 1424 992 1664
13 0 1744 1568 1744 1600
13 2 1744 1568 1744 1600
13 2 992 1424 992 1536
13 2 944 1424 944 1536
13 0 896 1424 896 1536
13 2 896 1424 896 1536
13 0 848 1504 848 1536
13 2 848 1504 848 1536
13 2 848 1424 848 1504
13 0 800 1472 800 1536
13 2 800 1472 800 1536
13 2 800 1424 800 1472
13 0 752 1424 752 1536
13 2 752 1424 752 1536
13 0 704 1424 704 1536
13 2 704 1424 704 1536
13 0 656 1424 656 1536
13 2 656 1424 656 1536
13 0 608 1424 608 1536
13 2 608 1424 608 1536
13 0 560 1424 560 1536
13 2 560 1424 560 1536
13 0 496 1440 496 1536
13 2 496 1440 496 1536
13 2 496 1424 496 1440
13 0 448 1424 448 1536
13 2 448 1424 448 1536
13 2 656 1616 1488 1616
13 2 1632 1600 1744 1600
13 2 560 1584 1488 1584
13 2 992 1536 1744 1536
13 2 944 1536 992 1536
13 2 848 1504 1744 1504
13 2 800 1472 1744 1472
13 2 496 1440 1744 1440
17 0 7
17 0 nd2 1488 1536 0
13 0 496 1440 1744 1440
13 0 800 1472 1744 1472
13 0 848 1504 1744 1504
13 0 944 1536 1744 1536
13 0 944 1536 992 1536
13 0 992 1536 1744 1536
13 0 560 1584 1488 1584
13 0 1632 1600 1744 1600
13 0 656 1616 1488 1616
13 0 448 1424 448 1664
13 0 496 1424 496 1440
13 0 496 1440 496 1664
13 0 560 1424 560 1584
13 0 560 1584 560 1664
13 0 608 1424 608 1664
13 0 656 1424 656 1616
13 0 656 1616 656 1664
13 0 704 1424 704 1664
13 0 752 1424 752 1664
13 0 800 1424 800 1472
13 0 800 1472 800 1664
13 0 848 1424 848 1504
13 0 848 1504 848 1664
13 0 896 1424 896 1664
13 0 944 1424 944 1536
13 0 944 1536 944 1664
13 0 992 1424 992 1664
13 0 1744 1568 1744 1600
13 2 496 1440 1744 1440
13 2 1888 1296 1888 1376
17 0 1
17 0 nd5 1744 1392 0
13 0 1744 1568 1744 1440
13 0 1744 1440 1744 1536
13 0 1744 1440 1744 1504
13 0 1744 1440 1744 1472
13 0 1744 1472 1744 1504
13 0 1744 1504 1744 1536
13 0 1744 1536 1744 1568
13 0 496 1440 1744 1440
13 0 1888 1440 1888 1504
13 0 1888 1296 1888 1440
13 0 1888 1296 1888 1440
13 2 1888 1296 1888 1440
13 2 1888 1440 1888 1504
13 2 496 1440 1744 1440
13 2 1744 1536 1744 1568
13 2 1744 1504 1744 1536
13 2 1744 1472 1744 1504
13 2 1744 1440 1744 1472
17 0 1
17 0 nd5 1744 1264 0
13 0 1888 1296 1888 1376
13 0 496 1440 1744 1440
13 0 1712 1440 1744 1440
13 2 1712 1440 1744 1440
13 2 1888 1296 1888 1376
17 0 1
17 0 nd5 1744 1392 0
13 0 1888 1440 1888 1504
13 0 1888 1296 1888 1440
13 2 800 1472 1744 1472
13 2 848 1504 1744 1504
13 2 1888 1504 1968 1504
13 2 992 1536 1744 1536
13 2 1744 1568 1744 1600
13 2 1888 1296 1888 1504
13 2 1888 1504 1888 1696
17 0 1
17 0 nd5 1808 1344 0
13 0 1776 1424 1808 1424
13 0 1776 1424 1776 1472
13 0 800 1472 1776 1472
13 0 1792 1456 1808 1456
13 0 1792 1456 1792 1504
13 0 848 1504 1792 1504
13 0 1952 1456 1952 1504
13 0 1952 1504 1968 1504
13 0 1808 1488 1808 1536
13 0 1808 1488 1808 1520
13 0 1808 1520 1808 1536
13 0 992 1536 1808 1536
13 0 1808 1520 1744 1520
13 0 1744 1520 1744 1600
13 0 1952 1392 1952 1456
13 0 1952 1392 1888 1392
13 0 1888 1296 1888 1392
13 0 1952 1456 1952 1520
13 0 1952 1536 1952 1520
13 0 1952 1536 1888 1536
13 0 1888 1536 1888 1696
13 2 1888 1536 1888 1696
13 2 1888 1536 1952 1536
13 0 1952 1536 1952 1520
13 2 1952 1520 1952 1536
13 2 1952 1504 1952 1520
13 2 1888 1296 1888 1392
13 2 1888 1392 1952 1392
13 2 1952 1392 1952 1456
13 2 1744 1520 1744 1600
13 2 1744 1520 1808 1520
13 2 992 1536 1808 1536
13 2 1808 1520 1808 1536
13 2 1808 1488 1808 1520
13 2 1952 1504 1968 1504
13 2 1952 1456 1952 1504
13 2 848 1504 1792 1504
13 2 1792 1456 1792 1504
13 2 1792 1456 1808 1456
13 2 800 1472 1776 1472
13 2 1776 1424 1776 1472
13 2 1776 1424 1808 1424
17 0 1
17 0 nd5 1744 1392 0
13 0 1888 1504 1888 1696
13 0 1888 1296 1888 1504
13 0 1744 1568 1744 1600
13 0 992 1536 1744 1536
13 0 1888 1504 1968 1504
13 0 848 1504 1744 1504
13 0 800 1472 1744 1472
13 0 1888 1504 1952 1504
13 2 1888 1504 1952 1504
13 0 1888 1472 1888 1504
13 2 1888 1472 1888 1504
13 0 1888 1504 1888 1600
13 2 1888 1504 1888 1600
13 2 800 1472 1744 1472
13 2 848 1504 1744 1504
13 2 992 1536 1744 1536
13 2 1744 1568 1744 1600
17 0 1
17 0 nd5 1744 1408 0
13 0 1744 1488 1744 1472
13 0 800 1472 1744 1472
13 0 1728 1520 1744 1520
13 0 1728 1520 1728 1504
13 0 848 1504 1728 1504
13 0 1712 1552 1744 1552
13 0 1712 1552 1712 1536
13 0 992 1536 1712 1536
13 0 1744 1584 1744 1600
13 2 1744 1584 1744 1600
13 2 992 1536 1712 1536
13 2 1712 1536 1712 1552
13 2 1712 1552 1744 1552
13 2 848 1504 1728 1504
13 2 1728 1504 1728 1520
13 2 1728 1520 1744 1520
13 2 800 1472 1744 1472
13 2 1744 1472 1744 1488
17 0 1
17 0 nd5 1744 1392 0
13 0 1744 1568 1744 1600
13 0 992 1536 1744 1536
13 0 848 1504 1744 1504
13 0 800 1472 1744 1472
13 2 496 1440 1712 1440
13 0 1744 1440 496 1440
13 2 1888 1296 1888 1472
13 0 1888 1504 1888 1296
13 2 1888 1600 1888 1696
13 0 1952 1504 1952 1696
13 0 1952 1696 1888 1696
13 2 1888 1168 2032 1168
13 0 2032 1168 2032 1248
13 2 2032 1168 2032 1248
13 2 448 672 496 672
13 2 560 672 608 672
13 2 656 672 704 672
13 2 752 672 800 672
13 2 848 672 896 672
13 2 944 672 992 672
13 2 448 832 1744 832
13 2 608 864 1680 864
13 2 800 896 1632 896
13 2 656 944 1104 944
13 2 1248 960 1392 960
13 2 896 976 1104 976
13 2 896 1040 1104 1040
13 2 1248 1056 1360 1056
13 2 992 1072 1104 1072
13 2 1360 1072 1392 1072
13 2 1536 1104 1584 1104
13 2 1248 1120 1392 1120
13 2 704 1136 1104 1136
13 2 1680 1152 1744 1152
13 2 848 1168 1104 1168
13 2 1632 1184 1744 1184
13 2 1584 1216 1744 1216
13 2 848 1232 1104 1232
13 2 1248 1248 1392 1248
13 0 448 624 448 672
13 2 448 624 448 672
13 0 448 672 448 832
13 2 448 672 448 832
13 2 448 832 448 1296
13 2 496 768 496 1296
13 0 560 624 560 672
13 2 560 624 560 672
13 2 560 672 560 1296
13 0 608 768 608 864
13 2 608 768 608 864
13 2 608 864 608 1296
13 0 656 624 656 672
13 2 656 624 656 672
13 0 656 672 656 944
13 2 656 672 656 944
13 2 656 944 656 1296
13 0 704 768 704 1136
13 2 704 768 704 1136
13 2 704 1136 704 1296
13 0 752 624 752 672
13 2 752 624 752 672
13 2 752 672 752 1296
13 0 800 768 800 896
13 2 800 768 800 896
13 2 800 896 800 1296
13 0 848 624 848 672
13 2 848 624 848 672
13 0 848 672 848 1168
13 2 848 672 848 1168
13 0 848 1168 848 1232
13 2 848 1168 848 1232
13 2 848 1232 848 1296
13 0 896 768 896 976
13 2 896 768 896 976
13 0 896 976 896 1040
13 2 896 976 896 1040
13 2 896 1040 896 1296
13 0 944 624 944 672
13 2 944 624 944 672
13 2 944 672 944 1296
13 0 992 768 992 1072
13 2 992 768 992 1072
13 2 992 1072 992 1264
13 2 1248 1120 1248 1152
13 2 1360 1056 1360 1072
13 2 1392 960 1392 1056
13 2 1392 1072 1392 1088
13 2 1392 1152 1392 1248
13 2 1584 1104 1584 1216
13 2 1632 896 1632 1184
13 2 1680 864 1680 1152
13 2 1744 832 1744 1120
13 7 448 624
13 8 448 624 0
13 7 560 624
13 8 560 624 0
13 7 656 624
13 8 656 624 0
13 7 752 624
13 8 752 624 0
13 7 848 624
13 8 848 624 0
13 7 944 624
13 8 944 624 0
17 0 21
17 0 26
17 0 28
17 0 16
17 0 15
17 0 14
17 0 13
17 0 12
17 0 11
17 0 25
17 0 29
17 0 nd2 1104 800 0
17 0 nd2 1104 896 0
17 0 nd4 1392 816 0
17 0 inv 1040 480 1
17 0 inv 944 480 1
17 0 inv 848 480 1
17 0 inv 656 480 1
17 0 inv 544 480 1
17 0 inv 752 480 1
17 0 nd4 1744 880 0
17 0 nd2 1104 704 0
13 0 448 480 496 480
13 0 560 480 608 480
13 0 656 480 704 480
13 0 752 480 800 480
13 0 848 480 896 480
13 0 944 480 992 480
13 0 448 640 1744 640
13 0 608 672 1680 672
13 0 800 704 1632 704
13 0 656 752 1104 752
13 0 1248 768 1392 768
13 0 896 784 1104 784
13 0 896 848 1104 848
13 0 1248 864 1360 864
13 0 992 880 1104 880
13 0 1360 880 1392 880
13 0 1536 912 1584 912
13 0 1248 928 1392 928
13 0 704 944 1104 944
13 0 1680 960 1744 960
13 0 848 976 1104 976
13 0 1632 992 1744 992
13 0 1584 1024 1744 1024
13 0 848 1040 1104 1040
13 0 1248 1056 1392 1056
13 0 448 432 448 480
13 0 448 480 448 640
13 0 448 640 448 1056
13 0 448 1056 448 1296
13 0 496 576 496 1056
13 0 496 1072 496 1056
13 0 496 1072 496 1296
13 0 560 432 560 480
13 0 560 480 560 1056
13 0 560 1088 560 1056
13 0 560 1088 560 1296
13 0 608 576 608 672
13 0 608 672 608 1056
13 0 608 1104 608 1056
13 0 608 1104 608 1296
13 0 656 432 656 480
13 0 656 480 656 752
13 0 656 752 656 1056
13 0 656 1120 656 1056
13 0 656 1120 656 1296
13 0 704 576 704 944
13 0 704 944 704 1056
13 0 704 1136 704 1056
13 0 704 1136 704 1296
13 0 752 432 752 480
13 0 752 480 752 1056
13 0 752 1152 752 1056
13 0 752 1152 752 1296
13 0 800 576 800 704
13 0 800 704 800 1056
13 0 800 1168 800 1056
13 0 800 1168 800 1296
13 0 848 432 848 480
13 0 848 480 848 976
13 0 848 976 848 1040
13 0 848 1040 848 1056
13 0 848 1184 848 1056
13 0 848 1184 848 1296
13 0 896 576 896 784
13 0 896 784 896 848
13 0 896 848 896 1056
13 0 896 1200 896 1056
13 0 896 1200 896 1296
13 0 944 432 944 480
13 0 944 480 944 1056
13 0 944 1216 944 1056
13 0 944 1216 944 1296
13 0 992 576 992 880
13 0 992 880 992 1056
13 0 992 1232 992 1056
13 0 992 1232 992 1264
13 0 1248 928 1248 960
13 0 1360 864 1360 880
13 0 1392 768 1392 864
13 0 1392 880 1392 896
13 0 1392 960 1392 1056
13 0 1584 912 1584 1024
13 0 1632 704 1632 992
13 0 1680 672 1680 960
13 0 1744 640 1744 928
13 5 448 432 a
13 5 560 432 b
13 5 656 432 c
13 5 752 432 d
13 5 848 432 e
13 5 944 432 f
13 8 448 624 1
13 8 560 624 1
13 8 656 624 1
13 8 752 624 1
13 8 848 624 1
13 8 944 624 1
13 8 448 432 1
13 8 560 432 1
13 8 656 432 1
13 8 752 432 1
13 8 848 432 1
13 8 944 432 1
13 2 1744 640 1744 928
13 2 1680 672 1680 960
13 2 1632 704 1632 992
13 2 1584 912 1584 1024
13 2 1392 960 1392 1056
13 2 1392 880 1392 896
13 2 1392 768 1392 864
13 2 1360 864 1360 880
13 2 1248 928 1248 960
13 0 992 1232 992 1264
13 2 992 1232 992 1264
13 0 992 1232 992 1056
13 2 992 1056 992 1232
13 2 992 880 992 1056
13 2 992 576 992 880
13 0 944 1216 944 1296
13 2 944 1216 944 1296
13 0 944 1216 944 1056
13 2 944 1056 944 1216
13 2 944 480 944 1056
13 2 944 432 944 480
13 0 896 1200 896 1296
13 2 896 1200 896 1296
13 0 896 1200 896 1056
13 2 896 1056 896 1200
13 2 896 848 896 1056
13 2 896 784 896 848
13 2 896 576 896 784
13 0 848 1184 848 1296
13 2 848 1184 848 1296
13 0 848 1184 848 1056
13 2 848 1056 848 1184
13 2 848 1040 848 1056
13 2 848 976 848 1040
13 2 848 480 848 976
13 2 848 432 848 480
13 0 800 1168 800 1296
13 2 800 1168 800 1296
13 0 800 1168 800 1056
13 2 800 1056 800 1168
13 2 800 704 800 1056
13 2 800 576 800 704
13 0 752 1152 752 1296
13 2 752 1152 752 1296
13 0 752 1152 752 1056
13 2 752 1056 752 1152
13 2 752 480 752 1056
13 2 752 432 752 480
13 0 704 1136 704 1296
13 2 704 1136 704 1296
13 0 704 1136 704 1056
13 2 704 1056 704 1136
13 2 704 944 704 1056
13 2 704 576 704 944
13 0 656 1120 656 1296
13 2 656 1120 656 1296
13 0 656 1120 656 1056
13 2 656 1056 656 1120
13 2 656 752 656 1056
13 2 656 480 656 752
13 2 656 432 656 480
13 0 608 1104 608 1296
13 2 608 1104 608 1296
13 0 608 1104 608 1056
13 2 608 1056 608 1104
13 2 608 672 608 1056
13 2 608 576 608 672
13 0 560 1088 560 1296
13 2 560 1088 560 1296
13 0 560 1088 560 1056
13 2 560 1056 560 1088
13 2 560 480 560 1056
13 2 560 432 560 480
13 0 496 1072 496 1296
13 2 496 1072 496 1296
13 0 496 1072 496 1056
13 2 496 1056 496 1072
13 2 496 576 496 1056
13 0 448 1056 448 1296
13 2 448 1056 448 1296
13 2 448 640 448 1056
13 2 448 480 448 640
13 2 448 432 448 480
13 2 1248 1056 1392 1056
13 2 848 1040 1104 1040
13 2 1584 1024 1744 1024
13 2 1632 992 1744 992
13 2 848 976 1104 976
13 2 1680 960 1744 960
13 2 704 944 1104 944
13 2 1248 928 1392 928
13 2 1536 912 1584 912
13 2 1360 880 1392 880
13 2 992 880 1104 880
13 2 1248 864 1360 864
13 2 896 848 1104 848
13 2 896 784 1104 784
13 2 1248 768 1392 768
13 2 656 752 1104 752
13 2 800 704 1632 704
13 2 608 672 1680 672
13 2 448 640 1744 640
13 2 944 480 992 480
13 2 848 480 896 480
13 2 752 480 800 480
13 2 656 480 704 480
13 2 560 480 608 480
13 2 448 480 496 480
13 7 944 432
13 8 944 432 0
13 7 848 432
13 8 848 432 0
13 7 752 432
13 8 752 432 0
13 7 656 432
13 8 656 432 0
13 7 560 432
13 8 560 432 0
13 7 448 432
13 8 448 432 0
17 0 29
17 0 25
17 0 11
17 0 12
17 0 13
17 0 14
17 0 15
17 0 16
17 0 28
17 0 26
17 0 21
17 0 nd2 1104 992 0
17 0 nd2 1104 1088 0
17 0 nd4 1392 1008 0
17 0 inv 1040 672 1
17 0 inv 944 672 1
17 0 inv 848 672 1
17 0 inv 656 672 1
17 0 inv 544 672 1
17 0 inv 752 672 1
17 0 nd4 1744 1072 0
17 0 nd2 1104 896 0
13 0 1744 832 1744 1120
13 0 1680 864 1680 1152
13 0 1632 896 1632 1184
13 0 1584 1104 1584 1216
13 0 1392 1152 1392 1248
13 0 1392 1072 1392 1088
13 0 1392 960 1392 1056
13 0 1360 1056 1360 1072
13 0 1248 1120 1248 1152
13 0 992 1072 992 1264
13 0 992 768 992 1072
13 0 944 672 944 1296
13 0 944 624 944 672
13 0 896 1040 896 1296
13 0 896 976 896 1040
13 0 896 768 896 976
13 0 848 1232 848 1296
13 0 848 1168 848 1232
13 0 848 672 848 1168
13 0 848 624 848 672
13 0 800 896 800 1296
13 0 800 768 800 896
13 0 752 672 752 1296
13 0 752 624 752 672
13 0 704 1136 704 1296
13 0 704 768 704 1136
13 0 656 944 656 1296
13 0 656 672 656 944
13 0 656 624 656 672
13 0 608 864 608 1296
13 0 608 768 608 864
13 0 560 672 560 1296
13 0 560 624 560 672
13 0 496 768 496 1296
13 0 448 832 448 1296
13 0 448 672 448 832
13 0 448 624 448 672
13 0 1248 1248 1392 1248
13 0 848 1232 1104 1232
13 0 1584 1216 1744 1216
13 0 1632 1184 1744 1184
13 0 848 1168 1104 1168
13 0 1680 1152 1744 1152
13 0 704 1136 1104 1136
13 0 1248 1120 1392 1120
13 0 1536 1104 1584 1104
13 0 1360 1072 1392 1072
13 0 992 1072 1104 1072
13 0 1248 1056 1360 1056
13 0 896 1040 1104 1040
13 0 896 976 1104 976
13 0 1248 960 1392 960
13 0 656 944 1104 944
13 0 800 896 1632 896
13 0 608 864 1680 864
13 0 448 832 1744 832
13 0 944 672 992 672
13 0 848 672 896 672
13 0 752 672 800 672
13 0 656 672 704 672
13 0 560 672 608 672
13 0 448 672 496 672
13 5 944 624 f
13 5 848 624 e
13 5 752 624 d
13 5 656 624 c
13 5 560 624 b
13 5 448 624 a
13 8 944 432 1
13 8 848 432 1
13 8 752 432 1
13 8 656 432 1
13 8 560 432 1
13 8 448 432 1
13 8 944 624 1
13 8 848 624 1
13 8 752 624 1
13 8 656 624 1
13 8 560 624 1
13 8 448 624 1
13 8 944 624 1
13 8 848 624 1
13 8 752 624 1
13 8 656 624 1
13 8 560 624 1
13 8 448 624 1
13 0 1888 1296 1936 1296
13 2 1888 1296 1936 1296
13 0 1888 1296 1888 1360
13 2 1888 1296 1888 1360
13 2 1888 1360 1888 1504
13 0 1936 1296 1936 1504
13 0 1936 1504 1888 1504
13 2 448 672 496 672
13 2 560 672 608 672
13 2 656 672 704 672
13 2 752 672 800 672
13 2 848 672 896 672
13 2 944 672 992 672
13 2 448 832 1744 832
13 2 608 864 1680 864
13 2 800 896 1632 896
13 2 656 944 1104 944
13 2 1248 960 1392 960
13 2 896 976 1104 976
13 2 896 1040 1104 1040
13 2 1248 1056 1360 1056
13 2 992 1072 1104 1072
13 2 1360 1072 1392 1072
13 2 1536 1104 1584 1104
13 2 1248 1120 1392 1120
13 2 704 1136 1104 1136
13 2 1680 1152 1744 1152
13 2 848 1168 1104 1168
13 2 1632 1184 1744 1184
13 2 1584 1216 1744 1216
13 2 848 1232 1104 1232
13 2 1248 1248 1392 1248
13 2 992 1264 1104 1264
13 0 448 624 448 672
13 2 448 624 448 672
13 0 448 672 448 832
13 2 448 672 448 832
13 2 448 832 448 1296
13 2 496 768 496 1296
13 0 560 624 560 672
13 2 560 624 560 672
13 2 560 672 560 1296
13 0 608 768 608 864
13 2 608 768 608 864
13 2 608 864 608 1296
13 0 656 624 656 672
13 2 656 624 656 672
13 0 656 672 656 944
13 2 656 672 656 944
13 2 656 944 656 1296
13 0 704 768 704 1136
13 2 704 768 704 1136
13 2 704 1136 704 1296
13 0 752 624 752 672
13 2 752 624 752 672
13 2 752 672 752 1296
13 0 800 768 800 896
13 2 800 768 800 896
13 2 800 896 800 1296
13 0 848 624 848 672
13 2 848 624 848 672
13 0 848 672 848 1168
13 2 848 672 848 1168
13 0 848 1168 848 1232
13 2 848 1168 848 1232
13 2 848 1232 848 1296
13 0 896 768 896 976
13 2 896 768 896 976
13 0 896 976 896 1040
13 2 896 976 896 1040
13 2 896 1040 896 1296
13 0 944 624 944 672
13 2 944 624 944 672
13 2 944 672 944 1296
13 0 992 768 992 1072
13 2 992 768 992 1072
13 0 992 1072 992 1264
13 2 992 1072 992 1264
13 2 992 1264 992 1296
13 2 1248 1120 1248 1152
13 2 1360 1056 1360 1072
13 2 1392 960 1392 1056
13 2 1392 1072 1392 1088
13 2 1392 1152 1392 1248
13 2 1584 1104 1584 1216
13 2 1632 896 1632 1184
13 2 1680 864 1680 1152
13 2 1744 832 1744 1120
13 7 448 624
13 8 448 624 0
13 7 560 624
13 8 560 624 0
13 7 656 624
13 8 656 624 0
13 7 752 624
13 8 752 624 0
13 7 848 624
13 8 848 624 0
13 7 944 624
13 8 944 624 0
17 0 21
17 0 26
17 0 27
17 0 28
17 0 16
17 0 15
17 0 14
17 0 13
17 0 12
17 0 11
17 0 25
17 0 29
17 0 nd2 1104 1120 0
17 0 nd2 1104 1216 0
17 0 nd2 1104 1312 0
17 0 nd4 1392 1136 0
17 0 inv 1040 800 1
17 0 inv 944 800 1
17 0 inv 848 800 1
17 0 inv 656 800 1
17 0 inv 544 800 1
17 0 inv 752 800 1
17 0 nd4 1744 1200 0
17 0 nd2 1104 1024 0
13 0 448 800 496 800
13 0 560 800 608 800
13 0 656 800 704 800
13 0 752 800 800 800
13 0 848 800 896 800
13 0 944 800 992 800
13 0 448 960 1744 960
13 0 608 992 1680 992
13 0 800 1024 1632 1024
13 0 656 1072 1104 1072
13 0 1248 1088 1392 1088
13 0 896 1104 1104 1104
13 0 896 1168 1104 1168
13 0 1248 1184 1360 1184
13 0 992 1200 1104 1200
13 0 1360 1200 1392 1200
13 0 1536 1232 1584 1232
13 0 1248 1248 1392 1248
13 0 704 1264 1104 1264
13 0 1680 1280 1744 1280
13 0 848 1296 1104 1296
13 0 1632 1312 1744 1312
13 0 1584 1344 1744 1344
13 0 848 1360 1104 1360
13 0 1248 1376 1392 1376
13 0 992 1392 1104 1392
13 0 448 752 448 800
13 0 448 800 448 960
13 0 448 960 448 1424
13 0 496 896 496 1424
13 0 560 752 560 800
13 0 560 800 560 1424
13 0 608 896 608 992
13 0 608 992 608 1424
13 0 656 752 656 800
13 0 656 800 656 1072
13 0 656 1072 656 1424
13 0 704 896 704 1264
13 0 704 1264 704 1424
13 0 752 752 752 800
13 0 752 800 752 1424
13 0 800 896 800 1024
13 0 800 1024 800 1424
13 0 848 752 848 800
13 0 848 800 848 1296
13 0 848 1296 848 1360
13 0 848 1360 848 1424
13 0 896 896 896 1104
13 0 896 1104 896 1168
13 0 896 1168 896 1424
13 0 944 752 944 800
13 0 944 800 944 1424
13 0 992 896 992 1200
13 0 992 1200 992 1392
13 0 992 1392 992 1424
13 0 1248 1248 1248 1280
13 0 1360 1184 1360 1200
13 0 1392 1088 1392 1184
13 0 1392 1200 1392 1216
13 0 1392 1280 1392 1376
13 0 1584 1232 1584 1344
13 0 1632 1024 1632 1312
13 0 1680 992 1680 1280
13 0 1744 960 1744 1248
13 5 448 752 a
13 5 560 752 b
13 5 656 752 c
13 5 752 752 d
13 5 848 752 e
13 5 944 752 f
13 8 448 624 1
13 8 560 624 1
13 8 656 624 1
13 8 752 624 1
13 8 848 624 1
13 8 944 624 1
13 8 448 752 1
13 8 560 752 1
13 8 656 752 1
13 8 752 752 1
13 8 848 752 1
13 8 944 752 1
13 2 2032 1248 2032 1264
13 0 1888 1296 1888 1264
13 0 1888 1264 1920 1264
13 0 1920 1264 2032 1264
13 2 1952 2032 2016 2032
13 0 1712 2304 1952 2304
13 2 1712 2304 1952 2304
13 2 1952 2032 1952 2304
13 0 2016 1808 2016 2032
13 2 2016 1808 2016 2032
13 0 1712 2304 1712 1808
13 0 1712 1808 1744 1808
13 0 1744 1824 2016 1824
13 0 2016 1824 2016 1808
13 0 2016 1824 2016 1808
13 2 2016 1808 2016 1824
13 2 1744 1824 2016 1824
13 0 1744 1808 2016 1808
13 0 2016 1808 2016 1824
13 2 2016 1808 2016 1824
13 0 976 1536 992 1536
13 2 976 1536 992 1536
13 0 992 1536 1024 1536
13 2 992 1536 1024 1536
13 0 992 1520 992 1536
13 2 992 1520 992 1536
13 0 992 1536 992 1552
13 2 992 1536 992 1552
13 2 992 1392 992 1520
13 0 992 1552 992 1392
13 2 944 1536 976 1536
13 0 1024 1536 944 1536
