10 1 1
10 1 1
10 1 1
17 0 10
17 0 18
17 0 16
17 0 15
17 0 21
17 0 7
17 0 8
17 0 19
17 0 14
17 0 20
17 0 12
17 0 4
17 0 1
13 2 1088 512 1888 512
13 0 1088 512 1376 512
13 2 1280 544 1888 544
13 0 1280 544 1376 544
13 2 2032 544 2256 544
13 2 1184 576 1888 576
13 0 1184 576 1376 576
13 2 2160 624 2256 624
13 2 2400 624 2720 624
13 2 1232 688 1888 688
13 0 1232 688 1376 688
13 2 1040 720 1888 720
13 0 1040 720 1376 720
13 2 2032 736 2256 736
13 2 1136 752 1888 752
13 0 1136 752 1376 752
13 2 1328 784 1888 784
13 0 1328 784 1376 784
13 2 1760 848 2192 848
13 2 1040 864 1616 864
13 0 1040 864 1376 864
13 2 2592 880 2720 880
13 2 1232 896 1616 896
13 0 1232 896 1376 896
13 2 1760 896 1824 896
13 2 1920 896 2160 896
13 2 2192 896 2256 896
13 2 2624 912 2720 912
13 2 1328 928 1616 928
13 0 1328 928 1376 928
13 2 2400 928 2592 928
13 2 2656 944 2720 944
13 2 1040 960 1888 960
13 0 1040 960 1376 960
13 2 2400 976 2624 976
13 2 1136 992 1888 992
13 0 1136 992 1376 992
13 2 2704 992 2720 992
13 2 2032 1008 2256 1008
13 2 1296 1024 1888 1024
13 0 1296 1024 1376 1024
13 2 2592 1024 2656 1024
13 2 2704 1024 2720 1024
13 2 1376 1056 1888 1056
13 2 1280 1136 1888 1136
13 0 1280 1136 1376 1136
13 2 1328 1168 1888 1168
13 0 1328 1168 1376 1168
13 2 2032 1168 2256 1168
13 2 1088 1200 1888 1200
13 0 1088 1200 1376 1200
13 2 2032 1200 2256 1200
13 2 1280 1232 1888 1232
13 0 1280 1232 1376 1232
13 2 1328 1264 1888 1264
13 0 1328 1264 1376 1264
13 2 2320 1280 2592 1280
13 2 1184 1296 1888 1296
13 0 1184 1296 1376 1296
13 2 1232 1328 1888 1328
13 0 1232 1328 1376 1328
13 2 1088 1360 1888 1360
13 0 1088 1360 1376 1360
13 2 2032 1360 2256 1360
13 2 1184 1392 1888 1392
13 0 1184 1392 1376 1392
13 2 1280 1504 2176 1504
13 0 1280 1504 1376 1504
13 2 1040 1536 1904 1536
13 0 1040 1536 1376 1536
13 2 2160 1536 2176 1536
13 2 1184 1568 1904 1568
13 0 1184 1568 1376 1568
13 2 2048 1568 2176 1568
13 2 1376 1600 1904 1600
13 0 1376 480 1376 1056
13 0 1376 480 1376 1024
13 0 1376 480 1376 992
13 0 1376 480 1376 960
13 0 1376 480 1376 928
13 0 1376 480 1376 896
13 0 1376 480 1376 864
13 0 1376 480 1376 784
13 0 1376 480 1376 752
13 0 1376 480 1376 720
13 0 1376 480 1376 688
13 0 1376 480 1376 576
13 0 1376 480 1376 544
13 0 1376 480 1376 512
13 0 1376 1056 1376 1600
13 0 1376 1056 1376 1568
13 0 1376 1056 1376 1536
13 0 1376 1056 1376 1504
13 0 1376 1056 1376 1392
13 0 1376 1056 1376 1360
13 0 1376 1056 1376 1328
13 0 1376 1056 1376 1296
13 0 1376 1056 1376 1264
13 0 1376 1056 1376 1232
13 0 1376 1056 1376 1200
13 0 1376 1056 1376 1168
13 0 1376 1056 1376 1136
13 0 1376 1600 1376 1712
13 2 1376 1600 1376 1712
13 2 1760 848 1760 896
13 2 2032 1200 2032 1264
13 0 2160 624 2160 896
13 2 2160 624 2160 896
13 2 2160 896 2160 1536
13 2 2192 848 2192 896
13 2 2256 544 2256 592
13 2 2256 656 2256 736
13 2 2256 896 2256 912
13 2 2256 944 2256 1008
13 2 2256 1232 2256 1360
13 2 2320 1280 2320 1536
13 2 2400 976 2400 1200
13 2 2592 880 2592 928
13 2 2592 1024 2592 1280
13 2 2624 912 2624 976
13 2 2656 944 2656 1024
13 2 2720 624 2720 848
13 7 2704 992
13 8 2704 992 0
13 7 2704 1024
13 8 2704 1024 0
13 8 2704 992 0
13 8 2704 1024 0
13 2 1088 512 1376 512
13 2 1280 544 1376 544
13 2 1184 576 1376 576
13 2 1232 688 1376 688
13 2 1296 1024 1376 1024
13 0 1040 512 1040 720
13 2 1040 512 1040 720
13 2 1040 720 1040 864
13 2 1040 864 1040 960
13 2 1040 960 1040 1536
13 2 1040 1536 1040 1888
13 0 1088 512 1088 1200
13 2 1088 512 1088 1200
13 2 1088 1200 1088 1360
13 2 1088 1360 1088 1888
13 0 1136 512 1136 752
13 2 1136 512 1136 752
13 2 1136 752 1136 992
13 2 1136 992 1136 1888
13 0 1184 512 1184 576
13 2 1184 512 1184 576
13 2 1184 576 1184 1296
13 2 1184 1296 1184 1392
13 2 1184 1392 1184 1568
13 2 1184 1568 1184 1888
13 0 1232 512 1232 688
13 2 1232 512 1232 688
13 2 1232 688 1232 896
13 2 1232 896 1232 1328
13 2 1232 1328 1232 1888
13 0 1280 512 1280 544
13 2 1280 512 1280 544
13 2 1280 544 1280 1136
13 2 1280 1136 1280 1232
13 2 1280 1232 1280 1504
13 2 1280 1504 1280 1888
13 0 1328 512 1328 784
13 2 1328 512 1328 784
13 2 1328 784 1328 928
13 2 1328 928 1328 1168
13 2 1328 1168 1328 1264
13 2 1328 1264 1328 1888
13 0 1376 512 1376 544
13 2 1376 512 1376 544
13 0 1376 544 1376 576
13 2 1376 544 1376 576
13 0 1376 576 1376 688
13 2 1376 576 1376 688
13 2 1376 688 1376 720
13 2 1376 720 1376 752
13 2 1376 752 1376 784
13 2 1376 784 1376 864
13 2 1376 864 1376 896
13 2 1376 896 1376 928
13 2 1376 928 1376 960
13 2 1376 960 1376 992
13 0 1376 992 1376 1024
13 2 1376 992 1376 1024
13 2 1376 1024 1376 1056
13 2 1376 1056 1376 1136
13 2 1376 1136 1376 1168
13 2 1376 1168 1376 1200
13 2 1376 1200 1376 1232
13 2 1376 1232 1376 1264
13 2 1376 1264 1376 1296
13 2 1376 1296 1376 1328
13 2 1376 1328 1376 1360
13 2 1376 1360 1376 1392
13 2 1376 1392 1376 1504
13 2 1376 1504 1376 1536
13 2 1376 1536 1376 1568
13 2 1376 1568 1376 1600
13 2 1376 1712 1376 1888
13 2 1040 368 1040 512
13 2 1088 464 1088 512
13 2 1136 368 1136 512
13 2 1184 464 1184 512
13 2 1232 368 1232 512
13 2 1280 464 1280 512
13 2 1328 368 1328 512
13 2 1376 480 1376 512
13 0 1040 1984 1040 2000
13 0 1040 368 1040 1984
13 0 1088 1984 1088 2000
13 0 1088 1968 1088 1984
13 0 1088 464 1088 1968
13 0 1136 1984 1136 2000
13 0 1136 1952 1136 1984
13 0 1136 368 1136 1952
13 0 1184 1984 1184 2000
13 0 1184 1936 1184 1984
13 0 1184 464 1184 1936
13 0 1232 1984 1232 2000
13 0 1232 1920 1232 1984
13 0 1232 368 1232 1920
13 0 1280 1984 1280 2000
13 0 1280 1904 1280 1984
13 0 1280 464 1280 1904
13 0 1328 1984 1328 2000
13 0 1328 1888 1328 1984
13 0 1328 368 1328 1888
13 0 1376 1984 1376 2000
13 0 1376 1872 1376 1984
13 0 1376 480 1376 1872
13 2 2912 896 3008 896
17 0 28
17 0 mux41 2640 848 0
13 0 2832 944 2832 896
13 0 2832 896 3008 896
13 2 2832 896 3008 896
13 2 2832 896 2832 944
17 0 28
17 0 mux41 2720 800 0
13 0 2912 896 3008 896
13 0 2720 1024 2672 1024
13 0 2720 992 2672 992
13 8 2672 992 0
13 5 2672 992 a
13 5 2672 1024 d
13 8 2672 992 1
13 8 2672 1024 1
13 2 2672 992 2720 992
13 2 2672 1024 2720 1024
13 7 2672 992
13 8 2672 992 0
13 7 2672 1024
13 8 2672 1024 0
13 0 2720 992 2736 992
13 0 2736 992 2720 992
13 0 2720 1024 2736 1024
13 0 2752 1024 2736 1024
13 0 2752 1024 2720 1024
13 5 2720 992 a
13 0 2752 1024 2736 1024
13 2 2736 1024 2752 1024
13 2 2720 1024 2736 1024
13 2 2720 992 2736 992
13 0 2672 1024 2720 1024
13 0 2672 992 2720 992
13 5 2672 1024 d
13 5 2672 992 a
13 8 2672 1024 1
13 8 2672 992 1
13 0 2704 992 2720 992
13 2 2704 992 2720 992
13 0 2704 1024 2720 1024
13 2 2704 1024 2720 1024
13 0 2688 992 2704 992
13 2 2688 992 2704 992
13 0 2688 1024 2704 1024
13 2 2688 1024 2704 1024
13 2 2672 992 2688 992
13 2 2672 1024 2688 1024
13 7 2672 992
13 8 2672 992 0
13 7 2672 1024
13 8 2672 1024 0
13 0 2704 992 2720 992
13 0 2704 1024 2720 1024
13 5 2704 992 a
13 5 2704 1024 d
13 8 2672 992 1
13 8 2672 1024 1
13 8 2704 992 1
13 8 2704 1024 1
17 0 or3 2368 528 0
17 0 and3 2048 448 0
17 0 and3 2048 528 0
17 0 and4 2048 608 0
17 0 or5 2320 816 0
17 0 and3 2048 752 0
17 0 and3 2048 832 0
17 0 and3 2048 912 0
17 0 and3 2048 992 0
17 0 and3 2048 1072 0
17 0 or2 2288 1216 0
17 0 and3 2048 1264 0
17 0 and3 2048 1184 0
17 0 or2 2288 1424 0
17 0 and4 2048 1376 0
17 0 and4 2048 1488 0
13 0 2048 496 1088 496
13 0 2048 528 1424 528
13 5 1232 304 e
13 7 1232 304
13 0 1232 320 1232 336
13 2 1232 320 1232 336
13 7 1232 320
13 8 1232 320 0
13 8 1232 320 0
13 5 1232 336 e
13 8 1232 320 1
13 8 1232 336 1
13 2 1232 336 1232 368
13 7 1232 336
13 8 1232 336 0
13 0 1232 320 1232 368
13 5 1232 320 e
13 8 1232 336 1
13 8 1232 320 1
13 0 1424 528 1232 528
13 0 2048 560 1328 560
13 0 2048 576 1184 576
13 0 2048 608 1232 608
13 0 2048 640 1328 640
13 0 2048 656 1040 656
13 0 2048 688 1136 688
13 0 2048 720 1280 720
13 0 2048 752 1376 752
13 0 2048 800 1040 800
13 0 2048 832 1184 832
13 0 2048 864 1280 864
13 0 2048 880 1088 880
13 0 2048 912 1136 912
13 0 2048 944 1280 944
13 0 2048 960 1088 960
13 0 2048 992 1280 992
13 0 2048 1024 1376 1024
13 0 2048 1040 1088 1040
13 0 2048 1072 1184 1072
13 0 2048 1104 1232 1104
13 0 2048 1120 1088 1120
13 0 2048 1152 1232 1152
13 0 2048 1184 1376 1184
13 0 2048 1232 1088 1232
13 0 2048 1264 1184 1264
13 0 2048 1296 1232 1296
13 0 2048 1312 1040 1312
13 0 2048 1344 1280 1344
13 0 2048 1376 1328 1376
13 0 2048 1424 1040 1424
13 0 2048 1456 1184 1456
13 0 2048 1488 1280 1488
13 0 2048 1520 1376 1520
13 0 2048 1536 1040 1536
13 0 2048 1568 1136 1568
13 0 2048 1600 1232 1600
13 0 2048 1632 1328 1632
13 0 2432 1488 2560 1488
13 0 2560 1488 2560 1408
13 0 2560 1408 2560 944
13 0 2560 944 2720 944
13 0 2432 1280 2528 1280
13 0 2528 1280 2528 912
13 0 2528 912 2544 912
13 0 2544 912 2720 912
13 0 2464 928 2496 928
13 0 2496 928 2496 880
13 0 2496 880 2512 880
13 0 2512 880 2720 880
13 0 2512 608 2512 848
13 0 2512 848 2720 848
13 0 2192 528 2368 528
13 0 2368 528 2368 576
13 0 2192 608 2368 608
13 0 2192 704 2368 704
13 0 2368 704 2368 640
13 0 2192 832 2320 832
13 0 2320 832 2320 864
13 0 2192 912 2320 912
13 0 2320 912 2320 896
13 0 2192 992 2192 928
13 0 2192 928 2256 928
13 0 2256 928 2320 928
13 0 2192 1072 2240 1072
13 0 2240 1072 2240 1040
13 0 2240 1040 2240 944
13 0 2240 944 2256 944
13 2 2240 944 2256 944
13 0 2240 1040 2240 944
13 2 2240 944 2240 1040
13 0 2240 1040 2240 960
13 0 2240 960 2320 960
13 0 2192 1168 2272 1168
13 0 2272 1168 2272 1152
13 2 2272 1152 2272 1168
13 2 2192 1168 2272 1168
13 0 2192 1152 2288 1152
13 0 2288 1152 2288 1104
13 0 2288 1104 2288 992
13 0 2288 992 2320 992
13 0 2192 1264 2288 1264
13 0 2192 1344 2288 1344
13 0 2288 1344 2288 1296
13 0 2192 1472 2288 1472
13 0 2192 1584 2288 1584
13 0 2288 1584 2288 1504
13 0 1136 1568 1184 1568
13 0 1136 1552 1136 1584
13 0 1136 1584 1168 1584
13 2 1136 1584 1168 1584
13 0 1136 1568 1168 1568
13 2 1136 1568 1168 1568
13 0 1136 1552 1136 1568
13 2 1136 1552 1136 1568
13 0 1136 1568 1136 1584
13 2 1136 1568 1136 1584
13 2 1136 912 1136 1552
13 0 1136 1584 1136 912
13 2 1168 1568 2048 1568
13 0 1184 1568 2048 1568
13 2 1232 1600 2048 1600
13 0 1232 1600 1232 1296
13 2 1232 1296 1232 1600
13 2 1232 1600 1232 2000
13 0 1280 1600 1280 2000
13 0 1280 2000 1232 2000
13 0 1280 1600 1280 1296
13 0 1280 1296 1232 1296
13 0 1280 1600 2048 1600
13 2 1280 1600 2048 1600
13 2 1232 2000 1280 2000
13 0 1232 1600 1232 2000
13 0 1232 1296 1232 1600
13 0 1232 1600 2048 1600
13 2 1184 1568 2048 1568
13 0 1168 1568 2048 1568
13 0 1232 1600 1264 1600
13 2 1232 1600 1264 1600
13 0 1232 1584 1232 1600
13 2 1232 1584 1232 1600
13 0 1232 1600 1232 1616
13 2 1232 1600 1232 1616
13 2 1264 1600 2048 1600
13 0 1280 1600 2048 1600
13 2 1232 1296 1232 1584
13 0 1232 1616 1232 1296
13 0 1232 1616 1232 1296
13 2 1232 1296 1232 1616
13 0 1232 1296 1232 1584
13 2 1280 1600 2048 1600
13 0 1264 1600 2048 1600
13 0 1232 1600 1232 1616
13 0 1232 1584 1232 1600
13 0 1232 1600 1264 1600
13 0 1136 1584 1136 912
13 2 1136 912 1136 1584
13 0 1136 912 1136 1552
13 0 1136 1568 1136 1584
13 0 1136 1552 1136 1568
13 0 1136 1568 1168 1568
13 2 2704 992 2720 992
13 7 2704 992
13 8 2704 992 0
13 0 2640 1024 2640 992
13 0 2640 992 2720 992
13 5 2640 1024 a
13 8 2704 992 1
13 8 2640 1024 1
13 2 2640 992 2720 992
13 2 2640 992 2640 1024
13 7 2640 1024
13 8 2640 1024 0
13 0 2704 992 2720 992
13 5 2704 992 a
13 8 2640 1024 1
13 8 2704 992 1
13 8 2704 992 1
13 2 2704 992 2720 992
13 7 2704 992
13 8 2704 992 0
13 0 2672 992 2688 992
13 5 2672 992 a
13 8 2704 992 1
13 8 2672 992 1
13 2 2704 1024 2720 1024
13 7 2704 1024
13 8 2704 1024 0
13 0 2704 1024 2720 1024
13 5 2704 1024 d
13 8 2704 1024 1
13 8 2704 1024 1
13 2 2704 1024 2720 1024
13 7 2704 1024
13 8 2704 1024 0
13 0 2656 1024 2720 1024
13 5 2656 1024 d
13 8 2704 1024 1
13 8 2656 1024 1
13 0 2704 1024 2720 1024
13 2 2704 1024 2720 1024
13 2 2672 992 2688 992
13 7 2672 992
13 8 2672 992 0
13 0 2704 1088 2704 992
13 0 2704 992 2704 1024
13 0 2704 1024 2704 1088
13 0 2704 992 2688 992
13 5 2704 1088 a
13 2 2688 992 2704 992
13 2 2704 1024 2704 1088
13 2 2704 992 2704 1024
13 0 2672 992 2688 992
13 5 2672 992 a
13 8 2672 992 1
13 2 2672 992 2688 992
13 7 2672 992
13 8 2672 992 0
13 0 2688 1072 2688 992
13 5 2688 1072 a
13 8 2672 992 1
13 8 2688 1072 1
13 2 2688 992 2688 1072
13 7 2688 1072
13 8 2688 1072 0
13 0 2672 992 2688 992
13 5 2672 992 a
13 8 2688 1072 1
13 8 2672 992 1
13 8 2672 992 1
13 2 2672 992 2688 992
13 7 2672 992
13 8 2672 992 0
13 0 2672 1088 2688 1088
13 5 2672 1088 a
13 8 2672 992 1
13 8 2672 1088 1
13 2 2656 1024 2704 1024
13 7 2656 1024
13 8 2656 1024 0
13 0 2672 992 2688 992
13 0 2688 992 2688 1024
13 0 2688 1024 2704 1024
13 5 2672 992 d
13 8 2656 1024 1
13 8 2672 992 1
13 2 2688 1024 2704 1024
13 2 2688 992 2688 1024
13 2 2672 992 2688 992
13 0 2720 992 2672 992
13 2 2672 1088 2688 1088
13 7 2672 1088
13 8 2672 1088 0
13 0 2704 1024 2720 1024
13 5 2704 1024 a
13 8 2672 1088 1
13 8 2704 1024 1
13 0 1232 320 1232 352
13 2 1232 320 1232 352
13 7 1232 320
13 8 1232 320 0
13 8 1232 320 0
13 2 1232 352 1232 368
13 0 1232 320 1232 368
13 5 1232 320 e
13 8 1232 320 1
13 0 2672 880 2720 880
13 2 2672 880 2720 880
13 0 2672 912 2720 912
13 2 2672 912 2720 912
13 2 2528 912 2672 912
13 0 2672 912 2528 912
13 2 2528 912 2672 912
13 0 2688 912 2528 912
13 2 2528 912 2688 912
13 0 2688 912 2528 912
13 0 2688 912 2688 880
13 0 2688 880 2720 880
13 0 2672 880 2672 928
13 0 2672 928 2720 928
13 0 2720 928 2720 912
13 0 2608 1040 2608 1120
13 2 2608 1040 2608 1120
13 0 432 512 432 816
13 2 432 512 432 816
