10 1 1
10 1 1
10 1 1
13 0 1040 1648 1040 2000
13 2 1040 1648 1040 2000
13 0 1088 1648 1088 2000
13 2 1088 1648 1088 2000
13 0 1136 1648 1136 2000
13 2 1136 1648 1136 2000
13 0 1184 1648 1184 2000
13 2 1184 1648 1184 2000
13 0 1232 1648 1232 2000
13 2 1232 1648 1232 2000
13 0 1280 1648 1280 2000
13 2 1280 1648 1280 2000
13 0 1328 1648 1328 2000
13 2 1328 1648 1328 2000
13 0 1376 1648 1376 2000
13 2 1376 1648 1376 2000
13 0 1472 496 1984 496
13 2 1472 496 1984 496
13 0 1472 528 1984 528
13 2 1472 528 1984 528
13 0 1472 560 1984 560
13 2 1472 560 1984 560
13 0 1472 576 1984 576
13 2 1472 576 1984 576
13 0 1472 608 1984 608
13 2 1472 608 1984 608
13 0 1472 640 1984 640
13 2 1472 640 1984 640
13 0 1472 656 1984 656
13 2 1472 656 1984 656
13 0 1472 688 1984 688
13 2 1472 688 1984 688
13 0 1472 720 1984 720
13 2 1472 720 1984 720
13 0 1472 752 1984 752
13 2 1472 752 1984 752
13 0 1472 800 1984 800
13 2 1472 800 1984 800
13 0 1472 832 1984 832
13 2 1472 832 1984 832
13 0 1472 864 1984 864
13 2 1472 864 1984 864
13 0 1472 880 1984 880
13 2 1472 880 1984 880
13 0 1472 912 1984 912
13 2 1472 912 1984 912
13 0 1472 944 1984 944
13 2 1472 944 1984 944
13 0 1472 960 1984 960
13 2 1472 960 1984 960
13 0 1472 992 1984 992
13 2 1472 992 1984 992
13 0 1472 1024 1984 1024
13 2 1472 1024 1984 1024
13 0 1472 1040 1984 1040
13 2 1472 1040 1984 1040
13 0 1472 1072 1984 1072
13 2 1472 1072 1984 1072
13 0 1472 1104 1984 1104
13 2 1472 1104 1984 1104
13 0 1472 1120 1984 1120
13 2 1472 1120 1984 1120
13 0 1472 1152 1984 1152
13 2 1472 1152 1984 1152
13 0 1472 1184 1984 1184
13 2 1472 1184 1984 1184
13 0 1472 1232 1984 1232
13 2 1472 1232 1984 1232
13 0 1472 1264 1984 1264
13 2 1472 1264 1984 1264
13 0 1472 1296 1984 1296
13 2 1472 1296 1984 1296
13 0 1472 1312 1984 1312
13 2 1472 1312 1984 1312
13 0 1472 1344 1984 1344
13 2 1472 1344 1984 1344
13 0 1472 1376 1984 1376
13 2 1472 1376 1984 1376
13 0 1472 1424 1984 1424
13 2 1472 1424 1984 1424
13 0 1472 1456 1984 1456
13 2 1472 1456 1984 1456
13 0 1472 1488 1984 1488
13 2 1472 1488 1984 1488
13 0 1472 1520 1984 1520
13 2 1472 1520 1984 1520
13 0 1472 1536 1984 1536
13 2 1472 1536 1984 1536
13 0 1472 1568 1984 1568
13 2 1472 1568 1984 1568
13 0 1472 1600 1984 1600
13 2 1472 1600 1984 1600
13 0 1472 1632 1984 1632
13 2 1472 1632 1984 1632
13 2 1984 496 2048 496
13 2 1984 528 2048 528
13 2 2192 528 2368 528
13 2 1984 560 2048 560
13 2 1984 576 2048 576
13 2 1984 608 2048 608
13 2 2192 608 2368 608
13 2 1984 640 2048 640
13 2 1984 656 2048 656
13 2 1984 688 2048 688
13 2 2192 704 2368 704
13 2 1984 720 2048 720
13 2 1984 752 2048 752
13 2 1984 800 2048 800
13 2 1984 832 2048 832
13 2 2192 832 2320 832
13 2 2512 848 2720 848
13 2 1984 864 2048 864
13 2 1984 880 2048 880
13 2 2496 880 2672 880
13 2 2688 880 2720 880
13 2 2912 896 3008 896
13 2 1984 912 2048 912
13 2 2192 912 2320 912
13 2 2528 912 2688 912
13 2 2192 928 2320 928
13 2 2464 928 2496 928
13 2 2672 928 2720 928
13 2 1984 944 2048 944
13 2 2560 944 2720 944
13 2 1984 960 2048 960
13 2 2240 960 2320 960
13 2 1984 992 2048 992
13 2 2288 992 2320 992
13 2 2672 992 2720 992
13 2 1984 1024 2048 1024
13 2 2704 1024 2720 1024
13 2 1984 1040 2048 1040
13 2 1984 1072 2048 1072
13 2 2192 1072 2240 1072
13 2 1984 1104 2048 1104
13 2 1984 1120 2048 1120
13 2 1984 1152 2048 1152
13 2 2192 1152 2288 1152
13 2 1984 1184 2048 1184
13 2 1984 1232 2048 1232
13 2 1984 1264 2048 1264
13 2 2192 1264 2288 1264
13 2 2432 1280 2528 1280
13 2 1984 1296 2048 1296
13 2 1984 1312 2048 1312
13 2 1984 1344 2048 1344
13 2 2192 1344 2288 1344
13 2 1984 1376 2048 1376
13 2 1984 1424 2048 1424
13 2 1984 1456 2048 1456
13 2 2192 1472 2288 1472
13 2 1984 1488 2048 1488
13 2 2432 1488 2560 1488
13 2 1984 1520 2048 1520
13 2 1984 1536 2048 1536
13 2 1984 1568 2048 1568
13 2 2192 1584 2288 1584
13 2 1984 1600 2048 1600
13 2 1984 1632 2048 1632
13 2 2192 928 2192 992
13 2 2240 960 2240 1072
13 2 2288 992 2288 1152
13 2 2288 1296 2288 1344
13 2 2288 1504 2288 1584
13 2 2320 832 2320 864
13 2 2320 896 2320 912
13 2 2368 528 2368 576
13 2 2368 640 2368 704
13 2 2496 880 2496 928
13 2 2512 608 2512 848
13 2 2528 912 2528 1280
13 2 2560 944 2560 1488
13 2 2672 880 2672 928
13 2 2688 880 2688 912
13 2 2720 912 2720 928
13 7 3008 896
13 8 3008 896 0
13 7 2672 992
13 8 2672 992 0
13 7 2704 1024
13 8 2704 1024 0
17 0 4
17 0 12
17 0 19
17 0 8
17 0 7
17 0 21
17 0 15
17 0 18
17 0 10
17 0 1
17 0 20
17 0 26
17 0 11
17 0 16
17 0 23
17 0 28
17 0 14
17 0 and3 1536 448 0
17 0 and3 1536 528 0
17 0 and3 1536 752 0
17 0 and3 1536 832 0
17 0 and3 1536 912 0
17 0 and3 1536 992 0
17 0 and3 1536 1072 0
17 0 and3 1536 1264 0
17 0 and3 1536 1184 0
17 0 or3 1856 528 0
17 0 and4 1536 608 0
17 0 and4 1536 1376 0
17 0 and4 1536 1488 0
17 0 or2 1776 1216 0
17 0 or2 1776 1424 0
17 0 mux41 2208 800 0
17 0 or5 1808 816 0
13 0 1472 496 1536 496
13 0 1472 528 1536 528
13 0 1680 528 1856 528
13 0 1472 560 1536 560
13 0 1472 576 1536 576
13 0 1472 608 1536 608
13 0 1680 608 1856 608
13 0 1472 640 1536 640
13 0 1472 656 1536 656
13 0 1472 688 1536 688
13 0 1680 704 1856 704
13 0 1472 720 1536 720
13 0 1472 752 1536 752
13 0 1472 800 1536 800
13 0 1472 832 1536 832
13 0 1680 832 1808 832
13 0 2000 848 2208 848
13 0 1472 864 1536 864
13 0 1472 880 1536 880
13 0 1984 880 2160 880
13 0 2176 880 2208 880
13 0 2400 896 2496 896
13 0 1472 912 1536 912
13 0 1680 912 1808 912
13 0 2016 912 2176 912
13 0 1680 928 1808 928
13 0 1952 928 1984 928
13 0 2160 928 2208 928
13 0 1472 944 1536 944
13 0 2048 944 2208 944
13 0 1472 960 1536 960
13 0 1728 960 1808 960
13 0 1472 992 1536 992
13 0 1776 992 1808 992
13 0 2160 992 2208 992
13 0 1472 1024 1536 1024
13 0 2192 1024 2208 1024
13 0 1472 1040 1536 1040
13 0 1472 1072 1536 1072
13 0 1680 1072 1728 1072
13 0 1472 1104 1536 1104
13 0 1472 1120 1536 1120
13 0 1472 1152 1536 1152
13 0 1680 1152 1776 1152
13 0 1472 1184 1536 1184
13 0 1472 1232 1536 1232
13 0 1472 1264 1536 1264
13 0 1680 1264 1776 1264
13 0 1920 1280 2016 1280
13 0 1472 1296 1536 1296
13 0 1472 1312 1536 1312
13 0 1472 1344 1536 1344
13 0 1680 1344 1776 1344
13 0 1472 1376 1536 1376
13 0 1472 1424 1536 1424
13 0 1472 1456 1536 1456
13 0 1680 1472 1776 1472
13 0 1472 1488 1536 1488
13 0 1920 1488 2048 1488
13 0 1472 1520 1536 1520
13 0 1472 1536 1536 1536
13 0 1472 1568 1536 1568
13 0 1680 1584 1776 1584
13 0 1472 1600 1536 1600
13 0 1472 1632 1536 1632
13 0 1680 928 1680 992
13 0 1728 960 1728 1072
13 0 1776 992 1776 1152
13 0 1776 1296 1776 1344
13 0 1776 1504 1776 1584
13 0 1808 832 1808 864
13 0 1808 896 1808 912
13 0 1856 528 1856 576
13 0 1856 640 1856 704
13 0 1984 880 1984 928
13 0 2000 608 2000 848
13 0 2016 912 2016 1280
13 0 2048 944 2048 1488
13 0 2160 880 2160 928
13 0 2176 880 2176 912
13 0 2208 912 2208 928
13 5 2496 896 rez
13 5 2160 992 d
13 5 2192 1024 a
13 8 3008 896 2
13 8 2672 992 1
13 8 2704 1024 1
13 8 2496 896 2
13 8 2160 992 1
13 8 2192 1024 1
17 0 and3 2848 496 0
17 0 and3 2848 576 0
17 0 and3 2848 656 0
17 0 and3 2848 736 0
17 0 and3 2848 816 0
17 0 or5 3120 560 0
13 0 2704 544 2848 544
13 0 2704 576 2848 576
13 0 2992 576 3120 576
13 0 2704 608 2848 608
13 0 2704 624 2848 624
13 0 2704 656 2848 656
13 0 2992 656 3120 656
13 0 2992 672 3120 672
13 0 3264 672 3280 672
13 0 2704 688 2848 688
13 0 2704 704 2848 704
13 0 3040 704 3120 704
13 0 2704 736 2848 736
13 0 3088 736 3120 736
13 0 2704 768 2848 768
13 0 2704 784 2848 784
13 0 2704 816 2848 816
13 0 2992 816 3040 816
13 0 2704 848 2848 848
13 0 2704 864 2848 864
13 0 2704 896 2848 896
13 0 2992 896 3088 896
13 0 2704 928 2848 928
13 0 2992 672 2992 736
13 0 3040 704 3040 816
13 0 3088 736 3088 896
13 0 3120 576 3120 608
13 0 3120 640 3120 656
17 0 23
17 0 16
17 0 11
17 0 26
17 0 20
17 0 4
13 0 1392 800 1536 800
13 2 1392 800 1536 800
13 0 1392 832 1536 832
13 2 1392 832 1536 832
13 2 1680 832 1808 832
13 0 1392 864 1536 864
13 2 1392 864 1536 864
13 0 1392 880 1536 880
13 2 1392 880 1536 880
13 0 1392 912 1536 912
13 2 1392 912 1536 912
13 2 1680 912 1808 912
13 2 1680 928 1808 928
13 0 1952 928 1968 928
13 2 1952 928 1968 928
13 0 1392 944 1536 944
13 2 1392 944 1536 944
13 0 1392 960 1536 960
13 2 1392 960 1536 960
13 2 1728 960 1808 960
13 0 1392 992 1536 992
13 2 1392 992 1536 992
13 2 1776 992 1808 992
13 0 1392 1024 1536 1024
13 2 1392 1024 1536 1024
13 0 1392 1040 1536 1040
13 2 1392 1040 1536 1040
13 0 1392 1072 1536 1072
13 2 1392 1072 1536 1072
13 2 1680 1072 1728 1072
13 0 1392 1104 1536 1104
13 2 1392 1104 1536 1104
13 0 1392 1120 1536 1120
13 2 1392 1120 1536 1120
13 0 1392 1152 1536 1152
13 2 1392 1152 1536 1152
13 2 1680 1152 1776 1152
13 0 1392 1184 1536 1184
13 2 1392 1184 1536 1184
13 2 1680 928 1680 992
13 2 1728 960 1728 1072
13 2 1776 992 1776 1152
13 2 1808 832 1808 864
13 2 1808 896 1808 912
13 2 1040 800 1392 800
13 2 1184 832 1392 832
13 2 1280 864 1392 864
13 2 1088 880 1392 880
13 2 1136 912 1392 912
13 2 1280 944 1392 944
13 2 1088 960 1392 960
13 2 1280 992 1392 992
13 2 1376 1024 1392 1024
13 2 1088 1040 1392 1040
13 2 1184 1072 1392 1072
13 2 1232 1104 1392 1104
13 2 1088 1120 1392 1120
13 2 1232 1152 1392 1152
13 2 1376 1184 1392 1184
13 0 1040 784 1040 800
13 2 1040 784 1040 800
13 0 1040 800 1040 1216
13 2 1040 800 1040 1216
13 0 1088 784 1088 880
13 2 1088 784 1088 880
13 0 1088 880 1088 960
13 2 1088 880 1088 960
13 0 1088 960 1088 1040
13 2 1088 960 1088 1040
13 0 1088 1040 1088 1120
13 2 1088 1040 1088 1120
13 0 1088 1120 1088 1216
13 2 1088 1120 1088 1216
13 0 1136 784 1136 912
13 2 1136 784 1136 912
13 0 1136 912 1136 1216
13 2 1136 912 1136 1216
13 0 1184 784 1184 832
13 2 1184 784 1184 832
13 0 1184 832 1184 1072
13 2 1184 832 1184 1072
13 0 1184 1072 1184 1216
13 2 1184 1072 1184 1216
13 0 1232 784 1232 1104
13 2 1232 784 1232 1104
13 0 1232 1104 1232 1152
13 2 1232 1104 1232 1152
13 0 1232 1152 1232 1216
13 2 1232 1152 1232 1216
13 0 1280 784 1280 864
13 2 1280 784 1280 864
13 0 1280 864 1280 944
13 2 1280 864 1280 944
13 0 1280 944 1280 992
13 2 1280 944 1280 992
13 0 1280 992 1280 1216
13 2 1280 992 1280 1216
13 0 1328 784 1328 1216
13 2 1328 784 1328 1216
13 0 1376 784 1376 1024
13 2 1376 784 1376 1024
13 0 1376 1024 1376 1184
13 2 1376 1024 1376 1184
13 0 1376 1184 1376 1216
13 2 1376 1184 1376 1216
13 2 1040 656 1040 784
13 0 1040 1216 1040 656
13 2 1088 496 1088 784
13 0 1088 1216 1088 496
13 2 1136 688 1136 784
13 0 1136 1216 1136 688
13 2 1184 576 1184 784
13 0 1184 1216 1184 576
13 2 1232 608 1232 784
13 0 1232 1216 1232 608
13 2 1280 720 1280 784
13 0 1280 1216 1280 720
13 2 1328 640 1328 784
13 0 1328 1232 1328 640
13 2 1376 752 1376 784
13 0 1376 1216 1376 752
13 2 1088 1232 1536 1232
13 2 1184 1264 1536 1264
13 2 1680 1264 1776 1264
13 2 1920 1280 2016 1280
13 2 1232 1296 1536 1296
13 2 1040 1312 1536 1312
13 2 1280 1344 1536 1344
13 2 1680 1344 1776 1344
13 2 1328 1376 1536 1376
13 2 1040 1424 1536 1424
13 2 1184 1456 1536 1456
13 2 1680 1472 1776 1472
13 2 1280 1488 1536 1488
13 2 1920 1488 2048 1488
13 2 1376 1520 1536 1520
13 2 1040 1536 1536 1536
13 2 1136 1568 1536 1568
13 2 1680 1584 1776 1584
13 2 1232 1600 1536 1600
13 2 1328 1632 1536 1632
13 2 1776 1296 1776 1344
13 2 1776 1504 1776 1584
17 0 1
17 0 10
17 0 21
17 0 7
17 0 8
17 0 19
17 0 and3 1536 1264 0
17 0 and3 1536 1184 0
17 0 and4 1536 1376 0
17 0 and4 1536 1488 0
17 0 or2 1776 1216 0
17 0 or2 1776 1424 0
13 0 1440 1232 1536 1232
13 0 1088 1232 1440 1232
13 0 1440 1264 1536 1264
13 0 1184 1264 1440 1264
13 0 1680 1264 1776 1264
13 0 1920 1280 1984 1280
13 0 1984 1280 2016 1280
13 0 1440 1296 1536 1296
13 0 1232 1296 1440 1296
13 0 1440 1312 1536 1312
13 0 1040 1312 1440 1312
13 0 1440 1344 1536 1344
13 0 1280 1344 1440 1344
13 0 1680 1344 1776 1344
13 0 1440 1376 1536 1376
13 0 1328 1376 1440 1376
13 0 1440 1424 1536 1424
13 0 1040 1424 1440 1424
13 0 1440 1456 1536 1456
13 0 1184 1456 1440 1456
13 0 1680 1472 1776 1472
13 0 1440 1488 1536 1488
13 0 1280 1488 1440 1488
13 0 1920 1488 1984 1488
13 0 1984 1488 2048 1488
13 0 1440 1520 1536 1520
13 0 1376 1520 1440 1520
13 0 1440 1536 1536 1536
13 0 1040 1536 1440 1536
13 0 1440 1568 1536 1568
13 0 1136 1568 1440 1568
13 0 1680 1584 1776 1584
13 0 1440 1600 1536 1600
13 0 1232 1600 1440 1600
13 0 1440 1632 1536 1632
13 0 1328 1632 1440 1632
13 0 1776 1296 1776 1344
13 0 1776 1504 1776 1584
13 2 1088 1232 1536 1232
13 2 1184 1264 1536 1264
13 2 1680 1264 1776 1264
13 2 1920 1280 2016 1280
13 2 1232 1296 1536 1296
13 2 1040 1312 1536 1312
13 2 1280 1344 1536 1344
13 2 1680 1344 1776 1344
13 2 1328 1376 1536 1376
13 2 1040 1424 1536 1424
13 2 1184 1456 1536 1456
13 2 1680 1472 1776 1472
13 2 1280 1488 1536 1488
13 2 1920 1488 2048 1488
13 2 1376 1520 1536 1520
13 2 1040 1536 1536 1536
13 2 1136 1568 1536 1568
13 2 1680 1584 1776 1584
13 2 1232 1600 1536 1600
13 2 1328 1632 1536 1632
13 2 1776 1296 1776 1344
13 2 1776 1504 1776 1584
13 2 2016 912 2016 1280
13 2 2048 944 2048 1488
17 0 19
17 0 8
17 0 7
17 0 21
17 0 10
17 0 1
17 0 and3 1728 1200 0
17 0 and3 1728 1120 0
17 0 and4 1728 1312 0
17 0 and4 1728 1424 0
17 0 or2 1968 1152 0
17 0 or2 1968 1360 0
13 0 1600 1168 1728 1168
13 0 1392 1168 1600 1168
13 0 1392 1168 1392 1232
13 0 1088 1232 1392 1232
13 0 1600 1200 1728 1200
13 0 1408 1200 1600 1200
13 0 1408 1200 1408 1264
13 0 1184 1264 1408 1264
13 0 1872 1200 1968 1200
13 0 2112 1216 2208 1216
13 0 1600 1232 1728 1232
13 0 1424 1232 1600 1232
13 0 1424 1232 1424 1296
13 0 1232 1296 1424 1296
13 0 1600 1248 1728 1248
13 0 1440 1248 1600 1248
13 0 1440 1248 1440 1312
13 0 1040 1312 1440 1312
13 0 1600 1280 1728 1280
13 0 1456 1280 1600 1280
13 0 1456 1280 1456 1344
13 0 1280 1344 1456 1344
13 0 1872 1280 1968 1280
13 0 1600 1312 1728 1312
13 0 1472 1312 1600 1312
13 0 1472 1312 1472 1376
13 0 1328 1376 1472 1376
13 0 1600 1360 1728 1360
13 0 1488 1360 1600 1360
13 0 1488 1360 1488 1424
13 0 1040 1424 1488 1424
13 0 1600 1392 1728 1392
13 0 1504 1392 1600 1392
13 0 1504 1392 1504 1456
13 0 1184 1456 1504 1456
13 0 1872 1408 1968 1408
13 0 1600 1424 1728 1424
13 0 1520 1424 1600 1424
13 0 1520 1424 1520 1488
13 0 1280 1488 1520 1488
13 0 2112 1424 2240 1424
13 0 1600 1456 1728 1456
13 0 1536 1456 1600 1456
13 0 1536 1456 1536 1520
13 0 1376 1520 1536 1520
13 0 1600 1472 1728 1472
13 0 1552 1472 1600 1472
13 0 1552 1472 1552 1536
13 0 1040 1536 1552 1536
13 0 1600 1504 1728 1504
13 0 1568 1504 1600 1504
13 0 1568 1504 1568 1568
13 0 1136 1568 1568 1568
13 0 1872 1520 1968 1520
13 0 1600 1536 1728 1536
13 0 1584 1536 1600 1536
13 0 1584 1536 1584 1600
13 0 1232 1600 1584 1600
13 0 1600 1568 1728 1568
13 0 1600 1568 1600 1632
13 0 1328 1632 1600 1632
13 0 1968 1232 1968 1280
13 0 1968 1440 1968 1520
13 0 2208 1120 2208 1216
13 0 2208 1120 2016 1120
13 0 2016 912 2016 1120
13 0 2240 1120 2240 1424
13 0 2240 1104 2240 1120
13 0 2240 1104 2048 1104
13 0 2048 944 2048 1104
13 2 2048 944 2048 1104
13 2 2048 1104 2240 1104
13 0 2240 1104 2240 1120
13 2 2240 1104 2240 1120
13 2 2240 1120 2240 1424
13 2 2016 912 2016 1120
13 2 2016 1120 2208 1120
13 2 2208 1120 2208 1216
13 2 1968 1440 1968 1520
13 2 1968 1232 1968 1280
13 2 1328 1632 1600 1632
13 2 1600 1568 1600 1632
13 2 1600 1568 1728 1568
13 2 1232 1600 1584 1600
13 2 1584 1536 1584 1600
13 0 1584 1536 1600 1536
13 2 1584 1536 1600 1536
13 2 1600 1536 1728 1536
13 2 1872 1520 1968 1520
13 2 1136 1568 1568 1568
13 2 1568 1504 1568 1568
13 0 1568 1504 1600 1504
13 2 1568 1504 1600 1504
13 2 1600 1504 1728 1504
13 2 1040 1536 1552 1536
13 2 1552 1472 1552 1536
13 0 1552 1472 1600 1472
13 2 1552 1472 1600 1472
13 2 1600 1472 1728 1472
13 2 1376 1520 1536 1520
13 2 1536 1456 1536 1520
13 0 1536 1456 1600 1456
13 2 1536 1456 1600 1456
13 2 1600 1456 1728 1456
13 2 2112 1424 2240 1424
13 2 1280 1488 1520 1488
13 2 1520 1424 1520 1488
13 0 1520 1424 1600 1424
13 2 1520 1424 1600 1424
13 2 1600 1424 1728 1424
13 2 1872 1408 1968 1408
13 2 1184 1456 1504 1456
13 2 1504 1392 1504 1456
13 0 1504 1392 1600 1392
13 2 1504 1392 1600 1392
13 2 1600 1392 1728 1392
13 2 1040 1424 1488 1424
13 2 1488 1360 1488 1424
13 0 1488 1360 1600 1360
13 2 1488 1360 1600 1360
13 2 1600 1360 1728 1360
13 2 1328 1376 1472 1376
13 2 1472 1312 1472 1376
13 0 1472 1312 1600 1312
13 2 1472 1312 1600 1312
13 2 1600 1312 1728 1312
13 2 1872 1280 1968 1280
13 2 1280 1344 1456 1344
13 2 1456 1280 1456 1344
13 0 1456 1280 1600 1280
13 2 1456 1280 1600 1280
13 2 1600 1280 1728 1280
13 2 1040 1312 1440 1312
13 2 1440 1248 1440 1312
13 0 1440 1248 1600 1248
13 2 1440 1248 1600 1248
13 2 1600 1248 1728 1248
13 2 1232 1296 1424 1296
13 2 1424 1232 1424 1296
13 0 1424 1232 1600 1232
13 2 1424 1232 1600 1232
13 2 1600 1232 1728 1232
13 2 2112 1216 2208 1216
13 2 1872 1200 1968 1200
13 2 1184 1264 1408 1264
13 2 1408 1200 1408 1264
13 0 1408 1200 1600 1200
13 2 1408 1200 1600 1200
13 2 1600 1200 1728 1200
13 2 1088 1232 1392 1232
13 2 1392 1168 1392 1232
13 0 1392 1168 1600 1168
13 2 1392 1168 1600 1168
13 2 1600 1168 1728 1168
17 0 1
17 0 10
17 0 21
17 0 7
17 0 8
17 0 19
17 0 and3 1536 1264 0
17 0 and3 1536 1184 0
17 0 and4 1536 1376 0
17 0 and4 1536 1488 0
17 0 or2 1776 1216 0
17 0 or2 1776 1424 0
13 0 2048 944 2048 1488
13 0 2016 912 2016 1280
13 0 1776 1504 1776 1584
13 0 1776 1296 1776 1344
13 0 1328 1632 1536 1632
13 0 1232 1600 1536 1600
13 0 1680 1584 1776 1584
13 0 1136 1568 1536 1568
13 0 1040 1536 1536 1536
13 0 1376 1520 1536 1520
13 0 1920 1488 2048 1488
13 0 1280 1488 1536 1488
13 0 1680 1472 1776 1472
13 0 1184 1456 1536 1456
13 0 1040 1424 1536 1424
13 0 1328 1376 1536 1376
13 0 1680 1344 1776 1344
13 0 1280 1344 1536 1344
13 0 1040 1312 1536 1312
13 0 1232 1296 1536 1296
13 0 1920 1280 2016 1280
13 0 1680 1264 1776 1264
13 0 1184 1264 1536 1264
13 0 1088 1232 1536 1232
13 0 1472 1232 1536 1232
13 2 1472 1232 1536 1232
13 2 1088 1232 1472 1232
13 0 1440 784 1088 784
13 0 1088 784 1088 1232
13 0 1440 784 1536 784
13 0 1536 784 1536 1232
13 0 1456 1264 1536 1264
13 2 1456 1264 1536 1264
13 2 1184 1264 1456 1264
13 0 1408 816 1184 816
13 0 1184 816 1184 1264
13 0 1408 816 1536 816
13 0 1536 816 1536 1264
13 2 1536 1232 1536 1264
13 0 1408 816 1536 816
13 2 1408 816 1536 816
13 2 1184 816 1408 816
13 0 1184 1264 1456 1264
13 0 1456 1264 1536 1264
13 2 1536 784 1536 1232
13 0 1440 784 1536 784
13 2 1440 784 1536 784
13 2 1088 784 1440 784
13 0 1088 1232 1472 1232
13 0 1472 1232 1536 1232
13 2 1776 1504 1776 1584
13 2 1776 1296 1776 1344
13 0 1328 1632 1440 1632
13 2 1328 1632 1440 1632
13 2 1440 1632 1536 1632
13 0 1232 1600 1440 1600
13 2 1232 1600 1440 1600
13 2 1440 1600 1536 1600
13 2 1680 1584 1776 1584
13 0 1136 1568 1440 1568
13 2 1136 1568 1440 1568
13 2 1440 1568 1536 1568
13 0 1040 1536 1440 1536
13 2 1040 1536 1440 1536
13 2 1440 1536 1536 1536
13 0 1376 1520 1440 1520
13 2 1376 1520 1440 1520
13 2 1440 1520 1536 1520
13 0 1984 1488 2048 1488
13 2 1984 1488 2048 1488
13 2 1920 1488 1984 1488
13 0 1280 1488 1440 1488
13 2 1280 1488 1440 1488
13 2 1440 1488 1536 1488
13 2 1680 1472 1776 1472
13 0 1184 1456 1440 1456
13 2 1184 1456 1440 1456
13 2 1440 1456 1536 1456
13 0 1040 1424 1440 1424
13 2 1040 1424 1440 1424
13 2 1440 1424 1536 1424
13 0 1328 1376 1440 1376
13 2 1328 1376 1440 1376
13 2 1440 1376 1536 1376
13 2 1680 1344 1776 1344
13 0 1280 1344 1440 1344
13 2 1280 1344 1440 1344
13 2 1440 1344 1536 1344
13 0 1040 1312 1440 1312
13 2 1040 1312 1440 1312
13 2 1440 1312 1536 1312
13 0 1232 1296 1440 1296
13 2 1232 1296 1440 1296
13 2 1440 1296 1536 1296
13 0 1984 1280 2016 1280
13 2 1984 1280 2016 1280
13 2 1920 1280 1984 1280
13 2 1680 1264 1776 1264
13 0 1184 1264 1440 1264
13 2 1184 1264 1440 1264
13 2 1440 1264 1536 1264
13 0 1088 1232 1440 1232
13 2 1088 1232 1440 1232
13 2 1440 1232 1536 1232
17 0 19
17 0 8
17 0 7
17 0 21
17 0 10
17 0 1
17 0 and3 1536 1264 0
17 0 and3 1536 1184 0
17 0 and4 1536 1376 0
17 0 and4 1536 1488 0
17 0 or2 1776 1216 0
17 0 or2 1776 1424 0
13 0 1776 1504 1776 1584
13 0 1776 1296 1776 1344
13 0 1328 1632 1536 1632
13 0 1232 1600 1536 1600
13 0 1680 1584 1776 1584
13 0 1136 1568 1536 1568
13 0 1040 1536 1536 1536
13 0 1376 1520 1536 1520
13 0 1920 1488 2048 1488
13 0 1280 1488 1536 1488
13 0 1680 1472 1776 1472
13 0 1184 1456 1536 1456
13 0 1040 1424 1536 1424
13 0 1328 1376 1536 1376
13 0 1680 1344 1776 1344
13 0 1280 1344 1536 1344
13 0 1040 1312 1536 1312
13 0 1232 1296 1536 1296
13 0 1920 1280 2016 1280
13 0 1680 1264 1776 1264
13 0 1184 1264 1536 1264
13 0 1088 1232 1536 1232
13 0 1376 1216 1376 752
13 2 1376 752 1376 1216
13 0 1376 752 1376 784
13 0 1328 1216 1328 640
13 2 1328 640 1328 1216
13 0 1328 640 1328 784
13 0 1280 1216 1280 720
13 2 1280 720 1280 1216
13 0 1280 720 1280 784
13 0 1232 1216 1232 608
13 2 1232 608 1232 1216
13 0 1232 608 1232 784
13 0 1184 1216 1184 576
13 2 1184 576 1184 1216
13 0 1184 576 1184 784
13 0 1136 1216 1136 688
13 2 1136 688 1136 1216
13 0 1136 688 1136 784
13 0 1088 1216 1088 496
13 2 1088 496 1088 1216
13 0 1088 496 1088 784
13 0 1040 1216 1040 656
13 2 1040 656 1040 1216
13 0 1040 656 1040 784
13 0 1376 1184 1376 1216
13 0 1376 1024 1376 1184
13 0 1376 784 1376 1024
13 0 1328 784 1328 1216
13 0 1280 992 1280 1216
13 0 1280 944 1280 992
13 0 1280 864 1280 944
13 0 1280 784 1280 864
13 0 1232 1152 1232 1216
13 0 1232 1104 1232 1152
13 0 1232 784 1232 1104
13 0 1184 1072 1184 1216
13 0 1184 832 1184 1072
13 0 1184 784 1184 832
13 0 1136 912 1136 1216
13 0 1136 784 1136 912
13 0 1088 1120 1088 1216
13 0 1088 1040 1088 1120
13 0 1088 960 1088 1040
13 0 1088 880 1088 960
13 0 1088 784 1088 880
13 0 1040 800 1040 1216
13 0 1040 784 1040 800
13 0 1376 1184 1392 1184
13 0 1232 1152 1392 1152
13 0 1088 1120 1392 1120
13 0 1232 1104 1392 1104
13 0 1184 1072 1392 1072
13 0 1088 1040 1392 1040
13 0 1376 1024 1392 1024
13 0 1280 992 1392 992
13 0 1088 960 1392 960
13 0 1280 944 1392 944
13 0 1136 912 1392 912
13 0 1088 880 1392 880
13 0 1280 864 1392 864
13 0 1184 832 1392 832
13 0 1040 800 1392 800
13 0 1808 896 1808 912
13 0 1808 832 1808 864
13 0 1776 992 1776 1152
13 0 1728 960 1728 1072
13 0 1680 928 1680 992
13 0 1392 1184 1536 1184
13 0 1680 1152 1776 1152
13 0 1392 1152 1536 1152
13 0 1392 1120 1536 1120
13 0 1392 1104 1536 1104
13 0 1680 1072 1728 1072
13 0 1392 1072 1536 1072
13 0 1392 1040 1536 1040
13 0 1392 1024 1536 1024
13 0 1776 992 1808 992
13 0 1392 992 1536 992
13 0 1728 960 1808 960
13 0 1392 960 1536 960
13 0 1392 944 1536 944
13 0 1952 928 1968 928
13 0 1680 928 1808 928
13 0 1680 912 1808 912
13 0 1392 912 1536 912
13 0 1392 880 1536 880
13 0 1392 864 1536 864
13 0 1680 832 1808 832
13 0 1392 832 1536 832
13 0 1392 800 1536 800
17 0 and3 1536 752 0
17 0 and3 1536 832 0
17 0 and3 1536 912 0
17 0 and3 1536 992 0
17 0 and3 1536 1072 0
17 0 or5 1808 816 0
13 2 3120 640 3120 656
13 2 3120 576 3120 608
13 2 3088 736 3088 896
13 2 3040 704 3040 816
13 2 2992 672 2992 736
13 2 2704 928 2848 928
13 2 2992 896 3088 896
13 2 2704 896 2848 896
13 2 2704 864 2848 864
13 2 2704 848 2848 848
13 2 2992 816 3040 816
13 2 2704 816 2848 816
13 2 2704 784 2848 784
13 2 2704 768 2848 768
13 2 3088 736 3120 736
13 2 2704 736 2848 736
13 2 3040 704 3120 704
13 2 2704 704 2848 704
13 2 2704 688 2848 688
13 2 3264 672 3280 672
13 2 2992 672 3120 672
13 2 2992 656 3120 656
13 2 2704 656 2848 656
13 2 2704 624 2848 624
13 2 2704 608 2848 608
13 2 2992 576 3120 576
13 2 2704 576 2848 576
13 2 2704 544 2848 544
17 0 17
17 0 2
17 0 3
17 0 5
17 0 9
17 0 13
