10 1 1
10 1 1
10 1 1
17 0 9
17 0 10
13 0 1408 1328 2352 1328
13 2 1408 1328 2352 1328
13 0 1408 1360 2352 1360
13 2 1408 1360 2352 1360
13 2 2304 1392 2352 1392
13 0 1408 1408 2064 1408
13 2 1408 1408 2064 1408
13 2 2208 1424 2304 1424
13 0 1408 1440 2064 1440
13 2 1408 1440 2064 1440
13 0 1408 1504 2064 1504
13 2 1408 1504 2064 1504
13 2 2208 1520 2352 1520
13 0 1408 1536 2064 1536
13 2 1408 1536 2064 1536
13 2 2304 1392 2304 1424
13 2 2352 1424 2352 1520
17 0 8
17 0 nd5 2352 1264 0
17 0 nd2 2112 1408 0
13 0 1408 1328 1408 1312
13 0 1408 1312 2352 1312
13 2 1408 1312 2352 1312
13 2 1408 1312 1408 1328
13 0 1376 1328 1408 1328
13 2 1376 1328 1408 1328
13 2 496 1328 1376 1328
13 0 1376 1312 496 1312
13 0 496 1312 496 1328
13 0 1376 1312 1408 1312
13 0 1408 1312 1408 1328
13 0 1392 1312 1408 1312
13 2 1392 1312 1408 1312
13 2 1408 1312 1408 1328
13 2 496 1312 1392 1312
13 0 2352 1312 496 1312
13 0 1376 1360 1408 1360
13 2 1376 1360 1408 1360
13 2 800 1360 1376 1360
13 0 1376 1344 800 1344
13 0 800 1344 800 1360
13 0 1376 1344 1408 1344
13 0 1408 1344 1408 1360
13 0 1392 1344 1408 1344
13 2 1392 1344 1408 1344
13 2 1408 1344 1408 1360
13 2 800 1344 1392 1344
13 0 2352 1344 800 1344
13 2 848 1408 1408 1408
13 0 2352 1376 848 1376
13 0 848 1376 848 1408
13 2 944 1440 1408 1440
13 0 2352 1408 944 1408
13 0 944 1408 944 1440
17 0 10
17 0 nd2 2096 1408 0
13 2 608 1504 1408 1504
13 0 1424 1520 608 1520
13 0 608 1520 608 1504
13 2 608 1520 1424 1520
13 0 608 1520 608 544
13 2 608 544 608 1520
13 2 608 1520 608 2352
13 0 576 1520 576 2352
13 0 576 2352 608 2352
13 0 576 1520 576 544
13 0 576 544 608 544
13 0 576 1520 1424 1520
13 2 576 1520 1424 1520
13 2 576 544 608 544
13 0 576 1520 576 544
13 2 576 544 576 1520
13 2 576 2352 608 2352
13 2 576 1520 576 2352
13 0 608 1520 608 2352
13 0 608 544 608 1520
13 0 608 1520 1424 1520
13 0 608 1520 640 1520
13 2 608 1520 640 1520
13 0 608 1488 608 1520
13 2 608 1488 608 1520
13 0 608 1520 608 1536
13 2 608 1520 608 1536
13 2 608 544 608 1488
13 0 608 1536 608 544
13 2 640 1520 1424 1520
13 0 560 1520 1424 1520
13 2 704 1536 1408 1536
13 0 704 1536 704 464
13 2 704 464 704 1536
13 2 704 1536 704 1760
13 0 656 1536 656 1760
13 0 656 1760 704 1760
13 0 656 1536 656 464
13 0 656 464 704 464
13 0 656 1536 1408 1536
13 2 656 1536 1408 1536
13 2 656 464 704 464
13 2 656 1760 704 1760
13 0 704 1536 704 1760
13 0 704 464 704 1536
13 0 704 1536 1408 1536
13 0 704 1536 720 1536
13 2 704 1536 720 1536
13 0 704 1536 704 1552
13 2 704 1536 704 1552
13 2 704 464 704 1536
13 0 704 1552 704 464
13 2 720 1536 1408 1536
13 0 656 1536 1408 1536
13 2 560 1520 1424 1520
13 0 2112 1456 560 1456
13 0 560 1456 2096 1456
13 0 2096 1456 2112 1456
13 0 560 1456 560 1520
13 2 656 1536 1408 1536
13 0 2096 1488 656 1488
13 0 656 1488 656 1536
13 2 2096 1456 2112 1456
13 2 560 1456 2096 1456
13 0 2112 1456 560 1456
13 0 560 1456 2096 1456
13 0 2096 1456 2112 1456
13 2 2096 1456 2112 1456
13 2 560 1456 2096 1456
13 0 560 1456 2096 1456
13 0 2096 1456 2112 1456
13 2 656 1488 2096 1488
13 0 656 1536 1408 1536
13 2 2096 1456 2112 1456
13 2 560 1456 2096 1456
13 0 560 1520 1424 1520
13 2 560 1520 1424 1520
13 0 2096 1456 560 1456
13 0 560 1456 560 1520
13 2 656 1536 1408 1536
13 0 2096 1488 656 1488
13 0 656 1488 656 1536
13 0 2240 1472 2352 1472
13 0 2352 1472 2352 1440
13 0 2320 1536 2256 1536
13 2 2256 1536 2320 1536
13 0 1888 2160 1872 2160
13 2 496 2096 1872 2096
13 2 656 2128 1872 2128
13 2 800 2160 1872 2160
13 2 1872 2160 1888 2160
13 2 992 2192 1872 2192
13 2 2016 2048 2016 2144
17 0 20
17 0 nd4 1856 2048 0
13 0 496 2096 1856 2096
13 0 1840 2128 1856 2128
13 0 656 2128 1840 2128
13 0 1824 2160 1856 2160
13 0 800 2160 1824 2160
13 0 1856 2160 1872 2160
13 0 1808 2192 1856 2192
13 0 992 2192 1808 2192
13 0 2000 2096 2000 2144
13 0 2000 2096 2016 2096
13 0 2016 2048 2016 2096
13 2 2016 2048 2016 2096
13 2 2000 2096 2016 2096
13 2 2000 2096 2000 2144
13 0 992 2192 1808 2192
13 2 992 2192 1808 2192
13 2 1808 2192 1856 2192
13 2 1856 2160 1872 2160
13 0 800 2160 1824 2160
13 2 800 2160 1824 2160
13 2 1824 2160 1856 2160
13 0 656 2128 1840 2128
13 2 656 2128 1840 2128
13 2 1840 2128 1856 2128
13 2 496 2096 1856 2096
17 0 20
17 0 nd4 1872 2048 0
13 0 2016 2048 2016 2144
13 0 992 2192 1872 2192
13 0 1872 2160 1888 2160
13 0 800 2160 1872 2160
13 0 656 2128 1872 2128
13 0 496 2096 1872 2096
13 2 496 2096 1872 2096
13 2 656 2128 1872 2128
13 2 800 2160 1872 2160
13 2 1872 2160 1888 2160
13 2 992 2192 1872 2192
13 2 2016 2048 2016 2144
17 0 20
17 0 nd4 1872 2048 0
13 0 496 2096 1872 2096
13 0 1856 2128 1872 2128
13 0 656 2128 1856 2128
13 0 1840 2160 1872 2160
13 0 800 2160 1840 2160
13 0 1872 2160 1888 2160
13 0 1824 2192 1872 2192
13 0 992 2192 1824 2192
13 0 2016 2096 2016 2144
13 0 2016 2048 2016 2096
13 2 1872 2160 1888 2160
13 2 800 2160 1872 2160
13 0 1888 2160 800 2160
13 0 800 2160 1872 2160
13 0 1872 2160 1888 2160
13 0 1856 2160 1872 2160
13 2 1856 2160 1872 2160
13 2 1872 2160 1888 2160
13 2 800 2160 1856 2160
13 0 1872 2160 800 2160
17 0 23
17 0 25
17 0 24
13 0 1792 2256 2096 2256
13 2 1792 2256 2096 2256
13 0 1792 2288 2096 2288
13 2 1792 2288 2096 2288
13 0 2240 2304 2272 2304
13 2 2240 2304 2272 2304
13 0 1792 2320 1856 2320
13 2 1792 2320 1856 2320
13 2 2000 2320 2096 2320
13 0 1792 2352 1856 2352
13 2 1792 2352 1856 2352
13 2 2016 2352 2096 2352
13 0 1792 2384 1856 2384
13 2 1792 2384 1856 2384
13 0 1792 2416 1856 2416
13 2 1792 2416 1856 2416
13 0 1792 2448 1856 2448
13 2 1792 2448 1856 2448
13 2 2000 2464 2016 2464
13 0 1792 2480 1856 2480
13 2 1792 2480 1856 2480
13 0 1792 2512 1856 2512
13 2 1792 2512 1856 2512
13 2 2000 2320 2000 2352
13 2 2016 2352 2016 2464
17 0 nd3 2128 2224 0
13 2 752 2256 1792 2256
13 0 2128 2272 752 2272
13 0 752 2272 752 2256
13 2 848 2288 1792 2288
13 0 2128 2304 848 2304
13 0 848 2304 848 2288
17 0 nd2 1936 2336 0
13 0 1648 2320 1792 2320
13 2 1648 2320 1792 2320
13 0 1648 2352 1792 2352
13 2 1648 2352 1792 2352
13 0 1648 2384 1792 2384
13 2 1648 2384 1792 2384
13 0 1648 2416 1792 2416
13 2 1648 2416 1792 2416
13 0 1648 2448 1792 2448
13 2 1648 2448 1792 2448
13 0 1648 2480 1792 2480
13 2 1648 2480 1792 2480
13 0 1648 2512 1792 2512
13 2 1648 2512 1792 2512
17 0 nd3 1680 2288 0
17 0 nd3 1680 2384 0
13 2 496 2320 1648 2320
13 0 1680 2336 496 2336
13 0 496 2336 496 2320
13 2 608 2352 1648 2352
13 0 1680 2368 608 2368
13 0 608 2368 608 2352
13 2 704 2384 1648 2384
13 0 1680 2400 704 2400
13 0 704 2400 704 2384
13 2 448 2416 1648 2416
13 0 1680 2432 448 2432
13 0 448 2432 448 2416
13 2 560 2448 1648 2448
13 0 1680 2464 560 2464
13 0 560 2464 560 2448
13 2 656 2480 1648 2480
13 0 1680 2496 656 2496
13 0 656 2496 656 2480
13 2 944 2512 1648 2512
13 0 1648 2512 944 2512
13 2 448 2432 1680 2432
13 2 560 2464 1680 2464
13 2 656 2496 1680 2496
17 0 9
17 0 nd3 1680 2384 0
13 0 448 2432 1680 2432
13 0 1664 2464 1680 2464
13 0 560 2464 1664 2464
13 0 1648 2496 1680 2496
13 0 656 2496 1648 2496
17 0 9
17 0 nd4 1680 2384 0
13 2 944 2512 1648 2512
13 0 1680 2528 944 2528
13 0 944 2528 944 2512
13 2 944 2528 1680 2528
13 2 944 2032 944 2528
13 0 944 2544 944 2032
13 0 944 2544 1680 2544
13 0 944 2544 992 2544
13 0 992 2544 1680 2544
13 0 1680 2544 1680 2528
13 2 1680 2528 1680 2544
13 2 992 2544 1680 2544
13 2 944 2544 992 2544
13 2 944 2032 944 2544
13 0 944 2032 944 2528
13 0 944 2528 1680 2528
13 0 944 2528 944 2544
13 0 896 2528 896 2544
13 0 848 2528 848 2544
13 0 800 2528 800 2544
13 0 752 2528 752 2544
13 0 704 2528 704 2544
13 0 656 2528 656 2544
13 0 608 2528 608 2544
13 0 560 2528 560 2544
13 0 496 2528 496 2544
13 0 448 2528 448 2544
13 0 1824 2368 1936 2368
13 0 1936 2368 1936 2384
13 0 1824 2480 1936 2480
13 0 1936 2480 1936 2416
13 0 2080 2400 2080 2336
13 0 2080 2336 2128 2336
13 0 1760 560 2240 560
13 2 1760 560 2240 560
13 2 800 560 1760 560
13 0 1760 560 800 560
13 0 1760 560 2240 560
13 0 1760 560 2240 560
13 2 1760 560 2240 560
13 2 800 560 1760 560
13 0 1792 688 800 688
13 0 800 688 800 560
13 0 1792 688 2240 688
13 0 2240 688 2240 560
13 0 1792 688 2240 688
13 2 1792 688 2240 688
13 2 800 688 1792 688
13 0 800 560 1760 560
13 0 1760 560 2240 560
13 2 656 928 1712 928
13 0 656 928 656 736
13 2 656 736 656 928
13 2 656 928 656 1488
13 0 672 928 672 1488
13 0 672 1488 656 1488
13 0 672 928 672 736
13 0 672 736 656 736
13 0 672 928 1712 928
13 2 672 928 1712 928
13 0 672 928 672 736
13 2 672 736 672 928
13 2 672 928 672 1488
13 0 656 928 656 1488
13 0 656 736 656 928
13 0 656 928 1712 928
13 0 656 928 672 928
13 2 656 928 672 928
13 0 656 912 656 928
13 2 656 912 656 928
13 0 656 928 656 944
13 2 656 928 656 944
13 2 672 928 1712 928
13 0 704 928 1712 928
13 2 656 736 656 912
13 0 656 944 656 736
