10 1 1
10 1 1
10 1 1
17 0 or4 3040 1232 0
17 0 and4 2432 1104 0
17 0 or4 2144 1200 0
17 0 and2 1808 1104 0
17 0 and2 1808 1232 0
17 0 and2 1792 1360 0
17 0 and2 1776 1488 0
17 0 7
17 0 6
17 0 5
17 0 4
17 0 3
17 0 2
17 0 and2 1776 1360 0
17 0 and2 1792 1232 0
17 0 and2 1808 1104 0
17 0 and2 1808 976 0
17 0 or4 2144 1072 0
17 0 and4 2432 976 0
17 0 3
17 0 and2 1808 1232 0
17 0 2
17 0 and2 1808 1360 0
13 0 2288 1168 2432 1168
13 0 2432 1168 2432 1120
13 0 1952 1040 2144 1040
13 0 2144 1040 2144 1120
13 0 1952 1168 2144 1168
13 0 2144 1168 2144 1152
13 0 1952 1296 1952 1200
13 0 1952 1200 2032 1200
13 0 2032 1200 2064 1200
13 0 2064 1200 2064 1184
13 0 2064 1184 2144 1184
13 0 1952 1424 1952 1312
13 0 1952 1312 2032 1312
13 0 2032 1312 2144 1312
13 0 2144 1312 2144 1216
13 0 2576 1072 2864 1072
13 0 2864 1072 2864 1152
13 0 2864 1152 2864 1280
13 0 2864 1280 2896 1280
13 0 2896 1280 3040 1280
13 0 2432 1088 2272 1088
13 0 2272 1088 2272 944
13 0 2272 944 2256 944
13 0 2256 944 1632 944
13 0 1632 944 1632 928
13 0 2432 1056 2336 1056
13 0 2336 1056 2336 896
13 0 2336 896 2320 896
13 0 2320 896 1632 896
13 0 1632 896 1632 880
13 0 2432 1024 2368 1024
13 0 2368 1024 2368 832
13 0 2368 832 2352 832
13 0 2352 832 1616 832
13 0 1632 928 1632 944
13 0 1632 928 1632 944
13 0 320 240 320 864
13 0 320 272 352 272
13 0 320 272 336 272
13 2 320 272 352 272
13 0 320 272 368 272
17 0 inv 416 272 1
13 0 368 368 368 672
13 0 320 864 320 2624
13 0 320 2624 336 2624
13 0 368 672 368 2624
13 0 368 2624 352 2624
13 0 352 2624 352 2608
13 0 352 2608 336 2608
13 0 336 2592 336 2640
13 0 336 2592 336 2624
13 0 336 2592 336 2608
13 0 336 2608 336 2624
13 0 336 2624 336 2640
13 0 336 2640 368 2640
13 2 336 2608 352 2608
13 0 336 2640 352 2640
13 2 336 2640 352 2640
13 0 336 2592 336 2608
13 2 336 2592 336 2608
13 2 336 2608 336 2624
13 2 336 2624 336 2640
13 2 352 2608 352 2624
13 2 352 2640 368 2640
13 0 368 2640 352 2640
13 2 352 2624 368 2624
13 2 368 368 368 2624
13 0 368 368 368 2624
13 0 352 2624 368 2624
13 2 320 2624 336 2624
13 2 352 2624 368 2624
13 2 352 2640 368 2640
13 0 320 1808 320 2624
13 2 320 1808 320 2624
13 0 368 1808 368 2624
13 2 368 1808 368 2624
13 0 112 240 112 272
13 0 112 272 160 272
13 0 112 272 112 816
17 0 inv 208 272 1
13 0 160 368 160 1808
13 0 112 816 112 1808
13 0 224 208 224 1696
13 0 224 1696 144 1696
13 2 144 1696 224 1696
13 2 224 208 224 1696
17 0 inv 320 272 1
13 0 224 272 272 272
13 0 224 240 224 272
13 0 224 272 224 1808
13 0 272 368 272 1808
17 0 inv 512 272 1
13 0 416 272 464 272
13 0 416 240 416 272
13 0 416 272 416 1808
13 0 464 368 464 1808
17 0 inv 608 272 1
13 0 512 272 560 272
13 0 512 240 512 272
13 0 512 272 512 1808
13 0 560 368 560 1808
17 0 inv 704 272 1
13 0 608 272 656 272
13 0 608 240 608 272
13 0 608 272 608 1808
13 0 656 368 656 1808
17 0 inv 800 272 1
13 0 704 272 752 272
13 0 704 240 704 272
13 0 704 272 704 1808
13 0 752 368 752 1808
17 0 inv 896 272 1
13 0 800 272 848 272
13 0 800 240 800 272
13 0 800 272 800 1808
13 0 848 368 848 1808
17 0 inv 992 272 1
13 0 896 272 944 272
13 0 896 240 896 272
13 0 896 272 896 1808
13 0 944 368 944 1808
17 0 inv 1088 272 1
13 0 992 272 1040 272
13 0 992 240 992 272
13 0 992 272 992 1808
13 0 1040 368 1040 1808
17 0 inv 1184 272 1
13 0 1088 272 1136 272
13 0 1088 240 1088 272
13 0 1088 272 1088 1808
13 0 1136 368 1136 1808
17 0 inv 1280 272 1
13 0 1184 272 1232 272
13 0 1184 240 1184 272
13 0 1184 272 1184 1808
13 0 1232 368 1232 1808
17 0 inv 1376 272 1
13 0 1280 272 1328 272
13 0 1280 240 1280 272
13 0 1280 272 1280 1808
13 0 1328 368 1328 1808
17 0 inv 1472 272 1
13 0 1376 272 1424 272
13 0 1376 240 1376 272
13 0 1376 272 1376 1808
13 0 1424 368 1424 1808
17 0 inv 1568 272 1
13 0 1472 272 1520 272
13 0 1472 240 1472 272
13 0 1472 272 1472 1808
13 0 1520 368 1520 1808
13 0 1616 832 1760 832
13 2 1616 832 1760 832
13 0 1632 896 1760 896
13 2 1632 896 1760 896
13 0 1632 944 1760 944
13 2 1632 944 1760 944
13 2 1632 880 1632 896
13 2 1632 928 1632 944
13 2 1952 1040 2144 1040
17 0 5
17 0 and2 1968 976 0
13 0 2112 1040 2144 1040
13 2 2368 1024 2432 1024
13 2 2336 1056 2432 1056
13 2 2576 1072 2864 1072
13 2 2272 1088 2432 1088
13 2 2432 1120 2432 1168
17 0 7
17 0 and4 2688 976 0
13 0 2368 1024 2688 1024
13 0 2672 1056 2688 1056
13 0 2336 1056 2672 1056
13 0 2832 1072 2864 1072
13 0 2656 1088 2688 1088
13 0 2272 1088 2656 1088
13 0 2688 1120 2432 1120
13 0 2432 1120 2432 1168
13 2 1952 1168 2144 1168
13 2 2288 1168 2432 1168
13 2 2064 1184 2144 1184
13 2 2144 1040 2144 1120
13 2 2144 1152 2144 1168
13 2 2144 1216 2144 1312
17 0 6
17 0 or4 2272 1072 0
13 0 1952 1168 2272 1168
13 0 2416 1168 2432 1168
13 0 2256 1184 2272 1184
13 0 2064 1184 2256 1184
13 0 2272 1120 2144 1120
13 0 2144 1040 2144 1120
13 0 2272 1152 2272 1168
13 0 2272 1216 2144 1216
13 0 2144 1216 2144 1312
13 2 2112 1040 2144 1040
17 0 5
17 0 and2 1984 976 0
13 0 2128 1040 2144 1040
13 2 1952 1168 2272 1168
17 0 4
17 0 and2 1920 1088 0
13 0 2064 1152 2064 1168
13 0 2064 1168 2272 1168
13 2 1952 1200 1952 1296
17 0 3
17 0 and2 1936 1200 0
13 0 2080 1232 2080 1264
13 0 2080 1232 1952 1232
13 0 1952 1200 1952 1232
13 2 1952 1312 1952 1424
17 0 2
17 0 and2 1808 1360 0
13 0 1952 1392 1952 1424
13 0 1952 1312 1952 1392
13 2 1952 1312 1952 1424
17 0 2
17 0 and2 1936 1296 0
13 0 2080 1328 2080 1360
13 0 2080 1328 1952 1328
13 0 1952 1312 1952 1328
13 2 1952 1200 2064 1200
13 0 1952 1232 2064 1232
13 2 1952 1232 2064 1232
13 2 1952 1200 1952 1232
13 2 2064 1184 2064 1200
13 2 2064 1232 2080 1232
13 2 2080 1232 2080 1264
17 0 3
17 0 and2 1936 1200 0
13 0 2064 1232 2080 1232
13 0 2080 1232 2080 1264
13 2 2064 1232 2080 1232
13 2 2080 1232 2080 1264
17 0 3
17 0 and2 1936 1200 0
13 0 2064 1232 2080 1232
13 0 2080 1232 2080 1264
13 2 2064 1232 2080 1232
13 0 2080 1232 2080 1248
13 2 2080 1232 2080 1248
13 2 2080 1248 2080 1264
17 0 3
17 0 and2 1936 1200 0
13 0 2080 1248 2080 1264
13 0 2064 1184 2112 1184
13 2 2064 1184 2112 1184
13 0 2080 1248 2080 1184
13 0 2080 1184 2112 1184
13 0 1760 832 2048 832
13 2 1760 832 2048 832
13 0 1760 896 2048 896
13 2 1760 896 2048 896
13 0 1760 944 2048 944
13 2 1760 944 2048 944
17 0 inv 1648 272 1
13 0 1552 272 1600 272
13 0 1552 240 1552 272
13 0 1552 272 1552 1808
13 0 1600 368 1600 1808
17 0 inv 1744 272 1
13 0 1648 272 1696 272
13 0 1648 240 1648 272
13 0 1648 272 1648 1808
13 0 1696 368 1696 1808
17 0 inv 1824 272 1
13 0 1728 272 1776 272
13 0 1728 240 1728 272
13 0 1728 272 1728 1808
13 0 1776 368 1776 1808
13 5 112 240 a
13 5 368 304 a
13 5 224 240 b
13 5 320 240 c
13 5 416 240 d
13 5 512 240 e
13 5 608 240 f
13 5 704 240 g
13 5 800 240 h
13 5 896 240 i
13 5 992 240 j
13 5 1088 240 k
13 5 1184 240 l
13 5 1280 240 m
13 5 1376 240 n
13 5 1472 240 o
13 5 1552 240 p
13 5 1648 240 q
13 5 1728 240 r
13 8 112 240 1
13 8 224 240 1
13 8 320 240 1
13 8 416 240 1
13 8 512 240 1
13 8 608 240 1
13 8 704 240 1
13 8 800 240 1
13 8 896 240 1
13 8 992 240 1
13 8 1088 240 1
13 8 1184 240 1
13 8 1280 240 1
13 8 1376 240 1
13 8 1472 240 1
13 8 1552 240 1
13 8 1648 240 1
13 8 1728 240 1
13 0 3184 1328 3360 1328
13 5 3360 1328 s
13 8 3360 1328 2
13 5 112 240 a3
13 7 112 240
13 8 112 240 0
13 5 224 240 a6
13 7 224 240
13 8 224 240 0
13 5 320 224 a7
13 7 320 224
13 7 224 240
13 5 224 240 b
13 7 112 240
13 5 112 240 a
13 8 3360 1328 2
13 8 3360 1328 0
13 7 3360 1328
13 2 3184 1328 3360 1328
13 8 1728 240 1
13 8 1728 240 0
13 8 1648 240 1
13 8 1648 240 0
13 8 1552 240 1
13 8 1552 240 0
13 8 1472 240 1
13 8 1472 240 0
13 8 1376 240 1
13 8 1376 240 0
13 8 1280 240 1
13 8 1280 240 0
13 8 1184 240 1
13 8 1184 240 0
13 8 1088 240 1
13 8 1088 240 0
13 8 992 240 1
13 8 992 240 0
13 8 896 240 1
13 8 896 240 0
13 8 800 240 1
13 8 800 240 0
13 8 704 240 1
13 8 704 240 0
13 8 608 240 1
13 8 608 240 0
13 8 512 240 1
13 8 512 240 0
13 8 416 240 1
13 8 416 240 0
13 8 320 240 1
13 8 320 240 0
13 8 224 240 1
13 8 224 240 0
13 8 112 240 1
13 8 112 240 0
13 7 1728 240
13 7 1648 240
13 7 1552 240
13 7 1472 240
13 7 1376 240
13 7 1280 240
13 7 1184 240
13 7 1088 240
13 7 992 240
13 7 896 240
13 7 800 240
13 7 704 240
13 7 608 240
13 7 512 240
13 7 416 240
13 7 320 240
13 7 224 240
13 7 368 304
13 7 112 240
13 5 112 240 a3
13 5 224 240 a6
13 5 320 240 a7
13 5 416 240 a11
13 5 512 240 a19
13 5 608 240 a21
13 5 704 240 a24
13 5 800 240 a29
13 5 896 240 a32
13 5 992 240 a34
13 5 1088 240 a35
13 5 1184 240 a40
13 5 1280 240 a41
13 5 1376 240 a42
13 5 1472 240 a48
13 5 1552 240 a49
13 5 1648 240 a52
13 5 1728 240 a63
13 5 3184 1328 rez
13 0 3184 1328 3424 1328
13 5 3424 1328 rez
13 8 112 240 1
13 8 224 240 1
13 8 320 240 1
13 8 416 240 1
13 8 512 240 1
13 8 608 240 1
13 8 704 240 1
13 8 800 240 1
13 8 896 240 1
13 8 992 240 1
13 8 1088 240 1
13 8 1184 240 1
13 8 1280 240 1
13 8 1376 240 1
13 8 1472 240 1
13 8 1552 240 1
13 8 1648 240 1
13 8 1728 240 1
13 2 2128 1040 2144 1040
17 0 5
17 0 and2 1920 976 0
13 0 2064 1040 2144 1040
13 2 2080 1184 2080 1264
17 0 3
17 0 and2 1920 1200 0
13 0 2064 1232 2064 1264
13 0 2064 1232 2080 1232
13 0 2080 1184 2080 1232
13 2 1952 1328 2080 1328
13 2 2080 1328 2080 1360
17 0 2
17 0 and2 1920 1296 0
13 0 1936 1328 2064 1328
13 0 1936 1328 1952 1328
13 0 1952 1328 2064 1328
13 0 2064 1328 2064 1360
13 2 1952 1328 2064 1328
13 2 2064 1328 2064 1360
17 0 2
17 0 and2 1920 1344 0
13 0 1952 1376 2064 1376
13 0 2064 1376 2064 1408
13 0 2032 1376 2064 1376
13 2 2032 1376 2064 1376
13 2 1952 1376 2032 1376
13 0 1952 1312 2128 1312
13 2 1952 1312 2128 1312
13 2 1936 1328 1952 1328
13 2 1952 1312 1952 1328
13 0 2064 1376 2064 1312
13 0 2064 1312 2128 1312
13 2 2064 1312 2064 1408
17 0 2
17 0 and2 1920 1296 0
13 0 2064 1328 2064 1360
13 0 2064 1312 2064 1328
13 2 2064 1312 2064 1360
17 0 2
17 0 and2 1920 1296 0
13 0 2064 1328 2064 1360
13 0 2064 1312 2064 1328
13 2 2064 1312 2064 1360
17 0 2
17 0 and2 1920 1296 0
13 0 2064 1328 2064 1360
13 0 2064 1312 2064 1328
13 2 2064 1312 2064 1360
17 0 2
17 0 and2 1920 1312 0
13 0 2064 1344 2064 1376
13 0 2064 1312 2064 1344
13 2 2048 832 2368 832
13 2 2048 896 2336 896
13 2 2048 944 2272 944
13 2 2368 1024 2688 1024
13 2 2064 1040 2144 1040
13 2 2336 1056 2688 1056
13 2 2832 1072 2864 1072
13 2 2272 1088 2688 1088
13 2 2144 1120 2272 1120
13 2 2432 1120 2688 1120
13 2 2064 1168 2272 1168
13 2 2416 1168 2432 1168
13 2 2080 1184 2272 1184
13 2 2144 1216 2272 1216
13 2 2064 1232 2080 1232
13 2 2864 1280 3040 1280
13 2 2064 1312 2144 1312
13 2 2064 1152 2064 1168
13 2 2064 1232 2064 1264
13 2 2064 1312 2064 1376
13 2 2080 1184 2080 1232
13 2 2144 1040 2144 1120
13 2 2144 1216 2144 1312
13 2 2272 944 2272 1088
13 2 2272 1152 2272 1168
13 2 2336 896 2336 1056
13 2 2368 832 2368 1024
13 2 2432 1120 2432 1168
13 2 2864 1072 2864 1280
17 0 2
17 0 3
17 0 4
17 0 5
17 0 6
17 0 7
17 0 and2 1872 1056 0
17 0 and2 1872 944 0
17 0 and2 1872 832 0
17 0 and2 1872 720 0
17 0 or4 2224 816 0
17 0 and4 2640 720 0
13 0 2000 576 2320 576
13 0 2000 640 2288 640
13 0 2000 688 2224 688
13 0 2320 768 2640 768
13 0 2016 784 2096 784
13 0 2288 800 2640 800
13 0 2784 816 2816 816
13 0 2224 832 2640 832
13 0 2096 864 2224 864
13 0 2384 864 2640 864
13 0 2016 912 2224 912
13 0 2368 912 2384 912
13 0 2032 928 2224 928
13 0 2096 960 2224 960
13 0 2016 976 2032 976
13 0 2832 1024 2816 1024
13 0 2832 1024 2832 1280
13 0 2832 1280 3040 1280
13 0 2016 1056 2096 1056
13 0 2016 896 2016 912
13 0 2016 976 2016 1008
13 0 2016 1056 2016 1120
13 0 2032 928 2032 976
13 0 2096 784 2096 864
13 0 2096 960 2096 1056
13 0 2224 688 2224 832
13 0 2224 896 2224 912
13 0 2288 640 2288 800
13 0 2320 576 2320 768
13 0 2384 864 2384 912
13 0 2816 816 2816 1024
17 0 and5 2640 1056 0
17 0 26
17 0 and5 2640 1216 0
17 0 or2 2320 1360 0
13 0 2464 1424 2640 1424
13 0 2640 1424 2640 1392
13 0 2640 1360 2000 1360
13 0 2640 1328 2000 1328
13 0 2000 1328 2000 1312
13 2 2000 1312 2000 1328
13 2 2000 1328 2640 1328
13 0 2640 1328 2000 1328
13 0 2640 1296 2000 1296
13 0 2640 1264 2000 1264
13 0 2320 1408 2000 1408
13 0 2320 1440 2000 1440
13 0 2784 1328 2896 1328
13 0 2896 1328 2896 1312
13 0 2896 1312 3040 1312
17 0 and2 2624 1600 0
17 0 28
17 0 and3 2640 1520 0
13 0 2784 1600 2784 1344
13 0 2784 1344 3040 1344
13 0 2640 1568 2000 1568
13 0 2640 1600 2000 1600
17 0 or4 2448 1616 0
17 0 and3 2176 1584 0
17 0 and3 2176 1696 0
17 0 and3 2176 1808 0
17 0 and3 2176 1920 0
17 0 33
17 0 and4 2176 1920 0
13 0 2176 1632 2000 1632
13 0 2176 1664 2000 1664
13 0 2176 1696 2000 1696
13 0 2320 1664 2448 1664
13 0 2320 1776 2320 1696
13 0 2320 1696 2368 1696
13 0 2368 1696 2448 1696
13 0 2320 1888 2384 1888
13 0 2384 1888 2384 1856
13 0 2384 1856 2384 1728
13 0 2384 1728 2448 1728
13 0 2320 2016 2448 2016
13 0 2448 2016 2448 1984
13 0 2448 1984 2448 1760
13 0 2592 1712 2592 1632
13 0 2592 1632 2640 1632
13 0 2176 1744 2000 1744
13 0 2176 1776 2000 1776
13 0 2176 1808 2000 1808
13 0 2176 1856 2000 1856
13 0 2176 1888 2000 1888
13 0 2176 1920 2000 1920
13 0 2176 1968 2000 1968
13 0 2176 2000 2000 2000
13 0 2176 2032 2000 2032
13 0 2176 2064 2000 2064
17 0 and3 2624 2080 0
17 0 or2 2352 2208 0
17 0 and3 2080 2176 0
17 0 and4 2080 2304 0
13 0 2624 2128 1600 2128
13 0 2624 2160 1600 2160
13 0 2496 2272 2624 2272
13 0 2624 2272 2624 2192
13 0 2224 2256 2352 2256
13 0 2224 2400 2352 2400
13 0 2352 2400 2352 2288
13 0 2080 2224 1600 2224
13 0 2080 2256 1600 2256
13 0 2080 2288 1600 2288
13 0 2080 2352 1600 2352
13 0 2080 2384 1600 2384
13 0 2080 2416 1600 2416
13 0 2080 2448 1600 2448
13 0 1856 192 1856 352
13 0 1856 352 1840 352
13 2 1840 352 1856 352
13 2 1856 192 1856 352
17 0 25
17 0 24
17 0 23
17 0 22
17 0 21
17 0 20
17 0 19
17 0 18
17 0 17
17 0 16
17 0 15
17 0 14
13 2 704 272 752 272
13 2 800 272 848 272
13 2 896 272 944 272
13 2 992 272 1040 272
13 2 1088 272 1136 272
13 2 1184 272 1232 272
13 2 1280 272 1328 272
13 2 1376 272 1424 272
13 2 1472 272 1520 272
13 2 1552 272 1600 272
13 2 1648 272 1696 272
13 2 1728 272 1776 272
13 0 704 240 704 272
13 2 704 240 704 272
13 2 704 272 704 1808
13 2 752 368 752 1808
13 0 800 240 800 272
13 2 800 240 800 272
13 2 800 272 800 1808
13 2 848 368 848 1808
13 0 896 240 896 272
13 2 896 240 896 272
13 2 896 272 896 1808
13 2 944 368 944 1808
13 0 992 240 992 272
13 2 992 240 992 272
13 2 992 272 992 1808
13 2 1040 368 1040 1808
13 0 1088 240 1088 272
13 2 1088 240 1088 272
13 2 1088 272 1088 1808
13 2 1136 368 1136 1808
13 0 1184 240 1184 272
13 2 1184 240 1184 272
13 2 1184 272 1184 1808
13 2 1232 368 1232 1808
13 0 1280 240 1280 272
13 2 1280 240 1280 272
13 2 1280 272 1280 1808
13 2 1328 368 1328 1808
13 0 1376 240 1376 272
13 2 1376 240 1376 272
13 2 1376 272 1376 1808
13 2 1424 368 1424 1808
13 0 1472 240 1472 272
13 2 1472 240 1472 272
13 2 1472 272 1472 1808
13 2 1520 368 1520 1808
13 0 1552 240 1552 272
13 2 1552 240 1552 272
13 2 1552 272 1552 1808
13 2 1600 368 1600 1808
13 0 1648 240 1648 272
13 2 1648 240 1648 272
13 2 1648 272 1648 1808
13 2 1696 368 1696 1808
13 0 1728 240 1728 272
13 2 1728 240 1728 272
13 2 1728 272 1728 1808
13 2 1776 368 1776 1808
13 7 704 240
13 8 704 240 0
13 7 800 240
13 8 800 240 0
13 7 896 240
13 8 896 240 0
13 7 992 240
13 8 992 240 0
13 7 1088 240
13 8 1088 240 0
13 7 1184 240
13 8 1184 240 0
13 7 1280 240
13 8 1280 240 0
13 7 1376 240
13 8 1376 240 0
13 7 1472 240
13 8 1472 240 0
13 7 1552 240
13 8 1552 240 0
13 7 1648 240
13 8 1648 240 0
13 7 1728 240
13 8 1728 240 0
13 8 704 240 0
13 8 800 240 0
13 8 896 240 0
13 8 992 240 0
13 8 1088 240 0
13 8 1184 240 0
13 8 1280 240 0
13 8 1376 240 0
13 8 1472 240 0
13 8 1552 240 0
13 8 1648 240 0
13 8 1728 240 0
13 5 112 224 a
13 7 112 224
13 0 112 240 112 256
13 2 112 240 112 256
13 0 224 240 224 256
13 2 224 240 224 256
13 0 320 240 320 256
13 2 320 240 320 256
13 0 416 240 416 256
13 2 416 240 416 256
13 0 512 240 512 256
13 2 512 240 512 256
13 0 608 240 608 256
13 2 608 240 608 256
13 7 112 240
13 8 112 240 0
13 7 224 240
13 8 224 240 0
13 7 320 240
13 8 320 240 0
13 7 416 240
13 8 416 240 0
13 7 512 240
13 8 512 240 0
13 7 608 240
13 8 608 240 0
13 8 112 240 0
13 8 224 240 0
13 8 320 240 0
13 8 416 240 0
13 8 512 240 0
13 8 608 240 0
13 0 112 256 112 224
13 0 224 256 224 224
13 0 320 256 320 224
13 0 416 256 416 224
13 0 512 256 512 224
13 0 608 256 608 224
13 0 112 224 224 224
13 0 224 224 224 208
13 2 224 208 224 224
13 2 112 224 224 224
13 0 112 224 112 192
13 0 112 224 112 192
13 2 112 192 112 224
13 5 112 224 a
13 5 224 224 b
13 5 320 224 c
13 5 416 224 d
13 5 512 224 e
13 5 608 224 f
13 8 112 224 1
13 8 224 224 1
13 8 320 224 1
13 8 416 224 1
13 8 512 224 1
13 8 608 224 1
13 2 2000 576 2320 576
13 2 2000 640 2288 640
13 2 2000 688 2224 688
13 2 2320 768 2640 768
13 2 2016 784 2096 784
13 2 2288 800 2640 800
13 2 2784 816 2816 816
13 2 2224 832 2640 832
13 2 2096 864 2224 864
13 2 2384 864 2640 864
13 2 2016 912 2224 912
13 2 2368 912 2384 912
13 2 2032 928 2224 928
13 2 2096 960 2224 960
13 2 2016 976 2032 976
13 2 2016 1056 2096 1056
13 2 2016 896 2016 912
13 2 2016 976 2016 1008
13 2 2016 1056 2016 1120
13 2 2032 928 2032 976
13 2 2096 784 2096 864
13 2 2096 960 2096 1056
13 2 2224 688 2224 832
13 2 2224 896 2224 912
13 2 2288 640 2288 800
13 2 2320 576 2320 768
13 2 2384 864 2384 912
17 0 7
17 0 6
17 0 5
17 0 4
17 0 3
17 0 2
17 0 and2 1888 1120 0
17 0 and2 1888 1008 0
17 0 and2 1888 896 0
17 0 and2 1888 784 0
17 0 or4 2240 880 0
17 0 and4 2656 784 0
13 0 2016 640 2336 640
13 0 2016 704 2304 704
13 0 2016 752 2240 752
13 0 2336 832 2656 832
13 0 2032 848 2112 848
13 0 2304 864 2656 864
13 0 2800 880 2800 816
13 0 2800 816 2816 816
13 0 2240 896 2656 896
13 0 2112 928 2240 928
13 0 2400 928 2656 928
13 0 2032 976 2240 976
13 0 2384 976 2400 976
13 0 2048 992 2240 992
13 0 2112 1024 2240 1024
13 0 2032 1040 2048 1040
13 0 2032 1120 2112 1120
13 0 2032 960 2032 976
13 0 2032 1040 2032 1072
13 0 2032 1120 2032 1184
13 0 2048 992 2048 1040
13 0 2112 848 2112 928
13 0 2112 1024 2112 1120
13 0 2240 752 2240 896
13 0 2240 960 2240 976
13 0 2304 704 2304 864
13 0 2336 640 2336 832
13 0 2400 928 2400 976
13 2 2112 928 2240 928
13 2 2032 976 2240 976
13 2 2384 976 2400 976
13 2 2048 992 2240 992
13 2 2112 1024 2240 1024
13 2 2240 960 2240 976
17 0 6
17 0 or4 2240 880 0
13 0 2112 928 2240 928
13 0 2224 976 2240 976
13 0 2032 976 2224 976
13 0 2384 976 2400 976
13 0 2208 992 2240 992
13 0 2048 992 2208 992
13 0 2192 1024 2240 1024
13 0 2112 1024 2192 1024
13 0 2240 960 2240 976
13 2 2112 928 2240 928
13 2 2032 976 2240 976
13 2 2384 976 2400 976
13 2 2048 992 2240 992
13 2 2112 1024 2240 1024
13 2 2240 960 2240 976
17 0 6
17 0 or4 2224 848 0
13 0 2176 896 2224 896
13 0 2176 896 2176 928
13 0 2112 928 2176 928
13 0 2192 944 2224 944
13 0 2192 944 2192 976
13 0 2032 976 2192 976
13 0 2368 944 2368 976
13 0 2368 976 2400 976
13 0 2208 960 2224 960
13 0 2208 960 2208 992
13 0 2048 992 2208 992
13 0 2224 992 2224 1024
13 0 2112 1024 2224 1024
13 0 2224 928 2224 944
13 0 2400 928 2416 928
13 2 2400 928 2416 928
13 2 2368 976 2400 976
13 2 2368 944 2368 976
13 2 2400 928 2400 976
13 2 2176 896 2224 896
13 2 2192 944 2224 944
13 2 2208 960 2224 960
13 2 2224 928 2224 944
13 2 2224 992 2224 1024
17 0 6
17 0 or4 2272 864 0
13 0 2272 912 2272 896
13 0 2176 896 2272 896
13 0 2256 960 2272 960
13 0 2256 960 2256 944
13 0 2192 944 2256 944
13 0 2240 976 2272 976
13 0 2240 976 2240 960
13 0 2208 960 2240 960
13 0 2272 944 2272 960
13 0 2272 1008 2224 1008
13 0 2224 1008 2224 1024
13 2 2256 960 2272 960
13 2 2240 976 2272 976
13 2 2224 1008 2272 1008
13 2 2272 896 2272 912
13 2 2272 944 2272 960
17 0 6
17 0 or4 2320 912 0
13 0 2320 1008 2320 960
13 0 2320 960 2320 992
13 0 2320 992 2320 1008
13 0 2256 960 2320 960
13 0 2304 1024 2320 1024
13 0 2304 1024 2304 976
13 0 2240 976 2304 976
13 0 2288 1056 2320 1056
13 0 2288 1056 2288 1008
13 0 2224 1008 2288 1008
13 0 2320 960 2272 960
13 0 2272 896 2272 960
13 0 2320 992 2320 1008
13 2 2272 896 2272 960
13 2 2224 1008 2288 1008
13 2 2288 1008 2288 1056
13 2 2288 1056 2320 1056
13 2 2240 976 2304 976
13 2 2304 976 2304 1024
13 2 2304 1024 2320 1024
13 2 2256 960 2320 960
13 2 2320 992 2320 1008
13 2 2320 960 2320 992
17 0 6
17 0 or4 2272 864 0
13 0 2272 944 2272 960
13 0 2272 896 2272 912
13 0 2224 1008 2272 1008
13 0 2240 976 2272 976
13 0 2256 960 2272 960
13 2 2416 928 2656 928
13 0 2192 896 2240 896
13 2 2192 896 2240 896
13 2 2240 896 2272 896
13 0 2272 896 2304 896
13 2 2272 896 2304 896
13 0 2240 864 2240 896
13 2 2240 864 2240 896
13 2 2272 896 2272 912
13 0 2416 960 2656 960
13 0 2656 960 2656 928
13 2 2176 896 2192 896
13 2 2192 944 2256 944
13 2 2208 960 2240 960
13 0 2176 976 2192 976
13 2 2176 976 2192 976
13 0 2240 976 2256 976
13 2 2240 976 2256 976
13 0 2176 992 2208 992
13 2 2176 992 2208 992
13 0 2224 1008 2256 1008
13 2 2224 1008 2256 1008
13 0 2176 1024 2224 1024
13 2 2176 1024 2224 1024
13 2 2176 896 2176 928
13 2 2192 944 2192 976
13 2 2208 960 2208 992
13 2 2224 1008 2224 1024
13 2 2240 960 2240 976
13 2 2256 944 2256 960
13 2 2112 928 2176 928
13 0 2096 976 2176 976
13 2 2096 976 2176 976
13 0 2096 992 2176 992
13 2 2096 992 2176 992
13 2 2112 1024 2176 1024
13 0 2096 1120 2112 1120
13 2 2096 1120 2112 1120
13 0 2112 880 2112 928
13 2 2112 880 2112 928
13 2 2112 1024 2112 1120
13 2 2032 848 2112 848
13 2 2032 976 2096 976
13 2 2048 992 2096 992
13 2 2032 1040 2048 1040
13 2 2032 1120 2096 1120
13 2 2032 960 2032 976
13 2 2032 1040 2032 1072
13 2 2032 1120 2032 1184
13 2 2048 992 2048 1040
13 2 2112 848 2112 880
17 0 2
17 0 3
17 0 4
17 0 5
17 0 and2 2032 1120 0
17 0 and2 2032 1008 0
17 0 and2 2032 896 0
17 0 and2 2032 784 0
13 0 2224 752 2240 752
13 2 2224 752 2240 752
13 2 2240 752 2240 864
13 0 2176 848 2272 848
13 0 2272 848 2272 912
13 0 2176 960 2192 960
13 2 2176 960 2192 960
13 2 2256 960 2272 960
13 2 2256 976 2272 976
13 2 2256 1008 2272 1008
13 2 2272 944 2272 960
13 0 2176 960 2272 960
13 0 2272 960 2272 944
13 0 2176 1072 2176 976
13 0 2176 976 2272 976
13 0 2176 1184 2176 1008
13 0 2176 1008 2272 1008
13 2 2176 1008 2272 1008
13 2 2176 1072 2176 1184
13 0 2176 1184 2272 1184
13 0 2272 1184 2272 1008
13 2 2016 752 2224 752
13 2 2016 640 2336 640
13 2 2016 704 2304 704
13 0 2304 704 2304 784
13 2 2304 704 2304 784
13 0 2336 640 2336 784
13 2 2336 640 2336 784
13 0 2336 832 2400 832
13 2 2336 832 2400 832
13 0 2304 864 2400 864
13 2 2304 864 2400 864
13 0 2304 896 2400 896
13 2 2304 896 2400 896
13 0 2272 848 2272 896
13 2 2272 848 2272 896
13 2 2304 784 2304 864
13 2 2336 784 2336 832
13 0 2336 784 2336 832
13 0 2304 784 2304 864
13 0 2272 848 2272 896
13 0 2304 896 2400 896
13 0 2304 864 2400 864
13 0 2336 832 2400 832
13 0 2336 832 2368 832
13 2 2336 832 2368 832
13 0 2304 864 2368 864
13 2 2304 864 2368 864
13 0 2304 896 2368 896
13 2 2304 896 2368 896
13 2 2304 784 2304 864
13 2 2336 784 2336 832
13 2 2800 816 2816 816
13 2 2816 1024 2832 1024
13 0 2832 1280 2912 1280
13 2 2832 1280 2912 1280
13 2 2800 816 2800 880
13 2 2816 816 2816 1024
13 2 2832 1024 2832 1280
13 2 2368 832 2656 832
13 2 2176 848 2272 848
13 2 2368 864 2656 864
13 2 2368 896 2656 896
13 2 2176 960 2272 960
13 2 2416 960 2656 960
13 2 2176 976 2272 976
13 2 2176 1184 2272 1184
13 2 2176 976 2176 1072
13 2 2272 848 2272 912
13 2 2272 944 2272 960
13 2 2272 1008 2272 1184
13 2 2656 928 2656 960
17 0 5
17 0 4
17 0 3
17 0 2
17 0 6
17 0 7
17 0 and2 2064 1008 0
17 0 and2 2064 896 0
17 0 and2 2064 784 0
17 0 and2 2064 672 0
17 0 or4 2304 752 0
17 0 and4 2688 672 0
13 0 2400 720 2688 720
13 0 2208 736 2304 736
13 0 2400 752 2688 752
13 0 2400 784 2688 784
13 0 2208 848 2304 848
13 0 2448 848 2688 848
13 0 2208 864 2304 864
13 0 2208 1072 2304 1072
13 0 2208 864 2208 960
13 0 2304 736 2304 800
13 0 2304 832 2304 848
13 0 2304 896 2304 1072
13 0 2688 816 2688 848
13 2 2208 736 2304 736
13 2 2208 848 2304 848
13 2 2208 864 2304 864
13 2 2208 1072 2304 1072
13 2 2208 864 2208 960
17 0 7
17 0 6
17 0 2
17 0 3
17 0 and2 2048 1152 0
17 0 and2 2048 1040 0
17 0 and2 2048 928 0
17 0 and2 2048 816 0
13 0 2192 880 2208 880
13 0 2208 880 2208 736
13 0 2208 736 2304 736
13 0 2192 992 2208 992
13 0 2224 992 2208 992
13 0 2224 992 2224 848
13 0 2224 848 2304 848
13 0 2192 1008 2208 1008
13 0 2240 1008 2208 1008
13 0 2240 1008 2240 864
13 0 2240 864 2304 864
13 0 2192 1216 2208 1216
13 0 2256 1216 2208 1216
13 0 2256 1216 2256 1072
13 0 2256 1072 2304 1072
13 0 2192 1008 2192 1104
13 2 2208 736 2304 736
13 0 2208 736 2208 784
13 2 2208 736 2208 784
13 0 2304 736 2304 784
13 2 2304 736 2304 784
13 2 2192 880 2208 880
13 2 2208 784 2208 880
13 2 2304 784 2304 800
13 2 2224 848 2304 848
13 2 2240 864 2304 864
13 2 2192 992 2224 992
13 2 2192 1008 2240 1008
13 2 2256 1072 2304 1072
13 2 2192 1008 2192 1104
13 2 2224 848 2224 992
13 2 2240 864 2240 1008
13 0 2256 1072 2256 1168
13 2 2256 1072 2256 1168
13 2 2304 832 2304 848
13 2 2304 896 2304 1072
13 2 2192 1216 2256 1216
13 2 2256 1168 2256 1216
17 0 2
17 0 6
17 0 7
17 0 and2 2048 960 0
17 0 and2 2048 848 0
17 0 and2 2048 736 0
17 0 7
17 0 6
17 0 2
17 0 and2 2048 1040 0
17 0 and2 2048 928 0
17 0 and2 2048 816 0
17 0 3
17 0 2
17 0 6
17 0 7
17 0 and2 2048 1104 0
17 0 and2 2048 992 0
17 0 and2 2048 880 0
17 0 and2 2048 768 0
13 0 2192 832 2192 800
13 0 2192 800 2208 800
13 0 2208 800 2304 800
13 0 2192 944 2192 848
13 0 2192 848 2224 848
13 0 2224 848 2224 832
13 0 2224 832 2304 832
13 0 2192 1056 2224 1056
13 0 2224 1040 2224 864
13 0 2224 864 2304 864
13 0 2224 1040 2224 1056
13 0 2192 1168 2304 1168
13 0 2304 1168 2304 896
13 0 2048 816 1824 816
13 0 2048 848 1824 848
13 0 2048 928 1824 928
13 0 2048 960 1824 960
13 0 2048 1040 1824 1040
13 0 2048 1072 1824 1072
13 0 2064 1152 1824 1152
13 0 1824 1152 2048 1152
13 0 2048 1152 2064 1152
13 0 2048 1184 1824 1184
13 0 2048 1152 2064 1152
13 0 2064 1152 2048 1152
13 2 1824 1184 2048 1184
13 2 2048 1152 2064 1152
13 2 1824 1152 2048 1152
13 0 2048 1152 1824 1152
13 0 2048 1184 1824 1184
13 0 2400 784 1824 784
13 0 2400 720 1824 720
13 0 2400 752 1824 752
13 0 3488 1296 3280 1296
13 0 3280 1296 3280 1408
13 2 3280 1296 3280 1408
13 2 3280 1296 3488 1296
13 2 3184 1328 3424 1328
13 7 3424 1328
13 0 3280 1328 3184 1328
13 5 3280 1328 rez
13 8 3424 1328 0
13 8 3280 1328 0
13 2 1824 720 2688 720
13 2 1824 752 2688 752
13 2 1824 784 2688 784
13 2 2192 800 2304 800
13 2 1824 816 2048 816
13 2 2224 832 2304 832
13 2 1824 848 2048 848
13 2 2192 848 2224 848
13 2 2448 848 2688 848
13 2 2224 864 2304 864
13 2 1824 928 2048 928
13 2 1824 960 2048 960
13 2 1824 1040 2048 1040
13 2 2192 1056 2224 1056
13 2 1824 1072 2048 1072
13 2 1824 1152 2048 1152
13 2 2192 1168 2304 1168
13 2 1824 1184 2048 1184
13 2 2000 1264 2640 1264
13 2 2912 1280 3040 1280
13 2 2000 1296 2640 1296
13 2 2896 1312 3040 1312
13 2 2000 1328 2640 1328
13 2 2784 1328 2896 1328
13 2 3184 1328 3280 1328
13 2 2784 1344 3040 1344
13 2 2000 1360 2640 1360
13 2 2000 1408 2320 1408
13 2 2464 1424 2640 1424
13 2 2000 1440 2320 1440
13 2 2000 1568 2640 1568
13 2 2000 1600 2640 1600
13 2 2000 1632 2176 1632
13 2 2592 1632 2640 1632
13 2 2000 1664 2176 1664
13 2 2320 1664 2448 1664
13 2 2000 1696 2176 1696
13 2 2320 1696 2448 1696
13 2 2384 1728 2448 1728
13 2 2000 1744 2176 1744
13 2 2000 1776 2176 1776
13 2 2000 1808 2176 1808
13 2 2000 1856 2176 1856
13 2 2000 1888 2176 1888
13 2 2320 1888 2384 1888
13 2 2000 1920 2176 1920
13 2 2000 1968 2176 1968
13 2 2000 2000 2176 2000
13 2 2320 2016 2448 2016
13 2 2000 2032 2176 2032
13 2 2000 2064 2176 2064
13 2 1600 2128 2624 2128
13 2 1600 2160 2624 2160
13 2 1600 2224 2080 2224
13 2 1600 2256 2080 2256
13 2 2224 2256 2352 2256
13 2 2496 2272 2624 2272
13 2 1600 2288 2080 2288
13 2 1600 2352 2080 2352
13 2 1600 2384 2080 2384
13 2 2224 2400 2352 2400
13 2 1600 2416 2080 2416
13 2 1600 2448 2080 2448
13 2 2192 800 2192 832
13 2 2192 848 2192 944
13 2 2224 832 2224 848
13 2 2224 864 2224 1056
13 2 2304 896 2304 1168
13 2 2320 1696 2320 1776
13 2 2352 2288 2352 2400
13 2 2384 1728 2384 1888
13 2 2448 1760 2448 2016
13 2 2592 1632 2592 1712
13 2 2624 2192 2624 2272
13 2 2640 1392 2640 1424
13 2 2688 816 2688 848
13 2 2784 1344 2784 1600
13 2 2896 1312 2896 1328
13 7 3280 1328
17 0 37
17 0 36
17 0 35
17 0 34
17 0 33
17 0 32
17 0 31
17 0 30
17 0 29
17 0 28
17 0 27
17 0 26
17 0 7
17 0 6
17 0 2
17 0 3
17 0 4
17 0 5
17 0 1
17 0 and4 1776 2128 0
17 0 and3 1776 2000 0
17 0 or2 2048 2032 0
17 0 and3 2320 1904 0
17 0 and4 1872 1744 0
17 0 and3 1872 1632 0
17 0 and3 1872 1520 0
17 0 and3 1872 1408 0
17 0 or4 2144 1440 0
17 0 and3 2336 1344 0
17 0 or2 2016 1184 0
17 0 and5 2336 1040 0
17 0 and2 1744 928 0
17 0 and2 1744 816 0
17 0 and2 1744 704 0
17 0 and2 1744 592 0
17 0 or4 2000 576 0
17 0 and4 2384 496 0
17 0 or4 2736 1056 0
13 0 1520 544 2384 544
13 0 1520 576 2384 576
13 0 1520 608 2384 608
13 0 1888 624 2000 624
13 0 1520 640 1744 640
13 0 1920 656 2000 656
13 0 1520 672 1744 672
13 0 1888 672 1920 672
13 0 2144 672 2384 672
13 0 1920 688 2000 688
13 0 1520 752 1744 752
13 0 1520 784 1744 784
13 0 1520 864 1744 864
13 0 1888 880 1920 880
13 0 1520 896 1744 896
13 0 1520 976 1744 976
13 0 1888 992 2000 992
13 0 1520 1008 1744 1008
13 0 1696 1088 2336 1088
13 0 2608 1104 2736 1104
13 0 1696 1120 2336 1120
13 0 2592 1136 2736 1136
13 0 1696 1152 2336 1152
13 0 2480 1152 2592 1152
13 0 2880 1152 2976 1152
13 0 2480 1168 2736 1168
13 0 1696 1184 2336 1184
13 0 1696 1232 2016 1232
13 0 2160 1248 2336 1248
13 0 1696 1264 2016 1264
13 0 1696 1392 2336 1392
13 0 1696 1424 2336 1424
13 0 1696 1456 1872 1456
13 0 2288 1456 2336 1456
13 0 1696 1488 1872 1488
13 0 2016 1488 2144 1488
13 0 1696 1520 1872 1520
13 0 2016 1520 2144 1520
13 0 2080 1552 2144 1552
13 0 1696 1568 1872 1568
13 0 1696 1600 1872 1600
13 0 1696 1632 1872 1632
13 0 1696 1680 1872 1680
13 0 1696 1712 1872 1712
13 0 2016 1712 2080 1712
13 0 1696 1744 1872 1744
13 0 1696 1792 1872 1792
13 0 1696 1824 1872 1824
13 0 2016 1840 2144 1840
13 0 1696 1856 1872 1856
13 0 1696 1888 1872 1888
13 0 1296 1952 2320 1952
13 0 1296 1984 2320 1984
13 0 1296 2048 1776 2048
13 0 1296 2080 1776 2080
13 0 1920 2080 2048 2080
13 0 2192 2096 2320 2096
13 0 1296 2112 1776 2112
13 0 1296 2176 1776 2176
13 0 1296 2208 1776 2208
13 0 1920 2224 2048 2224
13 0 1296 2240 1776 2240
13 0 1296 2272 1776 2272
13 0 1888 624 1888 656
13 0 1888 672 1888 768
13 0 1920 656 1920 672
13 0 1920 688 1920 880
13 0 2000 720 2000 992
13 0 2016 1520 2016 1600
13 0 2048 2112 2048 2224
13 0 2080 1552 2080 1712
13 0 2144 1584 2144 1840
13 0 2288 1456 2288 1536
13 0 2320 2016 2320 2096
13 0 2336 1216 2336 1248
13 0 2384 640 2384 672
13 0 2480 1168 2480 1424
13 0 2592 1136 2592 1152
13 5 2976 1152 rez
13 8 3280 1328 0
13 8 2976 1152 0
13 2 1520 544 2384 544
13 2 1520 576 2384 576
13 2 1520 608 2384 608
13 2 2384 640 2384 672
17 0 36
17 0 and4 2512 512 0
13 0 2512 560 2512 544
13 0 1520 544 2512 544
13 0 2496 592 2512 592
13 0 2496 592 2496 576
13 0 1520 576 2496 576
13 0 2480 624 2512 624
13 0 2480 624 2480 608
13 0 1520 608 2480 608
13 0 2512 656 2384 656
13 0 2384 656 2384 672
13 2 2384 656 2384 672
13 2 2384 656 2512 656
13 2 1520 608 2480 608
13 2 2480 608 2480 624
13 2 2480 624 2512 624
13 2 1520 576 2496 576
13 2 2496 576 2496 592
13 2 2496 592 2512 592
13 2 1520 544 2512 544
13 2 2512 544 2512 560
17 0 36
17 0 and4 2384 496 0
13 0 2384 640 2384 672
13 0 1520 608 2384 608
13 0 1520 576 2384 576
13 0 1520 544 2384 544
13 0 2528 592 2528 1104
13 0 2528 1104 2608 1104
13 0 2464 1984 2464 1552
13 0 2464 1552 2672 1552
13 0 2672 1552 2672 1200
13 0 2672 1200 2736 1200
13 2 112 272 160 272
13 2 224 272 272 272
13 2 320 272 368 272
13 2 416 272 464 272
13 2 512 272 560 272
13 2 608 272 656 272
13 0 112 224 112 272
13 2 112 224 112 272
13 2 112 272 112 1808
13 2 160 368 160 1808
13 0 224 224 224 272
13 2 224 224 224 272
13 2 224 272 224 1808
13 2 272 368 272 1808
13 0 320 224 320 272
13 2 320 224 320 272
13 2 320 272 320 1808
13 2 368 368 368 1808
13 0 416 224 416 272
13 2 416 224 416 272
13 2 416 272 416 1808
13 2 464 368 464 1808
13 0 512 224 512 272
13 2 512 224 512 272
13 2 512 272 512 1808
13 2 560 368 560 1808
13 0 608 224 608 272
13 2 608 224 608 272
13 2 608 272 608 1808
13 2 656 368 656 1808
13 7 112 224
13 8 112 224 0
13 7 224 224
13 8 224 224 0
13 7 320 224
13 8 320 224 0
13 7 416 224
13 8 416 224 0
13 7 512 224
13 8 512 224 0
13 7 608 224
13 8 608 224 0
17 0 13
17 0 12
17 0 11
17 0 10
17 0 9
17 0 8
17 0 inv 1232 288 1
17 0 inv 1136 288 1
17 0 inv 1040 288 1
17 0 inv 848 288 1
17 0 inv 736 288 1
17 0 inv 944 288 1
13 0 640 288 688 288
13 0 752 288 800 288
13 0 848 288 896 288
13 0 944 288 992 288
13 0 1040 288 1088 288
13 0 1136 288 1184 288
13 0 640 240 640 288
13 0 640 288 640 1824
13 0 688 384 688 1824
13 0 752 240 752 288
13 0 752 288 752 1824
13 0 800 384 800 1824
13 0 848 240 848 288
13 0 848 288 848 1824
13 0 896 384 896 1824
13 0 944 240 944 288
13 0 944 288 944 1824
13 0 992 384 992 1824
13 0 1040 240 1040 288
13 0 1040 288 1040 1824
13 0 1088 384 1088 1824
13 0 1136 240 1136 288
13 0 1136 288 1136 1824
13 0 1184 384 1184 1824
13 5 640 240 a
13 5 752 240 b
13 5 848 240 c
13 5 944 240 d
13 5 1040 240 e
13 5 1136 240 f
13 8 112 224 1
13 8 224 224 1
13 8 320 224 1
13 8 416 224 1
13 8 512 224 1
13 8 608 224 1
13 8 640 240 1
13 8 752 240 1
13 8 848 240 1
13 8 944 240 1
13 8 1040 240 1
13 8 1136 240 1
13 0 640 1824 640 2320
13 0 688 1824 688 2320
13 0 752 1824 752 2320
13 0 800 1824 800 2320
13 0 848 1824 848 2320
13 0 896 1824 896 2320
13 0 944 1824 944 2320
13 0 992 1824 992 2320
13 0 1040 1824 1040 2320
13 0 1088 1824 1088 2320
13 0 1136 1824 1136 2320
13 0 1184 1824 1184 2320
13 0 1520 544 640 544
13 0 1520 576 800 576
13 0 1520 608 992 608
13 0 1520 640 848 640
13 0 1520 672 1088 672
13 0 1520 752 1088 752
13 0 1520 784 1184 784
13 0 1520 864 896 864
13 0 1520 896 1040 896
13 0 1520 976 1040 976
13 0 1520 1008 1184 1008
13 0 1696 1088 688 1088
13 0 1696 1120 992 1120
13 0 1696 1152 1040 1152
13 0 1696 1184 1136 1184
13 0 1696 1232 800 1232
13 0 1696 1264 896 1264
13 0 1696 1392 752 1392
13 0 1696 1424 1088 1424
13 0 1696 1456 640 1456
13 0 1696 1488 896 1488
13 0 1696 1520 944 1520
13 0 1696 1520 944 1520
13 2 944 1520 1696 1520
13 0 1696 1520 992 1520
13 0 1664 1568 1104 1568
13 0 1104 1568 1104 1584
13 2 1104 1568 1104 1584
13 2 1104 1568 1664 1568
13 0 1696 1568 688 1568
13 0 1696 1600 944 1600
13 0 1696 1632 1136 1632
13 0 1696 1680 640 1680
13 0 1696 1712 896 1712
13 0 1696 1744 1184 1744
13 0 1696 1792 688 1792
13 0 1696 1824 848 1824
13 0 1696 1856 992 1856
13 0 1696 1888 1184 1888
13 0 1296 1952 944 1952
13 0 1296 1984 1040 1984
13 0 1296 2048 688 2048
13 0 1296 2080 800 2080
13 0 1296 2112 896 2112
13 0 1296 2176 640 2176
13 0 1296 2208 752 2208
13 0 1296 2240 848 2240
13 0 1296 2272 1136 2272
13 0 1696 1536 1792 1536
13 2 1696 1536 1792 1536
13 0 2768 912 2944 912
13 2 2768 912 2944 912
13 0 1296 2272 1136 2272
13 2 1136 2272 1296 2272
13 0 1296 2240 848 2240
13 2 848 2240 1296 2240
13 0 2944 912 2944 640
13 2 2944 640 2944 912
