# Synopsys Constraint Checker, version maplat, Build 1796R, built Aug  4 2017
# Copyright (C) 1994-2017 Synopsys, Inc. This Synopsys software and all associated documentation are proprietary to Synopsys, Inc. and may only be used pursuant to the terms and conditions of a written license agreement with Synopsys, Inc. All other use, reproduction, modification, or distribution of the Synopsys software or the associated documentation is strictly prohibited.

# Written on Fri May 24 18:42:17 2019


##### DESIGN INFO #######################################################

Top View:                "PLISS"
Constraint File(s):      (none)




##### SUMMARY ############################################################

Found 0 issues in 0 out of 0 constraints


##### DETAILS ############################################################



Clock Relationships
*******************

Starting     Ending      |     rise to rise     |     fall to fall     |     rise to fall     |     fall to rise                     
------------------------------------------------------------------------------------------------------------------------------------
System       PLISS|C     |     1000.000         |     No paths         |     No paths         |     No paths                         
PLISS|C      System      |     1000.000         |     No paths         |     No paths         |     No paths                         
====================================================================================================================================
 Note: 'No paths' indicates there are no paths in the design for that pair of clock edges.
       'Diff grp' indicates that paths exist but the starting clock and ending clock are in different clock groups.


Unconstrained Start/End Points
******************************

p:A0
p:A1
p:Q0
p:Q1
p:Q2
p:Q3
p:Q4
p:Reset


Inapplicable constraints
************************

(none)


Applicable constraints with issues
**********************************

(none)


Constraints with matching wildcard expressions
**********************************************

(none)


Library Report
**************


# End of Constraint Checker Report
