Running in Lattice mode

Starting:    C:\lscc\diamond\3.10_x64\synpbase\bin64\mbin\synbatch.exe
Install:     C:\lscc\diamond\3.10_x64\synpbase
Hostname:    USERPC
Date:        Tue Feb  5 13:35:38 2019
Version:     M-2017.03L-SP1-1

Arguments:   -product synplify_pro -batch Demo_impl1_synplify.tcl
ProductType: synplify_pro




log file: "C:\Users\User\Documents\1. KTU\2 Semestras\2. SLP\Demo\impl1\Demo_impl1.srr"
Running: hdl_info_gen in foreground

Generating HDL info...

hdl_info_gen completed
# Tue Feb  5 13:35:40 2019

Return Code: 0
Run Time:00h:00m:02s
log file: "C:\Users\User\Documents\1. KTU\2 Semestras\2. SLP\Demo\impl1\Demo_impl1.srr"
Running: impl1 in foreground

Running proj_1|impl1

Running: compile (Compile) on proj_1|impl1
# Tue Feb  5 13:35:40 2019

Running: compile_flow (Compile Process) on proj_1|impl1
# Tue Feb  5 13:35:40 2019

Running: compiler (Compile Input) on proj_1|impl1
# Tue Feb  5 13:35:40 2019
Copied C:\Users\User\Documents\1. KTU\2 Semestras\2. SLP\Demo\impl1\synwork\Demo_impl1_comp.srs to C:\Users\User\Documents\1. KTU\2 Semestras\2. SLP\Demo\impl1\Demo_impl1.srs

compiler completed
# Tue Feb  5 13:35:42 2019

Return Code: 0
Run Time:00h:00m:02s

Running: multi_srs_gen (Multi-srs Generator) on proj_1|impl1
# Tue Feb  5 13:35:42 2019

multi_srs_gen completed
# Tue Feb  5 13:35:42 2019

Return Code: 0
Run Time:00h:00m:00s
Copied C:\Users\User\Documents\1. KTU\2 Semestras\2. SLP\Demo\impl1\synwork\Demo_impl1_mult.srs to C:\Users\User\Documents\1. KTU\2 Semestras\2. SLP\Demo\impl1\Demo_impl1.srs
Copied C:\Users\User\Documents\1. KTU\2 Semestras\2. SLP\Demo\impl1\Demo_impl1.srr to C:\Users\User\Documents\1. KTU\2 Semestras\2. SLP\Demo\impl1\Demo_impl1.srf
Complete: Compile Process on proj_1|impl1

Running: premap (Pre-mapping) on proj_1|impl1
# Tue Feb  5 13:35:42 2019

premap completed
# Tue Feb  5 13:35:43 2019

Return Code: 0
Run Time:00h:00m:01s
Complete: Compile on proj_1|impl1

Running: map (Map) on proj_1|impl1
# Tue Feb  5 13:35:43 2019
License granted for 4 parallel jobs

Running: fpga_mapper (Map & Optimize) on proj_1|impl1
# Tue Feb  5 13:35:43 2019
Copied C:\Users\User\Documents\1. KTU\2 Semestras\2. SLP\Demo\impl1\synwork\Demo_impl1_m.srm to C:\Users\User\Documents\1. KTU\2 Semestras\2. SLP\Demo\impl1\Demo_impl1.srm

fpga_mapper completed with warnings
# Tue Feb  5 13:35:44 2019

Return Code: 1
Run Time:00h:00m:01s
Complete: Map on proj_1|impl1
Copied C:\Users\User\Documents\1. KTU\2 Semestras\2. SLP\Demo\impl1\Demo_impl1.srr to C:\Users\User\Documents\1. KTU\2 Semestras\2. SLP\Demo\impl1\Demo_impl1.srf
Complete: Logic Synthesis on proj_1|impl1
TCL script complete: "Demo_impl1_synplify.tcl"
exit status=0
exit status=0
Save changes for project:
C:\Users\User\Documents\1. KTU\2 Semestras\2. SLP\Demo\impl1\proj_1.prj
batch mode default:no
