10 1 1
10 1 1
10 1 1
13 2 2000 640 2080 640
13 2 2224 656 2384 656
13 2 2048 672 2080 672
13 2 2048 896 2080 896
13 2 2224 912 2352 912
13 2 2032 928 2080 928
17 0 3
17 0 4
17 0 nd2 2192 592 0
17 0 nd2 2192 848 0
13 0 2000 640 2192 640
13 0 2336 656 2384 656
13 0 2176 672 2192 672
13 0 2048 672 2176 672
13 0 2048 896 2192 896
13 0 2336 912 2352 912
13 0 2176 928 2192 928
13 0 2032 928 2176 928
13 0 2096 640 2176 640
13 2 2096 640 2176 640
13 0 2096 672 2176 672
13 2 2096 672 2176 672
13 0 2096 896 2176 896
13 2 2096 896 2176 896
13 0 2096 928 2176 928
13 2 2096 928 2176 928
13 2 2000 576 2048 576
13 2 1216 624 1568 624
13 2 1568 624 1616 624
13 2 1712 624 1744 624
13 2 1888 640 2000 640
13 2 2000 640 2096 640
13 2 1520 656 1744 656
13 2 2048 672 2096 672
13 2 1232 720 1312 720
13 2 1456 736 1520 736
13 2 1232 752 1312 752
13 2 1824 784 2048 784
13 2 1520 880 1744 880
13 2 1904 896 1952 896
13 2 2048 896 2096 896
13 2 1568 912 1744 912
13 2 1952 912 2032 912
13 2 2032 928 2096 928
13 2 2032 1008 2064 1008
13 0 1520 656 1520 736
13 2 1520 656 1520 736
13 2 1520 736 1520 880
13 2 1568 624 1568 912
13 2 1952 896 1952 912
13 2 2000 576 2000 640
13 0 2032 912 2032 928
13 2 2032 912 2032 928
13 2 2032 928 2032 1008
13 0 2048 672 2048 784
13 2 2048 672 2048 784
13 2 2048 784 2048 896
13 7 2048 576
13 8 2048 576 0
13 7 1216 624
13 8 1216 624 0
13 7 1232 720
13 8 1232 720 0
13 7 1232 752
13 8 1232 752 0
13 7 1824 784
13 8 1824 784 0
13 7 2064 1008
13 8 2064 1008 0
17 0 13
17 0 12
17 0 10
17 0 2
17 0 inv 1696 576 0
17 0 or2 1392 672 0
17 0 and2 1824 576 0
17 0 xnor2 1824 832 0
13 0 2080 576 2128 576
13 0 1296 624 1648 624
13 0 1648 624 1696 624
13 0 1792 624 1824 624
13 0 1968 640 2080 640
13 0 2080 640 2176 640
13 0 1600 656 1824 656
13 0 2128 672 2176 672
13 0 1312 720 1392 720
13 0 1536 736 1600 736
13 0 1312 752 1392 752
13 0 1904 784 2128 784
13 0 1600 880 1824 880
13 0 1984 896 2032 896
13 0 2128 896 2176 896
13 0 1648 912 1824 912
13 0 2032 912 2112 912
13 0 2112 928 2176 928
13 0 2112 1008 2144 1008
13 0 1600 656 1600 736
13 0 1600 736 1600 880
13 0 1648 624 1648 912
13 0 2032 896 2032 912
13 0 2080 576 2080 640
13 0 2112 912 2112 928
13 0 2112 928 2112 1008
13 0 2128 672 2128 784
13 0 2128 784 2128 896
13 5 2128 576 S
13 5 1296 624 d
13 5 1312 720 b
13 5 1312 752 c
13 5 1904 784 a
13 5 2144 1008 R
13 8 2048 576 2
13 8 1216 624 1
13 8 1232 720 1
13 8 1232 752 1
13 8 1824 784 1
13 8 2064 1008 2
13 8 2128 576 2
13 8 1296 624 1
13 8 1312 720 1
13 8 1312 752 1
13 8 1904 784 1
13 8 2144 1008 2
13 2 1312 720 1392 720
13 2 1536 736 1600 736
13 2 1312 752 1392 752
17 0 10
17 0 or2 1440 672 0
13 0 1312 720 1440 720
13 0 1584 736 1600 736
13 0 1424 752 1440 752
13 0 1312 752 1424 752
13 2 1312 720 1440 720
13 2 1312 752 1440 752
13 7 1312 720
13 8 1312 720 0
13 7 1312 752
13 8 1312 752 0
13 0 1360 720 1408 720
13 0 1408 720 1440 720
13 0 1360 752 1408 752
13 0 1424 752 1408 752
13 0 1424 752 1440 752
13 5 1360 720 b
13 5 1360 752 c
13 8 1312 720 1
13 8 1312 752 1
13 8 1360 720 1
13 8 1360 752 1
13 2 1296 624 1648 624
13 7 1296 624
13 8 1296 624 0
13 0 1440 624 1632 624
13 0 1632 624 1648 624
13 5 1440 624 d
13 8 1296 624 1
13 8 1440 624 1
13 2 1440 624 1648 624
13 7 1440 624
13 8 1440 624 0
13 0 1584 624 1616 624
13 0 1616 624 1648 624
13 5 1584 624 d
13 8 1440 624 1
13 8 1584 624 1
13 2 1584 624 1648 624
13 7 1584 624
13 8 1584 624 0
13 0 1360 624 1648 624
13 5 1360 624 d
13 8 1584 624 1
13 8 1360 624 1
13 2 1904 784 2128 784
13 7 1904 784
13 8 1904 784 0
13 0 1360 784 1392 784
13 0 1392 784 2128 784
13 5 1360 784 a
13 8 1904 784 1
13 8 1360 784 1
