10 1 1
10 1 1
10 1 1
17 0 nd3 2304 1344 0
17 0 nd2 2320 1184 0
13 0 2224 1200 2288 1200
13 0 2288 1232 2320 1232
13 0 2464 1248 2512 1248
13 0 2512 1248 2576 1248
13 0 2272 1264 2320 1264
13 0 2272 1312 2496 1312
13 0 2272 1344 2512 1344
13 0 2272 1392 2304 1392
13 0 2256 1424 2304 1424
13 0 2448 1424 2496 1424
13 0 2224 1456 2256 1456
13 0 2272 1456 2304 1456
13 0 2256 1424 2256 1456
13 0 2272 1264 2272 1312
13 0 2272 1344 2272 1392
13 0 2272 1456 2272 1504
13 0 2288 1200 2288 1232
13 0 2496 1312 2496 1424
13 0 2512 1248 2512 1344
17 0 nd2 1760 1216 0
17 0 nd3 1744 1376 0
13 0 1664 1232 1728 1232
13 0 1728 1264 1760 1264
13 0 1904 1280 1952 1280
13 0 1952 1280 1968 1280
13 0 1712 1296 1760 1296
13 0 1712 1344 1936 1344
13 0 1712 1376 1952 1376
13 0 1712 1424 1744 1424
13 0 1696 1456 1744 1456
13 0 1888 1456 1936 1456
13 0 1664 1488 1696 1488
13 0 1712 1488 1744 1488
13 0 1696 1456 1696 1488
13 0 1712 1296 1712 1344
13 0 1712 1376 1712 1424
13 0 1712 1488 1712 1536
13 0 1728 1232 1728 1264
13 0 1936 1344 1936 1456
13 0 1952 1280 1952 1376
13 2 1952 1280 1968 1280
13 2 1712 1488 1712 1536
13 0 1680 1488 1696 1488
13 2 1680 1488 1696 1488
13 2 1664 1488 1680 1488
13 0 1696 1472 1696 1456
13 2 1696 1456 1696 1472
13 2 1696 1472 1696 1488
13 0 1696 1232 1728 1232
13 2 1696 1232 1728 1232
13 2 1664 1232 1696 1232
13 0 1728 1248 1728 1232
13 2 1728 1232 1728 1248
13 2 1728 1248 1728 1264
13 2 1728 1264 1760 1264
13 2 1904 1280 1952 1280
13 2 1712 1296 1760 1296
13 2 1712 1344 1936 1344
13 2 1712 1376 1952 1376
13 2 1712 1424 1744 1424
13 2 1696 1456 1744 1456
13 2 1888 1456 1936 1456
13 2 1712 1488 1744 1488
13 2 1712 1296 1712 1344
13 2 1712 1376 1712 1424
13 2 1936 1344 1936 1456
13 2 1952 1280 1952 1376
17 0 4
17 0 3
17 0 nd3 1936 1056 0
17 0 nd2 1952 896 0
13 0 1920 944 1952 944
13 0 2096 960 2144 960
13 0 1904 976 1952 976
13 0 1904 1024 2128 1024
13 0 1904 1056 2144 1056
13 0 1904 1104 1936 1104
13 0 1888 1136 1936 1136
13 0 2080 1136 2128 1136
13 0 1904 1168 1936 1168
13 0 1904 976 1904 1024
13 0 1904 1056 1904 1104
13 0 2128 1024 2128 1136
13 0 2144 960 2144 1056
17 0 nd2 1632 1296 0
17 0 nd3 1616 1456 0
13 0 1536 1312 1600 1312
13 0 1600 1344 1632 1344
13 0 1776 1360 1824 1360
13 0 1824 1360 1840 1360
13 0 1584 1376 1632 1376
13 0 1584 1424 1808 1424
13 0 1584 1456 1824 1456
13 0 1584 1504 1616 1504
13 0 1568 1536 1616 1536
13 0 1760 1536 1808 1536
13 0 1536 1568 1568 1568
13 0 1584 1568 1616 1568
13 0 1568 1536 1568 1568
13 0 1584 1376 1584 1424
13 0 1584 1456 1584 1504
13 0 1584 1568 1584 1616
13 0 1600 1312 1600 1344
13 0 1808 1424 1808 1536
13 0 1824 1360 1824 1456
13 2 1824 1360 1824 1456
13 2 1808 1424 1808 1536
13 2 1600 1312 1600 1344
13 2 1584 1568 1584 1616
13 2 1584 1456 1584 1504
13 2 1584 1376 1584 1424
13 2 1568 1536 1568 1568
13 2 1584 1568 1616 1568
13 2 1536 1568 1568 1568
13 2 1760 1536 1808 1536
13 2 1568 1536 1616 1536
13 2 1584 1504 1616 1504
13 2 1584 1456 1824 1456
13 2 1584 1424 1808 1424
13 2 1584 1376 1632 1376
13 0 1824 1360 1840 1360
13 2 1824 1360 1840 1360
13 2 1776 1360 1824 1360
13 2 1600 1344 1632 1344
13 2 1536 1312 1600 1312
17 0 6
17 0 5
17 0 nd3 1616 1488 0
17 0 nd2 1632 1328 0
13 0 1600 1376 1632 1376
13 0 1776 1392 1824 1392
13 0 1584 1408 1632 1408
13 0 1584 1456 1808 1456
13 0 1584 1488 1824 1488
13 0 1584 1536 1616 1536
13 0 1568 1568 1616 1568
13 0 1760 1568 1808 1568
13 0 1584 1600 1616 1600
13 0 1584 1408 1584 1456
13 0 1584 1488 1584 1536
13 0 1808 1456 1808 1568
13 0 1824 1392 1824 1488
13 0 2272 1200 2288 1200
13 2 2272 1200 2288 1200
13 2 2224 1200 2272 1200
13 0 2288 1216 2288 1200
13 2 2288 1200 2288 1216
13 2 2288 1216 2288 1232
13 2 1920 944 1952 944
13 2 2096 960 2144 960
13 2 1904 976 1952 976
13 2 1904 1024 2128 1024
13 2 1904 1056 2144 1056
13 2 1904 1104 1936 1104
13 2 1888 1136 1936 1136
13 2 2080 1136 2128 1136
13 2 1904 1168 1936 1168
13 2 1904 976 1904 1024
13 2 1904 1056 1904 1104
13 2 2128 1024 2128 1136
13 2 2144 960 2144 1056
17 0 3
17 0 4
17 0 nd3 1984 1104 0
17 0 nd2 2000 944 0
13 0 1968 992 2000 992
13 0 2144 1008 2192 1008
13 0 1952 1024 2000 1024
13 0 1952 1072 2176 1072
13 0 1952 1104 2192 1104
13 0 1952 1152 1984 1152
13 0 1936 1184 1984 1184
13 0 2128 1184 2176 1184
13 0 1952 1216 1984 1216
13 0 1952 1024 1952 1072
13 0 1952 1104 1952 1152
13 0 2176 1072 2176 1184
13 0 2192 1008 2192 1104
13 0 2176 1184 2208 1184
13 0 2208 1184 2240 1184
13 0 2240 1184 2240 1200
13 0 2240 1200 2240 1232
13 0 2240 1232 2256 1232
13 0 2256 1232 2288 1232
17 0 nd3 1984 1216 0
13 2 1936 1184 1984 1184
13 0 1376 1184 1984 1184
13 0 1856 1184 1856 1312
13 0 1856 1312 1968 1312
13 0 1968 1312 1968 1296
13 2 1968 1296 1968 1312
13 2 1856 1312 1968 1312
13 2 1856 1184 1856 1312
13 0 1856 1184 1856 1296
13 0 1856 1296 1984 1296
13 0 1952 1216 1952 1232
13 0 1952 1232 2160 1232
13 0 2160 1232 2160 1248
13 0 2128 1296 2160 1296
13 0 2160 1296 2160 1248
13 0 1984 1264 1952 1264
13 0 1952 1264 1952 1248
13 0 1952 1248 2144 1248
13 0 2144 1248 2144 1184
17 0 nd2 1984 1344 0
13 0 1984 1328 1952 1328
13 0 1952 1328 1952 1360
13 0 1952 1360 2144 1360
13 0 2144 1360 2144 1408
13 0 2144 1408 2128 1408
13 0 1984 1392 1968 1392
13 2 1968 1392 1984 1392
13 2 2128 1408 2144 1408
13 2 2144 1360 2144 1408
13 2 1952 1360 2144 1360
13 2 1952 1328 1952 1360
13 0 1952 1328 1952 1344
13 0 1952 1344 2160 1344
13 0 2160 1344 2160 1408
13 0 2160 1408 2128 1408
13 0 1984 1392 1952 1392
13 0 1952 1392 1952 1360
13 0 1952 1360 2128 1360
13 0 2128 1360 2144 1360
13 0 2144 1360 2144 1296
13 0 1984 1424 1904 1424
13 0 1968 992 1872 992
13 0 2272 1504 2272 1552
13 0 2272 1552 2000 1552
13 0 2160 1296 2240 1296
13 0 2240 1296 2240 1424
13 0 2240 1424 2256 1424
13 0 2240 1456 2256 1456
13 2 2240 1456 2256 1456
13 2 2224 1456 2240 1456
13 0 2240 1456 2224 1456
13 0 2240 1456 2256 1456
13 0 2240 1456 2256 1456
13 2 2240 1456 2256 1456
13 2 2224 1456 2240 1456
13 0 2256 1440 2256 1424
13 2 2256 1424 2256 1440
13 2 2256 1440 2256 1456
17 0 6
17 0 5
13 2 1600 1376 1632 1376
13 2 1776 1392 1824 1392
13 2 1584 1408 1632 1408
13 2 1584 1456 1808 1456
13 2 1584 1488 1824 1488
13 2 1584 1536 1616 1536
13 2 1568 1568 1616 1568
13 2 1760 1568 1808 1568
13 2 1584 1600 1616 1600
13 2 1584 1408 1584 1456
13 2 1584 1488 1584 1536
13 2 1808 1456 1808 1568
13 2 1824 1392 1824 1488
17 0 inv 1552 1040 0
17 0 xnor2 1680 1296 0
17 0 and2 1680 1040 0
17 0 or2 1248 1136 0
13 0 1152 1088 1504 1088
13 0 1504 1088 1552 1088
13 0 1648 1088 1680 1088
13 0 1824 1104 1872 1104
13 0 1456 1120 1680 1120
13 0 1168 1184 1248 1184
13 0 1392 1200 1456 1200
13 0 1168 1216 1248 1216
13 0 1456 1344 1680 1344
13 0 1840 1360 1872 1360
13 0 1504 1376 1680 1376
13 0 1456 1120 1456 1200
13 0 1456 1200 1456 1344
13 0 1504 1088 1504 1376
13 5 1152 1088 d
13 5 1168 1184 b
13 5 1168 1216 c
13 8 1152 1088 1
13 8 1168 1184 1
13 8 1168 1216 1
13 0 1408 1184 1856 1184
13 2 1408 1184 1856 1184
13 2 1376 1184 1408 1184
13 0 1856 1184 1744 1184
17 0 inv 1824 1088 3
13 0 1872 1104 1872 1088
17 0 inv 1952 1328 1
13 2 1456 1344 1680 1344
13 2 1840 1360 1872 1360
13 2 1504 1376 1680 1376
17 0 6
17 0 xnor2 1648 1248 0
13 0 1632 1296 1648 1296
13 0 1632 1296 1632 1344
13 0 1456 1344 1632 1344
13 0 1808 1312 1808 1360
13 0 1808 1360 1872 1360
13 0 1648 1328 1648 1376
13 0 1504 1376 1648 1376
13 0 1552 1344 1632 1344
13 2 1552 1344 1632 1344
13 2 1456 1344 1552 1344
13 0 1632 1328 1632 1296
13 2 1632 1296 1632 1328
13 2 1632 1328 1632 1344
13 2 1632 1296 1648 1296
13 0 1456 1296 1648 1296
13 0 1648 1360 1648 1328
13 2 1648 1328 1648 1360
13 2 1648 1360 1648 1376
13 0 1616 1376 1648 1376
13 2 1616 1376 1648 1376
13 2 1504 1376 1616 1376
13 0 1504 1376 1616 1376
13 0 1616 1376 1648 1376
13 0 1648 1360 1648 1376
13 0 1648 1328 1648 1360
13 0 1648 1360 1648 1328
13 2 1648 1328 1648 1360
13 2 1648 1360 1648 1376
13 0 1616 1376 1648 1376
13 2 1616 1376 1648 1376
13 2 1504 1376 1616 1376
13 0 1648 1328 1504 1328
13 0 1504 1360 1504 1328
13 2 1504 1328 1504 1360
13 2 1504 1360 1504 1376
13 0 1456 1328 1456 1296
13 2 1456 1296 1456 1328
13 2 1456 1328 1456 1344
13 5 1744 1184 a
13 8 1728 1184 1
13 8 1744 1184 1
13 0 1856 1360 1872 1360
13 2 1856 1360 1872 1360
13 2 1808 1360 1856 1360
13 0 1808 1344 1808 1312
13 2 1808 1312 1808 1344
13 2 1808 1344 1808 1360
13 0 1808 1312 1904 1312
13 0 1904 1312 1904 1328
13 5 2000 1552 Reset
13 8 2000 1552 1
13 5 2576 1248 QDin
13 8 2576 1248 2
13 0 1824 1104 1824 976
13 2 1824 976 1824 1104
13 0 1872 1104 1888 1104
13 0 1840 1312 1840 1344
13 0 1840 1344 1824 1344
13 2 1824 1344 1840 1344
13 2 1840 1312 1840 1344
13 0 1840 1312 1840 1328
13 5 1888 1104 S
13 5 1840 1328 R
13 8 1888 1104 2
13 8 1840 1328 2
