10 1 1
10 1 1
10 1 1
17 0 nd2 2464 720 0
17 0 nd2 2128 672 0
17 0 nd2 2128 928 0
17 0 nd3 2448 880 0
13 0 2048 656 2096 656
13 0 2032 720 2048 720
13 0 2048 720 2128 720
13 0 2272 736 2432 736
13 0 2096 752 2128 752
13 0 2432 768 2464 768
13 0 2608 784 2656 784
13 0 2656 784 2832 784
13 0 2416 800 2464 800
13 0 2416 848 2640 848
13 0 2032 864 2096 864
13 0 2416 880 2656 880
13 0 2416 928 2448 928
13 0 2400 960 2448 960
13 0 2592 960 2640 960
13 0 2096 976 2128 976
13 0 2048 992 2080 992
13 0 2272 992 2400 992
13 0 2416 992 2448 992
13 0 2080 1008 2128 1008
13 0 2080 1088 2112 1088
13 0 2048 656 2048 720
13 0 2080 992 2080 1008
13 0 2080 1008 2080 1088
13 0 2096 752 2096 864
13 0 2096 864 2096 976
13 0 2400 960 2400 992
13 0 2416 800 2416 848
13 0 2416 880 2416 928
13 0 2416 992 2416 1088
13 0 2432 736 2432 768
13 0 2640 848 2640 960
13 0 2656 784 2656 880
13 5 2096 656 S
13 5 2832 784 Q
13 5 2112 1088 R
13 5 2416 1088 Reset
13 8 2096 656 2
13 8 2832 784 2
13 8 2112 1088 2
13 8 2416 1088 1
13 0 2080 1040 2080 1008
13 2 2080 1008 2080 1040
13 2 2080 1040 2080 1088
13 0 2080 1024 2080 1088
13 0 2080 1024 2080 1008
13 0 2080 1040 2080 1008
13 2 2080 1008 2080 1040
13 2 2080 1040 2080 1088
13 0 2096 1088 2112 1088
13 2 2096 1088 2112 1088
13 2 2080 1088 2096 1088
13 7 2112 1088
13 8 2112 1088 0
13 8 2112 1088 0
13 5 2112 1088 R
13 8 2112 1088 2
13 0 2080 1088 2096 1088
13 0 2096 1088 2112 1088
13 0 2080 1040 2080 1088
13 0 2080 1008 2080 1040
13 0 2416 1040 2416 1072
13 2 2416 1040 2416 1072
13 2 2416 1072 2416 1088
13 7 2416 1088
13 8 2416 1088 0
13 0 2224 1200 2416 1200
13 0 2416 1072 2416 1200
13 5 2224 1200 Reset
13 8 2416 1088 1
13 8 2224 1200 1
13 2 2224 1200 2416 1200
13 7 2224 1200
13 8 2224 1200 0
13 0 1744 1200 1760 1200
13 0 1760 1200 2416 1200
13 5 1744 1200 Reset
13 8 2224 1200 1
13 8 1744 1200 1
13 2 2416 1072 2416 1200
13 0 2416 1040 2416 1200
13 2 2048 992 2080 992
13 0 2080 1008 2096 1008
13 2 2080 1008 2096 1008
13 0 2080 992 2080 1008
13 2 2080 992 2080 1008
13 0 2080 1008 2080 1040
13 2 2080 1008 2080 1040
13 0 2096 1008 2032 1008
13 0 2080 1040 2080 1008
13 0 2304 1312 2208 1312
13 0 2208 1312 2208 1344
13 2 2208 1312 2208 1344
13 2 2208 1312 2304 1312
13 2 2048 656 2096 656
13 2 2032 720 2048 720
13 2 2048 720 2128 720
13 2 2272 736 2432 736
13 2 2096 752 2128 752
13 2 2032 864 2096 864
13 2 2096 976 2128 976
13 2 2272 992 2400 992
13 2 2032 1008 2080 1008
13 2 2080 1008 2128 1008
13 2 2080 1088 2112 1088
13 2 2048 656 2048 720
13 2 2080 1008 2080 1088
13 0 2096 752 2096 864
13 2 2096 752 2096 864
13 2 2096 864 2096 976
13 7 2096 656
13 8 2096 656 0
13 7 2112 1088
13 8 2112 1088 0
17 0 3
17 0 2
17 0 nd2 2160 928 0
17 0 nd2 2160 672 0
13 0 2080 656 2128 656
13 0 2064 720 2080 720
13 0 2080 720 2160 720
13 0 2304 736 2368 736
13 0 2368 736 2432 736
13 0 2128 752 2160 752
13 0 2064 864 2128 864
13 0 2128 976 2160 976
13 0 2304 992 2368 992
13 0 2384 992 2368 992
13 0 2384 992 2400 992
13 0 2064 1008 2112 1008
13 0 2112 1008 2160 1008
13 0 2112 1088 2144 1088
13 0 2080 656 2080 720
13 0 2112 1008 2112 1088
13 0 2128 752 2128 864
13 0 2128 864 2128 976
13 5 2128 656 S
13 5 2144 1088 R
13 8 2096 656 2
13 8 2112 1088 2
13 8 2128 656 2
13 8 2144 1088 2
13 2 2080 656 2128 656
13 2 2064 720 2080 720
13 2 2080 720 2160 720
13 2 2304 736 2432 736
13 2 2128 752 2160 752
13 2 2064 864 2128 864
13 2 2128 976 2160 976
13 2 2304 992 2400 992
13 2 2064 1008 2112 1008
13 2 2112 1008 2160 1008
13 2 2112 1088 2144 1088
13 2 2080 656 2080 720
13 2 2112 1008 2112 1088
13 0 2128 752 2128 864
13 2 2128 752 2128 864
13 2 2128 864 2128 976
13 7 2128 656
13 8 2128 656 0
13 7 2144 1088
13 8 2144 1088 0
17 0 2
17 0 3
17 0 nd2 2208 928 0
17 0 nd2 2208 672 0
13 0 2128 656 2176 656
13 0 2112 720 2128 720
13 0 2128 720 2208 720
13 0 2352 736 2368 736
13 0 2368 736 2432 736
13 0 2176 752 2208 752
13 0 2112 864 2176 864
13 0 2176 976 2208 976
13 0 2352 992 2368 992
13 0 2384 992 2368 992
13 0 2384 992 2400 992
13 0 2112 1008 2160 1008
13 0 2160 1008 2208 1008
13 0 2160 1088 2192 1088
13 0 2128 656 2128 720
13 0 2160 1008 2160 1088
13 0 2176 752 2176 864
13 0 2176 864 2176 976
13 5 2176 656 S
13 5 2192 1088 R
13 8 2128 656 2
13 8 2144 1088 2
13 8 2176 656 2
13 8 2192 1088 2
17 0 nd3 1776 816 0
17 0 nd2 1536 864 0
17 0 nd2 1536 608 0
17 0 nd2 1792 656 0
13 0 1680 672 1760 672
13 0 1760 704 1792 704
13 0 1936 720 1984 720
13 0 1984 720 2000 720
13 0 1744 736 1792 736
13 0 1744 784 1968 784
13 0 1744 816 1984 816
13 0 1744 864 1776 864
13 0 1728 896 1776 896
13 0 1920 896 1968 896
13 0 1680 928 1728 928
13 0 1744 928 1776 928
13 0 1728 896 1728 928
13 0 1744 736 1744 784
13 0 1744 816 1744 864
13 0 1744 928 1744 992
13 0 1760 672 1760 704
13 0 1968 784 1968 896
13 0 1984 720 1984 816
13 2 1680 672 1760 672
13 2 1760 704 1792 704
13 2 1936 720 1984 720
13 2 1984 720 2000 720
13 2 1744 736 1792 736
13 2 1744 784 1968 784
13 2 1744 816 1984 816
13 2 1744 864 1776 864
13 2 1728 896 1776 896
13 2 1920 896 1968 896
13 2 1680 928 1728 928
13 2 1744 928 1776 928
13 2 1728 896 1728 928
13 2 1744 736 1744 784
13 2 1744 816 1744 864
13 2 1744 928 1744 992
13 2 1760 672 1760 704
13 2 1968 784 1968 896
13 2 1984 720 1984 816
17 0 8
17 0 7
17 0 6
17 0 5
17 0 nd2 1824 720 0
17 0 nd2 1568 672 0
17 0 nd2 1568 928 0
17 0 nd3 1808 880 0
13 0 1712 736 1792 736
13 0 1792 768 1824 768
13 0 1968 784 2016 784
13 0 2016 784 2032 784
13 0 1776 800 1824 800
13 0 1776 848 2000 848
13 0 1776 880 2016 880
13 0 1776 928 1808 928
13 0 1760 960 1808 960
13 0 1952 960 2000 960
13 0 1712 992 1760 992
13 0 1776 992 1808 992
13 0 1760 960 1760 992
13 0 1776 800 1776 848
13 0 1776 880 1776 928
13 0 1776 992 1776 1056
13 0 1792 736 1792 768
13 0 2000 848 2000 960
13 0 2016 784 2016 880
13 2 2128 656 2176 656
13 0 2128 656 2128 704
13 2 2128 656 2128 704
13 7 2176 656
13 8 2176 656 0
13 8 2176 656 0
13 2 2128 704 2128 720
13 2 2160 1088 2192 1088
13 0 2160 1024 2160 1088
13 2 2160 1024 2160 1088
13 7 2192 1088
13 8 2192 1088 0
13 8 2192 1088 0
13 2 2160 1008 2160 1024
13 0 2144 864 2176 864
13 2 2144 864 2176 864
13 2 2112 864 2144 864
13 0 2176 752 2176 624
13 0 2176 624 1488 624
13 0 2176 752 2080 752
13 2 2080 752 2176 752
13 2 1488 624 2176 624
13 0 2176 624 1568 624
13 0 2144 720 2208 720
13 2 2144 720 2208 720
13 2 2112 720 2144 720
13 0 2192 752 2208 752
13 2 2192 752 2208 752
13 2 2176 752 2192 752
13 0 2208 752 2080 752
13 0 2080 752 2080 784
13 0 2080 784 2032 784
13 0 2208 720 2176 720
13 0 2000 960 2112 960
13 0 2112 960 2112 1008
13 0 1776 1056 1776 1200
17 0 or2 864 784 0
13 0 864 832 704 832
13 0 864 864 704 864
13 0 1568 624 1424 624
13 0 1424 624 1424 640
13 2 1424 624 1424 640
13 0 1568 624 1424 624
13 2 1424 624 1568 624
13 0 1568 624 1392 624
13 0 1008 848 1072 848
13 0 1072 848 1072 752
13 0 1072 752 1088 752
13 0 1072 848 1072 960
13 0 1280 768 1184 768
13 2 1184 768 1280 768
13 0 1184 768 1184 656
13 2 1184 656 1184 768
17 0 and2 1280 656 0
13 0 1504 624 1504 720
13 0 1504 720 1568 720
13 0 1504 720 1504 976
13 0 1504 976 1568 976
17 0 10
17 0 and2 1248 688 0
13 5 704 832 b
13 5 704 864 c
13 0 1088 752 1216 752
17 0 10
17 0 and2 1296 688 0
13 2 1072 752 1216 752
13 0 1072 752 1072 768
13 2 1072 752 1072 768
13 0 1072 768 1296 768
17 0 xnor2 1296 944 0
13 0 1456 1008 1568 1008
13 0 1296 992 1072 992
13 0 1072 992 1072 960
13 0 688 736 1296 736
13 0 1232 736 1232 1024
13 0 1232 1024 1296 1024
13 0 1440 752 1568 752
13 0 1232 880 1232 736
13 2 1232 736 1232 880
13 2 1232 880 1232 1024
13 0 1232 880 1232 1024
13 0 1232 736 1232 880
13 0 1232 880 1232 736
13 2 1232 736 1232 880
13 2 1232 880 1232 1024
13 0 1120 864 1120 1024
13 0 1120 1024 1232 1024
13 0 1120 864 1120 736
13 0 1120 736 1232 736
17 0 inv 1184 608 0
13 0 1152 736 1232 736
13 2 1152 736 1232 736
13 0 1152 768 1232 768
13 2 1152 768 1232 768
17 0 12
17 0 inv 1152 672 0
17 0 12
17 0 inv 1152 672 0
17 0 12
17 0 inv 1152 576 0
17 0 12
17 0 inv 1152 672 0
17 0 12
17 0 inv 1152 672 0
17 0 12
17 0 inv 1184 608 0
13 0 1152 768 1232 768
13 0 1152 736 1232 736
13 0 1168 736 1264 736
13 2 1168 736 1264 736
17 0 12
17 0 inv 1168 688 0
13 5 688 736 d
13 5 1392 624 a
13 8 688 736 1
13 8 704 832 1
13 8 704 864 1
13 8 1392 624 1
17 0 inv 1664 576 0
13 0 1680 624 1760 624
13 2 1680 624 1760 624
13 2 1664 624 1680 624
13 5 2848 800 Q2
13 7 2848 800
13 0 2816 784 2832 784
13 2 2816 784 2832 784
13 7 2832 784
13 8 2832 784 0
13 8 2832 784 0
13 5 2816 784 Q2
13 8 2816 784 2
13 0 2160 752 2160 656
13 0 2160 656 2144 656
13 2 2144 656 2160 656
13 2 2160 656 2160 752
13 0 2096 752 2096 720
13 0 2096 720 2112 720
13 5 2112 720 Q1
13 8 2112 720 2
13 2 688 736 1120 736
13 2 704 832 864 832
13 2 704 864 864 864
13 7 688 736
13 8 688 736 0
13 7 704 832
13 8 704 832 0
13 7 704 864
13 8 704 864 0
13 0 768 736 816 736
13 0 816 736 1120 736
13 0 784 832 816 832
13 0 832 832 816 832
13 0 832 832 864 832
13 0 784 864 816 864
13 0 848 864 816 864
13 0 848 864 864 864
13 5 768 736 d
13 5 784 832 b
13 5 784 864 c
13 8 688 736 1
13 8 704 832 1
13 8 704 864 1
13 8 768 736 1
13 8 784 832 1
13 8 784 864 1
13 5 2160 752 S_S
13 5 2160 752 S_S
13 5 2160 752 S_S
13 5 2144 720 S_S
13 7 2144 720
13 5 2160 768 S_S
13 5 2160 752 S_S
13 7 2160 768
13 5 2192 752 S_S
13 5 2128 752 S_S
13 5 2128 752 S_S
13 5 2128 752 S_S
13 5 2128 752 S_S
13 5 2128 752 S_S
13 5 2128 752 S_S
13 5 2128 752 S_S
13 5 2160 752 SS
13 5 2160 752 SS
13 5 2160 752 SS
13 5 2160 752 SS
13 5 2176 768 SS
13 7 2176 768
13 2 2096 720 2112 720
13 2 2080 752 2096 752
13 0 2096 752 2160 752
13 2 2096 752 2160 752
13 2 2096 720 2096 752
13 7 2112 720
13 8 2112 720 0
13 8 2112 720 0
13 2 2160 752 2208 752
13 0 2080 752 2208 752
13 5 2128 752 S_S
13 5 2144 1008 S_R
13 5 1488 1008 M_R
13 5 1536 752 M_S
