10 1 1
10 1 1
10 1 1
13 2 2176 1184 2240 1184
13 2 2240 1232 2320 1232
13 2 2464 1248 2512 1248
13 2 2512 1248 2576 1248
13 2 2272 1264 2320 1264
13 2 2160 1296 2240 1296
13 2 2272 1312 2496 1312
13 2 2272 1344 2512 1344
13 2 2272 1392 2304 1392
13 2 2240 1424 2304 1424
13 2 2448 1424 2496 1424
13 2 2240 1184 2240 1232
13 2 2240 1296 2240 1424
13 2 2272 1264 2272 1312
13 2 2272 1344 2272 1392
13 2 2496 1312 2496 1424
13 2 2512 1248 2512 1344
13 7 2576 1248
13 8 2576 1248 0
17 0 2
17 0 nd2 2320 1184 0
13 0 2176 1184 2240 1184
13 0 2240 1232 2320 1232
13 0 2464 1248 2512 1248
13 0 2512 1248 2576 1248
13 0 2272 1264 2320 1264
13 0 2224 1296 2240 1296
13 0 2160 1296 2224 1296
13 0 2272 1312 2496 1312
13 0 2272 1344 2512 1344
13 0 2272 1392 2304 1392
13 0 2240 1424 2304 1424
13 0 2448 1424 2496 1424
13 0 2240 1184 2240 1232
13 0 2240 1296 2240 1424
13 0 2272 1264 2272 1312
13 0 2272 1344 2272 1392
13 0 2496 1312 2496 1424
13 0 2512 1248 2512 1344
13 5 2576 1248 QDin
13 8 2576 1248 2
13 8 2576 1248 2
13 0 2240 1360 2240 1296
13 2 2240 1296 2240 1360
13 2 2240 1360 2240 1424
13 0 2240 1216 2240 1184
13 2 2240 1184 2240 1216
13 2 2240 1216 2240 1232
13 2 2240 1232 2320 1232
13 2 2464 1248 2512 1248
13 2 2512 1248 2576 1248
13 2 2272 1264 2320 1264
13 2 2160 1296 2240 1296
13 2 2272 1312 2496 1312
13 2 2272 1344 2512 1344
13 2 2272 1392 2304 1392
13 2 2240 1424 2304 1424
13 2 2448 1424 2496 1424
13 2 2272 1456 2304 1456
13 2 2272 1264 2272 1312
13 2 2272 1344 2272 1392
13 2 2272 1456 2272 1552
13 2 2496 1312 2496 1424
13 2 2512 1248 2512 1344
13 7 2576 1248
13 8 2576 1248 0
17 0 1
17 0 2
17 0 nd3 2304 1296 0
17 0 nd2 2320 1136 0
13 0 2240 1184 2320 1184
13 0 2464 1200 2512 1200
13 0 2512 1200 2576 1200
13 0 2272 1216 2320 1216
13 0 2208 1248 2240 1248
13 0 2208 1248 2208 1296
13 0 2160 1296 2208 1296
13 0 2272 1264 2496 1264
13 0 2272 1296 2512 1296
13 0 2272 1344 2304 1344
13 0 2240 1376 2304 1376
13 0 2448 1376 2496 1376
13 0 2272 1408 2304 1408
13 0 2272 1216 2272 1264
13 0 2272 1296 2272 1344
13 0 2272 1408 2272 1552
13 0 2496 1264 2496 1376
13 0 2512 1200 2512 1296
13 5 2576 1200 QDin
13 8 2576 1248 2
13 8 2576 1200 2
13 0 2224 1248 2240 1248
13 2 2224 1248 2240 1248
13 2 2208 1248 2224 1248
13 0 2208 1264 2208 1248
13 2 2208 1248 2208 1264
13 2 2208 1264 2208 1296
13 2 2160 1296 2208 1296
13 0 2240 1376 2160 1376
13 0 2160 1376 2160 1296
13 2 2160 1296 2160 1344
13 0 2240 1376 2160 1376
13 2 2160 1376 2240 1376
13 0 2160 1296 2208 1296
13 0 2208 1296 2208 1376
13 0 2208 1376 2240 1376
13 0 2064 1552 2272 1552
13 2 2064 1552 2272 1552
13 2 2000 1552 2064 1552
13 0 2080 1488 2000 1488
13 0 2000 1488 2000 1552
13 0 2080 1488 2272 1488
13 0 2272 1488 2272 1552
13 0 2080 1488 2272 1488
13 2 2080 1488 2272 1488
13 2 2000 1488 2000 1552
13 2 2000 1488 2080 1488
13 0 2000 1552 2064 1552
13 0 2064 1552 2272 1552
13 2 2000 1552 2272 1552
13 2 2272 1408 2272 1552
13 7 2000 1552
13 8 2000 1552 0
13 0 2000 1488 2272 1488
13 0 2272 1424 2272 1488
13 0 2272 1408 2272 1424
13 5 2000 1488 Reset
13 8 2000 1552 1
13 8 2000 1488 1
13 2 1152 1088 1504 1088
13 7 1152 1088
13 8 1152 1088 0
13 0 1168 1088 1184 1088
13 0 1184 1088 1504 1088
13 5 1168 1088 d
13 8 1152 1088 1
13 8 1168 1088 1
13 7 1888 1104
13 8 1888 1104 0
13 8 1888 1104 0
13 2 1872 1104 1888 1104
13 2 1808 1312 1840 1312
13 0 1840 1312 1888 1312
13 2 1840 1312 1888 1312
13 2 1840 1312 1840 1328
13 7 1840 1328
13 8 1840 1328 0
13 8 1840 1328 0
13 2 1888 1312 1904 1312
13 0 1808 1312 1904 1312
13 0 1872 1104 1904 1104
13 0 1856 1312 1856 1360
13 5 1904 1104 S
13 5 1856 1360 SR
13 7 1856 1360
13 5 1856 1360 R
13 8 1904 1104 2
13 8 1856 1360 2
17 0 xnor2 1424 1392 0
17 0 and2 1648 1456 0
17 0 13
17 0 nd2 1632 944 0
17 0 9
17 0 and2 1680 1040 0
17 0 14
17 0 xor2 1232 1360 0
17 0 11
17 0 xnor2 1648 1248 0
17 0 inv 2256 1088 3
17 0 inv 1808 1408 1
17 0 12
17 0 inv 1776 1088 3
13 0 1872 1008 1872 1072
13 2 1872 1008 1872 1072
13 2 1872 992 1872 1008
13 0 1872 1072 1872 1088
13 2 1872 1072 1872 1088
17 0 12
17 0 inv 1824 1088 3
17 0 6
17 0 inv 1984 1312 1
17 0 6
17 0 inv 1984 1328 1
13 0 1904 1328 1904 1424
13 2 1904 1328 1904 1424
13 2 1904 1424 1936 1424
13 2 1936 1424 1984 1424
17 0 6
17 0 inv 1952 1328 1
13 0 1872 1424 1904 1424
13 0 1904 1424 1936 1424
13 0 1936 1424 1984 1424
13 0 1936 1424 1984 1424
13 2 1936 1424 1984 1424
13 2 1904 1424 1936 1424
13 2 1872 1424 1904 1424
17 0 6
17 0 inv 1984 1328 1
13 0 1936 1424 1984 1424
13 0 1904 1424 1936 1424
17 0 6
17 0 inv 1952 1328 1
13 0 1856 1328 1856 1360
13 2 1856 1328 1856 1360
13 7 1856 1360
13 8 1856 1360 0
13 8 1856 1360 0
13 2 1856 1312 1856 1328
13 0 1920 1312 1952 1312
13 5 1952 1312 R
13 8 1952 1312 2
13 2 1920 1312 1952 1312
13 7 1952 1312
13 8 1952 1312 0
13 8 1952 1312 2
13 0 1920 1328 1888 1328
13 0 1888 1328 1904 1328
13 0 1904 1328 1920 1328
13 5 1888 1328 R
13 8 1888 1328 2
13 2 1904 1328 1920 1328
13 0 1920 1328 1904 1328
13 2 1904 1328 1920 1328
13 0 1904 1328 1920 1328
13 2 1904 1328 1920 1328
13 2 1888 1328 1904 1328
13 7 1888 1328
13 8 1888 1328 0
13 8 1888 1328 2
13 0 1904 1312 1936 1312
13 5 1936 1312 R
13 8 1936 1312 2
13 2 1904 1312 1936 1312
13 7 1936 1312
13 8 1936 1312 0
13 0 1936 1344 1904 1344
13 0 1904 1344 1904 1312
13 5 1936 1344 R
13 8 1936 1312 2
13 8 1936 1344 2
13 2 1904 1328 1904 1344
13 2 1904 1344 1936 1344
13 7 1936 1344
13 8 1936 1344 0
13 0 1904 1312 1936 1312
13 5 1936 1312 R
13 8 1936 1344 2
13 8 1936 1312 2
13 8 1936 1312 2
13 2 1904 1424 1984 1424
13 2 1904 1312 1904 1328
17 0 6
17 0 inv 1952 1296 1
13 0 1904 1392 1936 1392
13 0 1936 1392 1936 1424
13 0 1936 1424 1984 1424
13 0 1904 1312 1904 1296
13 2 1936 1424 1984 1424
13 2 1936 1392 1936 1424
13 2 1904 1392 1936 1392
17 0 6
17 0 inv 1952 1328 1
13 0 1904 1312 1904 1328
13 0 1904 1424 1984 1424
13 2 1904 1312 1936 1312
13 7 1936 1312
13 8 1936 1312 0
13 8 1936 1312 2
13 0 1856 1312 1856 1328
13 0 1904 1312 1936 1312
13 5 1936 1312 R
13 8 1936 1312 2
13 0 1920 1312 1936 1312
13 2 1920 1312 1936 1312
13 2 1904 1312 1920 1312
13 2 1856 1312 1856 1328
13 7 1936 1312
13 8 1936 1312 0
13 5 1920 1312 R
13 8 1936 1312 2
13 8 1920 1312 2
13 0 1904 1312 1920 1312
13 0 1184 1344 1392 1344
13 0 1392 1344 1392 1520
13 2 1392 1344 1392 1520
13 2 1184 1344 1392 1344
17 0 14
17 0 13
