10 1 1
10 1 1
10 1 1
13 0 2048 752 2048 672
13 2 2048 672 2048 752
13 2 2048 752 2048 784
13 0 2016 784 2048 784
13 0 2016 784 2016 672
13 0 2016 672 2048 672
13 0 2016 672 2048 672
13 2 2016 672 2048 672
13 2 2016 672 2016 784
13 0 2048 752 2048 784
13 0 2048 672 2048 752
13 2 1056 784 2048 784
13 0 1056 784 1056 368
13 2 1056 368 1056 784
13 2 1056 784 1056 960
13 0 1024 752 1024 960
13 0 1024 960 1056 960
13 0 1024 752 1024 368
13 0 1024 368 1056 368
13 0 1024 752 2048 752
13 0 2048 752 2048 784
13 2 1024 752 2048 752
13 2 1024 368 1056 368
13 0 1024 752 1024 368
13 2 1024 368 1024 752
13 2 1024 960 1056 960
13 2 1024 752 1024 960
13 0 1056 784 1056 960
13 0 1056 368 1056 784
13 0 1056 784 2048 784
13 0 1072 784 1104 784
13 2 1072 784 1104 784
13 2 1056 784 1072 784
13 2 1104 784 2048 784
13 0 1008 784 2048 784
17 0 and3 2448 912 0
13 2 2368 848 2416 848
13 2 2560 864 2592 864
13 2 2384 880 2416 880
17 0 2
17 0 nd2 2432 832 0
13 0 2432 880 2432 848
13 0 2368 848 2432 848
13 0 2576 896 2576 864
13 0 2576 864 2592 864
13 0 2416 912 2432 912
13 0 2416 912 2416 880
13 0 2384 880 2416 880
13 2 2384 880 2416 880
13 2 2416 880 2416 912
13 2 2416 912 2432 912
13 2 2576 864 2592 864
13 2 2576 864 2576 896
13 2 2368 848 2432 848
13 2 2432 848 2432 880
17 0 2
17 0 nd2 2416 800 0
13 0 2384 880 2416 880
13 0 2560 864 2592 864
13 0 2368 848 2416 848
13 0 2400 848 2416 848
13 2 2400 848 2416 848
13 0 2400 880 2416 880
13 2 2400 880 2416 880
13 2 2560 864 2592 864
17 0 2
17 0 nd2 2576 832 0
17 0 2
17 0 nd2 2624 864 0
17 0 11
17 0 and3 2400 800 0
13 2 2592 768 2592 864
13 0 2592 880 2592 768
13 0 2544 880 2592 880
13 2 2384 880 2400 880
13 0 2352 912 2384 912
13 2 2352 912 2384 912
13 2 2384 880 2384 912
13 0 2352 912 2352 880
13 0 2352 880 2400 880
13 0 2400 912 2368 912
13 0 2368 912 2368 1008
13 5 2368 1008 Reset
13 8 2368 1008 1
17 0 2
13 0 1280 944 1280 960
13 2 1280 944 1280 960
17 0 10
17 0 and2 1872 384 0
17 0 9
17 0 or2 1536 544 0
17 0 10
17 0 and2 1808 576 0
17 0 12
17 0 or2 1536 832 0
13 2 1120 592 1536 592
13 2 1680 608 1776 608
13 2 1232 624 1536 624
17 0 9
17 0 or2 1536 544 0
13 0 1120 592 1536 592
13 0 1680 608 1776 608
13 0 1520 624 1536 624
13 0 1232 624 1520 624
