10 1 1
10 1 1
10 1 1
17 0 xor2 1776 976 0
17 0 xor2 1840 944 0
17 0 14
17 0 13
13 0 1776 912 1792 912
13 2 1776 912 1792 912
13 0 1776 944 1792 944
13 2 1776 944 1792 944
17 0 2
17 0 xor2 1792 864 0
13 2 1952 928 2000 928
17 0 inv 1936 880 0
13 0 1728 896 1760 896
13 2 1728 896 1760 896
13 2 1760 912 1776 912
13 2 1760 896 1760 912
13 0 1744 944 1760 944
13 2 1744 944 1760 944
13 2 1760 944 1776 944
13 0 1728 944 1744 944
13 2 1728 944 1744 944
17 0 2
17 0 xor2 1744 848 0
13 2 1680 896 1728 896
17 0 2
17 0 xor2 1776 848 0
13 0 1680 896 1760 896
13 2 1680 896 1760 896
17 0 2
17 0 xor2 1744 848 0
13 0 1680 896 1728 896
17 0 2
17 0 xor2 1792 864 0
13 2 1344 944 1728 944
13 0 1696 944 1344 944
13 0 1696 944 1696 928
13 0 1696 928 1712 928
13 0 1712 928 1728 928
17 0 2
17 0 xor2 1744 848 0
17 0 inv 1904 864 0
13 0 1888 912 1904 912
13 0 2000 912 2032 912
13 0 2032 912 2032 928
13 2 1120 880 1536 880
13 2 1680 896 1728 896
13 2 1232 912 1536 912
17 0 12
17 0 or2 1520 832 0
13 0 1120 880 1520 880
13 0 1664 896 1728 896
13 0 1504 912 1520 912
13 0 1232 912 1504 912
17 0 11
17 0 nd3 2400 800 0
17 0 nd3 2528 976 0
17 0 nd3 2592 1040 0
17 0 15
17 0 14
