10 1 1
10 1 1
10 1 1
17 0 nd2 2416 640 0
17 0 nd2 2416 800 0
17 0 nd2 2080 592 0
17 0 nd2 2080 848 0
17 0 4
17 0 nd2 2080 848 0
13 0 2224 912 2384 912
13 0 2384 912 2384 880
13 0 2384 880 2416 880
13 0 2224 656 2384 656
13 0 2384 656 2384 688
13 0 2384 688 2416 688
13 0 2416 720 2368 720
13 0 2368 720 2368 752
13 0 2368 752 2368 768
13 0 2368 768 2592 768
13 0 2592 768 2592 784
13 0 2560 864 2768 864
13 0 2560 704 2784 704
13 0 2592 784 2592 864
13 0 2608 704 2608 800
13 0 2608 800 2368 800
13 0 2368 800 2368 848
13 0 2368 848 2416 848
13 0 2080 672 2048 672
13 0 2048 672 2048 896
13 0 2048 896 2080 896
13 0 2048 784 2000 784
13 0 2080 640 1952 640
13 0 2000 784 1952 784
13 0 2080 928 1952 928
13 0 1008 176 1008 240
13 0 1008 240 1056 240
13 0 1008 240 1008 272
13 0 1056 240 1056 272
17 0 inv 1104 272 1
13 0 1008 272 1008 688
13 0 1056 368 1056 688
13 0 1120 176 1120 240
13 2 1120 176 1120 240
17 0 inv 1216 272 1
13 0 1120 240 1168 240
13 0 1120 176 1120 240
13 0 1120 240 1120 688
13 0 1168 240 1168 272
13 0 1168 368 1168 688
17 0 inv 1328 272 1
13 0 1232 240 1280 240
13 0 1232 176 1232 240
13 0 1232 240 1232 688
13 0 1280 240 1280 272
13 0 1280 368 1280 688
17 0 inv 1440 272 1
13 0 1344 240 1392 240
13 0 1344 176 1344 240
13 0 1344 240 1344 688
13 0 1392 240 1392 272
13 0 1392 368 1392 688
13 5 1008 176 a
13 5 1136 176 b
13 7 1136 176
13 5 1120 176 b
13 5 1232 176 c
13 5 1344 176 d
13 2 1008 240 1008 688
13 0 992 1456 992 240
13 0 992 240 1008 240
13 2 1056 368 1056 688
13 0 1056 1456 1056 368
13 2 1120 240 1120 688
13 0 1120 1456 1120 240
13 2 1168 368 1168 688
13 0 1168 1456 1168 368
13 2 1232 240 1232 688
13 0 1232 1456 1232 240
13 2 1280 368 1280 688
13 0 1280 1456 1280 368
13 2 1344 240 1344 688
13 0 1344 1456 1344 240
13 2 1392 368 1392 688
13 0 1392 1456 1392 368
17 0 or2 1808 576 0
17 0 and2 1536 544 0
13 0 1680 608 1776 608
13 0 1776 608 1776 624
13 0 1776 624 1808 624
13 0 1808 656 1392 656
13 0 1536 592 1120 592
13 0 1536 624 1232 624
17 0 xor2 1808 864 0
17 0 and2 1536 832 0
13 0 1680 896 1760 896
13 0 1760 896 1760 912
13 0 1760 912 1776 912
13 0 1776 912 1792 912
13 0 1744 896 1760 896
13 2 1744 896 1760 896
13 0 1760 912 1776 912
13 2 1760 912 1776 912
13 2 1760 896 1760 912
13 2 1680 896 1744 896
13 0 1776 896 1680 896
13 2 1680 896 1776 896
13 0 1776 912 1680 912
13 0 1680 912 1680 896
13 2 1680 912 1792 912
13 2 1680 896 1680 912
17 0 12
17 0 and2 1568 832 0
13 0 1712 912 1792 912
13 0 1712 896 1712 912
13 2 1712 896 1712 912
13 2 1712 912 1792 912
17 0 12
17 0 and2 1536 832 0
13 0 1680 896 1680 912
13 0 1680 912 1792 912
13 2 1680 912 1792 912
13 2 1680 896 1680 912
17 0 12
17 0 and2 1616 784 0
13 0 1760 864 1760 912
13 0 1760 912 1792 912
13 0 1760 848 1760 864
13 0 1760 848 1760 864
13 2 1760 848 1760 864
13 2 1760 912 1792 912
13 2 1760 864 1760 912
17 0 12
17 0 and2 1536 832 0
13 0 1680 896 1680 912
13 0 1680 912 1792 912
13 0 1680 912 1776 912
13 2 1680 912 1776 912
13 2 1680 896 1680 912
17 0 12
17 0 and2 1520 832 0
17 0 12
17 0 and2 1536 832 0
13 0 1680 896 1760 896
13 0 1760 896 1760 912
13 0 1760 912 1776 912
13 0 1536 880 1120 880
13 0 1536 912 1232 912
13 0 1792 944 1344 944
17 0 xnor2 1792 992 0
17 0 11
17 0 13
17 0 xnor2 1776 848 0
17 0 13
17 0 xnor2 1792 864 0
17 0 xor2 2144 1008 0
17 0 xnor2 2352 1024 0
17 0 14
17 0 11
13 0 1952 784 1056 784
13 0 2032 928 2032 992
13 0 2032 992 2080 992
13 0 2080 992 2080 1008
13 2 2080 992 2080 1008
13 2 2032 992 2080 992
13 2 2032 928 2032 992
13 0 2000 928 2000 1008
13 0 2000 1008 2064 1008
13 0 2000 640 2000 576
13 0 2000 576 2048 576
13 8 1008 176 1
13 8 1120 176 1
13 8 1232 176 1
13 8 1344 176 1
13 5 2048 576 S
13 5 2064 1008 R
13 8 2048 576 2
13 8 2064 1008 2
13 0 2608 864 2768 864
13 2 2608 864 2768 864
13 2 2592 864 2608 864
13 5 2784 704 Q
13 8 2784 704 2
13 2 992 240 1008 240
13 2 992 240 992 1456
13 0 1008 224 1008 240
13 2 1008 224 1008 240
13 0 1008 240 1024 240
13 0 1008 240 1008 1456
13 0 1024 224 1024 240
13 0 1008 208 1008 224
13 2 1008 208 1008 224
13 2 1008 176 1008 208
13 0 1008 240 1008 176
13 2 1024 224 1024 240
13 0 1040 240 1024 240
13 0 1008 960 1008 1456
13 2 1008 960 1008 1456
13 0 1056 960 1056 1456
13 2 1056 960 1056 1456
13 0 1120 960 1120 1456
13 2 1120 960 1120 1456
13 0 1168 960 1168 1456
13 2 1168 960 1168 1456
13 0 1232 960 1232 1456
13 2 1232 960 1232 1456
13 0 1280 960 1280 1456
13 2 1280 960 1280 1456
13 0 1344 960 1344 1456
13 2 1344 960 1344 1456
13 0 1392 960 1392 1456
13 2 1392 960 1392 1456
