10 1 1
10 1 1
10 1 1
13 2 1008 240 1056 240
13 0 1008 784 1088 784
13 2 1008 784 1088 784
13 0 1008 208 1008 240
13 2 1008 208 1008 240
13 0 1008 240 1008 784
13 2 1008 240 1008 784
13 2 1008 784 1008 960
13 2 1056 240 1056 272
13 2 1056 368 1056 960
13 2 1008 176 1008 208
13 7 1008 176
13 8 1008 176 0
13 0 1088 752 1088 784
13 5 1088 752 a
13 8 1008 176 1
13 8 1088 752 1
13 0 2048 784 2096 784
13 5 2096 784 C
13 5 2096 784 C
13 5 2096 784 C
13 5 2096 784 C
13 5 2096 784 C
13 5 2096 784 C
13 8 2096 784 2
13 8 2096 784 2
13 8 2096 784 2
13 8 2096 784 2
13 8 2096 784 2
13 0 2064 784 2096 784
13 2 2064 784 2096 784
13 2 2048 784 2064 784
13 0 1792 784 1792 752
13 0 1792 752 1824 752
13 5 1824 752 c
13 5 1824 752 c
13 5 1808 752 c
13 5 1824 752 CE
13 5 1824 752 CE
13 5 1824 752 CE
13 2 1792 752 1824 752
13 0 1760 784 1792 784
13 2 1760 784 1792 784
13 0 1792 784 1840 784
13 2 1792 784 1840 784
13 2 1792 752 1792 784
13 2 1088 784 1760 784
13 0 1840 784 1088 784
17 0 5
13 0 1168 432 1168 368
13 2 1168 368 1168 432
13 2 1168 432 1168 960
17 0 6
13 0 1168 256 1168 240
13 2 1168 240 1168 256
13 2 1168 256 1168 272
13 0 1152 240 1168 240
13 2 1152 240 1168 240
13 2 1120 240 1152 240
13 0 1120 928 1120 880
13 2 1120 880 1120 928
13 2 1120 928 1120 960
13 0 1280 448 1280 368
13 2 1280 368 1280 448
13 2 1280 448 1280 944
17 0 7
13 2 1280 240 1280 272
13 0 1264 240 1280 240
13 2 1264 240 1280 240
13 2 1232 240 1264 240
13 2 1392 656 1392 960
13 2 1344 944 1344 960
13 2 1232 912 1232 960
13 0 2000 960 2000 928
13 2 2000 928 2000 960
13 2 2000 960 2000 1008
13 0 2016 928 2032 928
13 2 2016 928 2032 928
13 2 2000 928 2016 928
13 0 2016 1008 2064 1008
13 2 2016 1008 2064 1008
13 2 2000 1008 2016 1008
13 0 2000 1008 2016 1008
13 0 2016 1008 2064 1008
13 0 2000 1008 2032 1008
13 2 2000 1008 2032 1008
13 2 2032 1008 2064 1008
13 0 2032 1008 2064 1008
13 0 2032 1008 2032 928
13 0 1920 1040 1920 992
13 0 1920 992 1888 992
13 2 1888 992 1920 992
13 2 1920 992 1920 1040
13 0 1024 656 1024 880
13 0 1024 880 896 880
13 2 896 880 1024 880
13 2 1024 656 1024 880
13 0 816 544 816 864
13 0 816 864 768 864
13 2 768 864 816 864
13 2 816 544 816 864
13 2 1120 880 1520 880
13 2 1664 896 1728 896
13 2 1232 912 1520 912
17 0 12
17 0 or2 1520 832 0
13 0 1120 880 1520 880
13 0 1664 896 1728 896
13 0 1504 912 1520 912
13 0 1232 912 1504 912
17 0 xnor2 1776 416 0
17 0 7
17 0 inv 2096 192 0
17 0 xnor2 2224 448 0
17 0 and2 2224 192 0
17 0 or2 1792 288 0
13 0 1696 256 2048 256
13 0 2048 256 2096 256
13 0 2192 256 2224 256
13 0 2368 272 2400 272
13 0 2000 288 2224 288
13 0 1712 352 1792 352
13 0 1936 368 2000 368
13 0 1712 384 1792 384
13 0 2000 512 2224 512
13 0 2384 528 2400 528
13 0 2048 544 2224 544
13 0 2000 288 2000 368
13 0 2000 368 2000 512
13 0 2048 256 2048 544
13 5 1696 256 d
13 5 1712 352 b
13 5 1712 384 c
13 8 1696 256 1
13 8 1712 352 1
13 8 1712 384 1
13 2 2048 256 2048 544
13 2 2000 368 2000 512
13 2 2000 288 2000 368
13 2 2048 544 2224 544
13 2 2384 528 2400 528
13 2 2000 512 2224 512
13 2 1712 384 1792 384
13 2 1936 368 2000 368
13 2 1712 352 1792 352
13 2 2000 288 2224 288
13 2 2368 272 2400 272
13 2 2192 256 2224 256
13 0 2048 256 2096 256
13 2 2048 256 2096 256
13 2 1696 256 2048 256
13 7 1712 384
13 8 1712 384 0
13 7 1712 352
13 8 1712 352 0
13 7 1696 256
13 8 1696 256 0
13 8 1712 384 1
13 8 1712 352 1
13 8 1696 256 1
17 0 14
17 0 5
17 0 6
17 0 7
17 0 inv 2576 256 0
17 0 xnor2 2704 512 0
17 0 and2 2704 256 0
17 0 or2 2272 352 0
13 0 2176 304 2528 304
13 0 2528 304 2576 304
13 0 2672 304 2704 304
13 0 2848 320 2880 320
13 0 2480 336 2704 336
13 0 2192 400 2272 400
13 0 2416 416 2480 416
13 0 2192 432 2272 432
13 0 2480 560 2704 560
13 0 2864 576 2880 576
13 0 2528 592 2704 592
13 0 2480 336 2480 416
13 0 2480 416 2480 560
13 0 2528 304 2528 592
13 5 2176 304 d
13 5 2192 400 b
13 5 2192 432 c
13 8 2176 304 1
13 8 2192 400 1
13 8 2192 432 1
13 0 1120 592 1328 592
13 2 1120 592 1328 592
13 0 1232 624 1328 624
13 2 1232 624 1328 624
13 0 1120 176 1120 592
13 2 1120 176 1120 592
13 0 1120 592 1120 704
13 2 1120 592 1120 704
13 0 1232 176 1232 624
13 2 1232 176 1232 624
13 0 1232 624 1232 704
13 2 1232 624 1232 704
13 7 1120 176
13 8 1120 176 0
13 7 1232 176
13 8 1232 176 0
13 8 1120 176 0
13 8 1232 176 0
13 0 1440 592 1536 592
13 2 1440 592 1536 592
13 2 1328 592 1440 592
13 0 1456 624 1536 624
13 2 1456 624 1536 624
13 2 1328 624 1456 624
17 0 9
17 0 8
17 0 12
13 2 1344 240 1392 240
13 0 1680 608 1728 608
13 2 1680 608 1728 608
13 0 1392 656 1728 656
13 2 1392 656 1728 656
13 0 1088 784 1728 784
13 2 1088 784 1728 784
13 2 1120 880 1520 880
13 2 1664 896 1728 896
13 2 1232 912 1520 912
13 2 1696 928 1728 928
13 2 1344 944 1696 944
13 2 1088 752 1088 784
13 2 1120 704 1120 880
13 2 1232 704 1232 912
13 0 1344 176 1344 240
13 2 1344 176 1344 240
13 2 1344 240 1344 944
13 2 1392 240 1392 272
13 2 1392 368 1392 656
13 2 1696 928 1696 944
13 7 1088 752
13 8 1088 752 0
13 7 1344 176
13 8 1344 176 0
13 8 1088 752 0
13 8 1344 176 0
13 0 1744 608 1776 608
13 2 1744 608 1776 608
13 2 1728 608 1744 608
13 2 1776 608 1776 624
17 0 10
17 0 2
13 2 1776 624 1808 624
13 0 1952 640 1984 640
13 2 1952 640 1984 640
13 2 1728 656 1808 656
13 0 1728 784 1984 784
13 2 1728 784 1984 784
13 2 1888 912 1904 912
17 0 13
17 0 inv 1616 576 0
17 0 xnor2 1744 832 0
17 0 and2 1744 576 0
17 0 or2 1312 672 0
13 0 1216 624 1568 624
13 0 1568 624 1616 624
13 0 1712 624 1744 624
13 0 1888 640 1920 640
13 0 1520 656 1744 656
13 0 1232 720 1312 720
13 0 1456 736 1520 736
13 0 1232 752 1312 752
13 0 1520 880 1744 880
13 0 1904 896 1920 896
13 0 1568 912 1744 912
13 0 1520 656 1520 736
13 0 1520 736 1520 880
13 0 1568 624 1568 912
13 5 1216 624 d
13 5 1232 720 b
13 5 1232 752 c
13 8 1216 624 1
13 8 1232 720 1
13 8 1232 752 1
13 0 1920 640 1984 640
13 0 1936 896 1936 912
13 2 1936 896 1936 912
13 0 1920 896 1952 896
13 0 1952 896 1952 912
13 0 1952 912 2000 912
13 0 1984 784 1824 784
13 5 1824 784 a
13 8 1824 784 1
17 0 14
17 0 5
17 0 6
17 0 7
13 2 2176 304 2528 304
13 2 2528 304 2576 304
13 2 2672 304 2704 304
13 2 2848 320 2880 320
13 2 2480 336 2704 336
13 2 2192 400 2272 400
13 2 2416 416 2480 416
13 2 2192 432 2272 432
13 2 2480 560 2704 560
13 2 2864 576 2880 576
13 2 2528 592 2704 592
13 0 2480 336 2480 416
13 2 2480 336 2480 416
13 2 2480 416 2480 560
13 2 2528 304 2528 592
13 7 2176 304
13 8 2176 304 0
13 7 2192 400
13 8 2192 400 0
13 7 2192 432
13 8 2192 432 0
13 8 2176 304 0
13 8 2192 400 0
13 8 2192 432 0
13 2 2608 704 2784 704
13 7 2784 704
13 8 2784 704 0
13 0 2608 704 2640 704
13 5 2640 704 Q
13 8 2784 704 2
13 8 2640 704 2
