10 1 1
10 1 1
10 1 1
10 1 101
10 1 1
10 1 1
10 3 1
10 1 1
10 1 1
17 0 fd1s3ax 1488 1520 0
17 0 fd1s3ax 2144 1520 0
17 0 fd1s3ax 2800 1520 0
17 0 fd1s3ax 3456 1520 0
17 0 fd1s3ax 4112 1520 0
17 0 mux41 1104 1456 0
17 0 mux41 1760 1456 0
17 0 mux41 2416 1456 0
17 0 mux41 3072 1456 0
17 0 mux41 3728 1456 0
17 0 and2 1312 1504 0
17 0 and2 1968 1504 0
17 0 and2 2624 1504 0
17 0 and2 3280 1504 0
17 0 and2 3936 1504 0
17 0 vhi 1664 1664 3
17 0 vhi 1008 1664 3
17 0 vhi 1696 1072 0
17 0 vhi 2352 1072 0
17 0 vlo 1088 1536 1
17 0 vlo 1056 1152 0
17 0 vlo 3104 1152 0
17 0 vlo 3744 1152 0
17 0 inv 1680 1280 3
17 0 inv 2992 1280 3
17 0 inv 3632 1280 3
17 0 inv 4368 1280 3
17 0 inv 2336 1280 3
13 0 1056 1152 1088 1152
13 0 3072 1152 3104 1152
13 0 3712 1152 3744 1152
13 0 1072 1344 3040 1344
13 0 1744 1360 3680 1360
13 0 2400 1376 4416 1376
13 0 1728 1392 2352 1392
13 0 2352 1392 3056 1392
13 0 3040 1408 3664 1408
13 0 2384 1424 3008 1424
13 0 3008 1424 3696 1424
13 0 1088 1504 1104 1504
13 0 3712 1504 3728 1504
13 0 1088 1536 1104 1536
13 0 1728 1536 1760 1536
13 0 2384 1536 2416 1536
13 0 3040 1536 3072 1536
13 0 3680 1536 3728 1536
13 0 1296 1552 1312 1552
13 0 1952 1552 1968 1552
13 0 2608 1552 2624 1552
13 0 3264 1552 3280 1552
13 0 3920 1552 3936 1552
13 0 1072 1568 1104 1568
13 0 1456 1568 1488 1568
13 0 1712 1568 1728 1568
13 0 1744 1568 1760 1568
13 0 2112 1568 2144 1568
13 0 2368 1568 2384 1568
13 0 2400 1568 2416 1568
13 0 2768 1568 2800 1568
13 0 3024 1568 3040 1568
13 0 3056 1568 3072 1568
13 0 3424 1568 3456 1568
13 0 3696 1568 3728 1568
13 0 4080 1568 4112 1568
13 0 4336 1568 4416 1568
13 0 1088 1600 1104 1600
13 0 1472 1600 1488 1600
13 0 1744 1600 1760 1600
13 0 2128 1600 2144 1600
13 0 2352 1600 2416 1600
13 0 2784 1600 2800 1600
13 0 3008 1600 3072 1600
13 0 3440 1600 3456 1600
13 0 3664 1600 3728 1600
13 0 4096 1600 4112 1600
13 0 1072 1648 1104 1648
13 0 1728 1648 1760 1648
13 0 2384 1648 2416 1648
13 0 3040 1648 3072 1648
13 0 3712 1648 3728 1648
13 0 1088 1680 1104 1680
13 0 1744 1680 1760 1680
13 0 2400 1680 2416 1680
13 0 3056 1680 3072 1680
13 0 3680 1680 3728 1680
13 0 800 1744 1088 1744
13 0 1088 1744 1744 1744
13 0 1744 1744 2400 1744
13 0 2400 1744 3056 1744
13 0 3056 1744 3680 1744
13 0 800 1760 1072 1760
13 0 1072 1760 1728 1760
13 0 1728 1760 2384 1760
13 0 2384 1760 3040 1760
13 0 3040 1760 3712 1760
13 0 800 1792 1472 1792
13 0 1472 1792 2128 1792
13 0 2128 1792 2784 1792
13 0 2784 1792 3440 1792
13 0 3440 1792 4096 1792
13 0 800 1824 1312 1824
13 0 1312 1824 1968 1824
13 0 1968 1824 2624 1824
13 0 2624 1824 3280 1824
13 0 3280 1824 3936 1824
13 0 1072 1344 1072 1568
13 0 1072 1648 1072 1760
13 0 1088 1152 1088 1504
13 0 1088 1680 1088 1744
13 0 1312 1584 1312 1824
13 0 1472 1600 1472 1792
13 0 1728 1152 1728 1184
13 0 1728 1280 1728 1392
13 0 1728 1392 1728 1536
13 0 1728 1536 1728 1568
13 0 1728 1648 1728 1760
13 0 1744 1360 1744 1568
13 0 1744 1680 1744 1744
13 0 1760 1152 1760 1504
13 0 1968 1584 1968 1824
13 0 2128 1600 2128 1792
13 0 2352 1392 2352 1600
13 0 2384 1152 2384 1184
13 0 2384 1280 2384 1424
13 0 2384 1424 2384 1536
13 0 2384 1536 2384 1568
13 0 2384 1648 2384 1760
13 0 2400 1376 2400 1568
13 0 2400 1680 2400 1744
13 0 2416 1152 2416 1504
13 0 2624 1584 2624 1824
13 0 2784 1600 2784 1792
13 0 3008 1424 3008 1600
13 0 3040 1152 3040 1184
13 0 3040 1280 3040 1344
13 0 3040 1344 3040 1408
13 0 3040 1408 3040 1536
13 0 3040 1536 3040 1568
13 0 3040 1648 3040 1760
13 0 3056 1392 3056 1568
13 0 3056 1680 3056 1744
13 0 3072 1152 3072 1504
13 0 3280 1584 3280 1824
13 0 3440 1600 3440 1792
13 0 3664 1408 3664 1600
13 0 3680 1152 3680 1184
13 0 3680 1280 3680 1360
13 0 3680 1360 3680 1536
13 0 3680 1536 3680 1568
13 0 3680 1680 3680 1744
13 0 3696 1424 3696 1568
13 0 3712 1152 3712 1504
13 0 3712 1648 3712 1760
13 0 3936 1584 3936 1824
13 0 4096 1600 4096 1792
13 0 4416 1152 4416 1184
13 0 4416 1280 4416 1376
13 0 4416 1376 4416 1568
13 5 800 1744 A0
13 5 800 1760 A1
13 5 800 1792 C
13 5 800 1824 Reset
13 5 1728 1152 Q4
13 5 2384 1152 Q3
13 5 3040 1152 Q2
13 5 3680 1152 Q1
13 5 4416 1152 Q0
13 8 800 1744 1
13 8 800 1760 1
13 8 800 1792 1
13 8 800 1824 1
13 8 1728 1152 2
13 8 2384 1152 2
13 8 3040 1152 2
13 8 3680 1152 2
13 8 4416 1152 2
