
             Lattice Mapping Report File for Design Module 'PLIS'


Design Information
------------------

Command line:   map -a LatticeXP2 -p LFXP2-5E -t TQFP144 -s 6 -oc Commercial
     lab3_impl1.ngd -o lab3_impl1_map.ncd -pr lab3_impl1.prf -mp lab3_impl1.mrp
     -lpf C:/Users/PC/Documents/1. KTU/1. KTU/2 Semestras/2.
     SLP/3lab/impl1/lab3_impl1_synplify.lpf -lpf C:/Users/PC/Documents/1. KTU/1.
     KTU/2 Semestras/2. SLP/3lab/lab3.lpf -gui -msgset C:/Users/PC/Documents/1.
     KTU/1. KTU/2 Semestras/2. SLP/3lab/promote.xml 
Target Vendor:  LATTICE
Target Device:  LFXP2-5ETQFP144
Target Performance:   6
Mapper:  mg5a00,  version:  Diamond (64-bit) 3.10.0.111.2
Mapped on:  05/06/19  22:04:53

Design Summary
--------------

   Number of registers:      5 out of  3864 (0%)
      PFU registers:            5 out of  3564 (0%)
      PIO registers:            0 out of   300 (0%)
   Number of SLICEs:        12 out of  2376 (1%)
      SLICEs as Logic/ROM:     12 out of  2376 (1%)
      SLICEs as RAM:            0 out of   405 (0%)
      SLICEs as Carry:          0 out of  2376 (0%)
   Number of LUT4s:         17 out of  4752 (0%)
      Number used as logic LUTs:         17
      Number used as distributed RAM:     0
      Number used as ripple logic:        0
      Number used as shift registers:     0
   Number of PIO sites used: 9 out of 100 (9%)
   Number of PIO FIXEDDELAY:    0
   Number of DQSDLLs:  0 out of 2 (0%)
   Number of PLLs:  0 out of 2 (0%)
   Number of block RAMs:  0 out of 9 (0%)
   Number of CLKDIVs:  0 out of 2 (0%)
   Number of GSRs:  0 out of 1 (0%)
   JTAG used :      No
   Readback used :  No
   Oscillator used :  No
   Startup used :   No
   Notes:-
      1. Total number of LUT4s = (Number of logic LUT4s) + 2*(Number of
     distributed RAMs) + 2*(Number of ripple logic)
      2. Number of logic LUT4s does not include count of distributed RAM and
     ripple logic.

        Number Of Mapped DSP Components:
   --------------------------------
   MULT36X36B          0
   MULT18X18B          0
   MULT18X18MACB       0
   MULT18X18ADDSUBB    0
   MULT18X18ADDSUBSUMB 0
   MULT9X9B            0
   MULT9X9ADDSUBB      0
   MULT9X9ADDSUBSUMB   0
   --------------------------------

                                    Page 1




Design:  PLIS                                          Date:  05/06/19  22:04:53

Design Summary (cont)
---------------------
   Number of Used DSP Sites:  0 out of 24 (0 %)
   Number of clocks:  1
     Net C_c: 3 loads, 3 rising, 0 falling (Driver: PIO C )
   Number of Clock Enables:  0
   Number of LSRs:  0
   Number of nets driven by tri-state buffers:  0
   Top 10 highest fanout non-clock nets:
     Net A1_c: 8 loads
     Net A0_c: 5 loads
     Net Reset_c: 5 loads
     Net N_1: 4 loads
     Net N_4: 4 loads
     Net N_5: 4 loads
     Net N_3: 3 loads
     Net N_2: 2 loads
     Net N_17: 1 loads
     Net Q0_c: 1 loads




   Number of warnings:  0
   Number of errors:    0
     

Design Errors/Warnings
----------------------

   No errors or warnings present.

IO (PIO) Attributes
-------------------

+---------------------+-----------+-----------+------------+------------+
| IO Name             | Direction | Levelmode | IO         | FIXEDDELAY |
|                     |           |  IO_TYPE  | Register   |            |
+---------------------+-----------+-----------+------------+------------+
| Q4                  | OUTPUT    | LVCMOS25  |            |            |
+---------------------+-----------+-----------+------------+------------+
| A0                  | INPUT     | LVCMOS25  |            |            |
+---------------------+-----------+-----------+------------+------------+
| Q0                  | OUTPUT    | LVCMOS25  |            |            |
+---------------------+-----------+-----------+------------+------------+
| Q1                  | OUTPUT    | LVCMOS25  |            |            |
+---------------------+-----------+-----------+------------+------------+
| Q2                  | OUTPUT    | LVCMOS25  |            |            |
+---------------------+-----------+-----------+------------+------------+
| Q3                  | OUTPUT    | LVCMOS25  |            |            |
+---------------------+-----------+-----------+------------+------------+
| Reset               | INPUT     | LVCMOS25  |            |            |
+---------------------+-----------+-----------+------------+------------+
| C                   | INPUT     | LVCMOS25  |            |            |
+---------------------+-----------+-----------+------------+------------+
| A1                  | INPUT     | LVCMOS25  |            |            |
+---------------------+-----------+-----------+------------+------------+


                                    Page 2




Design:  PLIS                                          Date:  05/06/19  22:04:53

Removed logic
-------------

Block GSR_INST undriven or does not drive anything - clipped.
Signal I15/Z0 undriven or does not drive anything - clipped.
Signal GND undriven or does not drive anything - clipped.
Signal VCC undriven or does not drive anything - clipped.
Block I15/LUT0 was optimized away.
Block GND was optimized away.
Block VCC was optimized away.

Run Time and Memory Usage
-------------------------

   Total CPU Time: 0 secs  
   Total REAL Time: 0 secs  
   Peak Memory Usage: 35 MB
        









































                                    Page 3


Copyright (c) 1991-1994 by NeoCAD Inc. All rights reserved.
     Copyright (c) 1995 AT&T Corp.   All rights reserved.
     Copyright (c) 1995-2001 Lucent Technologies Inc.  All rights reserved.
     Copyright (c) 2001 Agere Systems   All rights reserved.
     Copyright (c) 2002-2017 Lattice Semiconductor Corporation,  All rights
     reserved.
