# Waveform file 'C:/Users/PC/Documents/1. KTU/1. KTU/2 Semestras/2. SLP/4lab/LM2/src/untitled.awc' connected to 'C:/Users/PC/Documents/1. KTU/1. KTU/2 Semestras/2. SLP/4lab/LM2/src/untitled.asdb'.
designverincludedir -clear
designverlibrarysim -PL -clear
designverlibrarysim -L -clear
designverlibrarysim -PL pmi_work
designverlibrarysim ovi_xp2
designverdefinemacro -clear
removefile -Y -D *
addfile {C:/Users/PC/Documents/1. KTU/1. KTU/2 Semestras/2. SLP/4lab/cntr50.vhd}
# Adding file C:\Users\PC\Documents\1. KTU\1. KTU\2 Semestras\2. SLP\4lab\cntr50.vhd ... Done
addfile {C:/Users/PC/Documents/1. KTU/1. KTU/2 Semestras/2. SLP/4lab/cntr31_2.vhd}
# Adding file C:\Users\PC\Documents\1. KTU\1. KTU\2 Semestras\2. SLP\4lab\cntr31_2.vhd ... Done
addfile {C:/Users/PC/Documents/1. KTU/1. KTU/2 Semestras/2. SLP/4lab/cntr12.vhd}
# Adding file C:\Users\PC\Documents\1. KTU\1. KTU\2 Semestras\2. SLP\4lab\cntr12.vhd ... Done
addfile {C:/Users/PC/Documents/1. KTU/1. KTU/2 Semestras/2. SLP/4lab/LM2.vhd}
# Adding file C:\Users\PC\Documents\1. KTU\1. KTU\2 Semestras\2. SLP\4lab\LM2.vhd ... Done
vlib {C:/Users/PC/Documents/1. KTU/1. KTU/2 Semestras/2. SLP/4lab/LM2/work}
# Warning: Library work already exists
adel -all
# Library contents cleared.
vcom -dbg -work work {C:/Users/PC/Documents/1. KTU/1. KTU/2 Semestras/2. SLP/4lab/cntr50.vhd}
# File: C:\Users\PC\Documents\1. KTU\1. KTU\2 Semestras\2. SLP\4lab\cntr50.vhd
# Compile Entity "CNT50"
# Compile Architecture "rtl" of Entity "CNT50"
# Compile success 0 Errors 0 Warnings  Analysis time :  0.1 [s]
vcom -dbg -work work {C:/Users/PC/Documents/1. KTU/1. KTU/2 Semestras/2. SLP/4lab/cntr31_2.vhd}
# File: C:\Users\PC\Documents\1. KTU\1. KTU\2 Semestras\2. SLP\4lab\cntr31_2.vhd
# Compile Entity "CNT31_2"
# Compile Architecture "rtl" of Entity "CNT31_2"
# Compile success 0 Errors 0 Warnings  Analysis time :  47.0 [ms]
vcom -dbg -work work {C:/Users/PC/Documents/1. KTU/1. KTU/2 Semestras/2. SLP/4lab/cntr12.vhd}
# File: C:\Users\PC\Documents\1. KTU\1. KTU\2 Semestras\2. SLP\4lab\cntr12.vhd
# Compile Entity "CNT12"
# Compile Architecture "rtl" of Entity "CNT12"
# Compile success 0 Errors 0 Warnings  Analysis time :  47.0 [ms]
vcom -dbg -work work {C:/Users/PC/Documents/1. KTU/1. KTU/2 Semestras/2. SLP/4lab/LM2.vhd}
# File: C:\Users\PC\Documents\1. KTU\1. KTU\2 Semestras\2. SLP\4lab\LM2.vhd
# Compile Entity "TOP_CNT"
# Compile Architecture "struct" of Entity "TOP_CNT"
# Compile success 0 Errors 0 Warnings  Analysis time :  47.0 [ms]
entity TOP_CNT
# ELBREAD: Elaboration process.
# ELBREAD: Elaboration time 0.0 [s].
vsim +access +r TOP_CNT -PL pmi_work -L ovi_xp2
# ELBREAD: Elaboration process.
# ELBREAD: Elaboration time 0.0 [s].
# VSIM: Stack memory: 32MB
# VSIM: Retval memory: 32MB
# 
# KERNEL: Main thread initiated.
# KERNEL: Kernel process initialization phase.
# KERNEL: Time resolution set to 1ps.
# ELAB2: Elaboration final pass...
# ELAB2: Create instances ...
# ELAB2: Create instances complete.
# SLP: Started
# SLP: Elaboration phase ...
# SLP: Elaboration phase ... skipped, nothing to simulate in SLP mode : 0.0 [s]
# SLP: Finished : 0.0 [s]
# ELAB2: Elaboration final pass complete - time: 0.0 [s].
# KERNEL: Warning: You are using the Active-HDL Lattice Edition. The performance of simulation is running at a reduced rate.
# KERNEL: Warning: Contact Aldec for available upgrade options - sales@aldec.com.
# KERNEL: Kernel process initialization done.
# Allocation: Simulator allocated 7111 kB (elbread=1280 elab2=5679 kernel=151 sdf=0)
# KERNEL: ASDB file was created in location C:\Users\PC\Documents\1. KTU\1. KTU\2 Semestras\2. SLP\4lab\LM2\src\wave.asdb
#  3:48 PM, Wednesday, May 15, 2019
#  Simulation has been initialized
add wave *
run 1000ns
# Warning: WAVEFORM: Object matching /TOP_CNT/* not found in C:/Users/PC/Documents/1. KTU/1. KTU/2 Semestras/2. SLP/4lab/LM2/src/untitled.asdb.
# KERNEL: stopped at time: 1 us
# KERNEL: Simulation has finished. There are no more test vectors to simulate.
acom -O3 -e 100 -work work -2002  $dsn/../cntr50.vhd $dsn/../cntr31_2.vhd $dsn/../cntr12.vhd $dsn/../LM2.vhd $dsn/src/TestBench/top_cnt_TB.vhd
# Warning: DAGGEN_0523: The source is compiled without the -dbg switch. Line breakpoints and assertion debug will not be available.
# File: C:\Users\PC\Documents\1. KTU\1. KTU\2 Semestras\2. SLP\4lab\LM2\..\cntr50.vhd
# Compile Entity "CNT50"
# Compile Architecture "rtl" of Entity "CNT50"
# File: C:\Users\PC\Documents\1. KTU\1. KTU\2 Semestras\2. SLP\4lab\LM2\..\cntr31_2.vhd
# Compile Entity "CNT31_2"
# Compile Architecture "rtl" of Entity "CNT31_2"
# File: C:\Users\PC\Documents\1. KTU\1. KTU\2 Semestras\2. SLP\4lab\LM2\..\cntr12.vhd
# Compile Entity "CNT12"
# Compile Architecture "rtl" of Entity "CNT12"
# File: C:\Users\PC\Documents\1. KTU\1. KTU\2 Semestras\2. SLP\4lab\LM2\..\LM2.vhd
# Compile Entity "TOP_CNT"
# Compile Architecture "struct" of Entity "TOP_CNT"
# File: C:\Users\PC\Documents\1. KTU\1. KTU\2 Semestras\2. SLP\4lab\LM2\src\TestBench\top_cnt_TB.vhd
# Compile Entity "top_cnt_tb"
# Compile Architecture "TB_ARCHITECTURE" of Entity "top_cnt_tb"
# Compile Configuration "TESTBENCH_FOR_top_cnt"
# Compile success 0 Errors 0 Warnings  Analysis time :  0.2 [s]
SetActiveLib -work
comp -include "C:\Users\PC\Documents\1. KTU\1. KTU\2 Semestras\2. SLP\4lab\cntr50.vhd" 
# Warning: DAGGEN_0523: The source is compiled without the -dbg switch. Line breakpoints and assertion debug will not be available.
# File: C:\Users\PC\Documents\1. KTU\1. KTU\2 Semestras\2. SLP\4lab\LM2\..\cntr50.vhd
# Compile Entity "CNT50"
# Compile Architecture "rtl" of Entity "CNT50"
# Compile success 0 Errors 0 Warnings  Analysis time :  47.0 [ms]
comp -include "C:\Users\PC\Documents\1. KTU\1. KTU\2 Semestras\2. SLP\4lab\cntr31_2.vhd" 
# Warning: DAGGEN_0523: The source is compiled without the -dbg switch. Line breakpoints and assertion debug will not be available.
# File: C:\Users\PC\Documents\1. KTU\1. KTU\2 Semestras\2. SLP\4lab\LM2\..\cntr31_2.vhd
# Compile Entity "CNT31_2"
# Compile Architecture "rtl" of Entity "CNT31_2"
# Compile success 0 Errors 0 Warnings  Analysis time :  47.0 [ms]
comp -include "C:\Users\PC\Documents\1. KTU\1. KTU\2 Semestras\2. SLP\4lab\cntr12.vhd" 
# Warning: DAGGEN_0523: The source is compiled without the -dbg switch. Line breakpoints and assertion debug will not be available.
# File: C:\Users\PC\Documents\1. KTU\1. KTU\2 Semestras\2. SLP\4lab\LM2\..\cntr12.vhd
# Compile Entity "CNT12"
# Compile Architecture "rtl" of Entity "CNT12"
# Compile success 0 Errors 0 Warnings  Analysis time :  78.0 [ms]
comp -include "C:\Users\PC\Documents\1. KTU\1. KTU\2 Semestras\2. SLP\4lab\LM2.vhd" 
# Warning: DAGGEN_0523: The source is compiled without the -dbg switch. Line breakpoints and assertion debug will not be available.
# File: C:\Users\PC\Documents\1. KTU\1. KTU\2 Semestras\2. SLP\4lab\LM2\..\LM2.vhd
# Compile Entity "TOP_CNT"
# Compile Architecture "struct" of Entity "TOP_CNT"
# Compile success 0 Errors 0 Warnings  Analysis time :  0.1 [s]
comp -include "$dsn\src\TestBench\top_cnt_TB.vhd" 
# Warning: DAGGEN_0523: The source is compiled without the -dbg switch. Line breakpoints and assertion debug will not be available.
# File: C:\Users\PC\Documents\1. KTU\1. KTU\2 Semestras\2. SLP\4lab\LM2\src\TestBench\top_cnt_TB.vhd
# Compile Entity "top_cnt_tb"
# Compile Architecture "TB_ARCHITECTURE" of Entity "top_cnt_tb"
# Compile Configuration "TESTBENCH_FOR_top_cnt"
# Compile success 0 Errors 0 Warnings  Analysis time :  63.0 [ms]
asim +access +r TESTBENCH_FOR_top_cnt 
# VSIM: Simulation has finished.
# ELBREAD: Elaboration process.
# ELBREAD: Elaboration time 0.0 [s].
# VSIM: Stack memory: 32MB
# VSIM: Retval memory: 32MB
# 
# KERNEL: Main thread initiated.
# KERNEL: Kernel process initialization phase.
# KERNEL: Time resolution set to 1ps.
# ELAB2: Elaboration final pass...
# ELAB2: Create instances ...
# ELAB2: Create instances complete.
# SLP: Started
# SLP: Elaboration phase ...
# SLP: Elaboration phase ... skipped, nothing to simulate in SLP mode : 0.0 [s]
# SLP: Finished : 0.0 [s]
# ELAB2: Elaboration final pass complete - time: 0.0 [s].
# KERNEL: Warning: You are using the Active-HDL Lattice Edition. The performance of simulation is running at a reduced rate.
# KERNEL: Warning: Contact Aldec for available upgrade options - sales@aldec.com.
# KERNEL: Kernel process initialization done.
# Allocation: Simulator allocated 7107 kB (elbread=1280 elab2=5677 kernel=149 sdf=0)
# KERNEL: ASDB file was created in location C:\Users\PC\Documents\1. KTU\1. KTU\2 Semestras\2. SLP\4lab\LM2\src\wave.asdb
#  3:52 PM, Wednesday, May 15, 2019
#  Simulation has been initialized
wave 
wave -noreg CLK_I
wave -noreg RST_I
wave -noreg ENBL_I
wave -noreg CNT_CO
# # The following lines can be used for timing simulation
# # acom <backannotated_vhdl_file_name>
# # comp -include "$dsn\src\TestBench\top_cnt_TB_tim_cfg.vhd" 
# # asim +access +r TIMING_FOR_top_cnt 
# 4 signal(s) traced.
# Waveform file 'untitled.awc' connected to 'C:/Users/PC/Documents/1. KTU/1. KTU/2 Semestras/2. SLP/4lab/LM2/src/wave.asdb'.
# add wave -noreg {/top_cnt_tb/UUT/C}
# add wave -noreg {/top_cnt_tb/UUT/RST_internal}
# add wave -noreg {/top_cnt_tb/UUT/C1}
# add wave -noreg {/top_cnt_tb/UUT/C2}
# add wave -noreg {/top_cnt_tb/UUT/C3}
# add wave -noreg {/top_cnt_tb/UUT/CNT_1_O}
# add wave -noreg {/top_cnt_tb/UUT/CNT_2_O}
# add wave -noreg {/top_cnt_tb/UUT/CNT_3_O}
# add wave -noreg {/top_cnt_tb/UUT/CLK_I}
# add wave -noreg {/top_cnt_tb/UUT/RST_I}
# add wave -noreg {/top_cnt_tb/UUT/ENBL_I}
# add wave -noreg {/top_cnt_tb/UUT/CNT_CO}
# 12 signal(s) traced.
run 1000 ns
# KERNEL: stopped at time: 1 us
run 5000 ns
# KERNEL: stopped at time: 6 us
run 5000 ns
# KERNEL: stopped at time: 11 us
# Error: Cannot save 'C:/Users/PC/Documents/1. KTU/1. KTU/2 Semestras/2. SLP/4lab/LM2/src/untitled.asdb' file.
# Adding file C:\Users\PC\Documents\1. KTU\1. KTU\2 Semestras\2. SLP\4lab\LM2\src\untitled.asdb ... Done
# Adding file C:\Users\PC\Documents\1. KTU\1. KTU\2 Semestras\2. SLP\4lab\LM2\src\untitled.awc ... Done
# Adding file C:\Users\PC\Documents\1. KTU\1. KTU\2 Semestras\2. SLP\4lab\LM2\src\untitled.awc ... Done
# Error: Cannot save 'C:/Users/PC/Documents/1. KTU/1. KTU/2 Semestras/2. SLP/4lab/LM2/src/untitled.asdb' file.
# Adding file C:\Users\PC\Documents\1. KTU\1. KTU\2 Semestras\2. SLP\4lab\LM2\src\untitled.asdb ... Done
# Adding file C:\Users\PC\Documents\1. KTU\1. KTU\2 Semestras\2. SLP\4lab\LM2\src\untitled.awc ... Done
