10 1 1
10 1 1
10 1 1
17 0 3
17 0 1
17 0 2
17 0 and3 1360 736 0
17 0 and3 1360 1088 0
17 0 and3 1360 1296 0
17 0 and4 1440 1392 0
17 0 3
17 0 4
17 0 and4 1440 1392 0
17 0 4
17 0 and2 1360 1360 0
17 0 nr3 1360 944 0
17 0 or4 1712 1072 0
17 0 inv 928 736 0
17 0 inv 944 976 0
13 0 576 784 928 784
13 0 1024 784 1360 784
13 0 592 1024 608 1024
13 2 592 1024 608 1024
13 0 592 1024 944 1024
13 0 1040 1024 1360 1024
13 0 768 784 768 1152
13 0 768 1152 1360 1152
13 0 1360 1152 1360 1136
13 2 1360 1136 1360 1152
13 2 768 1152 1360 1152
13 2 768 784 768 1152
13 0 784 784 784 1136
13 0 784 1136 800 1136
13 0 800 1136 1360 1136
13 0 1360 1136 1360 1120
13 0 1360 1120 1360 1136
13 2 1360 1120 1360 1136
13 0 800 1136 1360 1136
13 2 800 1136 1360 1136
13 0 800 1136 1360 1136
13 0 576 944 1248 944
13 0 1248 944 1248 992
13 0 1248 992 1360 992
13 0 576 1104 1248 1104
13 0 1264 1104 1264 1056
13 0 1264 1056 1248 1056
13 0 1248 1056 1328 1056
13 0 1328 1056 1328 1072
13 2 1328 1056 1328 1072
13 2 1264 1056 1328 1056
13 2 1248 1056 1264 1056
13 2 1264 1056 1264 1104
13 0 1248 1104 1248 1056
13 0 1248 1056 1360 1056
13 0 1360 816 848 816
13 0 848 816 848 944
13 0 848 944 848 1168
13 0 848 1168 1360 1168
13 0 1360 848 896 848
13 0 896 848 896 1104
13 0 880 1024 880 1200
13 0 880 1200 1360 1200
13 0 1072 784 1072 1408
13 0 1072 1408 1360 1408
13 0 1104 1024 1104 1440
13 0 1104 1440 1360 1440
13 0 1344 1280 1232 1280
13 2 1232 1280 1344 1280
13 0 1504 816 1600 816
13 0 1600 816 1600 1040
13 0 1600 1040 1616 1040
13 0 1616 1040 1712 1040
13 0 1712 1040 1712 1120
13 0 1520 1024 1552 1024
13 0 1552 1024 1552 1120
13 0 1552 1120 1680 1120
13 0 1680 1120 1680 1136
13 0 1680 1136 1712 1136
13 0 1712 1136 1712 1152
13 0 1504 1168 1712 1168
13 0 1712 1168 1712 1184
13 0 1504 1424 1504 1216
13 0 1504 1216 1712 1216
13 5 576 784 a
13 5 576 1104 b
13 5 576 944 b
13 5 592 1024 c
13 5 576 1104 d
13 7 576 1104
13 2 592 1024 880 1024
13 7 592 1024
13 0 560 1024 880 1024
13 5 560 1024 c
13 8 592 1024 0
13 8 560 1024 0
13 2 576 944 848 944
13 7 576 944
13 0 560 944 848 944
13 5 560 944 b
13 8 576 944 0
13 8 560 944 0
13 2 576 784 784 784
13 7 576 784
13 0 560 784 784 784
13 5 560 784 a
13 8 576 784 0
13 8 560 784 0
13 2 576 1104 896 1104
13 7 576 1104
13 0 560 1104 896 1104
13 5 560 1104 d
13 8 576 1104 0
13 8 560 1104 0
13 8 560 784 1
13 8 560 944 1
13 8 560 1024 1
13 8 560 1104 1
13 5 1856 1168 f
13 5 1856 1168 f
13 5 1856 1168 f
13 5 1856 1168 f
13 5 1856 1168 f
13 5 1856 1168 f
13 5 1856 1168 f
13 0 1856 1168 1952 1168
13 5 1952 1168 f
13 8 1952 1168 2
