Active-HDL 10.3.3558.6081  2019-05-12 23:13:21

Elaboration top modules:
Architecture                  struct(TOP_CNT)


-------------------------------------------------------------------------------------------
Entity   | Architecture | Library | Info | Compiler Version          | Compilation Options
-------------------------------------------------------------------------------------------
TOP_CNT  | struct       | work    |      | 10.3.3558.6081  (Windows) | -dbg
CNT12    | rtl          | work    |      | 10.3.3558.6081  (Windows) | -dbg
CNT31    | rtl          | work    |      | 10.3.3558.6081  (Windows) | -dbg
-------------------------------------------------------------------------------------------

-------------------------------------------------------------------------------------------
VHDL Package            | Library | Info | Compiler Version          | Compilation Options
-------------------------------------------------------------------------------------------
standard                | std     |      |                           | <unavailable>
TEXTIO                  | std     |      | 10.3.3558.6081  (Windows) |  -2008
std_logic_1164          | ieee    |      | 10.3.3558.6081  (Windows) |  -2008
NUMERIC_STD             | ieee    |      | 10.3.3558.6081  (Windows) |  -2008
-------------------------------------------------------------------------------------------

-------------------------------------------------------------------------------------------
Library                 | Comment
-------------------------------------------------------------------------------------------
ieee                    | Standard IEEE packages library
std                     | Standard VHDL library
work                    | None
-------------------------------------------------------------------------------------------


Simulation Options: vsim +access +r TOP_CNT -PL pmi_work -L ovi_xp2


The performance of simulation is reduced. Version Lattice Edition
