10 1 1
10 1 1
10 1 1
10 1 101
10 1 1
10 1 1
10 3 1
10 1 1
10 1 1
17 0 fd1s3ax 1312 1648 0
17 0 fd1s3ax 1968 1648 0
17 0 fd1s3ax 2624 1648 0
17 0 fd1s3ax 3280 1648 0
17 0 fd1s3ax 3936 1648 0
17 0 mux41 928 1584 0
17 0 mux41 1584 1584 0
17 0 mux41 2240 1584 0
17 0 mux41 2896 1584 0
17 0 mux41 3552 1584 0
17 0 and2 1136 1632 0
17 0 and2 1792 1632 0
17 0 and2 2448 1632 0
17 0 and2 3104 1632 0
17 0 and2 3760 1632 0
17 0 vhi 1040 720 0
17 0 vhi 1488 1792 3
17 0 vhi 832 1792 3
17 0 vlo 1200 752 0
17 0 vlo 912 1664 1
13 0 896 1472 2864 1472
13 0 1568 1488 3504 1488
13 0 2224 1504 4240 1504
13 0 1552 1520 2176 1520
13 0 2176 1520 2880 1520
13 0 2864 1536 3488 1536
13 0 2208 1552 2832 1552
13 0 2832 1552 3520 1552
13 0 912 1632 928 1632
13 0 3536 1632 3552 1632
13 0 912 1664 928 1664
13 0 1552 1664 1584 1664
13 0 2208 1664 2240 1664
13 0 2864 1664 2896 1664
13 0 3504 1664 3552 1664
13 0 1120 1680 1136 1680
13 0 1776 1680 1792 1680
13 0 2432 1680 2448 1680
13 0 3088 1680 3104 1680
13 0 3744 1680 3760 1680
13 0 896 1696 928 1696
13 0 1280 1696 1312 1696
13 0 1536 1696 1552 1696
13 0 1568 1696 1584 1696
13 0 1936 1696 1968 1696
13 0 2192 1696 2208 1696
13 0 2224 1696 2240 1696
13 0 2592 1696 2624 1696
13 0 2848 1696 2864 1696
13 0 2880 1696 2896 1696
13 0 3248 1696 3280 1696
13 0 3520 1696 3552 1696
13 0 3904 1696 3936 1696
13 0 4160 1696 4240 1696
13 0 912 1728 928 1728
13 0 1296 1728 1312 1728
13 0 1568 1728 1584 1728
13 0 1952 1728 1968 1728
13 0 2176 1728 2240 1728
13 0 2608 1728 2624 1728
13 0 2832 1728 2896 1728
13 0 3264 1728 3280 1728
13 0 3488 1728 3552 1728
13 0 3920 1728 3936 1728
13 0 896 1776 928 1776
13 0 1552 1776 1584 1776
13 0 2208 1776 2240 1776
13 0 2864 1776 2896 1776
13 0 3536 1776 3552 1776
13 0 912 1808 928 1808
13 0 1568 1808 1584 1808
13 0 2224 1808 2240 1808
13 0 2880 1808 2896 1808
13 0 3504 1808 3552 1808
13 0 624 1872 912 1872
13 0 912 1872 1568 1872
13 0 1568 1872 2224 1872
13 0 2224 1872 2880 1872
13 0 2880 1872 3504 1872
13 0 624 1888 896 1888
13 0 896 1888 1552 1888
13 0 1552 1888 2208 1888
13 0 2208 1888 2864 1888
13 0 2864 1888 3536 1888
13 0 624 1920 1296 1920
13 0 1296 1920 1952 1920
13 0 1952 1920 2608 1920
13 0 2608 1920 3264 1920
13 0 3264 1920 3920 1920
13 0 624 1952 1136 1952
13 0 1136 1952 1792 1952
13 0 1792 1952 2448 1952
13 0 2448 1952 3104 1952
13 0 3104 1952 3760 1952
13 0 896 1472 896 1696
13 0 896 1776 896 1888
13 0 912 1280 912 1632
13 0 912 1808 912 1872
13 0 1136 1712 1136 1952
13 0 1296 1728 1296 1920
13 0 1552 1280 1552 1520
13 0 1552 1520 1552 1664
13 0 1552 1664 1552 1696
13 0 1552 1776 1552 1888
13 0 1568 1488 1568 1696
13 0 1568 1808 1568 1872
13 0 1584 1280 1584 1632
13 0 1792 1712 1792 1952
13 0 1952 1728 1952 1920
13 0 2176 1520 2176 1728
13 0 2208 1280 2208 1552
13 0 2208 1552 2208 1664
13 0 2208 1664 2208 1696
13 0 2208 1776 2208 1888
13 0 2224 1504 2224 1696
13 0 2224 1808 2224 1872
13 0 2240 1280 2240 1632
13 0 2448 1712 2448 1952
13 0 2608 1728 2608 1920
13 0 2832 1552 2832 1728
13 0 2864 1280 2864 1472
13 0 2864 1472 2864 1536
13 0 2864 1536 2864 1664
13 0 2864 1664 2864 1696
13 0 2864 1776 2864 1888
13 0 2880 1520 2880 1696
13 0 2880 1808 2880 1872
13 0 2896 1280 2896 1632
13 0 3104 1712 3104 1952
13 0 3264 1728 3264 1920
13 0 3488 1536 3488 1728
13 0 3504 1280 3504 1488
13 0 3504 1488 3504 1664
13 0 3504 1664 3504 1696
13 0 3504 1808 3504 1872
13 0 3520 1552 3520 1696
13 0 3536 1280 3536 1632
13 0 3536 1776 3536 1888
13 0 3760 1712 3760 1952
13 0 3920 1728 3920 1920
13 0 4240 1280 4240 1504
13 0 4240 1504 4240 1696
13 5 624 1872 A0
13 5 624 1888 A1
13 5 624 1920 C
13 5 624 1952 Reset
13 5 912 1280 x4
13 5 1552 1280 Q4
13 5 1584 1280 x3
13 5 2208 1280 Q3
13 5 2240 1280 x2
13 5 2864 1280 Q2
13 5 2896 1280 x1
13 5 3504 1280 Q1
13 5 3536 1280 x0
13 5 4240 1280 Q0
13 8 624 1872 1
13 8 624 1888 1
13 8 624 1920 1
13 8 624 1952 1
13 8 912 1280 1
13 8 1552 1280 2
13 8 1584 1280 1
13 8 2208 1280 2
13 8 2240 1280 1
13 8 2864 1280 2
13 8 2896 1280 1
13 8 3504 1280 2
13 8 3536 1280 1
13 8 4240 1280 2
13 7 912 1280
13 8 912 1280 0
13 8 912 1280 0
13 7 1584 1280
13 8 1584 1280 0
13 8 1584 1280 0
13 7 2240 1280
13 8 2240 1280 0
13 8 2240 1280 0
13 7 2896 1280
13 8 2896 1280 0
13 8 2896 1280 0
13 7 3536 1280
13 8 3536 1280 0
13 8 3536 1280 0
17 0 vlo 880 1280 0
17 0 vhi 1520 1200 0
17 0 vhi 2176 1200 0
17 0 vlo 2928 1280 0
17 0 vlo 3568 1280 0
13 0 3536 1280 3568 1280
13 0 2896 1280 2928 1280
13 0 880 1280 912 1280
17 0 19
17 0 16
17 0 inv 1648 1296 0
17 0 16
17 0 inv 1664 1264 0
17 0 inv 1840 1344 3
17 0 16
17 0 19
17 0 inv 1568 1408 3
13 0 1552 1312 1552 1280
13 2 1552 1280 1552 1312
13 2 1552 1312 1552 1520
13 0 1552 1312 1552 1520
13 0 1552 1280 1552 1312
13 0 1552 1312 1552 1408
13 2 1552 1312 1552 1408
17 0 19
17 0 inv 1504 1408 3
17 0 inv 2096 1408 3
17 0 inv 2768 1408 3
17 0 inv 3408 1408 3
17 0 inv 4144 1408 3
13 0 2864 1312 2864 1424
13 2 2864 1312 2864 1424
17 0 26
17 0 inv 2816 1408 3
13 2 2864 1424 2864 1472
13 0 2864 1408 2864 1472
13 2 2864 1408 2864 1472
13 0 2864 1424 2864 1472
13 2 2864 1424 2864 1472
13 0 2864 1408 2864 1472
13 0 3504 1312 3504 1408
13 2 3504 1312 3504 1408
17 0 27
17 0 inv 3456 1408 3
17 0 28
17 0 inv 4144 1408 3
13 0 4240 1312 4240 1424
13 2 4240 1312 4240 1424
17 0 28
17 0 inv 4192 1408 3
13 2 4240 1424 4240 1504
13 0 4240 1408 4240 1504
13 0 2208 1312 2208 1408
13 2 2208 1312 2208 1408
17 0 16
17 0 inv 2096 1408 3
17 0 16
17 0 inv 2160 1408 3
