10 1 1
10 1 1
10 1 1
17 0 mux41 400 672 0
17 0 and2 608 720 0
17 0 fd1s3ax 768 736 0
13 0 592 768 608 768
13 0 752 784 768 784
13 0 608 800 592 800
13 0 592 800 592 960
13 0 336 624 656 624
13 0 656 624 656 848
13 2 656 624 656 848
13 2 336 624 656 624
17 0 fd1s3ax 1408 736 0
17 0 and2 1248 720 0
17 0 mux41 1040 672 0
13 0 1232 768 1248 768
13 0 1392 784 1408 784
13 0 1232 800 1248 800
13 0 1232 800 1232 960
17 0 fd1s3ax 2048 736 0
17 0 and2 1888 720 0
17 0 mux41 1680 672 0
13 0 1872 768 1888 768
13 0 2032 784 2048 784
13 0 1872 800 1888 800
13 0 1872 800 1872 960
17 0 fd1s3ax 2688 784 0
17 0 and2 2528 768 0
17 0 mux41 2320 720 0
13 0 2512 816 2528 816
13 0 2672 832 2688 832
13 0 2512 848 2528 848
13 0 2512 848 2512 1008
13 2 2512 848 2512 1008
13 2 2512 848 2528 848
13 2 2672 832 2688 832
13 2 2512 816 2528 816
17 0 12
17 0 11
17 0 10
17 0 fd1s3ax 2688 736 0
17 0 and2 2528 720 0
17 0 mux41 2320 672 0
13 0 2512 768 2528 768
13 0 2672 784 2688 784
13 0 2512 800 2528 800
13 0 2512 800 2512 960
17 0 fd1s3ax 3328 736 0
17 0 and2 3168 720 0
17 0 mux41 2960 672 0
13 0 3152 768 3168 768
13 0 3312 784 3328 784
13 0 3152 800 3168 800
13 0 3152 800 3152 960
13 0 3152 960 272 960
13 0 272 960 2512 960
13 0 272 960 1872 960
13 0 272 960 1232 960
13 0 272 960 592 960
13 0 592 960 1232 960
13 0 1232 960 1872 960
13 0 1872 960 2512 960
13 0 2512 960 3152 960
13 0 400 864 352 864
13 0 352 864 352 992
13 0 400 896 384 896
13 0 384 896 384 1008
13 0 336 960 592 960
13 2 336 960 592 960
13 2 272 960 336 960
13 0 720 960 1232 960
13 2 720 960 1232 960
13 2 592 960 720 960
13 0 1328 960 1872 960
13 2 1328 960 1872 960
13 2 1232 960 1328 960
13 0 2016 960 2512 960
13 2 2016 960 2512 960
13 2 1872 960 2016 960
13 0 2752 960 3152 960
13 2 2752 960 3152 960
13 2 2512 960 2752 960
13 0 2688 816 2656 816
13 0 2656 816 2656 992
13 2 2512 768 2528 768
13 2 2672 784 2688 784
13 2 2512 800 2528 800
17 0 11
17 0 and2 2528 720 0
13 0 2512 768 2528 768
13 0 2672 784 2688 784
13 0 2512 800 2528 800
13 0 3296 816 3328 816
13 0 3296 816 3296 992
13 0 2016 816 2048 816
13 0 2016 816 2016 992
13 0 1376 816 1408 816
13 0 1376 816 1376 992
13 0 736 816 768 816
13 0 736 816 736 992
13 2 352 864 352 992
13 0 352 1040 352 864
13 2 384 896 384 1008
13 0 384 1072 384 896
13 0 992 864 1040 864
13 0 1024 896 1040 896
13 0 992 864 992 1040
13 0 1024 896 1024 1072
13 0 1632 864 1680 864
13 0 1664 896 1680 896
13 0 1632 864 1632 1040
13 0 1664 896 1664 1072
13 0 2272 864 2320 864
13 0 2304 896 2320 896
13 0 2272 864 2272 1040
13 0 2304 896 2304 1072
13 0 2912 864 2960 864
13 0 2944 896 2960 896
13 0 2912 864 2912 1040
13 0 2944 896 2944 1072
13 0 3152 960 224 960
13 0 224 960 2512 960
13 0 224 960 1872 960
13 0 224 960 1232 960
13 0 224 960 592 960
13 0 592 960 1232 960
13 0 1232 960 1872 960
13 0 1872 960 2512 960
13 0 2512 960 3152 960
13 0 3296 992 224 992
13 0 224 992 2656 992
13 0 224 992 2016 992
13 0 224 992 1376 992
13 0 224 992 736 992
13 0 736 992 1376 992
13 0 1376 992 2016 992
13 0 2016 992 2656 992
13 0 2656 992 3296 992
13 0 2912 1040 224 1040
13 0 224 1040 2272 1040
13 0 224 1040 1632 1040
13 0 224 1040 992 1040
13 0 224 1040 352 1040
13 0 352 1040 992 1040
13 0 992 1040 1632 1040
13 0 1632 1040 2272 1040
13 0 2272 1040 2912 1040
13 0 2944 1072 224 1072
13 0 224 1072 2304 1072
13 0 224 1072 1664 1072
13 0 224 1072 1024 1072
13 0 224 1072 384 1072
13 0 384 1072 1024 1072
13 0 1024 1072 1664 1072
13 0 1664 1072 2304 1072
13 0 2304 1072 2944 1072
13 5 224 1040 A0
13 5 224 1072 A1
13 5 224 960 Reset
13 5 224 992 C
13 8 224 960 1
13 8 224 992 1
13 8 224 1040 1
13 8 224 1072 1
13 0 3552 784 3552 432
13 0 2912 528 2912 784
13 0 2912 528 2912 432
13 0 2912 528 2912 784
13 0 2912 528 2912 432
13 0 2272 528 2272 784
13 0 2272 528 2272 432
13 0 2272 528 2272 784
13 0 2272 528 2272 432
13 0 1632 528 1632 784
13 0 1632 528 1632 432
13 0 1632 528 1632 784
13 0 1632 528 1632 432
13 0 992 528 992 784
13 0 992 528 992 432
13 0 992 528 992 784
13 0 992 528 992 432
13 5 3552 432 Q0
13 5 2912 432 Q1
13 5 2272 448 Q2
13 7 2272 448
13 5 2272 432 Q2
13 5 1632 432 Q3
13 5 992 432 Q4
13 8 992 432 2
13 8 1632 432 2
13 8 2272 432 2
13 8 2912 432 2
13 8 3552 432 2
13 0 3552 640 1456 640
13 0 512 640 1456 640
13 0 512 640 288 640
13 0 2912 624 288 624
13 0 2272 608 288 608
13 0 1632 592 288 592
13 0 992 576 288 576
13 0 2912 624 3536 624
13 0 3536 624 3616 624
13 0 2272 608 3616 608
13 0 1632 592 3616 592
13 0 992 576 3616 576
13 0 3552 640 3616 640
13 0 2960 640 2960 720
13 0 2912 752 2960 752
17 0 vlo 2448 416 1
17 0 vhi 2368 528 3
13 2 2512 768 2528 768
13 2 2272 864 2320 864
13 2 2304 896 2320 896
17 0 12
17 0 mux41 2320 672 0
13 0 2512 768 2528 768
13 0 2272 864 2320 864
13 0 2304 896 2320 896
13 0 2960 816 2928 816
13 0 2928 816 2928 560
13 2 2928 560 2928 816
13 2 2928 816 2960 816
13 0 2960 816 2944 816
13 0 2944 816 2944 432
13 0 2304 544 2304 816
13 0 2304 544 2304 432
13 0 2304 544 2304 816
13 0 2304 544 2304 432
13 0 1664 544 1664 816
13 0 1664 544 1664 432
13 0 1664 544 1664 816
13 0 1664 544 1664 432
13 0 1024 544 1024 816
13 0 1024 544 1024 432
13 0 1024 544 1024 816
13 0 1024 544 1024 432
13 0 384 544 384 816
13 0 384 544 384 432
13 0 384 544 384 816
13 0 384 544 384 432
13 0 384 816 400 816
13 0 1024 816 1040 816
13 0 1664 816 1680 816
13 0 2304 816 2320 816
13 5 2944 432 D0
13 5 2304 432 D1
13 5 1664 432 D2
13 5 1024 432 D3
13 5 384 432 D4
13 8 384 432 1
13 8 1024 432 1
13 8 1664 432 1
13 8 2304 432 1
13 8 2944 432 1
17 0 vlo 2928 784 0
13 0 2928 784 2960 784
13 0 2320 640 2320 720
13 2 2320 640 2320 720
13 0 2320 624 2320 720
13 0 2320 752 2288 752
13 0 2288 752 2288 608
13 0 2320 784 2288 784
13 2 2288 784 2320 784
13 2 2288 608 2288 752
13 0 2288 752 2256 752
13 0 2256 752 2256 608
13 0 2320 784 2288 784
13 0 2288 784 2288 640
13 0 1680 720 1680 608
13 0 1680 752 1648 752
13 0 1648 752 1648 592
13 2 1648 592 1648 752
13 0 1648 752 1616 752
13 0 1616 752 1616 592
13 0 1680 784 1648 784
13 0 1648 784 1648 624
13 0 1040 720 1040 592
13 0 1040 752 976 752
13 0 976 752 976 576
13 0 1040 784 1008 784
13 0 1008 784 1008 608
13 0 400 720 400 576
17 0 vhi 320 816 3
17 0 vhi 288 816 3
13 0 368 752 400 752
13 0 400 784 368 784
13 0 368 784 368 592
13 0 368 592 368 752
13 0 368 752 368 784
17 0 17
17 0 16
17 0 vhi 2368 528 3
17 0 vlo 2448 416 1
13 2 368 752 368 784
13 2 368 592 368 752
13 0 368 784 352 784
13 0 352 784 352 592
17 0 vlo 240 816 1
17 0 19
17 0 20
17 0 vlo 368 752 1
13 0 3600 640 3616 640
13 2 3600 640 3616 640
13 2 3552 640 3600 640
13 0 3584 624 3616 624
13 2 3584 624 3616 624
13 2 2912 624 3584 624
13 0 3600 608 3616 608
13 2 3600 608 3616 608
13 2 2272 608 3600 608
13 0 3600 592 3616 592
13 2 3600 592 3616 592
13 2 1632 592 3600 592
13 0 3600 576 3616 576
13 2 3600 576 3616 576
13 2 992 576 3600 576
13 2 288 576 400 576
13 0 304 592 352 592
13 2 304 592 352 592
13 2 288 592 304 592
13 0 304 608 1008 608
13 2 304 608 1008 608
13 2 288 608 304 608
13 0 304 624 1648 624
13 2 304 624 1648 624
13 2 288 624 304 624
13 0 304 640 2288 640
13 2 304 640 2288 640
13 2 288 640 304 640
