10 1 1
10 1 1
10 1 1
17 0 mux41 432 784 0
17 0 1
17 0 fd1s3ax 720 864 0
17 0 2
17 0 mux41 432 784 0
17 0 2
17 0 mux41 336 256 0
17 0 1
17 0 fd1s3ax 672 320 0
17 0 and2 544 416 0
17 0 1
17 0 fd1s3ax 832 336 0
17 0 3
17 0 and2 592 304 0
17 0 3
17 0 and2 528 304 0
17 0 and2 592 304 0
17 0 3
17 0 and2 592 304 0
17 0 3
17 0 and2 528 304 0
17 0 and2 592 304 0
17 0 3
17 0 and2 592 304 0
17 0 vhi 880 176 0
17 0 vlo 992 208 0
17 0 1
17 0 fd1s3ax 832 320 0
17 0 1
17 0 fd1s3ax 832 320 0
17 0 vlo 1040 320 0
17 0 6
17 0 2
17 0 mux41 320 240 0
17 0 3
17 0 and2 528 288 0
17 0 1
17 0 fd1s3ax 720 304 0
17 0 4
17 0 vhi 688 112 0
17 0 5
17 0 vlo 784 144 0
13 0 512 336 528 336
13 0 800 368 784 368
13 2 784 368 800 368
17 0 1
17 0 fd1s3ax 704 304 0
13 0 672 352 704 352
17 0 and2 1184 320 0
17 0 mux41 976 272 0
17 0 fd1s3ax 1360 336 0
13 0 1168 368 1184 368
13 0 1328 384 1360 384
17 0 8
17 0 7
17 0 6
13 2 1168 368 1184 368
13 2 1328 384 1360 384
17 0 fd1s3ax 1360 304 0
17 0 mux41 976 240 0
17 0 and2 1184 288 0
13 0 1168 336 1184 336
13 0 1328 352 1360 352
17 0 fd1s3ax 2016 304 0
17 0 mux41 1632 240 0
17 0 and2 1840 288 0
13 0 1824 336 1840 336
13 0 1984 352 2016 352
17 0 fd1s3ax 2672 304 0
17 0 mux41 2288 240 0
17 0 and2 2496 288 0
13 0 2480 336 2496 336
13 0 2640 352 2672 352
10 1 101
17 0 14
17 0 13
17 0 12
17 0 11
17 0 10
17 0 9
17 0 8
17 0 7
17 0 6
17 0 5
17 0 4
17 0 3
17 0 2
17 0 1
13 2 512 336 528 336
13 2 1168 336 1184 336
13 2 1824 336 1840 336
13 2 2480 336 2496 336
13 2 672 352 704 352
13 2 1328 352 1360 352
13 2 1984 352 2016 352
13 2 2640 352 2672 352
10 1 1
10 1 1
10 3 1
13 0 2640 352 2672 352
13 0 1984 352 2016 352
13 0 1328 352 1360 352
13 0 672 352 704 352
13 0 2480 336 2496 336
13 0 1824 336 1840 336
13 0 1168 336 1184 336
13 0 512 336 528 336
17 0 and2 2496 288 0
17 0 mux41 2288 240 0
17 0 fd1s3ax 2672 304 0
17 0 and2 1840 288 0
17 0 mux41 1632 240 0
17 0 fd1s3ax 2016 304 0
17 0 and2 1184 288 0
17 0 mux41 976 240 0
17 0 fd1s3ax 1360 304 0
17 0 vlo 784 144 0
17 0 vhi 688 112 0
17 0 and2 528 288 0
17 0 mux41 320 240 0
17 0 fd1s3ax 704 304 0
10 1 1
10 1 1
17 0 1
17 0 2
17 0 3
17 0 4
17 0 5
17 0 6
17 0 7
17 0 8
17 0 9
17 0 12
17 0 13
17 0 14
17 0 and2 2512 768 0
17 0 mux41 2304 720 0
17 0 fd1s3ax 2688 784 0
17 0 and2 1856 768 0
17 0 mux41 1648 720 0
17 0 fd1s3ax 2032 784 0
17 0 and2 1200 768 0
17 0 mux41 992 720 0
17 0 fd1s3ax 1376 784 0
17 0 and2 544 768 0
17 0 mux41 336 720 0
17 0 fd1s3ax 720 784 0
17 0 14
17 0 13
17 0 12
17 0 9
17 0 8
17 0 7
17 0 6
17 0 5
17 0 4
17 0 3
17 0 2
17 0 1
17 0 and2 2496 288 0
17 0 mux41 2288 240 0
17 0 fd1s3ax 2672 304 0
17 0 and2 1840 288 0
17 0 mux41 1632 240 0
17 0 fd1s3ax 2016 304 0
17 0 and2 1184 288 0
17 0 mux41 976 240 0
17 0 fd1s3ax 1360 304 0
17 0 and2 528 288 0
17 0 mux41 320 240 0
17 0 fd1s3ax 704 304 0
17 0 fd1s3ax 960 1040 0
17 0 mux41 576 976 0
17 0 and2 784 1024 0
17 0 fd1s3ax 1616 1040 0
17 0 mux41 1232 976 0
17 0 and2 1440 1024 0
17 0 fd1s3ax 2272 1040 0
17 0 mux41 1888 976 0
17 0 and2 2096 1024 0
17 0 fd1s3ax 2928 1040 0
17 0 mux41 2544 976 0
17 0 and2 2752 1024 0
13 0 768 1072 784 1072
13 0 1424 1072 1440 1072
13 0 2080 1072 2096 1072
13 0 2736 1072 2752 1072
13 0 928 1088 960 1088
13 0 1584 1088 1616 1088
13 0 2240 1088 2272 1088
13 0 2896 1088 2928 1088
17 0 and2 3408 1024 0
17 0 mux41 3200 976 0
17 0 fd1s3ax 3584 1040 0
13 0 3392 1072 3408 1072
13 0 3552 1088 3584 1088
17 0 14
17 0 13
17 0 12
17 0 9
17 0 8
17 0 7
17 0 6
17 0 5
17 0 4
17 0 3
17 0 2
17 0 1
13 2 512 336 528 336
13 2 1168 336 1184 336
13 2 1824 336 1840 336
13 2 2480 336 2496 336
13 2 672 352 704 352
13 2 1328 352 1360 352
13 2 1984 352 2016 352
13 2 2640 352 2672 352
13 0 464 1264 3408 1264
13 0 3408 1264 3408 1104
13 0 2752 1104 2752 1264
13 0 2144 1200 2144 1184
13 0 2144 1184 2160 1184
13 2 2144 1184 2160 1184
13 2 2144 1184 2144 1200
13 0 2096 1104 2096 1264
13 0 1440 1104 1440 1264
13 0 784 1104 784 1264
13 0 1184 1088 1232 1088
13 0 1840 1088 1888 1088
13 0 2496 1088 2544 1088
13 0 3152 1088 3200 1088
13 5 464 1264 C
13 8 448 1264 1
13 8 464 1264 1
13 2 464 1264 784 1264
13 7 464 1264
13 8 464 1264 0
13 0 288 1264 320 1264
13 0 320 1264 784 1264
13 5 288 1264 C
13 8 464 1264 1
13 8 288 1264 1
13 0 272 1312 912 1312
13 0 272 1328 912 1328
13 2 288 1264 784 1264
13 2 784 1264 1440 1264
13 2 1440 1264 2096 1264
13 2 2096 1264 2752 1264
13 2 2752 1264 3408 1264
13 2 784 1104 784 1264
13 2 1440 1104 1440 1264
13 2 2096 1104 2096 1264
13 2 2752 1104 2752 1264
13 2 3408 1104 3408 1264
13 7 288 1264
13 8 288 1264 0
13 0 288 1360 784 1360
13 0 784 1360 1440 1360
13 0 1440 1360 2096 1360
13 0 2096 1360 2752 1360
13 0 2752 1360 3408 1360
13 0 784 1328 784 1360
13 0 784 1104 784 1328
13 0 1440 1328 1440 1360
13 0 1440 1312 1440 1328
13 0 1440 1104 1440 1312
13 0 2096 1328 2096 1360
13 0 2096 1296 2096 1328
13 0 2096 1104 2096 1296
13 0 2752 1328 2752 1360
13 0 2752 1280 2752 1328
13 0 2752 1104 2752 1280
13 0 3408 1328 3408 1360
13 0 3408 1264 3408 1328
13 0 3408 1104 3408 1264
13 5 288 1360 C
13 8 288 1264 1
13 8 288 1360 1
13 0 304 1312 912 1312
13 2 304 1312 912 1312
13 2 272 1312 304 1312
13 0 320 1264 272 1264
13 0 272 1264 272 1312
13 0 320 1264 912 1264
13 0 912 1264 912 1312
13 0 272 1296 272 1264
13 2 272 1264 272 1296
13 2 272 1296 272 1312
13 0 912 1280 912 1264
13 2 912 1264 912 1280
13 2 912 1280 912 1312
13 0 720 1328 784 1328
13 2 720 1328 784 1328
13 2 272 1328 720 1328
13 0 720 1280 272 1280
13 0 272 1280 272 1328
13 0 720 1280 784 1280
13 0 784 1280 784 1328
13 0 272 1296 272 1280
13 2 272 1280 272 1296
13 2 272 1296 272 1328
13 0 848 1328 912 1328
13 2 848 1328 912 1328
13 2 784 1328 848 1328
13 0 272 1312 912 1312
13 0 784 1280 912 1280
13 0 816 1280 912 1280
13 2 816 1280 912 1280
13 2 784 1280 816 1280
13 0 736 1280 784 1280
13 2 736 1280 784 1280
13 0 784 1280 784 1296
13 2 784 1280 784 1296
13 2 784 1296 784 1360
13 0 784 1296 784 1360
13 2 784 1296 784 1360
13 0 784 1280 784 1360
13 2 272 1280 736 1280
13 0 912 1280 272 1280
13 2 288 1360 784 1360
13 2 784 1360 1440 1360
13 2 1440 1360 2096 1360
13 2 2096 1360 2752 1360
13 2 2752 1360 3408 1360
13 2 784 1104 784 1360
13 2 1440 1104 1440 1360
13 2 2096 1104 2096 1360
13 2 2752 1104 2752 1360
13 2 3408 1104 3408 1360
13 7 288 1360
13 8 288 1360 0
13 0 288 1344 784 1344
13 0 784 1344 1440 1344
13 0 1440 1344 2096 1344
13 0 2096 1344 2752 1344
13 0 2752 1344 3408 1344
13 0 784 1328 784 1344
13 0 784 1104 784 1328
13 0 1440 1328 1440 1344
13 0 1440 1312 1440 1328
13 0 1440 1104 1440 1312
13 0 2096 1328 2096 1344
13 0 2096 1296 2096 1328
13 0 2096 1104 2096 1296
13 0 2752 1328 2752 1344
13 0 2752 1280 2752 1328
13 0 2752 1104 2752 1280
13 0 3408 1328 3408 1344
13 0 3408 1264 3408 1328
13 0 3408 1104 3408 1264
13 5 288 1344 C
13 8 288 1360 1
13 8 288 1344 1
13 5 272 1264 A0
13 5 272 1280 A1
13 5 272 1312 Reset
13 8 272 1264 1
13 8 272 1280 1
13 8 272 1312 1
13 2 288 1344 784 1344
13 7 288 1344
13 8 288 1344 0
13 0 272 1344 784 1344
13 5 272 1344 C
13 8 288 1344 1
13 8 272 1344 1
13 2 272 1264 912 1264
13 0 3152 1264 272 1264
13 2 272 1280 912 1280
13 0 3152 1280 272 1280
13 0 3152 1280 3184 1280
13 0 3184 1280 3184 1200
13 0 3184 1200 3200 1200
13 0 3152 1264 3152 1168
13 0 3152 1168 3200 1168
13 0 576 1168 544 1168
13 0 544 1168 544 1264
13 0 576 1200 560 1200
13 0 560 1200 560 1264
13 2 560 1200 560 1264
13 0 560 1200 560 1280
13 0 1232 1168 1200 1168
13 0 1200 1168 1200 1264
13 0 1232 1200 1232 1280
13 0 1888 1168 1856 1168
13 0 1856 1168 1856 1264
13 0 1888 1200 1888 1280
13 0 2544 1168 2512 1168
13 0 2512 1168 2512 1264
13 0 2544 1200 2528 1200
13 0 2528 1200 2528 1264
13 2 2528 1200 2528 1264
13 2 2528 1200 2544 1200
13 2 2512 1168 2512 1264
13 2 2512 1168 2544 1168
13 2 1888 1200 1888 1280
13 2 1856 1168 1856 1264
13 2 1856 1168 1888 1168
13 2 1232 1200 1232 1280
13 0 464 1232 480 1232
13 2 464 1232 480 1232
13 0 464 1232 480 1232
13 2 464 1232 480 1232
13 2 1200 1168 1200 1264
13 2 1200 1168 1232 1168
13 2 560 1200 560 1280
13 2 560 1200 576 1200
13 2 544 1168 544 1264
13 2 544 1168 576 1168
13 0 576 1200 560 1200
13 0 560 1200 560 1264
13 0 544 1280 544 1168
13 0 544 1168 576 1168
13 0 1216 1264 1216 1200
13 0 1216 1200 1232 1200
13 0 1232 1168 1200 1168
13 0 1200 1168 1200 1264
13 0 1872 1264 1872 1200
13 0 1872 1200 1888 1200
13 0 1856 1280 1856 1168
13 0 1856 1168 1888 1168
13 0 2528 1264 2528 1200
13 0 2528 1200 2544 1200
13 0 2512 1280 2512 1168
13 0 2512 1168 2544 1168
13 0 3184 1232 3184 1200
13 2 3184 1200 3184 1232
13 2 3184 1232 3184 1280
13 2 3184 1200 3200 1200
13 0 3168 1168 3200 1168
13 2 3168 1168 3200 1168
13 2 3152 1168 3168 1168
13 0 3152 1200 3152 1168
13 2 3152 1168 3152 1200
13 2 3152 1200 3152 1264
13 0 3152 1264 3152 1200
13 0 3152 1200 3200 1200
13 0 3184 1280 3184 1168
13 0 3184 1168 3200 1168
13 0 1200 1232 1200 1168
13 2 1200 1168 1200 1232
13 2 1200 1232 1200 1264
13 0 1200 1168 1200 1280
13 0 1216 1088 1232 1088
13 2 1216 1088 1232 1088
13 2 1184 1088 1216 1088
13 0 1856 1088 1888 1088
13 2 1856 1088 1888 1088
13 2 1840 1088 1856 1088
13 0 2512 1088 2544 1088
13 2 2512 1088 2544 1088
13 2 2496 1088 2512 1088
13 2 3152 1088 3200 1088
13 0 576 1024 560 1024
13 0 560 1024 560 832
13 5 560 832 X0
13 0 1840 1088 1840 960
13 2 1840 960 1840 1088
13 7 560 832
13 2 560 832 560 1024
13 2 560 1024 576 1024
13 0 3808 1088 3888 1088
13 0 3888 1088 3888 672
13 7 272 1344
13 8 272 1344 0
13 8 272 1344 0
13 0 272 1312 288 1312
13 2 272 1312 288 1312
13 7 272 1312
13 8 272 1312 0
13 8 272 1312 0
13 5 272 1344 Reset
13 5 288 1312 C
13 8 272 1344 1
13 8 288 1312 1
13 2 288 1312 912 1312
13 7 288 1312
13 8 288 1312 0
13 0 272 1312 288 1312
13 0 288 1312 912 1312
13 5 272 1312 C
13 8 288 1312 1
13 8 272 1312 1
13 2 272 1312 912 1312
13 0 3568 1312 272 1312
13 0 3584 1120 3568 1120
13 0 3568 1120 3568 1312
13 0 2928 1120 2912 1120
13 0 2912 1120 2912 1312
13 0 2272 1120 2256 1120
13 0 2256 1120 2256 1312
13 0 1616 1120 1600 1120
13 0 1600 1120 1600 1312
13 0 960 1120 944 1120
13 0 944 1120 944 1312
13 0 3200 1024 3168 1024
13 0 3168 1024 3168 1008
13 2 3168 1008 3168 1024
13 2 3168 1024 3200 1024
13 0 3200 1024 3184 1024
13 0 3184 1024 3184 672
13 5 3184 672 x0
13 5 3888 672 Q0
13 0 3152 1088 3152 672
13 0 2496 1088 2512 1088
13 0 2512 1088 2512 672
13 0 1840 1088 1856 1088
13 0 1856 1088 1856 672
13 0 1184 1088 1200 1088
13 0 1200 1088 1200 672
13 5 3152 672 Q1
13 5 2512 672 Q2
13 5 1856 672 Q3
13 5 1200 672 Q4
13 0 3152 1056 3200 1056
13 0 1856 944 2992 944
13 0 2992 944 3168 944
13 0 3168 944 3168 1088
13 0 3168 1088 3200 1088
13 0 2512 928 3136 928
13 0 3136 928 3136 1120
13 0 3136 1120 3200 1120
13 2 3136 1120 3200 1120
13 2 3136 928 3136 1120
13 2 2512 928 3136 928
13 0 2512 928 3200 928
13 0 3200 928 3200 1120
13 0 3200 928 3200 1088
13 0 3200 928 3200 1056
13 0 3200 928 3200 1024
13 2 2512 928 3200 928
13 0 2512 928 3136 928
13 0 3136 928 3136 1120
13 0 3136 1120 3200 1120
13 0 2544 1024 2544 672
13 5 2544 672 x1
13 0 2512 1056 2544 1056
13 0 1200 912 2464 912
13 0 2480 912 2528 912
13 0 2464 912 2480 912
13 0 2528 912 2528 1088
13 0 2528 1088 2544 1088
13 0 2544 1120 2480 1120
13 0 2480 1120 2480 928
13 0 2480 928 1856 928
13 2 1856 928 2480 928
13 2 2480 928 2480 1120
13 0 2480 1120 2480 944
13 0 1888 1024 1888 672
13 5 1888 672 x2
13 0 1856 1056 1888 1056
13 0 1888 1088 1872 1088
13 0 1872 1088 1872 960
13 0 1872 960 1872 896
13 0 1888 896 1968 896
13 2 1888 896 1968 896
13 0 1872 896 3888 896
13 0 1888 1120 1840 1120
13 0 1840 1120 1840 928
13 0 1840 928 1840 1088
13 0 1840 1088 1840 1120
13 0 1840 928 1632 928
13 0 1632 928 1632 976
13 2 1632 928 1632 976
13 2 1632 928 1840 928
13 2 1840 1088 1840 1120
13 2 1840 928 1840 1088
13 0 1840 1120 1840 928
13 0 1840 928 1840 1088
13 0 1840 1088 1840 1120
13 0 1840 928 1824 928
13 2 1824 928 1840 928
13 2 1840 1088 1840 1120
13 2 1840 928 1840 1088
13 0 1840 1120 1824 1120
13 0 1824 1120 1824 928
13 0 1824 928 1200 928
13 0 1232 1024 1232 672
13 5 1232 672 x3
13 0 1728 928 1824 928
13 2 1728 928 1824 928
13 2 1200 928 1728 928
13 2 1824 928 1824 1120
13 0 1824 912 1824 1120
13 0 1200 1056 1232 1056
13 0 1232 1088 1216 1088
13 0 1216 1088 1216 880
13 0 3152 880 1216 880
17 0 10
17 0 vlo 848 144 0
17 0 vlo 1232 1120 1
17 0 vhi 1152 1184 3
17 0 vhi 1136 1184 3
13 0 1216 1120 1232 1120
13 0 576 1024 560 1024
13 0 560 1024 560 672
13 5 560 672 x4
17 0 vlo 544 1056 1
17 0 2
17 0 vlo 560 1056 1
13 0 576 1056 560 1056
13 0 576 1088 576 928
13 0 576 928 576 1056
13 0 576 928 576 1024
13 0 576 1024 576 1056
13 0 576 1056 576 1088
13 0 2512 928 576 928
13 2 576 1056 576 1088
13 2 576 1024 576 1056
13 2 576 928 576 1024
13 0 576 1088 576 896
13 0 576 896 576 1056
13 0 576 896 576 1024
13 0 576 1024 576 1056
13 0 576 1056 576 1088
13 0 576 896 608 896
13 2 576 896 608 896
13 2 576 1056 576 1088
13 2 576 1024 576 1056
13 2 576 896 576 1024
13 0 576 1088 544 1088
13 0 544 1088 544 896
13 0 544 896 544 848
13 0 544 848 2512 848
13 0 2448 848 2512 848
13 2 2448 848 2512 848
13 2 544 848 2448 848
13 0 2448 864 544 864
13 0 544 864 544 848
13 0 2448 864 2512 864
13 0 2512 864 2512 848
13 2 544 848 544 864
17 0 vhi 480 1184 3
13 0 560 1120 576 1120
13 8 560 672 1
13 8 1232 672 1
13 8 1888 672 1
13 8 2544 672 1
13 8 3184 672 1
13 8 3888 672 2
13 8 3152 672 2
13 8 2512 672 2
13 8 1856 672 2
13 8 1200 672 2
