10 1 1
10 1 1
10 1 1
10 1 101
10 1 1
10 1 1
10 3 1
10 1 1
10 1 1
17 0 fd1s3ax 1456 1248 0
17 0 fd1s3ax 2112 1248 0
17 0 fd1s3ax 2768 1248 0
17 0 fd1s3ax 3424 1248 0
17 0 fd1s3ax 4080 1248 0
17 0 mux41 1072 1184 0
17 0 mux41 1728 1184 0
17 0 mux41 2384 1184 0
17 0 mux41 3040 1184 0
17 0 mux41 3696 1184 0
17 0 and2 1280 1232 0
17 0 and2 1936 1232 0
17 0 and2 2592 1232 0
17 0 and2 3248 1232 0
17 0 and2 3904 1232 0
17 0 vhi 1632 1392 3
17 0 vhi 976 1392 3
17 0 vlo 1056 1264 1
13 0 1040 1072 3008 1072
13 0 1712 1088 3648 1088
13 0 2368 1104 4384 1104
13 0 1696 1120 2320 1120
13 0 2320 1120 3024 1120
13 0 3008 1136 3632 1136
13 0 2352 1152 2976 1152
13 0 2976 1152 3664 1152
13 0 1056 1232 1072 1232
13 0 3680 1232 3696 1232
13 0 1056 1264 1072 1264
13 0 1696 1264 1728 1264
13 0 2352 1264 2384 1264
13 0 3008 1264 3040 1264
13 0 3648 1264 3696 1264
13 0 1264 1280 1280 1280
13 0 1920 1280 1936 1280
13 0 2576 1280 2592 1280
13 0 3232 1280 3248 1280
13 0 3888 1280 3904 1280
13 0 1040 1296 1072 1296
13 0 1424 1296 1456 1296
13 0 1680 1296 1696 1296
13 0 1712 1296 1728 1296
13 0 2080 1296 2112 1296
13 0 2336 1296 2352 1296
13 0 2368 1296 2384 1296
13 0 2736 1296 2768 1296
13 0 2992 1296 3008 1296
13 0 3024 1296 3040 1296
13 0 3392 1296 3424 1296
13 0 3664 1296 3696 1296
13 0 4048 1296 4080 1296
13 0 4304 1296 4384 1296
13 0 1056 1328 1072 1328
13 0 1440 1328 1456 1328
13 0 1712 1328 1728 1328
13 0 2096 1328 2112 1328
13 0 2320 1328 2384 1328
13 0 2752 1328 2768 1328
13 0 2976 1328 3040 1328
13 0 3408 1328 3424 1328
13 0 3632 1328 3696 1328
13 0 4064 1328 4080 1328
13 0 1040 1376 1072 1376
13 0 1696 1376 1728 1376
13 0 2352 1376 2384 1376
13 0 3008 1376 3040 1376
13 0 3680 1376 3696 1376
13 0 1056 1408 1072 1408
13 0 1712 1408 1728 1408
13 0 2368 1408 2384 1408
13 0 3024 1408 3040 1408
13 0 3648 1408 3696 1408
13 0 768 1472 1056 1472
13 0 1056 1472 1712 1472
13 0 1712 1472 2368 1472
13 0 2368 1472 3024 1472
13 0 3024 1472 3648 1472
13 0 768 1488 1040 1488
13 0 1040 1488 1696 1488
13 0 1696 1488 2352 1488
13 0 2352 1488 3008 1488
13 0 3008 1488 3680 1488
13 0 768 1520 1440 1520
13 0 1440 1520 2096 1520
13 0 2096 1520 2752 1520
13 0 2752 1520 3408 1520
13 0 3408 1520 4064 1520
13 0 768 1552 1280 1552
13 0 1280 1552 1936 1552
13 0 1936 1552 2592 1552
13 0 2592 1552 3248 1552
13 0 3248 1552 3904 1552
13 0 1040 1072 1040 1296
13 0 1040 1376 1040 1488
13 0 1056 880 1056 1232
13 0 1056 1408 1056 1472
13 0 1280 1312 1280 1552
13 0 1440 1328 1440 1520
13 0 1696 880 1696 1120
13 0 1696 1120 1696 1264
13 0 1696 1264 1696 1296
13 0 1696 1376 1696 1488
13 0 1712 1088 1712 1296
13 0 1712 1408 1712 1472
13 0 1728 880 1728 1232
13 0 1936 1312 1936 1552
13 0 2096 1328 2096 1520
13 0 2320 1120 2320 1328
13 0 2352 880 2352 1152
13 0 2352 1152 2352 1264
13 0 2352 1264 2352 1296
13 0 2352 1376 2352 1488
13 0 2368 1104 2368 1296
13 0 2368 1408 2368 1472
13 0 2384 880 2384 1232
13 0 2592 1312 2592 1552
13 0 2752 1328 2752 1520
13 0 2976 1152 2976 1328
13 0 3008 880 3008 1072
13 0 3008 1072 3008 1136
13 0 3008 1136 3008 1264
13 0 3008 1264 3008 1296
13 0 3008 1376 3008 1488
13 0 3024 1120 3024 1296
13 0 3024 1408 3024 1472
13 0 3040 880 3040 1232
13 0 3248 1312 3248 1552
13 0 3408 1328 3408 1520
13 0 3632 1136 3632 1328
13 0 3648 880 3648 1088
13 0 3648 1088 3648 1264
13 0 3648 1264 3648 1296
13 0 3648 1408 3648 1472
13 0 3664 1152 3664 1296
13 0 3680 880 3680 1232
13 0 3680 1376 3680 1488
13 0 3904 1312 3904 1552
13 0 4064 1328 4064 1520
13 0 4384 880 4384 1104
13 0 4384 1104 4384 1296
13 5 768 1472 A0
13 5 768 1488 A1
13 5 768 1520 C
13 5 768 1552 Reset
13 5 1056 880 x4
13 5 1696 880 Q4
13 5 1728 880 x3
13 5 2352 880 Q3
13 5 2384 880 x2
13 5 3008 880 Q2
13 5 3040 880 x1
13 5 3648 880 Q1
13 5 3680 880 x0
13 5 4384 880 Q0
13 8 768 1472 1
13 8 768 1488 1
13 8 768 1520 1
13 8 768 1552 1
13 8 1056 880 1
13 8 1696 880 2
13 8 1728 880 1
13 8 2352 880 2
13 8 2384 880 1
13 8 3008 880 2
13 8 3040 880 1
13 8 3648 880 2
13 8 3680 880 1
13 8 4384 880 2
17 0 or2 2032 1808 3
17 0 16
17 0 17
17 0 19
13 0 1056 1328 1008 1328
13 0 1008 1328 1008 1440
13 0 1008 1440 752 1440
13 0 1712 1328 1664 1328
13 0 1664 1328 1664 1440
13 0 1664 1440 1664 1456
13 0 976 1440 1008 1440
13 2 976 1440 1008 1440
13 2 752 1440 976 1440
13 0 1664 1456 768 1456
13 0 1008 1440 1008 1456
13 0 768 1440 768 1456
13 5 768 1440 T
13 8 768 1440 1
