# Synopsys Constraint Checker, version maplat, Build 1796R, built Aug  4 2017
# Copyright (C) 1994-2017 Synopsys, Inc. This Synopsys software and all associated documentation are proprietary to Synopsys, Inc. and may only be used pursuant to the terms and conditions of a written license agreement with Synopsys, Inc. All other use, reproduction, modification, or distribution of the Synopsys software or the associated documentation is strictly prohibited.

# Written on Sun May 12 22:42:58 2019


##### DESIGN INFO #######################################################

Top View:                "CNT12"
Constraint File(s):      (none)




##### SUMMARY ############################################################

Found 0 issues in 0 out of 0 constraints


##### DETAILS ############################################################



Clock Relationships
*******************

Starting      Ending        |     rise to rise     |     fall to fall     |     rise to fall     |     fall to rise                     
---------------------------------------------------------------------------------------------------------------------------------------
CNT12|CLK     CNT12|CLK     |     1.794            |     No paths         |     No paths         |     No paths                         
=======================================================================================================================================
 Note: 'No paths' indicates there are no paths in the design for that pair of clock edges.
       'Diff grp' indicates that paths exist but the starting clock and ending clock are in different clock groups.


Unconstrained Start/End Points
******************************

p:CNT_C
p:CNT_CMD
p:CNT_O[0]
p:CNT_O[1]
p:CNT_O[2]
p:CNT_O[3]
p:RST


Inapplicable constraints
************************

(none)


Applicable constraints with issues
**********************************

(none)


Constraints with matching wildcard expressions
**********************************************

(none)


Library Report
**************


# End of Constraint Checker Report
